CRITICAL - 2022-12-04 02:52:44 --> Undefined variable $jadwaldssi
in APPPATH\Views\jadwal\jadwalds\jadwal_mi\v_list.php on line 234.
 1 APPPATH\Views\jadwal\jadwalds\jadwal_mi\v_list.php(234): CodeIgniter\Debug\Exceptions->errorHandler(2, 'Undefined variable $jadwaldssi', 'APPPATH\\Views\\jadwal\\jadwalds\\jadwal_mi\\v_list.php', 234)
 2 SYSTEMPATH\View\View.php(213): include('APPPATH\\Views\\jadwal\\jadwalds\\jadwal_mi\\v_list.php')
 3 SYSTEMPATH\View\View.php(216): CodeIgniter\View\View->CodeIgniter\View\{closure}()
 4 SYSTEMPATH\Common.php(1134): CodeIgniter\View\View->render('jadwal/jadwalds/jadwal_mi/v_list', [], true)
 5 APPPATH\Views\layout\v_content.php(4): view('jadwal/jadwalds/jadwal_mi/v_list')
 6 SYSTEMPATH\View\View.php(213): include('APPPATH\\Views\\layout\\v_content.php')
 7 SYSTEMPATH\View\View.php(216): CodeIgniter\View\View->CodeIgniter\View\{closure}()
 8 SYSTEMPATH\Common.php(1134): CodeIgniter\View\View->render('layout/v_content', [], true)
 9 APPPATH\Views\layout\v_wrapper.php(6): view('layout/v_content')
10 SYSTEMPATH\View\View.php(213): include('APPPATH\\Views\\layout\\v_wrapper.php')
11 SYSTEMPATH\View\View.php(216): CodeIgniter\View\View->CodeIgniter\View\{closure}()
12 SYSTEMPATH\Common.php(1134): CodeIgniter\View\View->render('layout/v_wrapper', [], true)
13 APPPATH\Controllers\Jadwaldsmi.php(22): view('layout/v_wrapper', [...])
14 SYSTEMPATH\CodeIgniter.php(927): App\Controllers\jadwaldsmi->index()
15 SYSTEMPATH\CodeIgniter.php(482): CodeIgniter\CodeIgniter->runController(Object(App\Controllers\jadwaldsmi))
16 SYSTEMPATH\CodeIgniter.php(351): CodeIgniter\CodeIgniter->handleRequest(null, Object(Config\Cache), false)
17 FCPATH\index.php(67): CodeIgniter\CodeIgniter->run()
CRITICAL - 2022-12-04 02:53:26 --> Undefined variable $jadwaldssi
in APPPATH\Views\jadwal\jadwalds\jadwal_mi\v_list.php on line 234.
 1 APPPATH\Views\jadwal\jadwalds\jadwal_mi\v_list.php(234): CodeIgniter\Debug\Exceptions->errorHandler(2, 'Undefined variable $jadwaldssi', 'APPPATH\\Views\\jadwal\\jadwalds\\jadwal_mi\\v_list.php', 234)
 2 SYSTEMPATH\View\View.php(213): include('APPPATH\\Views\\jadwal\\jadwalds\\jadwal_mi\\v_list.php')
 3 SYSTEMPATH\View\View.php(216): CodeIgniter\View\View->CodeIgniter\View\{closure}()
 4 SYSTEMPATH\Common.php(1134): CodeIgniter\View\View->render('jadwal/jadwalds/jadwal_mi/v_list', [], true)
 5 APPPATH\Views\layout\v_content.php(4): view('jadwal/jadwalds/jadwal_mi/v_list')
 6 SYSTEMPATH\View\View.php(213): include('APPPATH\\Views\\layout\\v_content.php')
 7 SYSTEMPATH\View\View.php(216): CodeIgniter\View\View->CodeIgniter\View\{closure}()
 8 SYSTEMPATH\Common.php(1134): CodeIgniter\View\View->render('layout/v_content', [], true)
 9 APPPATH\Views\layout\v_wrapper.php(6): view('layout/v_content')
10 SYSTEMPATH\View\View.php(213): include('APPPATH\\Views\\layout\\v_wrapper.php')
11 SYSTEMPATH\View\View.php(216): CodeIgniter\View\View->CodeIgniter\View\{closure}()
12 SYSTEMPATH\Common.php(1134): CodeIgniter\View\View->render('layout/v_wrapper', [], true)
13 APPPATH\Controllers\Jadwaldsmi.php(22): view('layout/v_wrapper', [...])
14 SYSTEMPATH\CodeIgniter.php(927): App\Controllers\jadwaldsmi->index()
15 SYSTEMPATH\CodeIgniter.php(482): CodeIgniter\CodeIgniter->runController(Object(App\Controllers\jadwaldsmi))
16 SYSTEMPATH\CodeIgniter.php(351): CodeIgniter\CodeIgniter->handleRequest(null, Object(Config\Cache), false)
17 FCPATH\index.php(67): CodeIgniter\CodeIgniter->run()
CRITICAL - 2022-12-04 02:56:58 --> Undefined property: App\Controllers\jadwaldsmi::$Modeljadwaldssi
in APPPATH\Controllers\Jadwaldsmi.php on line 19.
 1 APPPATH\Controllers\Jadwaldsmi.php(19): CodeIgniter\Debug\Exceptions->errorHandler(2, 'Undefined property: App\\Controllers\\jadwaldsmi::$Modeljadwaldssi', 'APPPATH\\Controllers\\Jadwaldsmi.php', 19)
 2 SYSTEMPATH\CodeIgniter.php(927): App\Controllers\jadwaldsmi->index()
 3 SYSTEMPATH\CodeIgniter.php(482): CodeIgniter\CodeIgniter->runController(Object(App\Controllers\jadwaldsmi))
 4 SYSTEMPATH\CodeIgniter.php(351): CodeIgniter\CodeIgniter->handleRequest(null, Object(Config\Cache), false)
 5 FCPATH\index.php(67): CodeIgniter\CodeIgniter->run()
CRITICAL - 2022-12-04 02:57:38 --> Undefined variable $jadwaldssi
in APPPATH\Views\jadwal\jadwalds\jadwal_mi\v_list.php on line 234.
 1 APPPATH\Views\jadwal\jadwalds\jadwal_mi\v_list.php(234): CodeIgniter\Debug\Exceptions->errorHandler(2, 'Undefined variable $jadwaldssi', 'APPPATH\\Views\\jadwal\\jadwalds\\jadwal_mi\\v_list.php', 234)
 2 SYSTEMPATH\View\View.php(213): include('APPPATH\\Views\\jadwal\\jadwalds\\jadwal_mi\\v_list.php')
 3 SYSTEMPATH\View\View.php(216): CodeIgniter\View\View->CodeIgniter\View\{closure}()
 4 SYSTEMPATH\Common.php(1134): CodeIgniter\View\View->render('jadwal/jadwalds/jadwal_mi/v_list', [], true)
 5 APPPATH\Views\layout\v_content.php(4): view('jadwal/jadwalds/jadwal_mi/v_list')
 6 SYSTEMPATH\View\View.php(213): include('APPPATH\\Views\\layout\\v_content.php')
 7 SYSTEMPATH\View\View.php(216): CodeIgniter\View\View->CodeIgniter\View\{closure}()
 8 SYSTEMPATH\Common.php(1134): CodeIgniter\View\View->render('layout/v_content', [], true)
 9 APPPATH\Views\layout\v_wrapper.php(6): view('layout/v_content')
10 SYSTEMPATH\View\View.php(213): include('APPPATH\\Views\\layout\\v_wrapper.php')
11 SYSTEMPATH\View\View.php(216): CodeIgniter\View\View->CodeIgniter\View\{closure}()
12 SYSTEMPATH\Common.php(1134): CodeIgniter\View\View->render('layout/v_wrapper', [], true)
13 APPPATH\Controllers\Jadwaldsmi.php(22): view('layout/v_wrapper', [...])
14 SYSTEMPATH\CodeIgniter.php(927): App\Controllers\jadwaldsmi->index()
15 SYSTEMPATH\CodeIgniter.php(482): CodeIgniter\CodeIgniter->runController(Object(App\Controllers\jadwaldsmi))
16 SYSTEMPATH\CodeIgniter.php(351): CodeIgniter\CodeIgniter->handleRequest(null, Object(Config\Cache), false)
17 FCPATH\index.php(67): CodeIgniter\CodeIgniter->run()
ERROR - 2022-12-04 03:00:07 --> mysqli_sql_exception: Unknown column 'tbl_jadwaldssi.id_jadwaldssi' in 'on clause' in C:\xampp\htdocs\siakad_v1\system\Database\MySQLi\Connection.php:292
Stack trace:
#0 C:\xampp\htdocs\siakad_v1\system\Database\MySQLi\Connection.php(292): mysqli->query('SELECT *\nFROM `...', 0)
#1 C:\xampp\htdocs\siakad_v1\system\Database\BaseConnection.php(666): CodeIgniter\Database\MySQLi\Connection->execute('SELECT *\nFROM `...')
#2 C:\xampp\htdocs\siakad_v1\system\Database\BaseConnection.php(593): CodeIgniter\Database\BaseConnection->simpleQuery('SELECT *\nFROM `...')
#3 C:\xampp\htdocs\siakad_v1\system\Database\BaseBuilder.php(1585): CodeIgniter\Database\BaseConnection->query('SELECT *\nFROM `...', Array, false)
#4 C:\xampp\htdocs\siakad_v1\app\Models\Modeljadwaldsmi.php(12): CodeIgniter\Database\BaseBuilder->get()
#5 C:\xampp\htdocs\siakad_v1\app\Controllers\Jadwaldsmi.php(19): App\Models\Modeljadwaldsmi->get_jadwaldsmi()
#6 C:\xampp\htdocs\siakad_v1\system\CodeIgniter.php(927): App\Controllers\jadwaldsmi->index()
#7 C:\xampp\htdocs\siakad_v1\system\CodeIgniter.php(482): CodeIgniter\CodeIgniter->runController(Object(App\Controllers\jadwaldsmi))
#8 C:\xampp\htdocs\siakad_v1\system\CodeIgniter.php(351): CodeIgniter\CodeIgniter->handleRequest(NULL, Object(Config\Cache), false)
#9 C:\xampp\htdocs\siakad_v1\index.php(67): CodeIgniter\CodeIgniter->run()
#10 {main}
CRITICAL - 2022-12-04 03:00:07 --> Unknown column 'tbl_jadwaldssi.id_jadwaldssi' in 'on clause'
in SYSTEMPATH\Database\MySQLi\Connection.php on line 292.
 1 SYSTEMPATH\Database\MySQLi\Connection.php(292): mysqli->query('SELECT *
FROM `tbl_jadwaldsmi`
JOIN `tbl_jadwaldssi` ON `tbl_jadwaldssi`.`idjadwaldssi` = `tbl_jadwaldssi`.`id_jadwaldssi`', 0)
 2 SYSTEMPATH\Database\BaseConnection.php(666): CodeIgniter\Database\MySQLi\Connection->execute('SELECT *
FROM `tbl_jadwaldsmi`
JOIN `tbl_jadwaldssi` ON `tbl_jadwaldssi`.`idjadwaldssi` = `tbl_jadwaldssi`.`id_jadwaldssi`')
 3 SYSTEMPATH\Database\BaseConnection.php(593): CodeIgniter\Database\BaseConnection->simpleQuery('SELECT *
FROM `tbl_jadwaldsmi`
JOIN `tbl_jadwaldssi` ON `tbl_jadwaldssi`.`idjadwaldssi` = `tbl_jadwaldssi`.`id_jadwaldssi`')
 4 SYSTEMPATH\Database\BaseBuilder.php(1585): CodeIgniter\Database\BaseConnection->query('SELECT *
FROM `tbl_jadwaldsmi`
JOIN `tbl_jadwaldssi` ON `tbl_jadwaldssi`.`idjadwaldssi` = `tbl_jadwaldssi`.`id_jadwaldssi`', [], false)
 5 APPPATH\Models\Modeljadwaldsmi.php(12): CodeIgniter\Database\BaseBuilder->get()
 6 APPPATH\Controllers\Jadwaldsmi.php(19): App\Models\Modeljadwaldsmi->get_jadwaldsmi()
 7 SYSTEMPATH\CodeIgniter.php(927): App\Controllers\jadwaldsmi->index()
 8 SYSTEMPATH\CodeIgniter.php(482): CodeIgniter\CodeIgniter->runController(Object(App\Controllers\jadwaldsmi))
 9 SYSTEMPATH\CodeIgniter.php(351): CodeIgniter\CodeIgniter->handleRequest(null, Object(Config\Cache), false)
10 FCPATH\index.php(67): CodeIgniter\CodeIgniter->run()
CRITICAL - 2022-12-04 03:00:24 --> Undefined variable $jadwaldssi
in APPPATH\Views\jadwal\jadwalds\jadwal_mi\v_list.php on line 234.
 1 APPPATH\Views\jadwal\jadwalds\jadwal_mi\v_list.php(234): CodeIgniter\Debug\Exceptions->errorHandler(2, 'Undefined variable $jadwaldssi', 'APPPATH\\Views\\jadwal\\jadwalds\\jadwal_mi\\v_list.php', 234)
 2 SYSTEMPATH\View\View.php(213): include('APPPATH\\Views\\jadwal\\jadwalds\\jadwal_mi\\v_list.php')
 3 SYSTEMPATH\View\View.php(216): CodeIgniter\View\View->CodeIgniter\View\{closure}()
 4 SYSTEMPATH\Common.php(1134): CodeIgniter\View\View->render('jadwal/jadwalds/jadwal_mi/v_list', [], true)
 5 APPPATH\Views\layout\v_content.php(4): view('jadwal/jadwalds/jadwal_mi/v_list')
 6 SYSTEMPATH\View\View.php(213): include('APPPATH\\Views\\layout\\v_content.php')
 7 SYSTEMPATH\View\View.php(216): CodeIgniter\View\View->CodeIgniter\View\{closure}()
 8 SYSTEMPATH\Common.php(1134): CodeIgniter\View\View->render('layout/v_content', [], true)
 9 APPPATH\Views\layout\v_wrapper.php(6): view('layout/v_content')
10 SYSTEMPATH\View\View.php(213): include('APPPATH\\Views\\layout\\v_wrapper.php')
11 SYSTEMPATH\View\View.php(216): CodeIgniter\View\View->CodeIgniter\View\{closure}()
12 SYSTEMPATH\Common.php(1134): CodeIgniter\View\View->render('layout/v_wrapper', [], true)
13 APPPATH\Controllers\Jadwaldsmi.php(22): view('layout/v_wrapper', [...])
14 SYSTEMPATH\CodeIgniter.php(927): App\Controllers\jadwaldsmi->index()
15 SYSTEMPATH\CodeIgniter.php(482): CodeIgniter\CodeIgniter->runController(Object(App\Controllers\jadwaldsmi))
16 SYSTEMPATH\CodeIgniter.php(351): CodeIgniter\CodeIgniter->handleRequest(null, Object(Config\Cache), false)
17 FCPATH\index.php(67): CodeIgniter\CodeIgniter->run()
CRITICAL - 2022-12-04 03:07:34 --> Undefined constant "Senin"
in APPPATH\Views\jadwal\jadwalds\jadwal_mi\v_list.php on line 216.
 1 SYSTEMPATH\View\View.php(213): include()
 2 SYSTEMPATH\View\View.php(216): CodeIgniter\View\View->CodeIgniter\View\{closure}()
 3 SYSTEMPATH\Common.php(1134): CodeIgniter\View\View->render('jadwal/jadwalds/jadwal_mi/v_list', [], true)
 4 APPPATH\Views\layout\v_content.php(4): view('jadwal/jadwalds/jadwal_mi/v_list')
 5 SYSTEMPATH\View\View.php(213): include('APPPATH\\Views\\layout\\v_content.php')
 6 SYSTEMPATH\View\View.php(216): CodeIgniter\View\View->CodeIgniter\View\{closure}()
 7 SYSTEMPATH\Common.php(1134): CodeIgniter\View\View->render('layout/v_content', [], true)
 8 APPPATH\Views\layout\v_wrapper.php(6): view('layout/v_content')
 9 SYSTEMPATH\View\View.php(213): include('APPPATH\\Views\\layout\\v_wrapper.php')
10 SYSTEMPATH\View\View.php(216): CodeIgniter\View\View->CodeIgniter\View\{closure}()
11 SYSTEMPATH\Common.php(1134): CodeIgniter\View\View->render('layout/v_wrapper', [], true)
12 APPPATH\Controllers\Jadwaldsmi.php(22): view('layout/v_wrapper', [...])
13 SYSTEMPATH\CodeIgniter.php(927): App\Controllers\jadwaldsmi->index()
14 SYSTEMPATH\CodeIgniter.php(482): CodeIgniter\CodeIgniter->runController(Object(App\Controllers\jadwaldsmi))
15 SYSTEMPATH\CodeIgniter.php(351): CodeIgniter\CodeIgniter->handleRequest(null, Object(Config\Cache), false)
16 FCPATH\index.php(67): CodeIgniter\CodeIgniter->run()
CRITICAL - 2022-12-04 03:09:10 --> Undefined constant "Senin"
in APPPATH\Views\jadwal\jadwalds\jadwal_mi\v_list.php on line 216.
 1 SYSTEMPATH\View\View.php(213): include()
 2 SYSTEMPATH\View\View.php(216): CodeIgniter\View\View->CodeIgniter\View\{closure}()
 3 SYSTEMPATH\Common.php(1134): CodeIgniter\View\View->render('jadwal/jadwalds/jadwal_mi/v_list', [], true)
 4 APPPATH\Views\layout\v_content.php(4): view('jadwal/jadwalds/jadwal_mi/v_list')
 5 SYSTEMPATH\View\View.php(213): include('APPPATH\\Views\\layout\\v_content.php')
 6 SYSTEMPATH\View\View.php(216): CodeIgniter\View\View->CodeIgniter\View\{closure}()
 7 SYSTEMPATH\Common.php(1134): CodeIgniter\View\View->render('layout/v_content', [], true)
 8 APPPATH\Views\layout\v_wrapper.php(6): view('layout/v_content')
 9 SYSTEMPATH\View\View.php(213): include('APPPATH\\Views\\layout\\v_wrapper.php')
10 SYSTEMPATH\View\View.php(216): CodeIgniter\View\View->CodeIgniter\View\{closure}()
11 SYSTEMPATH\Common.php(1134): CodeIgniter\View\View->render('layout/v_wrapper', [], true)
12 APPPATH\Controllers\Jadwaldsmi.php(22): view('layout/v_wrapper', [...])
13 SYSTEMPATH\CodeIgniter.php(927): App\Controllers\jadwaldsmi->index()
14 SYSTEMPATH\CodeIgniter.php(482): CodeIgniter\CodeIgniter->runController(Object(App\Controllers\jadwaldsmi))
15 SYSTEMPATH\CodeIgniter.php(351): CodeIgniter\CodeIgniter->handleRequest(null, Object(Config\Cache), false)
16 FCPATH\index.php(67): CodeIgniter\CodeIgniter->run()
CRITICAL - 2022-12-04 03:09:39 --> Undefined constant "Senin"
in APPPATH\Views\jadwal\jadwalds\jadwal_mi\v_list.php on line 216.
 1 SYSTEMPATH\View\View.php(213): include()
 2 SYSTEMPATH\View\View.php(216): CodeIgniter\View\View->CodeIgniter\View\{closure}()
 3 SYSTEMPATH\Common.php(1134): CodeIgniter\View\View->render('jadwal/jadwalds/jadwal_mi/v_list', [], true)
 4 APPPATH\Views\layout\v_content.php(4): view('jadwal/jadwalds/jadwal_mi/v_list')
 5 SYSTEMPATH\View\View.php(213): include('APPPATH\\Views\\layout\\v_content.php')
 6 SYSTEMPATH\View\View.php(216): CodeIgniter\View\View->CodeIgniter\View\{closure}()
 7 SYSTEMPATH\Common.php(1134): CodeIgniter\View\View->render('layout/v_content', [], true)
 8 APPPATH\Views\layout\v_wrapper.php(6): view('layout/v_content')
 9 SYSTEMPATH\View\View.php(213): include('APPPATH\\Views\\layout\\v_wrapper.php')
10 SYSTEMPATH\View\View.php(216): CodeIgniter\View\View->CodeIgniter\View\{closure}()
11 SYSTEMPATH\Common.php(1134): CodeIgniter\View\View->render('layout/v_wrapper', [], true)
12 APPPATH\Controllers\Jadwaldsmi.php(22): view('layout/v_wrapper', [...])
13 SYSTEMPATH\CodeIgniter.php(927): App\Controllers\jadwaldsmi->index()
14 SYSTEMPATH\CodeIgniter.php(482): CodeIgniter\CodeIgniter->runController(Object(App\Controllers\jadwaldsmi))
15 SYSTEMPATH\CodeIgniter.php(351): CodeIgniter\CodeIgniter->handleRequest(null, Object(Config\Cache), false)
16 FCPATH\index.php(67): CodeIgniter\CodeIgniter->run()
CRITICAL - 2022-12-04 08:49:45 --> Invalid file: cetaklaporan.php
in SYSTEMPATH\Exceptions\FrameworkException.php on line 33.
 1 SYSTEMPATH\View\View.php(201): CodeIgniter\Exceptions\FrameworkException::forInvalidFile('cetaklaporan.php')
 2 SYSTEMPATH\Common.php(1134): CodeIgniter\View\View->render('cetaklaporan', [], true)
 3 APPPATH\Controllers\Cetaklaporan.php(22): view('cetaklaporan', [...])
 4 SYSTEMPATH\CodeIgniter.php(927): App\Controllers\cetaklaporan->index()
 5 SYSTEMPATH\CodeIgniter.php(482): CodeIgniter\CodeIgniter->runController(Object(App\Controllers\cetaklaporan))
 6 SYSTEMPATH\CodeIgniter.php(351): CodeIgniter\CodeIgniter->handleRequest(null, Object(Config\Cache), false)
 7 FCPATH\index.php(67): CodeIgniter\CodeIgniter->run()
CRITICAL - 2022-12-04 09:00:13 --> Undefined constant "cetaklaporan"
in APPPATH\Views\jadwal\jadwalds\jadwal_si\v_list.php on line 240.
 1 SYSTEMPATH\View\View.php(213): include()
 2 SYSTEMPATH\View\View.php(216): CodeIgniter\View\View->CodeIgniter\View\{closure}()
 3 SYSTEMPATH\Common.php(1134): CodeIgniter\View\View->render('jadwal/jadwalds/jadwal_si/v_list', [], true)
 4 APPPATH\Views\layout\v_content.php(4): view('jadwal/jadwalds/jadwal_si/v_list')
 5 SYSTEMPATH\View\View.php(213): include('APPPATH\\Views\\layout\\v_content.php')
 6 SYSTEMPATH\View\View.php(216): CodeIgniter\View\View->CodeIgniter\View\{closure}()
 7 SYSTEMPATH\Common.php(1134): CodeIgniter\View\View->render('layout/v_content', [], true)
 8 APPPATH\Views\layout\v_wrapper.php(6): view('layout/v_content')
 9 SYSTEMPATH\View\View.php(213): include('APPPATH\\Views\\layout\\v_wrapper.php')
10 SYSTEMPATH\View\View.php(216): CodeIgniter\View\View->CodeIgniter\View\{closure}()
11 SYSTEMPATH\Common.php(1134): CodeIgniter\View\View->render('layout/v_wrapper', [], true)
12 APPPATH\Controllers\Jadwaldssi.php(22): view('layout/v_wrapper', [...])
13 SYSTEMPATH\CodeIgniter.php(927): App\Controllers\Jadwaldssi->index()
14 SYSTEMPATH\CodeIgniter.php(482): CodeIgniter\CodeIgniter->runController(Object(App\Controllers\Jadwaldssi))
15 SYSTEMPATH\CodeIgniter.php(351): CodeIgniter\CodeIgniter->handleRequest(null, Object(Config\Cache), false)
16 FCPATH\index.php(67): CodeIgniter\CodeIgniter->run()
CRITICAL - 2022-12-04 09:13:57 --> include(config/koneksi.php): Failed to open stream: No such file or directory
in APPPATH\Views\laporan\cetaklaporan.php on line 3.
 1 APPPATH\Views\laporan\cetaklaporan.php(3): CodeIgniter\Debug\Exceptions->errorHandler(2, 'include(config/koneksi.php): Failed to open stream: No such file or directory', 'APPPATH\\Views\\laporan\\cetaklaporan.php', 3)
 2 APPPATH\Views\laporan\cetaklaporan.php(3): include()
 3 SYSTEMPATH\View\View.php(213): include('APPPATH\\Views\\laporan\\cetaklaporan.php')
 4 SYSTEMPATH\View\View.php(216): CodeIgniter\View\View->CodeIgniter\View\{closure}()
 5 SYSTEMPATH\Common.php(1134): CodeIgniter\View\View->render('laporan/cetaklaporan', [], true)
 6 APPPATH\Controllers\Cetaklaporan.php(22): view('laporan/cetaklaporan', [...])
 7 SYSTEMPATH\CodeIgniter.php(927): App\Controllers\cetaklaporan->index()
 8 SYSTEMPATH\CodeIgniter.php(482): CodeIgniter\CodeIgniter->runController(Object(App\Controllers\cetaklaporan))
 9 SYSTEMPATH\CodeIgniter.php(351): CodeIgniter\CodeIgniter->handleRequest(null, Object(Config\Cache), false)
10 FCPATH\index.php(67): CodeIgniter\CodeIgniter->run()
CRITICAL - 2022-12-04 09:46:12 --> Undefined variable $no
in APPPATH\Views\laporan\cetaklaporan.php on line 47.
 1 APPPATH\Views\laporan\cetaklaporan.php(47): CodeIgniter\Debug\Exceptions->errorHandler(2, 'Undefined variable $no', 'APPPATH\\Views\\laporan\\cetaklaporan.php', 47)
 2 SYSTEMPATH\View\View.php(213): include('APPPATH\\Views\\laporan\\cetaklaporan.php')
 3 SYSTEMPATH\View\View.php(216): CodeIgniter\View\View->CodeIgniter\View\{closure}()
 4 SYSTEMPATH\Common.php(1134): CodeIgniter\View\View->render('laporan/cetaklaporan', [], true)
 5 APPPATH\Controllers\Cetaklaporan.php(22): view('laporan/cetaklaporan', [...])
 6 SYSTEMPATH\CodeIgniter.php(927): App\Controllers\cetaklaporan->index()
 7 SYSTEMPATH\CodeIgniter.php(482): CodeIgniter\CodeIgniter->runController(Object(App\Controllers\cetaklaporan))
 8 SYSTEMPATH\CodeIgniter.php(351): CodeIgniter\CodeIgniter->handleRequest(null, Object(Config\Cache), false)
 9 FCPATH\index.php(67): CodeIgniter\CodeIgniter->run()
CRITICAL - 2022-12-04 09:48:02 --> Unclosed '{' on line 46
in APPPATH\Views\laporan\cetaklaporan.php on line 60.
 1 SYSTEMPATH\View\View.php(216): CodeIgniter\View\View->CodeIgniter\View\{closure}()
 2 SYSTEMPATH\Common.php(1134): CodeIgniter\View\View->render('laporan/cetaklaporan', [], true)
 3 APPPATH\Controllers\Cetaklaporan.php(22): view('laporan/cetaklaporan', [...])
 4 SYSTEMPATH\CodeIgniter.php(927): App\Controllers\cetaklaporan->index()
 5 SYSTEMPATH\CodeIgniter.php(482): CodeIgniter\CodeIgniter->runController(Object(App\Controllers\cetaklaporan))
 6 SYSTEMPATH\CodeIgniter.php(351): CodeIgniter\CodeIgniter->handleRequest(null, Object(Config\Cache), false)
 7 FCPATH\index.php(67): CodeIgniter\CodeIgniter->run()
CRITICAL - 2022-12-04 09:49:35 --> Undefined variable $jadwaldssi
in APPPATH\Views\laporan\cetaklaporan.php on line 46.
 1 APPPATH\Views\laporan\cetaklaporan.php(46): CodeIgniter\Debug\Exceptions->errorHandler(2, 'Undefined variable $jadwaldssi', 'APPPATH\\Views\\laporan\\cetaklaporan.php', 46)
 2 SYSTEMPATH\View\View.php(213): include('APPPATH\\Views\\laporan\\cetaklaporan.php')
 3 SYSTEMPATH\View\View.php(216): CodeIgniter\View\View->CodeIgniter\View\{closure}()
 4 SYSTEMPATH\Common.php(1134): CodeIgniter\View\View->render('laporan/cetaklaporan', [], true)
 5 APPPATH\Controllers\Cetaklaporan.php(22): view('laporan/cetaklaporan', [...])
 6 SYSTEMPATH\CodeIgniter.php(927): App\Controllers\cetaklaporan->index()
 7 SYSTEMPATH\CodeIgniter.php(482): CodeIgniter\CodeIgniter->runController(Object(App\Controllers\cetaklaporan))
 8 SYSTEMPATH\CodeIgniter.php(351): CodeIgniter\CodeIgniter->handleRequest(null, Object(Config\Cache), false)
 9 FCPATH\index.php(67): CodeIgniter\CodeIgniter->run()
CRITICAL - 2022-12-04 09:52:33 --> Undefined variable $jadwaldssi
in APPPATH\Views\laporan\cetaklaporan.php on line 46.
 1 APPPATH\Views\laporan\cetaklaporan.php(46): CodeIgniter\Debug\Exceptions->errorHandler(2, 'Undefined variable $jadwaldssi', 'APPPATH\\Views\\laporan\\cetaklaporan.php', 46)
 2 SYSTEMPATH\View\View.php(213): include('APPPATH\\Views\\laporan\\cetaklaporan.php')
 3 SYSTEMPATH\View\View.php(216): CodeIgniter\View\View->CodeIgniter\View\{closure}()
 4 SYSTEMPATH\Common.php(1134): CodeIgniter\View\View->render('laporan/cetaklaporan', [], true)
 5 APPPATH\Controllers\Cetaklaporan.php(22): view('laporan/cetaklaporan', [...])
 6 SYSTEMPATH\CodeIgniter.php(927): App\Controllers\cetaklaporan->index()
 7 SYSTEMPATH\CodeIgniter.php(482): CodeIgniter\CodeIgniter->runController(Object(App\Controllers\cetaklaporan))
 8 SYSTEMPATH\CodeIgniter.php(351): CodeIgniter\CodeIgniter->handleRequest(null, Object(Config\Cache), false)
 9 FCPATH\index.php(67): CodeIgniter\CodeIgniter->run()
CRITICAL - 2022-12-04 13:51:32 --> Undefined variable $no
in APPPATH\Views\laporan\cetaklaporan.php on line 35.
 1 APPPATH\Views\laporan\cetaklaporan.php(35): CodeIgniter\Debug\Exceptions->errorHandler(2, 'Undefined variable $no', 'APPPATH\\Views\\laporan\\cetaklaporan.php', 35)
 2 SYSTEMPATH\View\View.php(213): include('APPPATH\\Views\\laporan\\cetaklaporan.php')
 3 SYSTEMPATH\View\View.php(216): CodeIgniter\View\View->CodeIgniter\View\{closure}()
 4 SYSTEMPATH\Common.php(1134): CodeIgniter\View\View->render('laporan/cetaklaporan', [], true)
 5 APPPATH\Controllers\Cetaklaporan.php(22): view('laporan/cetaklaporan', [...])
 6 SYSTEMPATH\CodeIgniter.php(927): App\Controllers\cetaklaporan->index()
 7 SYSTEMPATH\CodeIgniter.php(482): CodeIgniter\CodeIgniter->runController(Object(App\Controllers\cetaklaporan))
 8 SYSTEMPATH\CodeIgniter.php(351): CodeIgniter\CodeIgniter->handleRequest(null, Object(Config\Cache), false)
 9 FCPATH\index.php(67): CodeIgniter\CodeIgniter->run()
CRITICAL - 2022-12-04 13:52:16 --> syntax error, unexpected token ".", expecting end of file
in APPPATH\Views\laporan\cetaklaporan.php on line 35.
 1 SYSTEMPATH\View\View.php(216): CodeIgniter\View\View->CodeIgniter\View\{closure}()
 2 SYSTEMPATH\Common.php(1134): CodeIgniter\View\View->render('laporan/cetaklaporan', [], true)
 3 APPPATH\Controllers\Cetaklaporan.php(22): view('laporan/cetaklaporan', [...])
 4 SYSTEMPATH\CodeIgniter.php(927): App\Controllers\cetaklaporan->index()
 5 SYSTEMPATH\CodeIgniter.php(482): CodeIgniter\CodeIgniter->runController(Object(App\Controllers\cetaklaporan))
 6 SYSTEMPATH\CodeIgniter.php(351): CodeIgniter\CodeIgniter->handleRequest(null, Object(Config\Cache), false)
 7 FCPATH\index.php(67): CodeIgniter\CodeIgniter->run()
CRITICAL - 2022-12-04 13:52:23 --> syntax error, unexpected token ".", expecting end of file
in APPPATH\Views\laporan\cetaklaporan.php on line 35.
 1 SYSTEMPATH\View\View.php(216): CodeIgniter\View\View->CodeIgniter\View\{closure}()
 2 SYSTEMPATH\Common.php(1134): CodeIgniter\View\View->render('laporan/cetaklaporan', [], true)
 3 APPPATH\Controllers\Cetaklaporan.php(22): view('laporan/cetaklaporan', [...])
 4 SYSTEMPATH\CodeIgniter.php(927): App\Controllers\cetaklaporan->index()
 5 SYSTEMPATH\CodeIgniter.php(482): CodeIgniter\CodeIgniter->runController(Object(App\Controllers\cetaklaporan))
 6 SYSTEMPATH\CodeIgniter.php(351): CodeIgniter\CodeIgniter->handleRequest(null, Object(Config\Cache), false)
 7 FCPATH\index.php(67): CodeIgniter\CodeIgniter->run()
CRITICAL - 2022-12-04 13:54:00 --> syntax error, unexpected token "/"
in APPPATH\Views\laporan\cetaklaporan.php on line 50.
 1 SYSTEMPATH\View\View.php(216): CodeIgniter\View\View->CodeIgniter\View\{closure}()
 2 SYSTEMPATH\Common.php(1134): CodeIgniter\View\View->render('laporan/cetaklaporan', [], true)
 3 APPPATH\Controllers\Cetaklaporan.php(22): view('laporan/cetaklaporan', [...])
 4 SYSTEMPATH\CodeIgniter.php(927): App\Controllers\cetaklaporan->index()
 5 SYSTEMPATH\CodeIgniter.php(482): CodeIgniter\CodeIgniter->runController(Object(App\Controllers\cetaklaporan))
 6 SYSTEMPATH\CodeIgniter.php(351): CodeIgniter\CodeIgniter->handleRequest(null, Object(Config\Cache), false)
 7 FCPATH\index.php(67): CodeIgniter\CodeIgniter->run()
CRITICAL - 2022-12-04 14:01:15 --> Undefined variable $value
in APPPATH\Views\laporan\cetaklaporan.php on line 39.
 1 APPPATH\Views\laporan\cetaklaporan.php(39): CodeIgniter\Debug\Exceptions->errorHandler(2, 'Undefined variable $value', 'APPPATH\\Views\\laporan\\cetaklaporan.php', 39)
 2 SYSTEMPATH\View\View.php(213): include('APPPATH\\Views\\laporan\\cetaklaporan.php')
 3 SYSTEMPATH\View\View.php(216): CodeIgniter\View\View->CodeIgniter\View\{closure}()
 4 SYSTEMPATH\Common.php(1134): CodeIgniter\View\View->render('laporan/cetaklaporan', [], true)
 5 APPPATH\Controllers\Cetaklaporan.php(22): view('laporan/cetaklaporan', [...])
 6 SYSTEMPATH\CodeIgniter.php(927): App\Controllers\cetaklaporan->index()
 7 SYSTEMPATH\CodeIgniter.php(482): CodeIgniter\CodeIgniter->runController(Object(App\Controllers\cetaklaporan))
 8 SYSTEMPATH\CodeIgniter.php(351): CodeIgniter\CodeIgniter->handleRequest(null, Object(Config\Cache), false)
 9 FCPATH\index.php(67): CodeIgniter\CodeIgniter->run()
CRITICAL - 2022-12-04 14:01:54 --> Undefined variable $value
in APPPATH\Views\laporan\cetaklaporan.php on line 39.
 1 APPPATH\Views\laporan\cetaklaporan.php(39): CodeIgniter\Debug\Exceptions->errorHandler(2, 'Undefined variable $value', 'APPPATH\\Views\\laporan\\cetaklaporan.php', 39)
 2 SYSTEMPATH\View\View.php(213): include('APPPATH\\Views\\laporan\\cetaklaporan.php')
 3 SYSTEMPATH\View\View.php(216): CodeIgniter\View\View->CodeIgniter\View\{closure}()
 4 SYSTEMPATH\Common.php(1134): CodeIgniter\View\View->render('laporan/cetaklaporan', [], true)
 5 APPPATH\Controllers\Cetaklaporan.php(22): view('laporan/cetaklaporan', [...])
 6 SYSTEMPATH\CodeIgniter.php(927): App\Controllers\cetaklaporan->index()
 7 SYSTEMPATH\CodeIgniter.php(482): CodeIgniter\CodeIgniter->runController(Object(App\Controllers\cetaklaporan))
 8 SYSTEMPATH\CodeIgniter.php(351): CodeIgniter\CodeIgniter->handleRequest(null, Object(Config\Cache), false)
 9 FCPATH\index.php(67): CodeIgniter\CodeIgniter->run()
CRITICAL - 2022-12-04 14:35:02 --> Call to a member function get_cellmap() on null
in FCPATH\vendor\dompdf\dompdf\src\FrameReflower\TableCell.php on line 40.
 1 FCPATH\vendor\dompdf\dompdf\src\FrameDecorator\AbstractFrameDecorator.php(913): Dompdf\FrameReflower\TableCell->reflow(null)
 2 FCPATH\vendor\dompdf\dompdf\src\FrameReflower\TableRow.php(56): Dompdf\FrameDecorator\AbstractFrameDecorator->reflow()
 3 FCPATH\vendor\dompdf\dompdf\src\FrameDecorator\AbstractFrameDecorator.php(913): Dompdf\FrameReflower\TableRow->reflow(Object(Dompdf\FrameDecorator\Block))
 4 FCPATH\vendor\dompdf\dompdf\src\FrameReflower\Block.php(866): Dompdf\FrameDecorator\AbstractFrameDecorator->reflow(Object(Dompdf\FrameDecorator\Block))
 5 FCPATH\vendor\dompdf\dompdf\src\FrameDecorator\AbstractFrameDecorator.php(913): Dompdf\FrameReflower\Block->reflow(null)
 6 FCPATH\vendor\dompdf\dompdf\src\FrameReflower\Page.php(142): Dompdf\FrameDecorator\AbstractFrameDecorator->reflow()
 7 FCPATH\vendor\dompdf\dompdf\src\FrameDecorator\AbstractFrameDecorator.php(913): Dompdf\FrameReflower\Page->reflow(null)
 8 FCPATH\vendor\dompdf\dompdf\src\Dompdf.php(765): Dompdf\FrameDecorator\AbstractFrameDecorator->reflow()
 9 APPPATH\Views\laporan\cetaklaporan.php(75): Dompdf\Dompdf->render()
10 SYSTEMPATH\View\View.php(213): include('APPPATH\\Views\\laporan\\cetaklaporan.php')
11 SYSTEMPATH\View\View.php(216): CodeIgniter\View\View->CodeIgniter\View\{closure}()
12 SYSTEMPATH\Common.php(1134): CodeIgniter\View\View->render('laporan/cetaklaporan', [], true)
13 APPPATH\Controllers\Cetaklaporan.php(22): view('laporan/cetaklaporan', [...])
14 SYSTEMPATH\CodeIgniter.php(927): App\Controllers\cetaklaporan->index()
15 SYSTEMPATH\CodeIgniter.php(482): CodeIgniter\CodeIgniter->runController(Object(App\Controllers\cetaklaporan))
16 SYSTEMPATH\CodeIgniter.php(351): CodeIgniter\CodeIgniter->handleRequest(null, Object(Config\Cache), false)
17 FCPATH\index.php(67): CodeIgniter\CodeIgniter->run()
CRITICAL - 2022-12-04 14:36:03 --> Allowed memory size of 536870912 bytes exhausted (tried to allocate 262148096 bytes)
in APPPATH\Views\errors\html\error_exception.php on line 96.
 1 [internal function]: CodeIgniter\Debug\Exceptions->shutdownHandler()
CRITICAL - 2022-12-04 14:49:15 --> syntax error, unexpected token "<", expecting end of file
in APPPATH\Views\laporan\cetaklaporan.php on line 46.
 1 SYSTEMPATH\View\View.php(216): CodeIgniter\View\View->CodeIgniter\View\{closure}()
 2 SYSTEMPATH\Common.php(1134): CodeIgniter\View\View->render('laporan/cetaklaporan', [], true)
 3 APPPATH\Controllers\Cetaklaporan.php(22): view('laporan/cetaklaporan', [...])
 4 SYSTEMPATH\CodeIgniter.php(927): App\Controllers\cetaklaporan->index()
 5 SYSTEMPATH\CodeIgniter.php(482): CodeIgniter\CodeIgniter->runController(Object(App\Controllers\cetaklaporan))
 6 SYSTEMPATH\CodeIgniter.php(351): CodeIgniter\CodeIgniter->handleRequest(null, Object(Config\Cache), false)
 7 FCPATH\index.php(67): CodeIgniter\CodeIgniter->run()
CRITICAL - 2022-12-04 14:58:31 --> syntax error, unexpected token "<", expecting end of file
in APPPATH\Views\laporan\cetaklaporan.php on line 46.
 1 SYSTEMPATH\View\View.php(216): CodeIgniter\View\View->CodeIgniter\View\{closure}()
 2 SYSTEMPATH\Common.php(1134): CodeIgniter\View\View->render('laporan/cetaklaporan', [], true)
 3 APPPATH\Controllers\Cetaklaporan.php(22): view('laporan/cetaklaporan', [...])
 4 SYSTEMPATH\CodeIgniter.php(927): App\Controllers\cetaklaporan->index()
 5 SYSTEMPATH\CodeIgniter.php(482): CodeIgniter\CodeIgniter->runController(Object(App\Controllers\cetaklaporan))
 6 SYSTEMPATH\CodeIgniter.php(351): CodeIgniter\CodeIgniter->handleRequest(null, Object(Config\Cache), false)
 7 FCPATH\index.php(67): CodeIgniter\CodeIgniter->run()
CRITICAL - 2022-12-04 15:01:37 --> syntax error, unexpected token "<", expecting end of file
in APPPATH\Views\laporan\cetaklaporan.php on line 3.
 1 SYSTEMPATH\View\View.php(216): CodeIgniter\View\View->CodeIgniter\View\{closure}()
 2 SYSTEMPATH\Common.php(1134): CodeIgniter\View\View->render('laporan/cetaklaporan', [], true)
 3 APPPATH\Controllers\Cetaklaporan.php(22): view('laporan/cetaklaporan', [...])
 4 SYSTEMPATH\CodeIgniter.php(927): App\Controllers\cetaklaporan->index()
 5 SYSTEMPATH\CodeIgniter.php(482): CodeIgniter\CodeIgniter->runController(Object(App\Controllers\cetaklaporan))
 6 SYSTEMPATH\CodeIgniter.php(351): CodeIgniter\CodeIgniter->handleRequest(null, Object(Config\Cache), false)
 7 FCPATH\index.php(67): CodeIgniter\CodeIgniter->run()
CRITICAL - 2022-12-04 15:05:30 --> syntax error, unexpected identifier "hari"
in APPPATH\Views\laporan\cetaklaporan.php on line 50.
 1 SYSTEMPATH\View\View.php(216): CodeIgniter\View\View->CodeIgniter\View\{closure}()
 2 SYSTEMPATH\Common.php(1134): CodeIgniter\View\View->render('laporan/cetaklaporan', [], true)
 3 APPPATH\Controllers\Cetaklaporan.php(22): view('laporan/cetaklaporan', [...])
 4 SYSTEMPATH\CodeIgniter.php(927): App\Controllers\cetaklaporan->index()
 5 SYSTEMPATH\CodeIgniter.php(482): CodeIgniter\CodeIgniter->runController(Object(App\Controllers\cetaklaporan))
 6 SYSTEMPATH\CodeIgniter.php(351): CodeIgniter\CodeIgniter->handleRequest(null, Object(Config\Cache), false)
 7 FCPATH\index.php(67): CodeIgniter\CodeIgniter->run()
CRITICAL - 2022-12-04 15:10:55 --> Undefined variable $no
in APPPATH\Views\laporan\cetaklaporan.php on line 46.
 1 APPPATH\Views\laporan\cetaklaporan.php(46): CodeIgniter\Debug\Exceptions->errorHandler(2, 'Undefined variable $no', 'APPPATH\\Views\\laporan\\cetaklaporan.php', 46)
 2 SYSTEMPATH\View\View.php(213): include('APPPATH\\Views\\laporan\\cetaklaporan.php')
 3 SYSTEMPATH\View\View.php(216): CodeIgniter\View\View->CodeIgniter\View\{closure}()
 4 SYSTEMPATH\Common.php(1134): CodeIgniter\View\View->render('laporan/cetaklaporan', [], true)
 5 APPPATH\Controllers\Cetaklaporan.php(22): view('laporan/cetaklaporan', [...])
 6 SYSTEMPATH\CodeIgniter.php(927): App\Controllers\cetaklaporan->index()
 7 SYSTEMPATH\CodeIgniter.php(482): CodeIgniter\CodeIgniter->runController(Object(App\Controllers\cetaklaporan))
 8 SYSTEMPATH\CodeIgniter.php(351): CodeIgniter\CodeIgniter->handleRequest(null, Object(Config\Cache), false)
 9 FCPATH\index.php(67): CodeIgniter\CodeIgniter->run()
CRITICAL - 2022-12-04 15:12:02 --> Undefined variable $no
in APPPATH\Views\laporan\cetaklaporan.php on line 50.
 1 APPPATH\Views\laporan\cetaklaporan.php(50): CodeIgniter\Debug\Exceptions->errorHandler(2, 'Undefined variable $no', 'APPPATH\\Views\\laporan\\cetaklaporan.php', 50)
 2 SYSTEMPATH\View\View.php(213): include('APPPATH\\Views\\laporan\\cetaklaporan.php')
 3 SYSTEMPATH\View\View.php(216): CodeIgniter\View\View->CodeIgniter\View\{closure}()
 4 SYSTEMPATH\Common.php(1134): CodeIgniter\View\View->render('laporan/cetaklaporan', [], true)
 5 APPPATH\Controllers\Cetaklaporan.php(22): view('laporan/cetaklaporan', [...])
 6 SYSTEMPATH\CodeIgniter.php(927): App\Controllers\cetaklaporan->index()
 7 SYSTEMPATH\CodeIgniter.php(482): CodeIgniter\CodeIgniter->runController(Object(App\Controllers\cetaklaporan))
 8 SYSTEMPATH\CodeIgniter.php(351): CodeIgniter\CodeIgniter->handleRequest(null, Object(Config\Cache), false)
 9 FCPATH\index.php(67): CodeIgniter\CodeIgniter->run()
CRITICAL - 2022-12-04 15:27:35 --> syntax error, unexpected identifier "A4"
in APPPATH\Views\laporan\cetaklaporan.php on line 83.
 1 SYSTEMPATH\View\View.php(216): CodeIgniter\View\View->CodeIgniter\View\{closure}()
 2 SYSTEMPATH\Common.php(1134): CodeIgniter\View\View->render('laporan/cetaklaporan', [], true)
 3 APPPATH\Controllers\Cetaklaporan.php(22): view('laporan/cetaklaporan', [...])
 4 SYSTEMPATH\CodeIgniter.php(927): App\Controllers\cetaklaporan->index()
 5 SYSTEMPATH\CodeIgniter.php(482): CodeIgniter\CodeIgniter->runController(Object(App\Controllers\cetaklaporan))
 6 SYSTEMPATH\CodeIgniter.php(351): CodeIgniter\CodeIgniter->handleRequest(null, Object(Config\Cache), false)
 7 FCPATH\index.php(67): CodeIgniter\CodeIgniter->run()
CRITICAL - 2022-12-04 15:30:23 --> Undefined constant "idjadwaldssi"
in APPPATH\Views\laporan\cetaklaporan.php on line 46.
 1 SYSTEMPATH\View\View.php(213): include()
 2 SYSTEMPATH\View\View.php(216): CodeIgniter\View\View->CodeIgniter\View\{closure}()
 3 SYSTEMPATH\Common.php(1134): CodeIgniter\View\View->render('laporan/cetaklaporan', [], true)
 4 APPPATH\Controllers\Cetaklaporan.php(22): view('laporan/cetaklaporan', [...])
 5 SYSTEMPATH\CodeIgniter.php(927): App\Controllers\cetaklaporan->index()
 6 SYSTEMPATH\CodeIgniter.php(482): CodeIgniter\CodeIgniter->runController(Object(App\Controllers\cetaklaporan))
 7 SYSTEMPATH\CodeIgniter.php(351): CodeIgniter\CodeIgniter->handleRequest(null, Object(Config\Cache), false)
 8 FCPATH\index.php(67): CodeIgniter\CodeIgniter->run()
CRITICAL - 2022-12-04 18:53:35 --> syntax error, unexpected identifier "template"
in APPPATH\Views\laporan\cetaklaporan.php on line 19.
 1 SYSTEMPATH\View\View.php(216): CodeIgniter\View\View->CodeIgniter\View\{closure}()
 2 SYSTEMPATH\Common.php(1134): CodeIgniter\View\View->render('laporan/cetaklaporan', [], true)
 3 APPPATH\Controllers\Cetaklaporan.php(22): view('laporan/cetaklaporan', [...])
 4 SYSTEMPATH\CodeIgniter.php(927): App\Controllers\cetaklaporan->index()
 5 SYSTEMPATH\CodeIgniter.php(482): CodeIgniter\CodeIgniter->runController(Object(App\Controllers\cetaklaporan))
 6 SYSTEMPATH\CodeIgniter.php(351): CodeIgniter\CodeIgniter->handleRequest(null, Object(Config\Cache), false)
 7 FCPATH\index.php(67): CodeIgniter\CodeIgniter->run()
