CRITICAL - 2024-05-20 00:12:24 --> Invalid file: v_login.php
in SYSTEMPATH\Exceptions\FrameworkException.php on line 33.
 1 SYSTEMPATH\View\View.php(201): CodeIgniter\Exceptions\FrameworkException::forInvalidFile('v_login.php')
 2 SYSTEMPATH\Common.php(1134): CodeIgniter\View\View->render('v_login', [], true)
 3 APPPATH\Controllers\Auth.php(23): view('v_login', [...])
 4 SYSTEMPATH\CodeIgniter.php(927): App\Controllers\Auth->index()
 5 SYSTEMPATH\CodeIgniter.php(482): CodeIgniter\CodeIgniter->runController(Object(App\Controllers\Auth))
 6 SYSTEMPATH\CodeIgniter.php(351): CodeIgniter\CodeIgniter->handleRequest(null, Object(Config\Cache), false)
 7 FCPATH\index.php(67): CodeIgniter\CodeIgniter->run()
CRITICAL - 2024-05-20 00:12:24 --> Invalid file: v_login.php
in SYSTEMPATH\Exceptions\FrameworkException.php on line 33.
 1 SYSTEMPATH\View\View.php(201): CodeIgniter\Exceptions\FrameworkException::forInvalidFile('v_login.php')
 2 SYSTEMPATH\Common.php(1134): CodeIgniter\View\View->render('v_login', [], true)
 3 APPPATH\Controllers\Auth.php(23): view('v_login', [...])
 4 SYSTEMPATH\CodeIgniter.php(927): App\Controllers\Auth->index()
 5 SYSTEMPATH\CodeIgniter.php(482): CodeIgniter\CodeIgniter->runController(Object(App\Controllers\Auth))
 6 SYSTEMPATH\CodeIgniter.php(351): CodeIgniter\CodeIgniter->handleRequest(null, Object(Config\Cache), false)
 7 FCPATH\index.php(67): CodeIgniter\CodeIgniter->run()
CRITICAL - 2024-05-20 00:29:53 --> Invalid file: v_login.php
in SYSTEMPATH\Exceptions\FrameworkException.php on line 33.
 1 SYSTEMPATH\View\View.php(201): CodeIgniter\Exceptions\FrameworkException::forInvalidFile('v_login.php')
 2 SYSTEMPATH\Common.php(1134): CodeIgniter\View\View->render('v_login', [], true)
 3 APPPATH\Controllers\Auth.php(23): view('v_login', [...])
 4 SYSTEMPATH\CodeIgniter.php(927): App\Controllers\Auth->index()
 5 SYSTEMPATH\CodeIgniter.php(482): CodeIgniter\CodeIgniter->runController(Object(App\Controllers\Auth))
 6 SYSTEMPATH\CodeIgniter.php(351): CodeIgniter\CodeIgniter->handleRequest(null, Object(Config\Cache), false)
 7 FCPATH\index.php(67): CodeIgniter\CodeIgniter->run()
CRITICAL - 2024-05-20 00:32:46 --> Invalid file: v_login.php
in SYSTEMPATH\Exceptions\FrameworkException.php on line 33.
 1 SYSTEMPATH\View\View.php(201): CodeIgniter\Exceptions\FrameworkException::forInvalidFile('v_login.php')
 2 SYSTEMPATH\Common.php(1134): CodeIgniter\View\View->render('v_login', [], true)
 3 APPPATH\Controllers\Auth.php(41): view('v_login', [...])
 4 SYSTEMPATH\CodeIgniter.php(927): App\Controllers\Auth->formlogin()
 5 SYSTEMPATH\CodeIgniter.php(482): CodeIgniter\CodeIgniter->runController(Object(App\Controllers\Auth))
 6 SYSTEMPATH\CodeIgniter.php(351): CodeIgniter\CodeIgniter->handleRequest(null, Object(Config\Cache), false)
 7 FCPATH\index.php(67): CodeIgniter\CodeIgniter->run()
ERROR - 2024-05-20 02:17:21 --> mysqli_sql_exception: You have an error in your SQL syntax; check the manual that corresponds to your MariaDB server version for the right syntax to use near '' at line 1 in C:\xampp\htdocs\Portofolio\system\Database\MySQLi\Connection.php:292
Stack trace:
#0 C:\xampp\htdocs\Portofolio\system\Database\MySQLi\Connection.php(292): mysqli->query('SELECT foto, na...', 0)
#1 C:\xampp\htdocs\Portofolio\system\Database\BaseConnection.php(666): CodeIgniter\Database\MySQLi\Connection->execute('SELECT foto, na...')
#2 C:\xampp\htdocs\Portofolio\system\Database\BaseConnection.php(593): CodeIgniter\Database\BaseConnection->simpleQuery('SELECT foto, na...')
#3 C:\xampp\htdocs\Portofolio\app\Views\layout\v_nav.php(20): CodeIgniter\Database\BaseConnection->query('SELECT foto, na...')
#4 C:\xampp\htdocs\Portofolio\system\View\View.php(213): include('C:\\xampp\\htdocs...')
#5 C:\xampp\htdocs\Portofolio\system\View\View.php(216): CodeIgniter\View\View->CodeIgniter\View\{closure}()
#6 C:\xampp\htdocs\Portofolio\system\Common.php(1134): CodeIgniter\View\View->render('layout/v_nav', Array, true)
#7 C:\xampp\htdocs\Portofolio\app\Views\layout\v_wrapper.php(5): view('layout/v_nav')
#8 C:\xampp\htdocs\Portofolio\system\View\View.php(213): include('C:\\xampp\\htdocs...')
#9 C:\xampp\htdocs\Portofolio\system\View\View.php(216): CodeIgniter\View\View->CodeIgniter\View\{closure}()
#10 C:\xampp\htdocs\Portofolio\system\Common.php(1134): CodeIgniter\View\View->render('layout/v_wrappe...', Array, true)
#11 C:\xampp\htdocs\Portofolio\app\Controllers\Home.php(13): view('layout/v_wrappe...', Array)
#12 C:\xampp\htdocs\Portofolio\system\CodeIgniter.php(927): App\Controllers\Home->index()
#13 C:\xampp\htdocs\Portofolio\system\CodeIgniter.php(482): CodeIgniter\CodeIgniter->runController(Object(App\Controllers\Home))
#14 C:\xampp\htdocs\Portofolio\system\CodeIgniter.php(351): CodeIgniter\CodeIgniter->handleRequest(NULL, Object(Config\Cache), false)
#15 C:\xampp\htdocs\Portofolio\index.php(67): CodeIgniter\CodeIgniter->run()
#16 {main}
CRITICAL - 2024-05-20 02:17:21 --> You have an error in your SQL syntax; check the manual that corresponds to your MariaDB server version for the right syntax to use near '' at line 1
in SYSTEMPATH\Database\MySQLi\Connection.php on line 292.
 1 SYSTEMPATH\Database\MySQLi\Connection.php(292): mysqli->query('SELECT foto, nama_user FROM tbl_user WHERE id_user = ', 0)
 2 SYSTEMPATH\Database\BaseConnection.php(666): CodeIgniter\Database\MySQLi\Connection->execute('SELECT foto, nama_user FROM tbl_user WHERE id_user = ')
 3 SYSTEMPATH\Database\BaseConnection.php(593): CodeIgniter\Database\BaseConnection->simpleQuery('SELECT foto, nama_user FROM tbl_user WHERE id_user = ')
 4 APPPATH\Views\layout\v_nav.php(20): CodeIgniter\Database\BaseConnection->query('SELECT foto, nama_user FROM tbl_user WHERE id_user = ')
 5 SYSTEMPATH\View\View.php(213): include('APPPATH\\Views\\layout\\v_nav.php')
 6 SYSTEMPATH\View\View.php(216): CodeIgniter\View\View->CodeIgniter\View\{closure}()
 7 SYSTEMPATH\Common.php(1134): CodeIgniter\View\View->render('layout/v_nav', [], true)
 8 APPPATH\Views\layout\v_wrapper.php(5): view('layout/v_nav')
 9 SYSTEMPATH\View\View.php(213): include('APPPATH\\Views\\layout\\v_wrapper.php')
10 SYSTEMPATH\View\View.php(216): CodeIgniter\View\View->CodeIgniter\View\{closure}()
11 SYSTEMPATH\Common.php(1134): CodeIgniter\View\View->render('layout/v_wrapper', [], true)
12 APPPATH\Controllers\Home.php(13): view('layout/v_wrapper', [...])
13 SYSTEMPATH\CodeIgniter.php(927): App\Controllers\Home->index()
14 SYSTEMPATH\CodeIgniter.php(482): CodeIgniter\CodeIgniter->runController(Object(App\Controllers\Home))
15 SYSTEMPATH\CodeIgniter.php(351): CodeIgniter\CodeIgniter->handleRequest(null, Object(Config\Cache), false)
16 FCPATH\index.php(67): CodeIgniter\CodeIgniter->run()
ERROR - 2024-05-20 03:42:15 --> mysqli_sql_exception: You have an error in your SQL syntax; check the manual that corresponds to your MariaDB server version for the right syntax to use near '' at line 1 in C:\xampp\htdocs\Portofolio\system\Database\MySQLi\Connection.php:292
Stack trace:
#0 C:\xampp\htdocs\Portofolio\system\Database\MySQLi\Connection.php(292): mysqli->query('SELECT foto, na...', 0)
#1 C:\xampp\htdocs\Portofolio\system\Database\BaseConnection.php(666): CodeIgniter\Database\MySQLi\Connection->execute('SELECT foto, na...')
#2 C:\xampp\htdocs\Portofolio\system\Database\BaseConnection.php(593): CodeIgniter\Database\BaseConnection->simpleQuery('SELECT foto, na...')
#3 C:\xampp\htdocs\Portofolio\app\Views\layout\v_nav.php(17): CodeIgniter\Database\BaseConnection->query('SELECT foto, na...')
#4 C:\xampp\htdocs\Portofolio\system\View\View.php(213): include('C:\\xampp\\htdocs...')
#5 C:\xampp\htdocs\Portofolio\system\View\View.php(216): CodeIgniter\View\View->CodeIgniter\View\{closure}()
#6 C:\xampp\htdocs\Portofolio\system\Common.php(1134): CodeIgniter\View\View->render('layout/v_nav', Array, true)
#7 C:\xampp\htdocs\Portofolio\app\Views\layout\v_wrapper.php(5): view('layout/v_nav')
#8 C:\xampp\htdocs\Portofolio\system\View\View.php(213): include('C:\\xampp\\htdocs...')
#9 C:\xampp\htdocs\Portofolio\system\View\View.php(216): CodeIgniter\View\View->CodeIgniter\View\{closure}()
#10 C:\xampp\htdocs\Portofolio\system\Common.php(1134): CodeIgniter\View\View->render('layout/v_wrappe...', Array, true)
#11 C:\xampp\htdocs\Portofolio\app\Controllers\Home.php(13): view('layout/v_wrappe...', Array)
#12 C:\xampp\htdocs\Portofolio\system\CodeIgniter.php(927): App\Controllers\Home->index()
#13 C:\xampp\htdocs\Portofolio\system\CodeIgniter.php(482): CodeIgniter\CodeIgniter->runController(Object(App\Controllers\Home))
#14 C:\xampp\htdocs\Portofolio\system\CodeIgniter.php(351): CodeIgniter\CodeIgniter->handleRequest(NULL, Object(Config\Cache), false)
#15 C:\xampp\htdocs\Portofolio\index.php(67): CodeIgniter\CodeIgniter->run()
#16 {main}
CRITICAL - 2024-05-20 03:42:15 --> You have an error in your SQL syntax; check the manual that corresponds to your MariaDB server version for the right syntax to use near '' at line 1
in SYSTEMPATH\Database\MySQLi\Connection.php on line 292.
 1 SYSTEMPATH\Database\MySQLi\Connection.php(292): mysqli->query('SELECT foto, nama_user FROM tbl_user WHERE id_user = ', 0)
 2 SYSTEMPATH\Database\BaseConnection.php(666): CodeIgniter\Database\MySQLi\Connection->execute('SELECT foto, nama_user FROM tbl_user WHERE id_user = ')
 3 SYSTEMPATH\Database\BaseConnection.php(593): CodeIgniter\Database\BaseConnection->simpleQuery('SELECT foto, nama_user FROM tbl_user WHERE id_user = ')
 4 APPPATH\Views\layout\v_nav.php(17): CodeIgniter\Database\BaseConnection->query('SELECT foto, nama_user FROM tbl_user WHERE id_user = ')
 5 SYSTEMPATH\View\View.php(213): include('APPPATH\\Views\\layout\\v_nav.php')
 6 SYSTEMPATH\View\View.php(216): CodeIgniter\View\View->CodeIgniter\View\{closure}()
 7 SYSTEMPATH\Common.php(1134): CodeIgniter\View\View->render('layout/v_nav', [], true)
 8 APPPATH\Views\layout\v_wrapper.php(5): view('layout/v_nav')
 9 SYSTEMPATH\View\View.php(213): include('APPPATH\\Views\\layout\\v_wrapper.php')
10 SYSTEMPATH\View\View.php(216): CodeIgniter\View\View->CodeIgniter\View\{closure}()
11 SYSTEMPATH\Common.php(1134): CodeIgniter\View\View->render('layout/v_wrapper', [], true)
12 APPPATH\Controllers\Home.php(13): view('layout/v_wrapper', [...])
13 SYSTEMPATH\CodeIgniter.php(927): App\Controllers\Home->index()
14 SYSTEMPATH\CodeIgniter.php(482): CodeIgniter\CodeIgniter->runController(Object(App\Controllers\Home))
15 SYSTEMPATH\CodeIgniter.php(351): CodeIgniter\CodeIgniter->handleRequest(null, Object(Config\Cache), false)
16 FCPATH\index.php(67): CodeIgniter\CodeIgniter->run()
CRITICAL - 2024-05-20 03:52:03 --> Class "App\Models\Model_about" not found
in APPPATH\Controllers\Master.php on line 14.
 1 SYSTEMPATH\CodeIgniter.php(889): App\Controllers\master->__construct()
 2 SYSTEMPATH\CodeIgniter.php(473): CodeIgniter\CodeIgniter->createController()
 3 SYSTEMPATH\CodeIgniter.php(351): CodeIgniter\CodeIgniter->handleRequest(null, Object(Config\Cache), false)
 4 FCPATH\index.php(67): CodeIgniter\CodeIgniter->run()
ERROR - 2024-05-20 05:11:51 --> mysqli_sql_exception: You have an error in your SQL syntax; check the manual that corresponds to your MariaDB server version for the right syntax to use near '' at line 1 in C:\xampp\htdocs\Portofolio\system\Database\MySQLi\Connection.php:292
Stack trace:
#0 C:\xampp\htdocs\Portofolio\system\Database\MySQLi\Connection.php(292): mysqli->query('SELECT foto, na...', 0)
#1 C:\xampp\htdocs\Portofolio\system\Database\BaseConnection.php(666): CodeIgniter\Database\MySQLi\Connection->execute('SELECT foto, na...')
#2 C:\xampp\htdocs\Portofolio\system\Database\BaseConnection.php(593): CodeIgniter\Database\BaseConnection->simpleQuery('SELECT foto, na...')
#3 C:\xampp\htdocs\Portofolio\app\Views\layout\v_nav.php(17): CodeIgniter\Database\BaseConnection->query('SELECT foto, na...')
#4 C:\xampp\htdocs\Portofolio\system\View\View.php(213): include('C:\\xampp\\htdocs...')
#5 C:\xampp\htdocs\Portofolio\system\View\View.php(216): CodeIgniter\View\View->CodeIgniter\View\{closure}()
#6 C:\xampp\htdocs\Portofolio\system\Common.php(1134): CodeIgniter\View\View->render('layout/v_nav', Array, true)
#7 C:\xampp\htdocs\Portofolio\app\Views\layout\v_wrapper.php(5): view('layout/v_nav')
#8 C:\xampp\htdocs\Portofolio\system\View\View.php(213): include('C:\\xampp\\htdocs...')
#9 C:\xampp\htdocs\Portofolio\system\View\View.php(216): CodeIgniter\View\View->CodeIgniter\View\{closure}()
#10 C:\xampp\htdocs\Portofolio\system\Common.php(1134): CodeIgniter\View\View->render('layout/v_wrappe...', Array, true)
#11 C:\xampp\htdocs\Portofolio\app\Controllers\Home.php(13): view('layout/v_wrappe...', Array)
#12 C:\xampp\htdocs\Portofolio\system\CodeIgniter.php(927): App\Controllers\Home->index()
#13 C:\xampp\htdocs\Portofolio\system\CodeIgniter.php(482): CodeIgniter\CodeIgniter->runController(Object(App\Controllers\Home))
#14 C:\xampp\htdocs\Portofolio\system\CodeIgniter.php(351): CodeIgniter\CodeIgniter->handleRequest(NULL, Object(Config\Cache), false)
#15 C:\xampp\htdocs\Portofolio\index.php(67): CodeIgniter\CodeIgniter->run()
#16 {main}
CRITICAL - 2024-05-20 05:11:51 --> You have an error in your SQL syntax; check the manual that corresponds to your MariaDB server version for the right syntax to use near '' at line 1
in SYSTEMPATH\Database\MySQLi\Connection.php on line 292.
 1 SYSTEMPATH\Database\MySQLi\Connection.php(292): mysqli->query('SELECT foto, nama_user FROM tbl_user WHERE id_user = ', 0)
 2 SYSTEMPATH\Database\BaseConnection.php(666): CodeIgniter\Database\MySQLi\Connection->execute('SELECT foto, nama_user FROM tbl_user WHERE id_user = ')
 3 SYSTEMPATH\Database\BaseConnection.php(593): CodeIgniter\Database\BaseConnection->simpleQuery('SELECT foto, nama_user FROM tbl_user WHERE id_user = ')
 4 APPPATH\Views\layout\v_nav.php(17): CodeIgniter\Database\BaseConnection->query('SELECT foto, nama_user FROM tbl_user WHERE id_user = ')
 5 SYSTEMPATH\View\View.php(213): include('APPPATH\\Views\\layout\\v_nav.php')
 6 SYSTEMPATH\View\View.php(216): CodeIgniter\View\View->CodeIgniter\View\{closure}()
 7 SYSTEMPATH\Common.php(1134): CodeIgniter\View\View->render('layout/v_nav', [], true)
 8 APPPATH\Views\layout\v_wrapper.php(5): view('layout/v_nav')
 9 SYSTEMPATH\View\View.php(213): include('APPPATH\\Views\\layout\\v_wrapper.php')
10 SYSTEMPATH\View\View.php(216): CodeIgniter\View\View->CodeIgniter\View\{closure}()
11 SYSTEMPATH\Common.php(1134): CodeIgniter\View\View->render('layout/v_wrapper', [], true)
12 APPPATH\Controllers\Home.php(13): view('layout/v_wrapper', [...])
13 SYSTEMPATH\CodeIgniter.php(927): App\Controllers\Home->index()
14 SYSTEMPATH\CodeIgniter.php(482): CodeIgniter\CodeIgniter->runController(Object(App\Controllers\Home))
15 SYSTEMPATH\CodeIgniter.php(351): CodeIgniter\CodeIgniter->handleRequest(null, Object(Config\Cache), false)
16 FCPATH\index.php(67): CodeIgniter\CodeIgniter->run()
ERROR - 2024-05-20 05:15:26 --> mysqli_sql_exception: Column 'ttd_about' cannot be null in C:\xampp\htdocs\Portofolio\system\Database\MySQLi\Connection.php:292
Stack trace:
#0 C:\xampp\htdocs\Portofolio\system\Database\MySQLi\Connection.php(292): mysqli->query('INSERT INTO `ab...', 0)
#1 C:\xampp\htdocs\Portofolio\system\Database\BaseConnection.php(666): CodeIgniter\Database\MySQLi\Connection->execute('INSERT INTO `ab...')
#2 C:\xampp\htdocs\Portofolio\system\Database\BaseConnection.php(593): CodeIgniter\Database\BaseConnection->simpleQuery('INSERT INTO `ab...')
#3 C:\xampp\htdocs\Portofolio\system\Database\BaseBuilder.php(1916): CodeIgniter\Database\BaseConnection->query('INSERT INTO `ab...', Array, false)
#4 C:\xampp\htdocs\Portofolio\app\Models\Model_about.php(19): CodeIgniter\Database\BaseBuilder->insert(Array)
#5 C:\xampp\htdocs\Portofolio\app\Controllers\About.php(61): App\Models\Model_about->insert_about(Array)
#6 C:\xampp\htdocs\Portofolio\system\CodeIgniter.php(927): App\Controllers\about->save()
#7 C:\xampp\htdocs\Portofolio\system\CodeIgniter.php(482): CodeIgniter\CodeIgniter->runController(Object(App\Controllers\about))
#8 C:\xampp\htdocs\Portofolio\system\CodeIgniter.php(351): CodeIgniter\CodeIgniter->handleRequest(NULL, Object(Config\Cache), false)
#9 C:\xampp\htdocs\Portofolio\index.php(67): CodeIgniter\CodeIgniter->run()
#10 {main}
CRITICAL - 2024-05-20 05:15:26 --> Column 'ttd_about' cannot be null
in SYSTEMPATH\Database\MySQLi\Connection.php on line 292.
 1 SYSTEMPATH\Database\MySQLi\Connection.php(292): mysqli->query('INSERT INTO `about` (`id_about`, `judul_about`, `link_youtube_about`, `quote_about`, `isi_about`, `ttd_about`, `foto_about`) VALUES (\'1\', \'Integrity & Innovation\', \'https://www.youtube.com/watch?v=ARA0AxrnHdM\', \'Striving for excellence in every endeavor\', \'I\\\'m a passionate tech enthusiast with a strong affinity for UI/UX design and coding. With a deep-rooted love for technology, I find joy in crafting intuitive user experiences and writing elegant code that brings ideas to life. My journey in the world of tech has been marked by a commitment to continuous learning and a drive to stay at the forefront of innovation.\', NULL, \'1716200126_e6538961cbf2e8e6796f.jpg\')', 0)
 2 SYSTEMPATH\Database\BaseConnection.php(666): CodeIgniter\Database\MySQLi\Connection->execute('INSERT INTO `about` (`id_about`, `judul_about`, `link_youtube_about`, `quote_about`, `isi_about`, `ttd_about`, `foto_about`) VALUES (\'1\', \'Integrity & Innovation\', \'https://www.youtube.com/watch?v=ARA0AxrnHdM\', \'Striving for excellence in every endeavor\', \'I\\\'m a passionate tech enthusiast with a strong affinity for UI/UX design and coding. With a deep-rooted love for technology, I find joy in crafting intuitive user experiences and writing elegant code that brings ideas to life. My journey in the world of tech has been marked by a commitment to continuous learning and a drive to stay at the forefront of innovation.\', NULL, \'1716200126_e6538961cbf2e8e6796f.jpg\')')
 3 SYSTEMPATH\Database\BaseConnection.php(593): CodeIgniter\Database\BaseConnection->simpleQuery('INSERT INTO `about` (`id_about`, `judul_about`, `link_youtube_about`, `quote_about`, `isi_about`, `ttd_about`, `foto_about`) VALUES (\'1\', \'Integrity & Innovation\', \'https://www.youtube.com/watch?v=ARA0AxrnHdM\', \'Striving for excellence in every endeavor\', \'I\\\'m a passionate tech enthusiast with a strong affinity for UI/UX design and coding. With a deep-rooted love for technology, I find joy in crafting intuitive user experiences and writing elegant code that brings ideas to life. My journey in the world of tech has been marked by a commitment to continuous learning and a drive to stay at the forefront of innovation.\', NULL, \'1716200126_e6538961cbf2e8e6796f.jpg\')')
 4 SYSTEMPATH\Database\BaseBuilder.php(1916): CodeIgniter\Database\BaseConnection->query('INSERT INTO `about` (`id_about`, `judul_about`, `link_youtube_about`, `quote_about`, `isi_about`, `ttd_about`, `foto_about`) VALUES (:id_about:, :judul_about:, :link_youtube_about:, :quote_about:, :isi_about:, :ttd_about:, :foto_about:)', [...], false)
 5 APPPATH\Models\Model_about.php(19): CodeIgniter\Database\BaseBuilder->insert([...])
 6 APPPATH\Controllers\About.php(61): App\Models\Model_about->insert_about([...])
 7 SYSTEMPATH\CodeIgniter.php(927): App\Controllers\about->save()
 8 SYSTEMPATH\CodeIgniter.php(482): CodeIgniter\CodeIgniter->runController(Object(App\Controllers\about))
 9 SYSTEMPATH\CodeIgniter.php(351): CodeIgniter\CodeIgniter->handleRequest(null, Object(Config\Cache), false)
10 FCPATH\index.php(67): CodeIgniter\CodeIgniter->run()
CRITICAL - 2024-05-20 05:24:39 --> Call to undefined method App\Models\Model_about::update_buku
in SYSTEMPATH\Model.php on line 774.
 1 APPPATH\Controllers\About.php(108): CodeIgniter\Model->__call('update_buku', [...])
 2 SYSTEMPATH\CodeIgniter.php(927): App\Controllers\about->update('1')
 3 SYSTEMPATH\CodeIgniter.php(482): CodeIgniter\CodeIgniter->runController(Object(App\Controllers\about))
 4 SYSTEMPATH\CodeIgniter.php(351): CodeIgniter\CodeIgniter->handleRequest(null, Object(Config\Cache), false)
 5 FCPATH\index.php(67): CodeIgniter\CodeIgniter->run()
CRITICAL - 2024-05-20 05:26:56 --> Call to undefined method App\Models\Model_about::update_buku
in SYSTEMPATH\Model.php on line 774.
 1 APPPATH\Controllers\About.php(108): CodeIgniter\Model->__call('update_buku', [...])
 2 SYSTEMPATH\CodeIgniter.php(927): App\Controllers\about->update('1')
 3 SYSTEMPATH\CodeIgniter.php(482): CodeIgniter\CodeIgniter->runController(Object(App\Controllers\about))
 4 SYSTEMPATH\CodeIgniter.php(351): CodeIgniter\CodeIgniter->handleRequest(null, Object(Config\Cache), false)
 5 FCPATH\index.php(67): CodeIgniter\CodeIgniter->run()
ERROR - 2024-05-20 10:02:28 --> mysqli_sql_exception: You have an error in your SQL syntax; check the manual that corresponds to your MariaDB server version for the right syntax to use near '' at line 1 in C:\xampp\htdocs\Portofolio\system\Database\MySQLi\Connection.php:292
Stack trace:
#0 C:\xampp\htdocs\Portofolio\system\Database\MySQLi\Connection.php(292): mysqli->query('SELECT foto, na...', 0)
#1 C:\xampp\htdocs\Portofolio\system\Database\BaseConnection.php(666): CodeIgniter\Database\MySQLi\Connection->execute('SELECT foto, na...')
#2 C:\xampp\htdocs\Portofolio\system\Database\BaseConnection.php(593): CodeIgniter\Database\BaseConnection->simpleQuery('SELECT foto, na...')
#3 C:\xampp\htdocs\Portofolio\app\Views\layout\v_nav.php(17): CodeIgniter\Database\BaseConnection->query('SELECT foto, na...')
#4 C:\xampp\htdocs\Portofolio\system\View\View.php(213): include('C:\\xampp\\htdocs...')
#5 C:\xampp\htdocs\Portofolio\system\View\View.php(216): CodeIgniter\View\View->CodeIgniter\View\{closure}()
#6 C:\xampp\htdocs\Portofolio\system\Common.php(1134): CodeIgniter\View\View->render('layout/v_nav', Array, true)
#7 C:\xampp\htdocs\Portofolio\app\Views\layout\v_wrapper.php(5): view('layout/v_nav')
#8 C:\xampp\htdocs\Portofolio\system\View\View.php(213): include('C:\\xampp\\htdocs...')
#9 C:\xampp\htdocs\Portofolio\system\View\View.php(216): CodeIgniter\View\View->CodeIgniter\View\{closure}()
#10 C:\xampp\htdocs\Portofolio\system\Common.php(1134): CodeIgniter\View\View->render('layout/v_wrappe...', Array, true)
#11 C:\xampp\htdocs\Portofolio\app\Controllers\Home.php(13): view('layout/v_wrappe...', Array)
#12 C:\xampp\htdocs\Portofolio\system\CodeIgniter.php(927): App\Controllers\Home->index()
#13 C:\xampp\htdocs\Portofolio\system\CodeIgniter.php(482): CodeIgniter\CodeIgniter->runController(Object(App\Controllers\Home))
#14 C:\xampp\htdocs\Portofolio\system\CodeIgniter.php(351): CodeIgniter\CodeIgniter->handleRequest(NULL, Object(Config\Cache), false)
#15 C:\xampp\htdocs\Portofolio\index.php(67): CodeIgniter\CodeIgniter->run()
#16 {main}
CRITICAL - 2024-05-20 10:02:28 --> You have an error in your SQL syntax; check the manual that corresponds to your MariaDB server version for the right syntax to use near '' at line 1
in SYSTEMPATH\Database\MySQLi\Connection.php on line 292.
 1 SYSTEMPATH\Database\MySQLi\Connection.php(292): mysqli->query('SELECT foto, nama_user FROM tbl_user WHERE id_user = ', 0)
 2 SYSTEMPATH\Database\BaseConnection.php(666): CodeIgniter\Database\MySQLi\Connection->execute('SELECT foto, nama_user FROM tbl_user WHERE id_user = ')
 3 SYSTEMPATH\Database\BaseConnection.php(593): CodeIgniter\Database\BaseConnection->simpleQuery('SELECT foto, nama_user FROM tbl_user WHERE id_user = ')
 4 APPPATH\Views\layout\v_nav.php(17): CodeIgniter\Database\BaseConnection->query('SELECT foto, nama_user FROM tbl_user WHERE id_user = ')
 5 SYSTEMPATH\View\View.php(213): include('APPPATH\\Views\\layout\\v_nav.php')
 6 SYSTEMPATH\View\View.php(216): CodeIgniter\View\View->CodeIgniter\View\{closure}()
 7 SYSTEMPATH\Common.php(1134): CodeIgniter\View\View->render('layout/v_nav', [], true)
 8 APPPATH\Views\layout\v_wrapper.php(5): view('layout/v_nav')
 9 SYSTEMPATH\View\View.php(213): include('APPPATH\\Views\\layout\\v_wrapper.php')
10 SYSTEMPATH\View\View.php(216): CodeIgniter\View\View->CodeIgniter\View\{closure}()
11 SYSTEMPATH\Common.php(1134): CodeIgniter\View\View->render('layout/v_wrapper', [], true)
12 APPPATH\Controllers\Home.php(13): view('layout/v_wrapper', [...])
13 SYSTEMPATH\CodeIgniter.php(927): App\Controllers\Home->index()
14 SYSTEMPATH\CodeIgniter.php(482): CodeIgniter\CodeIgniter->runController(Object(App\Controllers\Home))
15 SYSTEMPATH\CodeIgniter.php(351): CodeIgniter\CodeIgniter->handleRequest(null, Object(Config\Cache), false)
16 FCPATH\index.php(67): CodeIgniter\CodeIgniter->run()
