CRITICAL - 2022-11-25 18:00:17 --> Class "App\Controllers\Model_Datapegawai" not found
in APPPATH\Controllers\Datapegawai.php on line 11.
 1 SYSTEMPATH\CodeIgniter.php(889): App\Controllers\Datapegawai->__construct()
 2 SYSTEMPATH\CodeIgniter.php(473): CodeIgniter\CodeIgniter->createController()
 3 SYSTEMPATH\CodeIgniter.php(351): CodeIgniter\CodeIgniter->handleRequest(null, Object(Config\Cache), false)
 4 FCPATH\index.php(67): CodeIgniter\CodeIgniter->run()
CRITICAL - 2022-11-25 18:01:49 --> Class "App\Controllers\ModelDatapegawai" not found
in APPPATH\Controllers\Datapegawai.php on line 11.
 1 SYSTEMPATH\CodeIgniter.php(889): App\Controllers\Datapegawai->__construct()
 2 SYSTEMPATH\CodeIgniter.php(473): CodeIgniter\CodeIgniter->createController()
 3 SYSTEMPATH\CodeIgniter.php(351): CodeIgniter\CodeIgniter->handleRequest(null, Object(Config\Cache), false)
 4 FCPATH\index.php(67): CodeIgniter\CodeIgniter->run()
CRITICAL - 2022-11-25 18:04:12 --> Class "App\Controllers\ModelDatapegawai" not found
in APPPATH\Controllers\Datapegawai.php on line 11.
 1 SYSTEMPATH\CodeIgniter.php(889): App\Controllers\Datapegawai->__construct()
 2 SYSTEMPATH\CodeIgniter.php(473): CodeIgniter\CodeIgniter->createController()
 3 SYSTEMPATH\CodeIgniter.php(351): CodeIgniter\CodeIgniter->handleRequest(null, Object(Config\Cache), false)
 4 FCPATH\index.php(67): CodeIgniter\CodeIgniter->run()
CRITICAL - 2022-11-25 18:04:14 --> Class "App\Controllers\ModelDatapegawai" not found
in APPPATH\Controllers\Datapegawai.php on line 11.
 1 SYSTEMPATH\CodeIgniter.php(889): App\Controllers\Datapegawai->__construct()
 2 SYSTEMPATH\CodeIgniter.php(473): CodeIgniter\CodeIgniter->createController()
 3 SYSTEMPATH\CodeIgniter.php(351): CodeIgniter\CodeIgniter->handleRequest(null, Object(Config\Cache), false)
 4 FCPATH\index.php(67): CodeIgniter\CodeIgniter->run()
ERROR - 2022-11-25 18:10:57 --> mysqli_sql_exception: You have an error in your SQL syntax; check the manual that corresponds to your MariaDB server version for the right syntax to use near '.`id_pegawai`
JOIN `tbl_user` ON `tbl_user`.`id_user` = `tbl_user`.`id_user`' at line 2 in C:\xampp\htdocs\siakad_v1\system\Database\MySQLi\Connection.php:292
Stack trace:
#0 C:\xampp\htdocs\siakad_v1\system\Database\MySQLi\Connection.php(292): mysqli->query('SELECT *\nFROM `...', 0)
#1 C:\xampp\htdocs\siakad_v1\system\Database\BaseConnection.php(666): CodeIgniter\Database\MySQLi\Connection->execute('SELECT *\nFROM `...')
#2 C:\xampp\htdocs\siakad_v1\system\Database\BaseConnection.php(593): CodeIgniter\Database\BaseConnection->simpleQuery('SELECT *\nFROM `...')
#3 C:\xampp\htdocs\siakad_v1\system\Database\BaseBuilder.php(1585): CodeIgniter\Database\BaseConnection->query('SELECT *\nFROM `...', Array, false)
#4 C:\xampp\htdocs\siakad_v1\app\Models\ModelDatapegawai.php(13): CodeIgniter\Database\BaseBuilder->get()
#5 C:\xampp\htdocs\siakad_v1\app\Controllers\Datapegawai.php(19): App\Models\ModelDatapegawai->get_datapegawai()
#6 C:\xampp\htdocs\siakad_v1\system\CodeIgniter.php(927): App\Controllers\Datapegawai->index()
#7 C:\xampp\htdocs\siakad_v1\system\CodeIgniter.php(482): CodeIgniter\CodeIgniter->runController(Object(App\Controllers\Datapegawai))
#8 C:\xampp\htdocs\siakad_v1\system\CodeIgniter.php(351): CodeIgniter\CodeIgniter->handleRequest(NULL, Object(Config\Cache), false)
#9 C:\xampp\htdocs\siakad_v1\index.php(67): CodeIgniter\CodeIgniter->run()
#10 {main}
CRITICAL - 2022-11-25 18:10:57 --> You have an error in your SQL syntax; check the manual that corresponds to your MariaDB server version for the right syntax to use near '.`id_pegawai`
JOIN `tbl_user` ON `tbl_user`.`id_user` = `tbl_user`.`id_user`' at line 2
in SYSTEMPATH\Database\MySQLi\Connection.php on line 292.
 1 SYSTEMPATH\Database\MySQLi\Connection.php(292): mysqli->query('SELECT *
FROM `tbl_pegawai`.`id_pegawai =` `tbl_pegawai`.`id_pegawai`
JOIN `tbl_user` ON `tbl_user`.`id_user` = `tbl_user`.`id_user`', 0)
 2 SYSTEMPATH\Database\BaseConnection.php(666): CodeIgniter\Database\MySQLi\Connection->execute('SELECT *
FROM `tbl_pegawai`.`id_pegawai =` `tbl_pegawai`.`id_pegawai`
JOIN `tbl_user` ON `tbl_user`.`id_user` = `tbl_user`.`id_user`')
 3 SYSTEMPATH\Database\BaseConnection.php(593): CodeIgniter\Database\BaseConnection->simpleQuery('SELECT *
FROM `tbl_pegawai`.`id_pegawai =` `tbl_pegawai`.`id_pegawai`
JOIN `tbl_user` ON `tbl_user`.`id_user` = `tbl_user`.`id_user`')
 4 SYSTEMPATH\Database\BaseBuilder.php(1585): CodeIgniter\Database\BaseConnection->query('SELECT *
FROM `tbl_pegawai`.`id_pegawai =` `tbl_pegawai`.`id_pegawai`
JOIN `tbl_user` ON `tbl_user`.`id_user` = `tbl_user`.`id_user`', [], false)
 5 APPPATH\Models\ModelDatapegawai.php(13): CodeIgniter\Database\BaseBuilder->get()
 6 APPPATH\Controllers\Datapegawai.php(19): App\Models\ModelDatapegawai->get_datapegawai()
 7 SYSTEMPATH\CodeIgniter.php(927): App\Controllers\Datapegawai->index()
 8 SYSTEMPATH\CodeIgniter.php(482): CodeIgniter\CodeIgniter->runController(Object(App\Controllers\Datapegawai))
 9 SYSTEMPATH\CodeIgniter.php(351): CodeIgniter\CodeIgniter->handleRequest(null, Object(Config\Cache), false)
10 FCPATH\index.php(67): CodeIgniter\CodeIgniter->run()
CRITICAL - 2022-11-25 18:12:52 --> syntax error, unexpected identifier "tbl_user", expecting ")"
in APPPATH\Models\ModelDatapegawai.php on line 12.
 1 SYSTEMPATH\Autoloader\Autoloader.php(259): CodeIgniter\Autoloader\Autoloader->includeFile('APPPATH\\Models\\ModelDatapegawai.php')
 2 SYSTEMPATH\Autoloader\Autoloader.php(237): CodeIgniter\Autoloader\Autoloader->loadInNamespace('App\\Models\\ModelDatapegawai')
 3 APPPATH\Controllers\Datapegawai.php(12): CodeIgniter\Autoloader\Autoloader->loadClass('App\\Models\\ModelDatapegawai')
 4 SYSTEMPATH\CodeIgniter.php(889): App\Controllers\Datapegawai->__construct()
 5 SYSTEMPATH\CodeIgniter.php(473): CodeIgniter\CodeIgniter->createController()
 6 SYSTEMPATH\CodeIgniter.php(351): CodeIgniter\CodeIgniter->handleRequest(null, Object(Config\Cache), false)
 7 FCPATH\index.php(67): CodeIgniter\CodeIgniter->run()
CRITICAL - 2022-11-25 18:27:20 --> syntax error, unexpected token "=", expecting "," or ";"
in APPPATH\Views\datauser\data_pegawai\v_list.php on line 238.
 1 SYSTEMPATH\View\View.php(216): CodeIgniter\View\View->CodeIgniter\View\{closure}()
 2 SYSTEMPATH\Common.php(1134): CodeIgniter\View\View->render('datauser/data_pegawai/v_list', [], true)
 3 APPPATH\Views\layout\v_content.php(4): view('datauser/data_pegawai/v_list')
 4 SYSTEMPATH\View\View.php(213): include('APPPATH\\Views\\layout\\v_content.php')
 5 SYSTEMPATH\View\View.php(216): CodeIgniter\View\View->CodeIgniter\View\{closure}()
 6 SYSTEMPATH\Common.php(1134): CodeIgniter\View\View->render('layout/v_content', [], true)
 7 APPPATH\Views\layout\v_wrapper.php(6): view('layout/v_content')
 8 SYSTEMPATH\View\View.php(213): include('APPPATH\\Views\\layout\\v_wrapper.php')
 9 SYSTEMPATH\View\View.php(216): CodeIgniter\View\View->CodeIgniter\View\{closure}()
10 SYSTEMPATH\Common.php(1134): CodeIgniter\View\View->render('layout/v_wrapper', [], true)
11 APPPATH\Controllers\Datapegawai.php(22): view('layout/v_wrapper', [...])
12 SYSTEMPATH\CodeIgniter.php(927): App\Controllers\Datapegawai->index()
13 SYSTEMPATH\CodeIgniter.php(482): CodeIgniter\CodeIgniter->runController(Object(App\Controllers\Datapegawai))
14 SYSTEMPATH\CodeIgniter.php(351): CodeIgniter\CodeIgniter->handleRequest(null, Object(Config\Cache), false)
15 FCPATH\index.php(67): CodeIgniter\CodeIgniter->run()
ERROR - 2022-11-25 18:36:23 --> mysqli_sql_exception: Unknown column 'tbl_pegawai.id_user' in 'on clause' in C:\xampp\htdocs\siakad_v1\system\Database\MySQLi\Connection.php:292
Stack trace:
#0 C:\xampp\htdocs\siakad_v1\system\Database\MySQLi\Connection.php(292): mysqli->query('SELECT *\nFROM `...', 0)
#1 C:\xampp\htdocs\siakad_v1\system\Database\BaseConnection.php(666): CodeIgniter\Database\MySQLi\Connection->execute('SELECT *\nFROM `...')
#2 C:\xampp\htdocs\siakad_v1\system\Database\BaseConnection.php(593): CodeIgniter\Database\BaseConnection->simpleQuery('SELECT *\nFROM `...')
#3 C:\xampp\htdocs\siakad_v1\system\Database\BaseBuilder.php(1585): CodeIgniter\Database\BaseConnection->query('SELECT *\nFROM `...', Array, false)
#4 C:\xampp\htdocs\siakad_v1\app\Models\ModelDatapegawai.php(13): CodeIgniter\Database\BaseBuilder->get()
#5 C:\xampp\htdocs\siakad_v1\app\Controllers\Datapegawai.php(19): App\Models\ModelDatapegawai->get_datapegawai()
#6 C:\xampp\htdocs\siakad_v1\system\CodeIgniter.php(927): App\Controllers\Datapegawai->index()
#7 C:\xampp\htdocs\siakad_v1\system\CodeIgniter.php(482): CodeIgniter\CodeIgniter->runController(Object(App\Controllers\Datapegawai))
#8 C:\xampp\htdocs\siakad_v1\system\CodeIgniter.php(351): CodeIgniter\CodeIgniter->handleRequest(NULL, Object(Config\Cache), false)
#9 C:\xampp\htdocs\siakad_v1\index.php(67): CodeIgniter\CodeIgniter->run()
#10 {main}
CRITICAL - 2022-11-25 18:36:23 --> Unknown column 'tbl_pegawai.id_user' in 'on clause'
in SYSTEMPATH\Database\MySQLi\Connection.php on line 292.
 1 SYSTEMPATH\Database\MySQLi\Connection.php(292): mysqli->query('SELECT *
FROM `tbl_pegawai`
JOIN `tbl_user` ON `tbl_user`.`id_user` = `tbl_pegawai`.`id_user`', 0)
 2 SYSTEMPATH\Database\BaseConnection.php(666): CodeIgniter\Database\MySQLi\Connection->execute('SELECT *
FROM `tbl_pegawai`
JOIN `tbl_user` ON `tbl_user`.`id_user` = `tbl_pegawai`.`id_user`')
 3 SYSTEMPATH\Database\BaseConnection.php(593): CodeIgniter\Database\BaseConnection->simpleQuery('SELECT *
FROM `tbl_pegawai`
JOIN `tbl_user` ON `tbl_user`.`id_user` = `tbl_pegawai`.`id_user`')
 4 SYSTEMPATH\Database\BaseBuilder.php(1585): CodeIgniter\Database\BaseConnection->query('SELECT *
FROM `tbl_pegawai`
JOIN `tbl_user` ON `tbl_user`.`id_user` = `tbl_pegawai`.`id_user`', [], false)
 5 APPPATH\Models\ModelDatapegawai.php(13): CodeIgniter\Database\BaseBuilder->get()
 6 APPPATH\Controllers\Datapegawai.php(19): App\Models\ModelDatapegawai->get_datapegawai()
 7 SYSTEMPATH\CodeIgniter.php(927): App\Controllers\Datapegawai->index()
 8 SYSTEMPATH\CodeIgniter.php(482): CodeIgniter\CodeIgniter->runController(Object(App\Controllers\Datapegawai))
 9 SYSTEMPATH\CodeIgniter.php(351): CodeIgniter\CodeIgniter->handleRequest(null, Object(Config\Cache), false)
10 FCPATH\index.php(67): CodeIgniter\CodeIgniter->run()
CRITICAL - 2022-11-25 21:41:37 --> Cannot call constructor
in APPPATH\Controllers\Datapegawai.php on line 12.
 1 SYSTEMPATH\CodeIgniter.php(889): App\Controllers\Datapegawai->__construct()
 2 SYSTEMPATH\CodeIgniter.php(473): CodeIgniter\CodeIgniter->createController()
 3 SYSTEMPATH\CodeIgniter.php(351): CodeIgniter\CodeIgniter->handleRequest(null, Object(Config\Cache), false)
 4 FCPATH\index.php(67): CodeIgniter\CodeIgniter->run()
CRITICAL - 2022-11-25 22:12:38 --> Too few arguments to function App\Controllers\Datapegawai::edit(), 0 passed in C:\xampp\htdocs\siakad_v1\system\CodeIgniter.php on line 927 and exactly 1 expected
in APPPATH\Controllers\Datapegawai.php on line 71.
 1 SYSTEMPATH\CodeIgniter.php(927): App\Controllers\Datapegawai->edit()
 2 SYSTEMPATH\CodeIgniter.php(482): CodeIgniter\CodeIgniter->runController(Object(App\Controllers\Datapegawai))
 3 SYSTEMPATH\CodeIgniter.php(351): CodeIgniter\CodeIgniter->handleRequest(null, Object(Config\Cache), false)
 4 FCPATH\index.php(67): CodeIgniter\CodeIgniter->run()
CRITICAL - 2022-11-25 23:01:00 --> Undefined variable $value
in APPPATH\Views\datauser\data_pegawai\v_list.php on line 190.
 1 APPPATH\Views\datauser\data_pegawai\v_list.php(190): CodeIgniter\Debug\Exceptions->errorHandler(2, 'Undefined variable $value', 'APPPATH\\Views\\datauser\\data_pegawai\\v_list.php', 190)
 2 SYSTEMPATH\View\View.php(213): include('APPPATH\\Views\\datauser\\data_pegawai\\v_list.php')
 3 SYSTEMPATH\View\View.php(216): CodeIgniter\View\View->CodeIgniter\View\{closure}()
 4 SYSTEMPATH\Common.php(1134): CodeIgniter\View\View->render('datauser/data_pegawai/v_list', [], true)
 5 APPPATH\Views\layout\v_content.php(4): view('datauser/data_pegawai/v_list')
 6 SYSTEMPATH\View\View.php(213): include('APPPATH\\Views\\layout\\v_content.php')
 7 SYSTEMPATH\View\View.php(216): CodeIgniter\View\View->CodeIgniter\View\{closure}()
 8 SYSTEMPATH\Common.php(1134): CodeIgniter\View\View->render('layout/v_content', [], true)
 9 APPPATH\Views\layout\v_wrapper.php(6): view('layout/v_content')
10 SYSTEMPATH\View\View.php(213): include('APPPATH\\Views\\layout\\v_wrapper.php')
11 SYSTEMPATH\View\View.php(216): CodeIgniter\View\View->CodeIgniter\View\{closure}()
12 SYSTEMPATH\Common.php(1134): CodeIgniter\View\View->render('layout/v_wrapper', [], true)
13 APPPATH\Controllers\Datapegawai.php(22): view('layout/v_wrapper', [...])
14 SYSTEMPATH\CodeIgniter.php(927): App\Controllers\Datapegawai->index()
15 SYSTEMPATH\CodeIgniter.php(482): CodeIgniter\CodeIgniter->runController(Object(App\Controllers\Datapegawai))
16 SYSTEMPATH\CodeIgniter.php(351): CodeIgniter\CodeIgniter->handleRequest(null, Object(Config\Cache), false)
17 FCPATH\index.php(67): CodeIgniter\CodeIgniter->run()
CRITICAL - 2022-11-25 23:02:49 --> Undefined variable $value
in APPPATH\Views\datauser\data_pegawai\v_list.php on line 190.
 1 APPPATH\Views\datauser\data_pegawai\v_list.php(190): CodeIgniter\Debug\Exceptions->errorHandler(2, 'Undefined variable $value', 'APPPATH\\Views\\datauser\\data_pegawai\\v_list.php', 190)
 2 SYSTEMPATH\View\View.php(213): include('APPPATH\\Views\\datauser\\data_pegawai\\v_list.php')
 3 SYSTEMPATH\View\View.php(216): CodeIgniter\View\View->CodeIgniter\View\{closure}()
 4 SYSTEMPATH\Common.php(1134): CodeIgniter\View\View->render('datauser/data_pegawai/v_list', [], true)
 5 APPPATH\Views\layout\v_content.php(4): view('datauser/data_pegawai/v_list')
 6 SYSTEMPATH\View\View.php(213): include('APPPATH\\Views\\layout\\v_content.php')
 7 SYSTEMPATH\View\View.php(216): CodeIgniter\View\View->CodeIgniter\View\{closure}()
 8 SYSTEMPATH\Common.php(1134): CodeIgniter\View\View->render('layout/v_content', [], true)
 9 APPPATH\Views\layout\v_wrapper.php(6): view('layout/v_content')
10 SYSTEMPATH\View\View.php(213): include('APPPATH\\Views\\layout\\v_wrapper.php')
11 SYSTEMPATH\View\View.php(216): CodeIgniter\View\View->CodeIgniter\View\{closure}()
12 SYSTEMPATH\Common.php(1134): CodeIgniter\View\View->render('layout/v_wrapper', [], true)
13 APPPATH\Controllers\Datapegawai.php(22): view('layout/v_wrapper', [...])
14 SYSTEMPATH\CodeIgniter.php(927): App\Controllers\Datapegawai->index()
15 SYSTEMPATH\CodeIgniter.php(482): CodeIgniter\CodeIgniter->runController(Object(App\Controllers\Datapegawai))
16 SYSTEMPATH\CodeIgniter.php(351): CodeIgniter\CodeIgniter->handleRequest(null, Object(Config\Cache), false)
17 FCPATH\index.php(67): CodeIgniter\CodeIgniter->run()
CRITICAL - 2022-11-25 23:03:28 --> Undefined variable $value
in APPPATH\Views\datauser\data_pegawai\v_list.php on line 191.
 1 APPPATH\Views\datauser\data_pegawai\v_list.php(191): CodeIgniter\Debug\Exceptions->errorHandler(2, 'Undefined variable $value', 'APPPATH\\Views\\datauser\\data_pegawai\\v_list.php', 191)
 2 SYSTEMPATH\View\View.php(213): include('APPPATH\\Views\\datauser\\data_pegawai\\v_list.php')
 3 SYSTEMPATH\View\View.php(216): CodeIgniter\View\View->CodeIgniter\View\{closure}()
 4 SYSTEMPATH\Common.php(1134): CodeIgniter\View\View->render('datauser/data_pegawai/v_list', [], true)
 5 APPPATH\Views\layout\v_content.php(4): view('datauser/data_pegawai/v_list')
 6 SYSTEMPATH\View\View.php(213): include('APPPATH\\Views\\layout\\v_content.php')
 7 SYSTEMPATH\View\View.php(216): CodeIgniter\View\View->CodeIgniter\View\{closure}()
 8 SYSTEMPATH\Common.php(1134): CodeIgniter\View\View->render('layout/v_content', [], true)
 9 APPPATH\Views\layout\v_wrapper.php(6): view('layout/v_content')
10 SYSTEMPATH\View\View.php(213): include('APPPATH\\Views\\layout\\v_wrapper.php')
11 SYSTEMPATH\View\View.php(216): CodeIgniter\View\View->CodeIgniter\View\{closure}()
12 SYSTEMPATH\Common.php(1134): CodeIgniter\View\View->render('layout/v_wrapper', [], true)
13 APPPATH\Controllers\Datapegawai.php(22): view('layout/v_wrapper', [...])
14 SYSTEMPATH\CodeIgniter.php(927): App\Controllers\Datapegawai->index()
15 SYSTEMPATH\CodeIgniter.php(482): CodeIgniter\CodeIgniter->runController(Object(App\Controllers\Datapegawai))
16 SYSTEMPATH\CodeIgniter.php(351): CodeIgniter\CodeIgniter->handleRequest(null, Object(Config\Cache), false)
17 FCPATH\index.php(67): CodeIgniter\CodeIgniter->run()
CRITICAL - 2022-11-25 23:05:09 --> Undefined variable $value
in APPPATH\Views\datauser\data_pegawai\v_list.php on line 190.
 1 APPPATH\Views\datauser\data_pegawai\v_list.php(190): CodeIgniter\Debug\Exceptions->errorHandler(2, 'Undefined variable $value', 'APPPATH\\Views\\datauser\\data_pegawai\\v_list.php', 190)
 2 SYSTEMPATH\View\View.php(213): include('APPPATH\\Views\\datauser\\data_pegawai\\v_list.php')
 3 SYSTEMPATH\View\View.php(216): CodeIgniter\View\View->CodeIgniter\View\{closure}()
 4 SYSTEMPATH\Common.php(1134): CodeIgniter\View\View->render('datauser/data_pegawai/v_list', [], true)
 5 APPPATH\Views\layout\v_content.php(4): view('datauser/data_pegawai/v_list')
 6 SYSTEMPATH\View\View.php(213): include('APPPATH\\Views\\layout\\v_content.php')
 7 SYSTEMPATH\View\View.php(216): CodeIgniter\View\View->CodeIgniter\View\{closure}()
 8 SYSTEMPATH\Common.php(1134): CodeIgniter\View\View->render('layout/v_content', [], true)
 9 APPPATH\Views\layout\v_wrapper.php(6): view('layout/v_content')
10 SYSTEMPATH\View\View.php(213): include('APPPATH\\Views\\layout\\v_wrapper.php')
11 SYSTEMPATH\View\View.php(216): CodeIgniter\View\View->CodeIgniter\View\{closure}()
12 SYSTEMPATH\Common.php(1134): CodeIgniter\View\View->render('layout/v_wrapper', [], true)
13 APPPATH\Controllers\Datapegawai.php(22): view('layout/v_wrapper', [...])
14 SYSTEMPATH\CodeIgniter.php(927): App\Controllers\Datapegawai->index()
15 SYSTEMPATH\CodeIgniter.php(482): CodeIgniter\CodeIgniter->runController(Object(App\Controllers\Datapegawai))
16 SYSTEMPATH\CodeIgniter.php(351): CodeIgniter\CodeIgniter->handleRequest(null, Object(Config\Cache), false)
17 FCPATH\index.php(67): CodeIgniter\CodeIgniter->run()
CRITICAL - 2022-11-25 23:05:37 --> Undefined variable $value
in APPPATH\Views\datauser\data_pegawai\v_list.php on line 190.
 1 APPPATH\Views\datauser\data_pegawai\v_list.php(190): CodeIgniter\Debug\Exceptions->errorHandler(2, 'Undefined variable $value', 'APPPATH\\Views\\datauser\\data_pegawai\\v_list.php', 190)
 2 SYSTEMPATH\View\View.php(213): include('APPPATH\\Views\\datauser\\data_pegawai\\v_list.php')
 3 SYSTEMPATH\View\View.php(216): CodeIgniter\View\View->CodeIgniter\View\{closure}()
 4 SYSTEMPATH\Common.php(1134): CodeIgniter\View\View->render('datauser/data_pegawai/v_list', [], true)
 5 APPPATH\Views\layout\v_content.php(4): view('datauser/data_pegawai/v_list')
 6 SYSTEMPATH\View\View.php(213): include('APPPATH\\Views\\layout\\v_content.php')
 7 SYSTEMPATH\View\View.php(216): CodeIgniter\View\View->CodeIgniter\View\{closure}()
 8 SYSTEMPATH\Common.php(1134): CodeIgniter\View\View->render('layout/v_content', [], true)
 9 APPPATH\Views\layout\v_wrapper.php(6): view('layout/v_content')
10 SYSTEMPATH\View\View.php(213): include('APPPATH\\Views\\layout\\v_wrapper.php')
11 SYSTEMPATH\View\View.php(216): CodeIgniter\View\View->CodeIgniter\View\{closure}()
12 SYSTEMPATH\Common.php(1134): CodeIgniter\View\View->render('layout/v_wrapper', [], true)
13 APPPATH\Controllers\Datapegawai.php(22): view('layout/v_wrapper', [...])
14 SYSTEMPATH\CodeIgniter.php(927): App\Controllers\Datapegawai->index()
15 SYSTEMPATH\CodeIgniter.php(482): CodeIgniter\CodeIgniter->runController(Object(App\Controllers\Datapegawai))
16 SYSTEMPATH\CodeIgniter.php(351): CodeIgniter\CodeIgniter->handleRequest(null, Object(Config\Cache), false)
17 FCPATH\index.php(67): CodeIgniter\CodeIgniter->run()
CRITICAL - 2022-11-25 23:06:23 --> Undefined variable $value
in APPPATH\Views\datauser\data_pegawai\v_list.php on line 190.
 1 APPPATH\Views\datauser\data_pegawai\v_list.php(190): CodeIgniter\Debug\Exceptions->errorHandler(2, 'Undefined variable $value', 'APPPATH\\Views\\datauser\\data_pegawai\\v_list.php', 190)
 2 SYSTEMPATH\View\View.php(213): include('APPPATH\\Views\\datauser\\data_pegawai\\v_list.php')
 3 SYSTEMPATH\View\View.php(216): CodeIgniter\View\View->CodeIgniter\View\{closure}()
 4 SYSTEMPATH\Common.php(1134): CodeIgniter\View\View->render('datauser/data_pegawai/v_list', [], true)
 5 APPPATH\Views\layout\v_content.php(4): view('datauser/data_pegawai/v_list')
 6 SYSTEMPATH\View\View.php(213): include('APPPATH\\Views\\layout\\v_content.php')
 7 SYSTEMPATH\View\View.php(216): CodeIgniter\View\View->CodeIgniter\View\{closure}()
 8 SYSTEMPATH\Common.php(1134): CodeIgniter\View\View->render('layout/v_content', [], true)
 9 APPPATH\Views\layout\v_wrapper.php(6): view('layout/v_content')
10 SYSTEMPATH\View\View.php(213): include('APPPATH\\Views\\layout\\v_wrapper.php')
11 SYSTEMPATH\View\View.php(216): CodeIgniter\View\View->CodeIgniter\View\{closure}()
12 SYSTEMPATH\Common.php(1134): CodeIgniter\View\View->render('layout/v_wrapper', [], true)
13 APPPATH\Controllers\Datapegawai.php(22): view('layout/v_wrapper', [...])
14 SYSTEMPATH\CodeIgniter.php(927): App\Controllers\Datapegawai->index()
15 SYSTEMPATH\CodeIgniter.php(482): CodeIgniter\CodeIgniter->runController(Object(App\Controllers\Datapegawai))
16 SYSTEMPATH\CodeIgniter.php(351): CodeIgniter\CodeIgniter->handleRequest(null, Object(Config\Cache), false)
17 FCPATH\index.php(67): CodeIgniter\CodeIgniter->run()
CRITICAL - 2022-11-25 23:10:01 --> Undefined variable $value
in APPPATH\Views\datauser\data_pegawai\v_list.php on line 190.
 1 APPPATH\Views\datauser\data_pegawai\v_list.php(190): CodeIgniter\Debug\Exceptions->errorHandler(2, 'Undefined variable $value', 'APPPATH\\Views\\datauser\\data_pegawai\\v_list.php', 190)
 2 SYSTEMPATH\View\View.php(213): include('APPPATH\\Views\\datauser\\data_pegawai\\v_list.php')
 3 SYSTEMPATH\View\View.php(216): CodeIgniter\View\View->CodeIgniter\View\{closure}()
 4 SYSTEMPATH\Common.php(1134): CodeIgniter\View\View->render('datauser/data_pegawai/v_list', [], true)
 5 APPPATH\Views\layout\v_content.php(4): view('datauser/data_pegawai/v_list')
 6 SYSTEMPATH\View\View.php(213): include('APPPATH\\Views\\layout\\v_content.php')
 7 SYSTEMPATH\View\View.php(216): CodeIgniter\View\View->CodeIgniter\View\{closure}()
 8 SYSTEMPATH\Common.php(1134): CodeIgniter\View\View->render('layout/v_content', [], true)
 9 APPPATH\Views\layout\v_wrapper.php(6): view('layout/v_content')
10 SYSTEMPATH\View\View.php(213): include('APPPATH\\Views\\layout\\v_wrapper.php')
11 SYSTEMPATH\View\View.php(216): CodeIgniter\View\View->CodeIgniter\View\{closure}()
12 SYSTEMPATH\Common.php(1134): CodeIgniter\View\View->render('layout/v_wrapper', [], true)
13 APPPATH\Controllers\Datapegawai.php(22): view('layout/v_wrapper', [...])
14 SYSTEMPATH\CodeIgniter.php(927): App\Controllers\Datapegawai->index()
15 SYSTEMPATH\CodeIgniter.php(482): CodeIgniter\CodeIgniter->runController(Object(App\Controllers\Datapegawai))
16 SYSTEMPATH\CodeIgniter.php(351): CodeIgniter\CodeIgniter->handleRequest(null, Object(Config\Cache), false)
17 FCPATH\index.php(67): CodeIgniter\CodeIgniter->run()
CRITICAL - 2022-11-25 23:16:58 --> Undefined variable $id_pegawai
in APPPATH\Models\ModelDatapegawai.php on line 21.
 1 APPPATH\Models\ModelDatapegawai.php(21): CodeIgniter\Debug\Exceptions->errorHandler(2, 'Undefined variable $id_pegawai', 'APPPATH\\Models\\ModelDatapegawai.php', 21)
 2 APPPATH\Controllers\Datapegawai.php(75): App\Models\ModelDatapegawai->edit_datapegawai('2')
 3 SYSTEMPATH\CodeIgniter.php(927): App\Controllers\Datapegawai->edit('2')
 4 SYSTEMPATH\CodeIgniter.php(482): CodeIgniter\CodeIgniter->runController(Object(App\Controllers\Datapegawai))
 5 SYSTEMPATH\CodeIgniter.php(351): CodeIgniter\CodeIgniter->handleRequest(null, Object(Config\Cache), false)
 6 FCPATH\index.php(67): CodeIgniter\CodeIgniter->run()
CRITICAL - 2022-11-25 23:18:21 --> Undefined variable $id_pegawai
in APPPATH\Models\ModelDatapegawai.php on line 21.
 1 APPPATH\Models\ModelDatapegawai.php(21): CodeIgniter\Debug\Exceptions->errorHandler(2, 'Undefined variable $id_pegawai', 'APPPATH\\Models\\ModelDatapegawai.php', 21)
 2 APPPATH\Controllers\Datapegawai.php(75): App\Models\ModelDatapegawai->edit_datapegawai('2')
 3 SYSTEMPATH\CodeIgniter.php(927): App\Controllers\Datapegawai->edit('2')
 4 SYSTEMPATH\CodeIgniter.php(482): CodeIgniter\CodeIgniter->runController(Object(App\Controllers\Datapegawai))
 5 SYSTEMPATH\CodeIgniter.php(351): CodeIgniter\CodeIgniter->handleRequest(null, Object(Config\Cache), false)
 6 FCPATH\index.php(67): CodeIgniter\CodeIgniter->run()
CRITICAL - 2022-11-25 23:20:08 --> Cannot access offset of type string on string
in APPPATH\Views\datauser\data_pegawai\v_list.php on line 191.
 1 SYSTEMPATH\View\View.php(213): include()
 2 SYSTEMPATH\View\View.php(216): CodeIgniter\View\View->CodeIgniter\View\{closure}()
 3 SYSTEMPATH\Common.php(1134): CodeIgniter\View\View->render('datauser/data_pegawai/v_list', [], true)
 4 APPPATH\Views\layout\v_content.php(4): view('datauser/data_pegawai/v_list')
 5 SYSTEMPATH\View\View.php(213): include('APPPATH\\Views\\layout\\v_content.php')
 6 SYSTEMPATH\View\View.php(216): CodeIgniter\View\View->CodeIgniter\View\{closure}()
 7 SYSTEMPATH\Common.php(1134): CodeIgniter\View\View->render('layout/v_content', [], true)
 8 APPPATH\Views\layout\v_wrapper.php(6): view('layout/v_content')
 9 SYSTEMPATH\View\View.php(213): include('APPPATH\\Views\\layout\\v_wrapper.php')
10 SYSTEMPATH\View\View.php(216): CodeIgniter\View\View->CodeIgniter\View\{closure}()
11 SYSTEMPATH\Common.php(1134): CodeIgniter\View\View->render('layout/v_wrapper', [], true)
12 APPPATH\Controllers\Datapegawai.php(78): view('layout/v_wrapper', [...])
13 SYSTEMPATH\CodeIgniter.php(927): App\Controllers\Datapegawai->edit('2')
14 SYSTEMPATH\CodeIgniter.php(482): CodeIgniter\CodeIgniter->runController(Object(App\Controllers\Datapegawai))
15 SYSTEMPATH\CodeIgniter.php(351): CodeIgniter\CodeIgniter->handleRequest(null, Object(Config\Cache), false)
16 FCPATH\index.php(67): CodeIgniter\CodeIgniter->run()
