CRITICAL - 2022-11-26 00:30:06 --> Cannot access offset of type string on string
in APPPATH\Views\datauser\data_pegawai\v_edit.php on line 197.
 1 SYSTEMPATH\View\View.php(213): include()
 2 SYSTEMPATH\View\View.php(216): CodeIgniter\View\View->CodeIgniter\View\{closure}()
 3 SYSTEMPATH\Common.php(1134): CodeIgniter\View\View->render('datauser/data_pegawai/v_edit', [], true)
 4 APPPATH\Views\layout\v_content.php(4): view('datauser/data_pegawai/v_edit')
 5 SYSTEMPATH\View\View.php(213): include('APPPATH\\Views\\layout\\v_content.php')
 6 SYSTEMPATH\View\View.php(216): CodeIgniter\View\View->CodeIgniter\View\{closure}()
 7 SYSTEMPATH\Common.php(1134): CodeIgniter\View\View->render('layout/v_content', [], true)
 8 APPPATH\Views\layout\v_wrapper.php(6): view('layout/v_content')
 9 SYSTEMPATH\View\View.php(213): include('APPPATH\\Views\\layout\\v_wrapper.php')
10 SYSTEMPATH\View\View.php(216): CodeIgniter\View\View->CodeIgniter\View\{closure}()
11 SYSTEMPATH\Common.php(1134): CodeIgniter\View\View->render('layout/v_wrapper', [], true)
12 APPPATH\Controllers\Datapegawai.php(78): view('layout/v_wrapper', [...])
13 SYSTEMPATH\CodeIgniter.php(927): App\Controllers\Datapegawai->edit('2')
14 SYSTEMPATH\CodeIgniter.php(482): CodeIgniter\CodeIgniter->runController(Object(App\Controllers\Datapegawai))
15 SYSTEMPATH\CodeIgniter.php(351): CodeIgniter\CodeIgniter->handleRequest(null, Object(Config\Cache), false)
16 FCPATH\index.php(67): CodeIgniter\CodeIgniter->run()
CRITICAL - 2022-11-26 00:31:04 --> Cannot access offset of type string on string
in APPPATH\Views\datauser\data_pegawai\v_edit.php on line 197.
 1 SYSTEMPATH\View\View.php(213): include()
 2 SYSTEMPATH\View\View.php(216): CodeIgniter\View\View->CodeIgniter\View\{closure}()
 3 SYSTEMPATH\Common.php(1134): CodeIgniter\View\View->render('datauser/data_pegawai/v_edit', [], true)
 4 APPPATH\Views\layout\v_content.php(4): view('datauser/data_pegawai/v_edit')
 5 SYSTEMPATH\View\View.php(213): include('APPPATH\\Views\\layout\\v_content.php')
 6 SYSTEMPATH\View\View.php(216): CodeIgniter\View\View->CodeIgniter\View\{closure}()
 7 SYSTEMPATH\Common.php(1134): CodeIgniter\View\View->render('layout/v_content', [], true)
 8 APPPATH\Views\layout\v_wrapper.php(6): view('layout/v_content')
 9 SYSTEMPATH\View\View.php(213): include('APPPATH\\Views\\layout\\v_wrapper.php')
10 SYSTEMPATH\View\View.php(216): CodeIgniter\View\View->CodeIgniter\View\{closure}()
11 SYSTEMPATH\Common.php(1134): CodeIgniter\View\View->render('layout/v_wrapper', [], true)
12 APPPATH\Controllers\Datapegawai.php(78): view('layout/v_wrapper', [...])
13 SYSTEMPATH\CodeIgniter.php(927): App\Controllers\Datapegawai->edit('2')
14 SYSTEMPATH\CodeIgniter.php(482): CodeIgniter\CodeIgniter->runController(Object(App\Controllers\Datapegawai))
15 SYSTEMPATH\CodeIgniter.php(351): CodeIgniter\CodeIgniter->handleRequest(null, Object(Config\Cache), false)
16 FCPATH\index.php(67): CodeIgniter\CodeIgniter->run()
CRITICAL - 2022-11-26 00:31:21 --> Cannot access offset of type string on string
in APPPATH\Views\datauser\data_pegawai\v_edit.php on line 197.
 1 SYSTEMPATH\View\View.php(213): include()
 2 SYSTEMPATH\View\View.php(216): CodeIgniter\View\View->CodeIgniter\View\{closure}()
 3 SYSTEMPATH\Common.php(1134): CodeIgniter\View\View->render('datauser/data_pegawai/v_edit', [], true)
 4 APPPATH\Views\layout\v_content.php(4): view('datauser/data_pegawai/v_edit')
 5 SYSTEMPATH\View\View.php(213): include('APPPATH\\Views\\layout\\v_content.php')
 6 SYSTEMPATH\View\View.php(216): CodeIgniter\View\View->CodeIgniter\View\{closure}()
 7 SYSTEMPATH\Common.php(1134): CodeIgniter\View\View->render('layout/v_content', [], true)
 8 APPPATH\Views\layout\v_wrapper.php(6): view('layout/v_content')
 9 SYSTEMPATH\View\View.php(213): include('APPPATH\\Views\\layout\\v_wrapper.php')
10 SYSTEMPATH\View\View.php(216): CodeIgniter\View\View->CodeIgniter\View\{closure}()
11 SYSTEMPATH\Common.php(1134): CodeIgniter\View\View->render('layout/v_wrapper', [], true)
12 APPPATH\Controllers\Datapegawai.php(78): view('layout/v_wrapper', [...])
13 SYSTEMPATH\CodeIgniter.php(927): App\Controllers\Datapegawai->edit('2')
14 SYSTEMPATH\CodeIgniter.php(482): CodeIgniter\CodeIgniter->runController(Object(App\Controllers\Datapegawai))
15 SYSTEMPATH\CodeIgniter.php(351): CodeIgniter\CodeIgniter->handleRequest(null, Object(Config\Cache), false)
16 FCPATH\index.php(67): CodeIgniter\CodeIgniter->run()
CRITICAL - 2022-11-26 00:33:57 --> Cannot access offset of type string on string
in APPPATH\Views\datauser\data_pegawai\v_edit.php on line 197.
 1 SYSTEMPATH\View\View.php(213): include()
 2 SYSTEMPATH\View\View.php(216): CodeIgniter\View\View->CodeIgniter\View\{closure}()
 3 SYSTEMPATH\Common.php(1134): CodeIgniter\View\View->render('datauser/data_pegawai/v_edit', [], true)
 4 APPPATH\Views\layout\v_content.php(4): view('datauser/data_pegawai/v_edit')
 5 SYSTEMPATH\View\View.php(213): include('APPPATH\\Views\\layout\\v_content.php')
 6 SYSTEMPATH\View\View.php(216): CodeIgniter\View\View->CodeIgniter\View\{closure}()
 7 SYSTEMPATH\Common.php(1134): CodeIgniter\View\View->render('layout/v_content', [], true)
 8 APPPATH\Views\layout\v_wrapper.php(6): view('layout/v_content')
 9 SYSTEMPATH\View\View.php(213): include('APPPATH\\Views\\layout\\v_wrapper.php')
10 SYSTEMPATH\View\View.php(216): CodeIgniter\View\View->CodeIgniter\View\{closure}()
11 SYSTEMPATH\Common.php(1134): CodeIgniter\View\View->render('layout/v_wrapper', [], true)
12 APPPATH\Controllers\Datapegawai.php(78): view('layout/v_wrapper', [...])
13 SYSTEMPATH\CodeIgniter.php(927): App\Controllers\Datapegawai->edit('2')
14 SYSTEMPATH\CodeIgniter.php(482): CodeIgniter\CodeIgniter->runController(Object(App\Controllers\Datapegawai))
15 SYSTEMPATH\CodeIgniter.php(351): CodeIgniter\CodeIgniter->handleRequest(null, Object(Config\Cache), false)
16 FCPATH\index.php(67): CodeIgniter\CodeIgniter->run()
CRITICAL - 2022-11-26 00:34:52 --> Cannot access offset of type string on string
in APPPATH\Views\datauser\data_pegawai\v_edit.php on line 197.
 1 SYSTEMPATH\View\View.php(213): include()
 2 SYSTEMPATH\View\View.php(216): CodeIgniter\View\View->CodeIgniter\View\{closure}()
 3 SYSTEMPATH\Common.php(1134): CodeIgniter\View\View->render('datauser/data_pegawai/v_edit', [], true)
 4 APPPATH\Views\layout\v_content.php(4): view('datauser/data_pegawai/v_edit')
 5 SYSTEMPATH\View\View.php(213): include('APPPATH\\Views\\layout\\v_content.php')
 6 SYSTEMPATH\View\View.php(216): CodeIgniter\View\View->CodeIgniter\View\{closure}()
 7 SYSTEMPATH\Common.php(1134): CodeIgniter\View\View->render('layout/v_content', [], true)
 8 APPPATH\Views\layout\v_wrapper.php(6): view('layout/v_content')
 9 SYSTEMPATH\View\View.php(213): include('APPPATH\\Views\\layout\\v_wrapper.php')
10 SYSTEMPATH\View\View.php(216): CodeIgniter\View\View->CodeIgniter\View\{closure}()
11 SYSTEMPATH\Common.php(1134): CodeIgniter\View\View->render('layout/v_wrapper', [], true)
12 APPPATH\Controllers\Datapegawai.php(78): view('layout/v_wrapper', [...])
13 SYSTEMPATH\CodeIgniter.php(927): App\Controllers\Datapegawai->edit('2')
14 SYSTEMPATH\CodeIgniter.php(482): CodeIgniter\CodeIgniter->runController(Object(App\Controllers\Datapegawai))
15 SYSTEMPATH\CodeIgniter.php(351): CodeIgniter\CodeIgniter->handleRequest(null, Object(Config\Cache), false)
16 FCPATH\index.php(67): CodeIgniter\CodeIgniter->run()
ERROR - 2022-11-26 00:47:26 --> mysqli_sql_exception: Unknown column 'idjabstrukstural' in 'field list' in C:\xampp\htdocs\siakad_v1\system\Database\MySQLi\Connection.php:292
Stack trace:
#0 C:\xampp\htdocs\siakad_v1\system\Database\MySQLi\Connection.php(292): mysqli->query('UPDATE `tbl_peg...', 0)
#1 C:\xampp\htdocs\siakad_v1\system\Database\BaseConnection.php(666): CodeIgniter\Database\MySQLi\Connection->execute('UPDATE `tbl_peg...')
#2 C:\xampp\htdocs\siakad_v1\system\Database\BaseConnection.php(593): CodeIgniter\Database\BaseConnection->simpleQuery('UPDATE `tbl_peg...')
#3 C:\xampp\htdocs\siakad_v1\system\Database\BaseBuilder.php(2079): CodeIgniter\Database\BaseConnection->query('UPDATE `tbl_peg...', Array, false)
#4 C:\xampp\htdocs\siakad_v1\app\Models\ModelDatapegawai.php(26): CodeIgniter\Database\BaseBuilder->update(Array, Array)
#5 C:\xampp\htdocs\siakad_v1\app\Controllers\Datapegawai.php(113): App\Models\ModelDatapegawai->update_datapegawai(Array, '2')
#6 C:\xampp\htdocs\siakad_v1\system\CodeIgniter.php(927): App\Controllers\Datapegawai->update('2')
#7 C:\xampp\htdocs\siakad_v1\system\CodeIgniter.php(482): CodeIgniter\CodeIgniter->runController(Object(App\Controllers\Datapegawai))
#8 C:\xampp\htdocs\siakad_v1\system\CodeIgniter.php(351): CodeIgniter\CodeIgniter->handleRequest(NULL, Object(Config\Cache), false)
#9 C:\xampp\htdocs\siakad_v1\index.php(67): CodeIgniter\CodeIgniter->run()
#10 {main}
CRITICAL - 2022-11-26 00:47:26 --> Unknown column 'idjabstrukstural' in 'field list'
in SYSTEMPATH\Database\MySQLi\Connection.php on line 292.
 1 SYSTEMPATH\Database\MySQLi\Connection.php(292): mysqli->query('UPDATE `tbl_pegawai` SET `nip` = \'213232139\', `nidn` = \'23415553\', `nidk` = \'67482222\', `nupn` = \'9876567\', `nbm` = \'32847887\', `nama` = \'Muchlis Saputra\', `gelardepan` = \'dr\', `gelarbelakang` = \'S.kom,.M.Kom\', `jk` = \'Pria\', `tmplahir` = \'Prabumulih\', `tgllahir` = \'30 Agustus 1978\', `idagama` = \'Islam\', `telepon` = \'987654567\', `nohp` = \'228823883\', `idkepemilikanhp` = \'Kepemilikan Pribadi\', `emailkampus` = \'unpra@gmail.com\', `email` = \'muchlis@gmail.com\', `alamat` = \'Sukaraja No 22 Prabumulih\', `idunit` = \'D3 - Komputerisasi Akuntansi\', `idstatusaktif` = \'Aktif\', `idjenispeg` = \'Dosen\', `idjabfung` = \'-\', `idjabstrukstural` = \'-\', `kuota_pa` = \'20\', `kuota_propskripsi` = \'20\', `idjenjang` = \'S2\', `iduniversitas` = \'Bina Darma\', `idbidangilmu` = \'Komputer\'
WHERE `id_pegawai` = \'2\'', 0)
 2 SYSTEMPATH\Database\BaseConnection.php(666): CodeIgniter\Database\MySQLi\Connection->execute('UPDATE `tbl_pegawai` SET `nip` = \'213232139\', `nidn` = \'23415553\', `nidk` = \'67482222\', `nupn` = \'9876567\', `nbm` = \'32847887\', `nama` = \'Muchlis Saputra\', `gelardepan` = \'dr\', `gelarbelakang` = \'S.kom,.M.Kom\', `jk` = \'Pria\', `tmplahir` = \'Prabumulih\', `tgllahir` = \'30 Agustus 1978\', `idagama` = \'Islam\', `telepon` = \'987654567\', `nohp` = \'228823883\', `idkepemilikanhp` = \'Kepemilikan Pribadi\', `emailkampus` = \'unpra@gmail.com\', `email` = \'muchlis@gmail.com\', `alamat` = \'Sukaraja No 22 Prabumulih\', `idunit` = \'D3 - Komputerisasi Akuntansi\', `idstatusaktif` = \'Aktif\', `idjenispeg` = \'Dosen\', `idjabfung` = \'-\', `idjabstrukstural` = \'-\', `kuota_pa` = \'20\', `kuota_propskripsi` = \'20\', `idjenjang` = \'S2\', `iduniversitas` = \'Bina Darma\', `idbidangilmu` = \'Komputer\'
WHERE `id_pegawai` = \'2\'')
 3 SYSTEMPATH\Database\BaseConnection.php(593): CodeIgniter\Database\BaseConnection->simpleQuery('UPDATE `tbl_pegawai` SET `nip` = \'213232139\', `nidn` = \'23415553\', `nidk` = \'67482222\', `nupn` = \'9876567\', `nbm` = \'32847887\', `nama` = \'Muchlis Saputra\', `gelardepan` = \'dr\', `gelarbelakang` = \'S.kom,.M.Kom\', `jk` = \'Pria\', `tmplahir` = \'Prabumulih\', `tgllahir` = \'30 Agustus 1978\', `idagama` = \'Islam\', `telepon` = \'987654567\', `nohp` = \'228823883\', `idkepemilikanhp` = \'Kepemilikan Pribadi\', `emailkampus` = \'unpra@gmail.com\', `email` = \'muchlis@gmail.com\', `alamat` = \'Sukaraja No 22 Prabumulih\', `idunit` = \'D3 - Komputerisasi Akuntansi\', `idstatusaktif` = \'Aktif\', `idjenispeg` = \'Dosen\', `idjabfung` = \'-\', `idjabstrukstural` = \'-\', `kuota_pa` = \'20\', `kuota_propskripsi` = \'20\', `idjenjang` = \'S2\', `iduniversitas` = \'Bina Darma\', `idbidangilmu` = \'Komputer\'
WHERE `id_pegawai` = \'2\'')
 4 SYSTEMPATH\Database\BaseBuilder.php(2079): CodeIgniter\Database\BaseConnection->query('UPDATE `tbl_pegawai` SET `nip` = :nip:, `nidn` = :nidn:, `nidk` = :nidk:, `nupn` = :nupn:, `nbm` = :nbm:, `nama` = :nama:, `gelardepan` = :gelardepan:, `gelarbelakang` = :gelarbelakang:, `jk` = :jk:, `tmplahir` = :tmplahir:, `tgllahir` = :tgllahir:, `idagama` = :idagama:, `telepon` = :telepon:, `nohp` = :nohp:, `idkepemilikanhp` = :idkepemilikanhp:, `emailkampus` = :emailkampus:, `email` = :email:, `alamat` = :alamat:, `idunit` = :idunit:, `idstatusaktif` = :idstatusaktif:, `idjenispeg` = :idjenispeg:, `idjabfung` = :idjabfung:, `idjabstrukstural` = :idjabstrukstural:, `kuota_pa` = :kuota_pa:, `kuota_propskripsi` = :kuota_propskripsi:, `idjenjang` = :idjenjang:, `iduniversitas` = :iduniversitas:, `idbidangilmu` = :idbidangilmu:
WHERE `id_pegawai` = :id_pegawai:', [...], false)
 5 APPPATH\Models\ModelDatapegawai.php(26): CodeIgniter\Database\BaseBuilder->update([...], [...])
 6 APPPATH\Controllers\Datapegawai.php(113): App\Models\ModelDatapegawai->update_datapegawai([...], '2')
 7 SYSTEMPATH\CodeIgniter.php(927): App\Controllers\Datapegawai->update('2')
 8 SYSTEMPATH\CodeIgniter.php(482): CodeIgniter\CodeIgniter->runController(Object(App\Controllers\Datapegawai))
 9 SYSTEMPATH\CodeIgniter.php(351): CodeIgniter\CodeIgniter->handleRequest(null, Object(Config\Cache), false)
10 FCPATH\index.php(67): CodeIgniter\CodeIgniter->run()
ERROR - 2022-11-26 00:49:52 --> mysqli_sql_exception: Unknown column 'idjabstrukstural' in 'field list' in C:\xampp\htdocs\siakad_v1\system\Database\MySQLi\Connection.php:292
Stack trace:
#0 C:\xampp\htdocs\siakad_v1\system\Database\MySQLi\Connection.php(292): mysqli->query('UPDATE `tbl_peg...', 0)
#1 C:\xampp\htdocs\siakad_v1\system\Database\BaseConnection.php(666): CodeIgniter\Database\MySQLi\Connection->execute('UPDATE `tbl_peg...')
#2 C:\xampp\htdocs\siakad_v1\system\Database\BaseConnection.php(593): CodeIgniter\Database\BaseConnection->simpleQuery('UPDATE `tbl_peg...')
#3 C:\xampp\htdocs\siakad_v1\system\Database\BaseBuilder.php(2079): CodeIgniter\Database\BaseConnection->query('UPDATE `tbl_peg...', Array, false)
#4 C:\xampp\htdocs\siakad_v1\app\Models\ModelDatapegawai.php(26): CodeIgniter\Database\BaseBuilder->update(Array, Array)
#5 C:\xampp\htdocs\siakad_v1\app\Controllers\Datapegawai.php(113): App\Models\ModelDatapegawai->update_datapegawai(Array, '2')
#6 C:\xampp\htdocs\siakad_v1\system\CodeIgniter.php(927): App\Controllers\Datapegawai->update('2')
#7 C:\xampp\htdocs\siakad_v1\system\CodeIgniter.php(482): CodeIgniter\CodeIgniter->runController(Object(App\Controllers\Datapegawai))
#8 C:\xampp\htdocs\siakad_v1\system\CodeIgniter.php(351): CodeIgniter\CodeIgniter->handleRequest(NULL, Object(Config\Cache), false)
#9 C:\xampp\htdocs\siakad_v1\index.php(67): CodeIgniter\CodeIgniter->run()
#10 {main}
CRITICAL - 2022-11-26 00:49:52 --> Unknown column 'idjabstrukstural' in 'field list'
in SYSTEMPATH\Database\MySQLi\Connection.php on line 292.
 1 SYSTEMPATH\Database\MySQLi\Connection.php(292): mysqli->query('UPDATE `tbl_pegawai` SET `nip` = \'213232139\', `nidn` = \'23415553\', `nidk` = \'67482222\', `nupn` = \'9876567\', `nbm` = \'32847887\', `nama` = \'Muchlis Saputra\', `gelardepan` = \'dr\', `gelarbelakang` = \'S.kom,.M.Kom\', `jk` = \'Pria\', `tmplahir` = \'Prabumulih\', `tgllahir` = \'30 Agustus 1978\', `idagama` = \'Islam\', `telepon` = \'987654567\', `nohp` = \'228823883\', `idkepemilikanhp` = \'Kepemilikan Pribadi\', `emailkampus` = \'unpra@gmail.com\', `email` = \'muchlis@gmail.com\', `alamat` = \'Sukaraja No 22 Prabumulih\', `idunit` = \'D3 - Komputerisasi Akuntansi\', `idstatusaktif` = \'Aktif\', `idjenispeg` = \'Dosen\', `idjabfung` = \'i\', `idjabstrukstural` = \'k\', `kuota_pa` = \'20\', `kuota_propskripsi` = \'20\', `idjenjang` = \'S2\', `iduniversitas` = \'Bina Darma\', `idbidangilmu` = \'Komputer\'
WHERE `id_pegawai` = \'2\'', 0)
 2 SYSTEMPATH\Database\BaseConnection.php(666): CodeIgniter\Database\MySQLi\Connection->execute('UPDATE `tbl_pegawai` SET `nip` = \'213232139\', `nidn` = \'23415553\', `nidk` = \'67482222\', `nupn` = \'9876567\', `nbm` = \'32847887\', `nama` = \'Muchlis Saputra\', `gelardepan` = \'dr\', `gelarbelakang` = \'S.kom,.M.Kom\', `jk` = \'Pria\', `tmplahir` = \'Prabumulih\', `tgllahir` = \'30 Agustus 1978\', `idagama` = \'Islam\', `telepon` = \'987654567\', `nohp` = \'228823883\', `idkepemilikanhp` = \'Kepemilikan Pribadi\', `emailkampus` = \'unpra@gmail.com\', `email` = \'muchlis@gmail.com\', `alamat` = \'Sukaraja No 22 Prabumulih\', `idunit` = \'D3 - Komputerisasi Akuntansi\', `idstatusaktif` = \'Aktif\', `idjenispeg` = \'Dosen\', `idjabfung` = \'i\', `idjabstrukstural` = \'k\', `kuota_pa` = \'20\', `kuota_propskripsi` = \'20\', `idjenjang` = \'S2\', `iduniversitas` = \'Bina Darma\', `idbidangilmu` = \'Komputer\'
WHERE `id_pegawai` = \'2\'')
 3 SYSTEMPATH\Database\BaseConnection.php(593): CodeIgniter\Database\BaseConnection->simpleQuery('UPDATE `tbl_pegawai` SET `nip` = \'213232139\', `nidn` = \'23415553\', `nidk` = \'67482222\', `nupn` = \'9876567\', `nbm` = \'32847887\', `nama` = \'Muchlis Saputra\', `gelardepan` = \'dr\', `gelarbelakang` = \'S.kom,.M.Kom\', `jk` = \'Pria\', `tmplahir` = \'Prabumulih\', `tgllahir` = \'30 Agustus 1978\', `idagama` = \'Islam\', `telepon` = \'987654567\', `nohp` = \'228823883\', `idkepemilikanhp` = \'Kepemilikan Pribadi\', `emailkampus` = \'unpra@gmail.com\', `email` = \'muchlis@gmail.com\', `alamat` = \'Sukaraja No 22 Prabumulih\', `idunit` = \'D3 - Komputerisasi Akuntansi\', `idstatusaktif` = \'Aktif\', `idjenispeg` = \'Dosen\', `idjabfung` = \'i\', `idjabstrukstural` = \'k\', `kuota_pa` = \'20\', `kuota_propskripsi` = \'20\', `idjenjang` = \'S2\', `iduniversitas` = \'Bina Darma\', `idbidangilmu` = \'Komputer\'
WHERE `id_pegawai` = \'2\'')
 4 SYSTEMPATH\Database\BaseBuilder.php(2079): CodeIgniter\Database\BaseConnection->query('UPDATE `tbl_pegawai` SET `nip` = :nip:, `nidn` = :nidn:, `nidk` = :nidk:, `nupn` = :nupn:, `nbm` = :nbm:, `nama` = :nama:, `gelardepan` = :gelardepan:, `gelarbelakang` = :gelarbelakang:, `jk` = :jk:, `tmplahir` = :tmplahir:, `tgllahir` = :tgllahir:, `idagama` = :idagama:, `telepon` = :telepon:, `nohp` = :nohp:, `idkepemilikanhp` = :idkepemilikanhp:, `emailkampus` = :emailkampus:, `email` = :email:, `alamat` = :alamat:, `idunit` = :idunit:, `idstatusaktif` = :idstatusaktif:, `idjenispeg` = :idjenispeg:, `idjabfung` = :idjabfung:, `idjabstrukstural` = :idjabstrukstural:, `kuota_pa` = :kuota_pa:, `kuota_propskripsi` = :kuota_propskripsi:, `idjenjang` = :idjenjang:, `iduniversitas` = :iduniversitas:, `idbidangilmu` = :idbidangilmu:
WHERE `id_pegawai` = :id_pegawai:', [...], false)
 5 APPPATH\Models\ModelDatapegawai.php(26): CodeIgniter\Database\BaseBuilder->update([...], [...])
 6 APPPATH\Controllers\Datapegawai.php(113): App\Models\ModelDatapegawai->update_datapegawai([...], '2')
 7 SYSTEMPATH\CodeIgniter.php(927): App\Controllers\Datapegawai->update('2')
 8 SYSTEMPATH\CodeIgniter.php(482): CodeIgniter\CodeIgniter->runController(Object(App\Controllers\Datapegawai))
 9 SYSTEMPATH\CodeIgniter.php(351): CodeIgniter\CodeIgniter->handleRequest(null, Object(Config\Cache), false)
10 FCPATH\index.php(67): CodeIgniter\CodeIgniter->run()
CRITICAL - 2022-11-26 01:10:29 --> Undefined array key "nip"
in APPPATH\Views\datauser\data_pegawai\v_list.php on line 229.
 1 APPPATH\Views\datauser\data_pegawai\v_list.php(229): CodeIgniter\Debug\Exceptions->errorHandler(2, 'Undefined array key "nip"', 'APPPATH\\Views\\datauser\\data_pegawai\\v_list.php', 229)
 2 SYSTEMPATH\View\View.php(213): include('APPPATH\\Views\\datauser\\data_pegawai\\v_list.php')
 3 SYSTEMPATH\View\View.php(216): CodeIgniter\View\View->CodeIgniter\View\{closure}()
 4 SYSTEMPATH\Common.php(1134): CodeIgniter\View\View->render('datauser/data_pegawai/v_list', [], true)
 5 APPPATH\Views\layout\v_content.php(4): view('datauser/data_pegawai/v_list')
 6 SYSTEMPATH\View\View.php(213): include('APPPATH\\Views\\layout\\v_content.php')
 7 SYSTEMPATH\View\View.php(216): CodeIgniter\View\View->CodeIgniter\View\{closure}()
 8 SYSTEMPATH\Common.php(1134): CodeIgniter\View\View->render('layout/v_content', [], true)
 9 APPPATH\Views\layout\v_wrapper.php(6): view('layout/v_content')
10 SYSTEMPATH\View\View.php(213): include('APPPATH\\Views\\layout\\v_wrapper.php')
11 SYSTEMPATH\View\View.php(216): CodeIgniter\View\View->CodeIgniter\View\{closure}()
12 SYSTEMPATH\Common.php(1134): CodeIgniter\View\View->render('layout/v_wrapper', [], true)
13 APPPATH\Controllers\Datapegawai.php(22): view('layout/v_wrapper', [...])
14 SYSTEMPATH\CodeIgniter.php(927): App\Controllers\Datapegawai->index()
15 SYSTEMPATH\CodeIgniter.php(482): CodeIgniter\CodeIgniter->runController(Object(App\Controllers\Datapegawai))
16 SYSTEMPATH\CodeIgniter.php(351): CodeIgniter\CodeIgniter->handleRequest(null, Object(Config\Cache), false)
17 FCPATH\index.php(67): CodeIgniter\CodeIgniter->run()
CRITICAL - 2022-11-26 01:14:12 --> Undefined array key "id_pegawai"
in APPPATH\Views\datauser\data_pegawai\v_list.php on line 223.
 1 APPPATH\Views\datauser\data_pegawai\v_list.php(223): CodeIgniter\Debug\Exceptions->errorHandler(2, 'Undefined array key "id_pegawai"', 'APPPATH\\Views\\datauser\\data_pegawai\\v_list.php', 223)
 2 SYSTEMPATH\View\View.php(213): include('APPPATH\\Views\\datauser\\data_pegawai\\v_list.php')
 3 SYSTEMPATH\View\View.php(216): CodeIgniter\View\View->CodeIgniter\View\{closure}()
 4 SYSTEMPATH\Common.php(1134): CodeIgniter\View\View->render('datauser/data_pegawai/v_list', [], true)
 5 APPPATH\Views\layout\v_content.php(4): view('datauser/data_pegawai/v_list')
 6 SYSTEMPATH\View\View.php(213): include('APPPATH\\Views\\layout\\v_content.php')
 7 SYSTEMPATH\View\View.php(216): CodeIgniter\View\View->CodeIgniter\View\{closure}()
 8 SYSTEMPATH\Common.php(1134): CodeIgniter\View\View->render('layout/v_content', [], true)
 9 APPPATH\Views\layout\v_wrapper.php(6): view('layout/v_content')
10 SYSTEMPATH\View\View.php(213): include('APPPATH\\Views\\layout\\v_wrapper.php')
11 SYSTEMPATH\View\View.php(216): CodeIgniter\View\View->CodeIgniter\View\{closure}()
12 SYSTEMPATH\Common.php(1134): CodeIgniter\View\View->render('layout/v_wrapper', [], true)
13 APPPATH\Controllers\Datapegawai.php(22): view('layout/v_wrapper', [...])
14 SYSTEMPATH\CodeIgniter.php(927): App\Controllers\Datapegawai->index()
15 SYSTEMPATH\CodeIgniter.php(482): CodeIgniter\CodeIgniter->runController(Object(App\Controllers\Datapegawai))
16 SYSTEMPATH\CodeIgniter.php(351): CodeIgniter\CodeIgniter->handleRequest(null, Object(Config\Cache), false)
17 FCPATH\index.php(67): CodeIgniter\CodeIgniter->run()
CRITICAL - 2022-11-26 01:15:15 --> Undefined array key "id_pegawai"
in APPPATH\Views\datauser\data_pegawai\v_list.php on line 223.
 1 APPPATH\Views\datauser\data_pegawai\v_list.php(223): CodeIgniter\Debug\Exceptions->errorHandler(2, 'Undefined array key "id_pegawai"', 'APPPATH\\Views\\datauser\\data_pegawai\\v_list.php', 223)
 2 SYSTEMPATH\View\View.php(213): include('APPPATH\\Views\\datauser\\data_pegawai\\v_list.php')
 3 SYSTEMPATH\View\View.php(216): CodeIgniter\View\View->CodeIgniter\View\{closure}()
 4 SYSTEMPATH\Common.php(1134): CodeIgniter\View\View->render('datauser/data_pegawai/v_list', [], true)
 5 APPPATH\Views\layout\v_content.php(4): view('datauser/data_pegawai/v_list')
 6 SYSTEMPATH\View\View.php(213): include('APPPATH\\Views\\layout\\v_content.php')
 7 SYSTEMPATH\View\View.php(216): CodeIgniter\View\View->CodeIgniter\View\{closure}()
 8 SYSTEMPATH\Common.php(1134): CodeIgniter\View\View->render('layout/v_content', [], true)
 9 APPPATH\Views\layout\v_wrapper.php(6): view('layout/v_content')
10 SYSTEMPATH\View\View.php(213): include('APPPATH\\Views\\layout\\v_wrapper.php')
11 SYSTEMPATH\View\View.php(216): CodeIgniter\View\View->CodeIgniter\View\{closure}()
12 SYSTEMPATH\Common.php(1134): CodeIgniter\View\View->render('layout/v_wrapper', [], true)
13 APPPATH\Controllers\Datapegawai.php(22): view('layout/v_wrapper', [...])
14 SYSTEMPATH\CodeIgniter.php(927): App\Controllers\Datapegawai->index()
15 SYSTEMPATH\CodeIgniter.php(482): CodeIgniter\CodeIgniter->runController(Object(App\Controllers\Datapegawai))
16 SYSTEMPATH\CodeIgniter.php(351): CodeIgniter\CodeIgniter->handleRequest(null, Object(Config\Cache), false)
17 FCPATH\index.php(67): CodeIgniter\CodeIgniter->run()
CRITICAL - 2022-11-26 01:15:38 --> Undefined array key "id_pegawai"
in APPPATH\Views\datauser\data_pegawai\v_list.php on line 223.
 1 APPPATH\Views\datauser\data_pegawai\v_list.php(223): CodeIgniter\Debug\Exceptions->errorHandler(2, 'Undefined array key "id_pegawai"', 'APPPATH\\Views\\datauser\\data_pegawai\\v_list.php', 223)
 2 SYSTEMPATH\View\View.php(213): include('APPPATH\\Views\\datauser\\data_pegawai\\v_list.php')
 3 SYSTEMPATH\View\View.php(216): CodeIgniter\View\View->CodeIgniter\View\{closure}()
 4 SYSTEMPATH\Common.php(1134): CodeIgniter\View\View->render('datauser/data_pegawai/v_list', [], true)
 5 APPPATH\Views\layout\v_content.php(4): view('datauser/data_pegawai/v_list')
 6 SYSTEMPATH\View\View.php(213): include('APPPATH\\Views\\layout\\v_content.php')
 7 SYSTEMPATH\View\View.php(216): CodeIgniter\View\View->CodeIgniter\View\{closure}()
 8 SYSTEMPATH\Common.php(1134): CodeIgniter\View\View->render('layout/v_content', [], true)
 9 APPPATH\Views\layout\v_wrapper.php(6): view('layout/v_content')
10 SYSTEMPATH\View\View.php(213): include('APPPATH\\Views\\layout\\v_wrapper.php')
11 SYSTEMPATH\View\View.php(216): CodeIgniter\View\View->CodeIgniter\View\{closure}()
12 SYSTEMPATH\Common.php(1134): CodeIgniter\View\View->render('layout/v_wrapper', [], true)
13 APPPATH\Controllers\Datapegawai.php(22): view('layout/v_wrapper', [...])
14 SYSTEMPATH\CodeIgniter.php(927): App\Controllers\Datapegawai->index()
15 SYSTEMPATH\CodeIgniter.php(482): CodeIgniter\CodeIgniter->runController(Object(App\Controllers\Datapegawai))
16 SYSTEMPATH\CodeIgniter.php(351): CodeIgniter\CodeIgniter->handleRequest(null, Object(Config\Cache), false)
17 FCPATH\index.php(67): CodeIgniter\CodeIgniter->run()
CRITICAL - 2022-11-26 01:16:13 --> Undefined array key "id_pegawai"
in APPPATH\Views\datauser\data_pegawai\v_list.php on line 223.
 1 APPPATH\Views\datauser\data_pegawai\v_list.php(223): CodeIgniter\Debug\Exceptions->errorHandler(2, 'Undefined array key "id_pegawai"', 'APPPATH\\Views\\datauser\\data_pegawai\\v_list.php', 223)
 2 SYSTEMPATH\View\View.php(213): include('APPPATH\\Views\\datauser\\data_pegawai\\v_list.php')
 3 SYSTEMPATH\View\View.php(216): CodeIgniter\View\View->CodeIgniter\View\{closure}()
 4 SYSTEMPATH\Common.php(1134): CodeIgniter\View\View->render('datauser/data_pegawai/v_list', [], true)
 5 APPPATH\Views\layout\v_content.php(4): view('datauser/data_pegawai/v_list')
 6 SYSTEMPATH\View\View.php(213): include('APPPATH\\Views\\layout\\v_content.php')
 7 SYSTEMPATH\View\View.php(216): CodeIgniter\View\View->CodeIgniter\View\{closure}()
 8 SYSTEMPATH\Common.php(1134): CodeIgniter\View\View->render('layout/v_content', [], true)
 9 APPPATH\Views\layout\v_wrapper.php(6): view('layout/v_content')
10 SYSTEMPATH\View\View.php(213): include('APPPATH\\Views\\layout\\v_wrapper.php')
11 SYSTEMPATH\View\View.php(216): CodeIgniter\View\View->CodeIgniter\View\{closure}()
12 SYSTEMPATH\Common.php(1134): CodeIgniter\View\View->render('layout/v_wrapper', [], true)
13 APPPATH\Controllers\Datapegawai.php(22): view('layout/v_wrapper', [...])
14 SYSTEMPATH\CodeIgniter.php(927): App\Controllers\Datapegawai->index()
15 SYSTEMPATH\CodeIgniter.php(482): CodeIgniter\CodeIgniter->runController(Object(App\Controllers\Datapegawai))
16 SYSTEMPATH\CodeIgniter.php(351): CodeIgniter\CodeIgniter->handleRequest(null, Object(Config\Cache), false)
17 FCPATH\index.php(67): CodeIgniter\CodeIgniter->run()
CRITICAL - 2022-11-26 01:16:23 --> Undefined array key "id_pegawai"
in APPPATH\Views\datauser\data_pegawai\v_list.php on line 223.
 1 APPPATH\Views\datauser\data_pegawai\v_list.php(223): CodeIgniter\Debug\Exceptions->errorHandler(2, 'Undefined array key "id_pegawai"', 'APPPATH\\Views\\datauser\\data_pegawai\\v_list.php', 223)
 2 SYSTEMPATH\View\View.php(213): include('APPPATH\\Views\\datauser\\data_pegawai\\v_list.php')
 3 SYSTEMPATH\View\View.php(216): CodeIgniter\View\View->CodeIgniter\View\{closure}()
 4 SYSTEMPATH\Common.php(1134): CodeIgniter\View\View->render('datauser/data_pegawai/v_list', [], true)
 5 APPPATH\Views\layout\v_content.php(4): view('datauser/data_pegawai/v_list')
 6 SYSTEMPATH\View\View.php(213): include('APPPATH\\Views\\layout\\v_content.php')
 7 SYSTEMPATH\View\View.php(216): CodeIgniter\View\View->CodeIgniter\View\{closure}()
 8 SYSTEMPATH\Common.php(1134): CodeIgniter\View\View->render('layout/v_content', [], true)
 9 APPPATH\Views\layout\v_wrapper.php(6): view('layout/v_content')
10 SYSTEMPATH\View\View.php(213): include('APPPATH\\Views\\layout\\v_wrapper.php')
11 SYSTEMPATH\View\View.php(216): CodeIgniter\View\View->CodeIgniter\View\{closure}()
12 SYSTEMPATH\Common.php(1134): CodeIgniter\View\View->render('layout/v_wrapper', [], true)
13 APPPATH\Controllers\Datapegawai.php(22): view('layout/v_wrapper', [...])
14 SYSTEMPATH\CodeIgniter.php(927): App\Controllers\Datapegawai->index()
15 SYSTEMPATH\CodeIgniter.php(482): CodeIgniter\CodeIgniter->runController(Object(App\Controllers\Datapegawai))
16 SYSTEMPATH\CodeIgniter.php(351): CodeIgniter\CodeIgniter->handleRequest(null, Object(Config\Cache), false)
17 FCPATH\index.php(67): CodeIgniter\CodeIgniter->run()
CRITICAL - 2022-11-26 01:18:39 --> Undefined array key "nip"
in APPPATH\Views\datauser\data_pegawai\v_list.php on line 229.
 1 APPPATH\Views\datauser\data_pegawai\v_list.php(229): CodeIgniter\Debug\Exceptions->errorHandler(2, 'Undefined array key "nip"', 'APPPATH\\Views\\datauser\\data_pegawai\\v_list.php', 229)
 2 SYSTEMPATH\View\View.php(213): include('APPPATH\\Views\\datauser\\data_pegawai\\v_list.php')
 3 SYSTEMPATH\View\View.php(216): CodeIgniter\View\View->CodeIgniter\View\{closure}()
 4 SYSTEMPATH\Common.php(1134): CodeIgniter\View\View->render('datauser/data_pegawai/v_list', [], true)
 5 APPPATH\Views\layout\v_content.php(4): view('datauser/data_pegawai/v_list')
 6 SYSTEMPATH\View\View.php(213): include('APPPATH\\Views\\layout\\v_content.php')
 7 SYSTEMPATH\View\View.php(216): CodeIgniter\View\View->CodeIgniter\View\{closure}()
 8 SYSTEMPATH\Common.php(1134): CodeIgniter\View\View->render('layout/v_content', [], true)
 9 APPPATH\Views\layout\v_wrapper.php(6): view('layout/v_content')
10 SYSTEMPATH\View\View.php(213): include('APPPATH\\Views\\layout\\v_wrapper.php')
11 SYSTEMPATH\View\View.php(216): CodeIgniter\View\View->CodeIgniter\View\{closure}()
12 SYSTEMPATH\Common.php(1134): CodeIgniter\View\View->render('layout/v_wrapper', [], true)
13 APPPATH\Controllers\Datapegawai.php(22): view('layout/v_wrapper', [...])
14 SYSTEMPATH\CodeIgniter.php(927): App\Controllers\Datapegawai->index()
15 SYSTEMPATH\CodeIgniter.php(482): CodeIgniter\CodeIgniter->runController(Object(App\Controllers\Datapegawai))
16 SYSTEMPATH\CodeIgniter.php(351): CodeIgniter\CodeIgniter->handleRequest(null, Object(Config\Cache), false)
17 FCPATH\index.php(67): CodeIgniter\CodeIgniter->run()
CRITICAL - 2022-11-26 01:22:40 --> Undefined array key "nip"
in APPPATH\Views\datauser\data_pegawai\v_list.php on line 230.
 1 APPPATH\Views\datauser\data_pegawai\v_list.php(230): CodeIgniter\Debug\Exceptions->errorHandler(2, 'Undefined array key "nip"', 'APPPATH\\Views\\datauser\\data_pegawai\\v_list.php', 230)
 2 SYSTEMPATH\View\View.php(213): include('APPPATH\\Views\\datauser\\data_pegawai\\v_list.php')
 3 SYSTEMPATH\View\View.php(216): CodeIgniter\View\View->CodeIgniter\View\{closure}()
 4 SYSTEMPATH\Common.php(1134): CodeIgniter\View\View->render('datauser/data_pegawai/v_list', [], true)
 5 APPPATH\Views\layout\v_content.php(4): view('datauser/data_pegawai/v_list')
 6 SYSTEMPATH\View\View.php(213): include('APPPATH\\Views\\layout\\v_content.php')
 7 SYSTEMPATH\View\View.php(216): CodeIgniter\View\View->CodeIgniter\View\{closure}()
 8 SYSTEMPATH\Common.php(1134): CodeIgniter\View\View->render('layout/v_content', [], true)
 9 APPPATH\Views\layout\v_wrapper.php(6): view('layout/v_content')
10 SYSTEMPATH\View\View.php(213): include('APPPATH\\Views\\layout\\v_wrapper.php')
11 SYSTEMPATH\View\View.php(216): CodeIgniter\View\View->CodeIgniter\View\{closure}()
12 SYSTEMPATH\Common.php(1134): CodeIgniter\View\View->render('layout/v_wrapper', [], true)
13 APPPATH\Controllers\Datapegawai.php(22): view('layout/v_wrapper', [...])
14 SYSTEMPATH\CodeIgniter.php(927): App\Controllers\Datapegawai->index()
15 SYSTEMPATH\CodeIgniter.php(482): CodeIgniter\CodeIgniter->runController(Object(App\Controllers\Datapegawai))
16 SYSTEMPATH\CodeIgniter.php(351): CodeIgniter\CodeIgniter->handleRequest(null, Object(Config\Cache), false)
17 FCPATH\index.php(67): CodeIgniter\CodeIgniter->run()
CRITICAL - 2022-11-26 01:24:35 --> Undefined array key "nip"
in APPPATH\Views\datauser\data_pegawai\v_list.php on line 230.
 1 APPPATH\Views\datauser\data_pegawai\v_list.php(230): CodeIgniter\Debug\Exceptions->errorHandler(2, 'Undefined array key "nip"', 'APPPATH\\Views\\datauser\\data_pegawai\\v_list.php', 230)
 2 SYSTEMPATH\View\View.php(213): include('APPPATH\\Views\\datauser\\data_pegawai\\v_list.php')
 3 SYSTEMPATH\View\View.php(216): CodeIgniter\View\View->CodeIgniter\View\{closure}()
 4 SYSTEMPATH\Common.php(1134): CodeIgniter\View\View->render('datauser/data_pegawai/v_list', [], true)
 5 APPPATH\Views\layout\v_content.php(4): view('datauser/data_pegawai/v_list')
 6 SYSTEMPATH\View\View.php(213): include('APPPATH\\Views\\layout\\v_content.php')
 7 SYSTEMPATH\View\View.php(216): CodeIgniter\View\View->CodeIgniter\View\{closure}()
 8 SYSTEMPATH\Common.php(1134): CodeIgniter\View\View->render('layout/v_content', [], true)
 9 APPPATH\Views\layout\v_wrapper.php(6): view('layout/v_content')
10 SYSTEMPATH\View\View.php(213): include('APPPATH\\Views\\layout\\v_wrapper.php')
11 SYSTEMPATH\View\View.php(216): CodeIgniter\View\View->CodeIgniter\View\{closure}()
12 SYSTEMPATH\Common.php(1134): CodeIgniter\View\View->render('layout/v_wrapper', [], true)
13 APPPATH\Controllers\Datapegawai.php(22): view('layout/v_wrapper', [...])
14 SYSTEMPATH\CodeIgniter.php(927): App\Controllers\Datapegawai->index()
15 SYSTEMPATH\CodeIgniter.php(482): CodeIgniter\CodeIgniter->runController(Object(App\Controllers\Datapegawai))
16 SYSTEMPATH\CodeIgniter.php(351): CodeIgniter\CodeIgniter->handleRequest(null, Object(Config\Cache), false)
17 FCPATH\index.php(67): CodeIgniter\CodeIgniter->run()
CRITICAL - 2022-11-26 01:59:56 --> Undefined array key "ibidangilmu"
in APPPATH\Views\datauser\data_pegawai\v_edit.php on line 407.
 1 APPPATH\Views\datauser\data_pegawai\v_edit.php(407): CodeIgniter\Debug\Exceptions->errorHandler(2, 'Undefined array key "ibidangilmu"', 'APPPATH\\Views\\datauser\\data_pegawai\\v_edit.php', 407)
 2 SYSTEMPATH\View\View.php(213): include('APPPATH\\Views\\datauser\\data_pegawai\\v_edit.php')
 3 SYSTEMPATH\View\View.php(216): CodeIgniter\View\View->CodeIgniter\View\{closure}()
 4 SYSTEMPATH\Common.php(1134): CodeIgniter\View\View->render('datauser/data_pegawai/v_edit', [], true)
 5 APPPATH\Views\layout\v_content.php(4): view('datauser/data_pegawai/v_edit')
 6 SYSTEMPATH\View\View.php(213): include('APPPATH\\Views\\layout\\v_content.php')
 7 SYSTEMPATH\View\View.php(216): CodeIgniter\View\View->CodeIgniter\View\{closure}()
 8 SYSTEMPATH\Common.php(1134): CodeIgniter\View\View->render('layout/v_content', [], true)
 9 APPPATH\Views\layout\v_wrapper.php(6): view('layout/v_content')
10 SYSTEMPATH\View\View.php(213): include('APPPATH\\Views\\layout\\v_wrapper.php')
11 SYSTEMPATH\View\View.php(216): CodeIgniter\View\View->CodeIgniter\View\{closure}()
12 SYSTEMPATH\Common.php(1134): CodeIgniter\View\View->render('layout/v_wrapper', [], true)
13 APPPATH\Controllers\Datapegawai.php(78): view('layout/v_wrapper', [...])
14 SYSTEMPATH\CodeIgniter.php(927): App\Controllers\Datapegawai->edit('2')
15 SYSTEMPATH\CodeIgniter.php(482): CodeIgniter\CodeIgniter->runController(Object(App\Controllers\Datapegawai))
16 SYSTEMPATH\CodeIgniter.php(351): CodeIgniter\CodeIgniter->handleRequest(null, Object(Config\Cache), false)
17 FCPATH\index.php(67): CodeIgniter\CodeIgniter->run()
CRITICAL - 2022-11-26 02:49:11 --> syntax error, unexpected token "public", expecting "," or ";"
in APPPATH\Controllers\Datamahasiswa.php on line 9.
 1 SYSTEMPATH\Router\Router.php(499): CodeIgniter\Router\AutoRouter->getRoute('/Datamahasiswa')
 2 SYSTEMPATH\Router\Router.php(205): CodeIgniter\Router\Router->autoRoute('/Datamahasiswa')
 3 SYSTEMPATH\CodeIgniter.php(802): CodeIgniter\Router\Router->handle('/Datamahasiswa')
 4 SYSTEMPATH\CodeIgniter.php(430): CodeIgniter\CodeIgniter->tryToRouteIt(Object(CodeIgniter\Router\RouteCollection))
 5 SYSTEMPATH\CodeIgniter.php(351): CodeIgniter\CodeIgniter->handleRequest(null, Object(Config\Cache), false)
 6 FCPATH\index.php(67): CodeIgniter\CodeIgniter->run()
ERROR - 2022-11-26 02:50:07 --> mysqli_sql_exception: Table 'db_siakad.tbl_mahasiswa' doesn't exist in C:\xampp\htdocs\siakad_v1\system\Database\MySQLi\Connection.php:292
Stack trace:
#0 C:\xampp\htdocs\siakad_v1\system\Database\MySQLi\Connection.php(292): mysqli->query('SELECT *\nFROM `...', 0)
#1 C:\xampp\htdocs\siakad_v1\system\Database\BaseConnection.php(666): CodeIgniter\Database\MySQLi\Connection->execute('SELECT *\nFROM `...')
#2 C:\xampp\htdocs\siakad_v1\system\Database\BaseConnection.php(593): CodeIgniter\Database\BaseConnection->simpleQuery('SELECT *\nFROM `...')
#3 C:\xampp\htdocs\siakad_v1\system\Database\BaseBuilder.php(1585): CodeIgniter\Database\BaseConnection->query('SELECT *\nFROM `...', Array, false)
#4 C:\xampp\htdocs\siakad_v1\app\Models\ModelDatamahasiswa.php(11): CodeIgniter\Database\BaseBuilder->get()
#5 C:\xampp\htdocs\siakad_v1\app\Controllers\Datamahasiswa.php(19): App\Models\ModelDatamahasiswa->get_datamahasiswa()
#6 C:\xampp\htdocs\siakad_v1\system\CodeIgniter.php(927): App\Controllers\Datamahasiswa->index()
#7 C:\xampp\htdocs\siakad_v1\system\CodeIgniter.php(482): CodeIgniter\CodeIgniter->runController(Object(App\Controllers\Datamahasiswa))
#8 C:\xampp\htdocs\siakad_v1\system\CodeIgniter.php(351): CodeIgniter\CodeIgniter->handleRequest(NULL, Object(Config\Cache), false)
#9 C:\xampp\htdocs\siakad_v1\index.php(67): CodeIgniter\CodeIgniter->run()
#10 {main}
CRITICAL - 2022-11-26 02:50:07 --> Table 'db_siakad.tbl_mahasiswa' doesn't exist
in SYSTEMPATH\Database\MySQLi\Connection.php on line 292.
 1 SYSTEMPATH\Database\MySQLi\Connection.php(292): mysqli->query('SELECT *
FROM `tbl_mahasiswa`', 0)
 2 SYSTEMPATH\Database\BaseConnection.php(666): CodeIgniter\Database\MySQLi\Connection->execute('SELECT *
FROM `tbl_mahasiswa`')
 3 SYSTEMPATH\Database\BaseConnection.php(593): CodeIgniter\Database\BaseConnection->simpleQuery('SELECT *
FROM `tbl_mahasiswa`')
 4 SYSTEMPATH\Database\BaseBuilder.php(1585): CodeIgniter\Database\BaseConnection->query('SELECT *
FROM `tbl_mahasiswa`', [], false)
 5 APPPATH\Models\ModelDatamahasiswa.php(11): CodeIgniter\Database\BaseBuilder->get()
 6 APPPATH\Controllers\Datamahasiswa.php(19): App\Models\ModelDatamahasiswa->get_datamahasiswa()
 7 SYSTEMPATH\CodeIgniter.php(927): App\Controllers\Datamahasiswa->index()
 8 SYSTEMPATH\CodeIgniter.php(482): CodeIgniter\CodeIgniter->runController(Object(App\Controllers\Datamahasiswa))
 9 SYSTEMPATH\CodeIgniter.php(351): CodeIgniter\CodeIgniter->handleRequest(null, Object(Config\Cache), false)
10 FCPATH\index.php(67): CodeIgniter\CodeIgniter->run()
CRITICAL - 2022-11-26 08:42:54 --> Unclosed '{' on line 213
in APPPATH\Views\datauser\data_mahasiswa\v_list.php on line 507.
 1 SYSTEMPATH\View\View.php(216): CodeIgniter\View\View->CodeIgniter\View\{closure}()
 2 SYSTEMPATH\Common.php(1134): CodeIgniter\View\View->render('datauser/data_mahasiswa/v_list', [], true)
 3 APPPATH\Views\layout\v_content.php(4): view('datauser/data_mahasiswa/v_list')
 4 SYSTEMPATH\View\View.php(213): include('APPPATH\\Views\\layout\\v_content.php')
 5 SYSTEMPATH\View\View.php(216): CodeIgniter\View\View->CodeIgniter\View\{closure}()
 6 SYSTEMPATH\Common.php(1134): CodeIgniter\View\View->render('layout/v_content', [], true)
 7 APPPATH\Views\layout\v_wrapper.php(6): view('layout/v_content')
 8 SYSTEMPATH\View\View.php(213): include('APPPATH\\Views\\layout\\v_wrapper.php')
 9 SYSTEMPATH\View\View.php(216): CodeIgniter\View\View->CodeIgniter\View\{closure}()
10 SYSTEMPATH\Common.php(1134): CodeIgniter\View\View->render('layout/v_wrapper', [], true)
11 APPPATH\Controllers\Datamahasiswa.php(22): view('layout/v_wrapper', [...])
12 SYSTEMPATH\CodeIgniter.php(927): App\Controllers\Datamahasiswa->index()
13 SYSTEMPATH\CodeIgniter.php(482): CodeIgniter\CodeIgniter->runController(Object(App\Controllers\Datamahasiswa))
14 SYSTEMPATH\CodeIgniter.php(351): CodeIgniter\CodeIgniter->handleRequest(null, Object(Config\Cache), false)
15 FCPATH\index.php(67): CodeIgniter\CodeIgniter->run()
CRITICAL - 2022-11-26 08:43:14 --> Unclosed '{' on line 213
in APPPATH\Views\datauser\data_mahasiswa\v_list.php on line 507.
 1 SYSTEMPATH\View\View.php(216): CodeIgniter\View\View->CodeIgniter\View\{closure}()
 2 SYSTEMPATH\Common.php(1134): CodeIgniter\View\View->render('datauser/data_mahasiswa/v_list', [], true)
 3 APPPATH\Views\layout\v_content.php(4): view('datauser/data_mahasiswa/v_list')
 4 SYSTEMPATH\View\View.php(213): include('APPPATH\\Views\\layout\\v_content.php')
 5 SYSTEMPATH\View\View.php(216): CodeIgniter\View\View->CodeIgniter\View\{closure}()
 6 SYSTEMPATH\Common.php(1134): CodeIgniter\View\View->render('layout/v_content', [], true)
 7 APPPATH\Views\layout\v_wrapper.php(6): view('layout/v_content')
 8 SYSTEMPATH\View\View.php(213): include('APPPATH\\Views\\layout\\v_wrapper.php')
 9 SYSTEMPATH\View\View.php(216): CodeIgniter\View\View->CodeIgniter\View\{closure}()
10 SYSTEMPATH\Common.php(1134): CodeIgniter\View\View->render('layout/v_wrapper', [], true)
11 APPPATH\Controllers\Datamahasiswa.php(22): view('layout/v_wrapper', [...])
12 SYSTEMPATH\CodeIgniter.php(927): App\Controllers\Datamahasiswa->index()
13 SYSTEMPATH\CodeIgniter.php(482): CodeIgniter\CodeIgniter->runController(Object(App\Controllers\Datamahasiswa))
14 SYSTEMPATH\CodeIgniter.php(351): CodeIgniter\CodeIgniter->handleRequest(null, Object(Config\Cache), false)
15 FCPATH\index.php(67): CodeIgniter\CodeIgniter->run()
CRITICAL - 2022-11-26 08:43:49 --> Undefined array key "idtransportasi"
in APPPATH\Views\datauser\data_mahasiswa\v_list.php on line 320.
 1 APPPATH\Views\datauser\data_mahasiswa\v_list.php(320): CodeIgniter\Debug\Exceptions->errorHandler(2, 'Undefined array key "idtransportasi"', 'APPPATH\\Views\\datauser\\data_mahasiswa\\v_list.php', 320)
 2 SYSTEMPATH\View\View.php(213): include('APPPATH\\Views\\datauser\\data_mahasiswa\\v_list.php')
 3 SYSTEMPATH\View\View.php(216): CodeIgniter\View\View->CodeIgniter\View\{closure}()
 4 SYSTEMPATH\Common.php(1134): CodeIgniter\View\View->render('datauser/data_mahasiswa/v_list', [], true)
 5 APPPATH\Views\layout\v_content.php(4): view('datauser/data_mahasiswa/v_list')
 6 SYSTEMPATH\View\View.php(213): include('APPPATH\\Views\\layout\\v_content.php')
 7 SYSTEMPATH\View\View.php(216): CodeIgniter\View\View->CodeIgniter\View\{closure}()
 8 SYSTEMPATH\Common.php(1134): CodeIgniter\View\View->render('layout/v_content', [], true)
 9 APPPATH\Views\layout\v_wrapper.php(6): view('layout/v_content')
10 SYSTEMPATH\View\View.php(213): include('APPPATH\\Views\\layout\\v_wrapper.php')
11 SYSTEMPATH\View\View.php(216): CodeIgniter\View\View->CodeIgniter\View\{closure}()
12 SYSTEMPATH\Common.php(1134): CodeIgniter\View\View->render('layout/v_wrapper', [], true)
13 APPPATH\Controllers\Datamahasiswa.php(22): view('layout/v_wrapper', [...])
14 SYSTEMPATH\CodeIgniter.php(927): App\Controllers\Datamahasiswa->index()
15 SYSTEMPATH\CodeIgniter.php(482): CodeIgniter\CodeIgniter->runController(Object(App\Controllers\Datamahasiswa))
16 SYSTEMPATH\CodeIgniter.php(351): CodeIgniter\CodeIgniter->handleRequest(null, Object(Config\Cache), false)
17 FCPATH\index.php(67): CodeIgniter\CodeIgniter->run()
CRITICAL - 2022-11-26 08:44:24 --> Undefined array key "idpekerjaan_W"
in APPPATH\Views\datauser\data_mahasiswa\v_list.php on line 477.
 1 APPPATH\Views\datauser\data_mahasiswa\v_list.php(477): CodeIgniter\Debug\Exceptions->errorHandler(2, 'Undefined array key "idpekerjaan_W"', 'APPPATH\\Views\\datauser\\data_mahasiswa\\v_list.php', 477)
 2 SYSTEMPATH\View\View.php(213): include('APPPATH\\Views\\datauser\\data_mahasiswa\\v_list.php')
 3 SYSTEMPATH\View\View.php(216): CodeIgniter\View\View->CodeIgniter\View\{closure}()
 4 SYSTEMPATH\Common.php(1134): CodeIgniter\View\View->render('datauser/data_mahasiswa/v_list', [], true)
 5 APPPATH\Views\layout\v_content.php(4): view('datauser/data_mahasiswa/v_list')
 6 SYSTEMPATH\View\View.php(213): include('APPPATH\\Views\\layout\\v_content.php')
 7 SYSTEMPATH\View\View.php(216): CodeIgniter\View\View->CodeIgniter\View\{closure}()
 8 SYSTEMPATH\Common.php(1134): CodeIgniter\View\View->render('layout/v_content', [], true)
 9 APPPATH\Views\layout\v_wrapper.php(6): view('layout/v_content')
10 SYSTEMPATH\View\View.php(213): include('APPPATH\\Views\\layout\\v_wrapper.php')
11 SYSTEMPATH\View\View.php(216): CodeIgniter\View\View->CodeIgniter\View\{closure}()
12 SYSTEMPATH\Common.php(1134): CodeIgniter\View\View->render('layout/v_wrapper', [], true)
13 APPPATH\Controllers\Datamahasiswa.php(22): view('layout/v_wrapper', [...])
14 SYSTEMPATH\CodeIgniter.php(927): App\Controllers\Datamahasiswa->index()
15 SYSTEMPATH\CodeIgniter.php(482): CodeIgniter\CodeIgniter->runController(Object(App\Controllers\Datamahasiswa))
16 SYSTEMPATH\CodeIgniter.php(351): CodeIgniter\CodeIgniter->handleRequest(null, Object(Config\Cache), false)
17 FCPATH\index.php(67): CodeIgniter\CodeIgniter->run()
CRITICAL - 2022-11-26 09:03:10 --> Cannot access offset of type string on string
in APPPATH\Views\datauser\data_mahasiswa\v_edit.php on line 185.
 1 SYSTEMPATH\View\View.php(213): include()
 2 SYSTEMPATH\View\View.php(216): CodeIgniter\View\View->CodeIgniter\View\{closure}()
 3 SYSTEMPATH\Common.php(1134): CodeIgniter\View\View->render('datauser/data_mahasiswa/v_edit', [], true)
 4 APPPATH\Views\layout\v_content.php(4): view('datauser/data_mahasiswa/v_edit')
 5 SYSTEMPATH\View\View.php(213): include('APPPATH\\Views\\layout\\v_content.php')
 6 SYSTEMPATH\View\View.php(216): CodeIgniter\View\View->CodeIgniter\View\{closure}()
 7 SYSTEMPATH\Common.php(1134): CodeIgniter\View\View->render('layout/v_content', [], true)
 8 APPPATH\Views\layout\v_wrapper.php(6): view('layout/v_content')
 9 SYSTEMPATH\View\View.php(213): include('APPPATH\\Views\\layout\\v_wrapper.php')
10 SYSTEMPATH\View\View.php(216): CodeIgniter\View\View->CodeIgniter\View\{closure}()
11 SYSTEMPATH\Common.php(1134): CodeIgniter\View\View->render('layout/v_wrapper', [], true)
12 APPPATH\Controllers\Datamahasiswa.php(78): view('layout/v_wrapper', [...])
13 SYSTEMPATH\CodeIgniter.php(927): App\Controllers\Datamahasiswa->edit('1')
14 SYSTEMPATH\CodeIgniter.php(482): CodeIgniter\CodeIgniter->runController(Object(App\Controllers\Datamahasiswa))
15 SYSTEMPATH\CodeIgniter.php(351): CodeIgniter\CodeIgniter->handleRequest(null, Object(Config\Cache), false)
16 FCPATH\index.php(67): CodeIgniter\CodeIgniter->run()
CRITICAL - 2022-11-26 11:13:23 --> Undefined array key "kestatusmhs"
in APPPATH\Views\datauser\data_mahasiswa\v_list.php on line 232.
 1 APPPATH\Views\datauser\data_mahasiswa\v_list.php(232): CodeIgniter\Debug\Exceptions->errorHandler(2, 'Undefined array key "kestatusmhs"', 'APPPATH\\Views\\datauser\\data_mahasiswa\\v_list.php', 232)
 2 SYSTEMPATH\View\View.php(213): include('APPPATH\\Views\\datauser\\data_mahasiswa\\v_list.php')
 3 SYSTEMPATH\View\View.php(216): CodeIgniter\View\View->CodeIgniter\View\{closure}()
 4 SYSTEMPATH\Common.php(1134): CodeIgniter\View\View->render('datauser/data_mahasiswa/v_list', [], true)
 5 APPPATH\Views\layout\v_content.php(4): view('datauser/data_mahasiswa/v_list')
 6 SYSTEMPATH\View\View.php(213): include('APPPATH\\Views\\layout\\v_content.php')
 7 SYSTEMPATH\View\View.php(216): CodeIgniter\View\View->CodeIgniter\View\{closure}()
 8 SYSTEMPATH\Common.php(1134): CodeIgniter\View\View->render('layout/v_content', [], true)
 9 APPPATH\Views\layout\v_wrapper.php(6): view('layout/v_content')
10 SYSTEMPATH\View\View.php(213): include('APPPATH\\Views\\layout\\v_wrapper.php')
11 SYSTEMPATH\View\View.php(216): CodeIgniter\View\View->CodeIgniter\View\{closure}()
12 SYSTEMPATH\Common.php(1134): CodeIgniter\View\View->render('layout/v_wrapper', [], true)
13 APPPATH\Controllers\Datamahasiswa.php(22): view('layout/v_wrapper', [...])
14 SYSTEMPATH\CodeIgniter.php(927): App\Controllers\Datamahasiswa->index()
15 SYSTEMPATH\CodeIgniter.php(482): CodeIgniter\CodeIgniter->runController(Object(App\Controllers\Datamahasiswa))
16 SYSTEMPATH\CodeIgniter.php(351): CodeIgniter\CodeIgniter->handleRequest(null, Object(Config\Cache), false)
17 FCPATH\index.php(67): CodeIgniter\CodeIgniter->run()
CRITICAL - 2022-11-26 11:13:30 --> Undefined array key "kestatusmhs"
in APPPATH\Views\datauser\data_mahasiswa\v_list.php on line 232.
 1 APPPATH\Views\datauser\data_mahasiswa\v_list.php(232): CodeIgniter\Debug\Exceptions->errorHandler(2, 'Undefined array key "kestatusmhs"', 'APPPATH\\Views\\datauser\\data_mahasiswa\\v_list.php', 232)
 2 SYSTEMPATH\View\View.php(213): include('APPPATH\\Views\\datauser\\data_mahasiswa\\v_list.php')
 3 SYSTEMPATH\View\View.php(216): CodeIgniter\View\View->CodeIgniter\View\{closure}()
 4 SYSTEMPATH\Common.php(1134): CodeIgniter\View\View->render('datauser/data_mahasiswa/v_list', [], true)
 5 APPPATH\Views\layout\v_content.php(4): view('datauser/data_mahasiswa/v_list')
 6 SYSTEMPATH\View\View.php(213): include('APPPATH\\Views\\layout\\v_content.php')
 7 SYSTEMPATH\View\View.php(216): CodeIgniter\View\View->CodeIgniter\View\{closure}()
 8 SYSTEMPATH\Common.php(1134): CodeIgniter\View\View->render('layout/v_content', [], true)
 9 APPPATH\Views\layout\v_wrapper.php(6): view('layout/v_content')
10 SYSTEMPATH\View\View.php(213): include('APPPATH\\Views\\layout\\v_wrapper.php')
11 SYSTEMPATH\View\View.php(216): CodeIgniter\View\View->CodeIgniter\View\{closure}()
12 SYSTEMPATH\Common.php(1134): CodeIgniter\View\View->render('layout/v_wrapper', [], true)
13 APPPATH\Controllers\Datamahasiswa.php(22): view('layout/v_wrapper', [...])
14 SYSTEMPATH\CodeIgniter.php(927): App\Controllers\Datamahasiswa->index()
15 SYSTEMPATH\CodeIgniter.php(482): CodeIgniter\CodeIgniter->runController(Object(App\Controllers\Datamahasiswa))
16 SYSTEMPATH\CodeIgniter.php(351): CodeIgniter\CodeIgniter->handleRequest(null, Object(Config\Cache), false)
17 FCPATH\index.php(67): CodeIgniter\CodeIgniter->run()
CRITICAL - 2022-11-26 11:20:38 --> syntax error, unexpected variable "$value", expecting "," or ";"
in APPPATH\Views\datauser\data_mahasiswa\v_list.php on line 232.
 1 SYSTEMPATH\View\View.php(216): CodeIgniter\View\View->CodeIgniter\View\{closure}()
 2 SYSTEMPATH\Common.php(1134): CodeIgniter\View\View->render('datauser/data_mahasiswa/v_list', [], true)
 3 APPPATH\Views\layout\v_content.php(4): view('datauser/data_mahasiswa/v_list')
 4 SYSTEMPATH\View\View.php(213): include('APPPATH\\Views\\layout\\v_content.php')
 5 SYSTEMPATH\View\View.php(216): CodeIgniter\View\View->CodeIgniter\View\{closure}()
 6 SYSTEMPATH\Common.php(1134): CodeIgniter\View\View->render('layout/v_content', [], true)
 7 APPPATH\Views\layout\v_wrapper.php(6): view('layout/v_content')
 8 SYSTEMPATH\View\View.php(213): include('APPPATH\\Views\\layout\\v_wrapper.php')
 9 SYSTEMPATH\View\View.php(216): CodeIgniter\View\View->CodeIgniter\View\{closure}()
10 SYSTEMPATH\Common.php(1134): CodeIgniter\View\View->render('layout/v_wrapper', [], true)
11 APPPATH\Controllers\Datamahasiswa.php(22): view('layout/v_wrapper', [...])
12 SYSTEMPATH\CodeIgniter.php(927): App\Controllers\Datamahasiswa->index()
13 SYSTEMPATH\CodeIgniter.php(482): CodeIgniter\CodeIgniter->runController(Object(App\Controllers\Datamahasiswa))
14 SYSTEMPATH\CodeIgniter.php(351): CodeIgniter\CodeIgniter->handleRequest(null, Object(Config\Cache), false)
15 FCPATH\index.php(67): CodeIgniter\CodeIgniter->run()
CRITICAL - 2022-11-26 11:22:06 --> syntax error, unexpected variable "$value", expecting "," or ";"
in APPPATH\Views\datauser\data_mahasiswa\v_list.php on line 232.
 1 SYSTEMPATH\View\View.php(216): CodeIgniter\View\View->CodeIgniter\View\{closure}()
 2 SYSTEMPATH\Common.php(1134): CodeIgniter\View\View->render('datauser/data_mahasiswa/v_list', [], true)
 3 APPPATH\Views\layout\v_content.php(4): view('datauser/data_mahasiswa/v_list')
 4 SYSTEMPATH\View\View.php(213): include('APPPATH\\Views\\layout\\v_content.php')
 5 SYSTEMPATH\View\View.php(216): CodeIgniter\View\View->CodeIgniter\View\{closure}()
 6 SYSTEMPATH\Common.php(1134): CodeIgniter\View\View->render('layout/v_content', [], true)
 7 APPPATH\Views\layout\v_wrapper.php(6): view('layout/v_content')
 8 SYSTEMPATH\View\View.php(213): include('APPPATH\\Views\\layout\\v_wrapper.php')
 9 SYSTEMPATH\View\View.php(216): CodeIgniter\View\View->CodeIgniter\View\{closure}()
10 SYSTEMPATH\Common.php(1134): CodeIgniter\View\View->render('layout/v_wrapper', [], true)
11 APPPATH\Controllers\Datamahasiswa.php(22): view('layout/v_wrapper', [...])
12 SYSTEMPATH\CodeIgniter.php(927): App\Controllers\Datamahasiswa->index()
13 SYSTEMPATH\CodeIgniter.php(482): CodeIgniter\CodeIgniter->runController(Object(App\Controllers\Datamahasiswa))
14 SYSTEMPATH\CodeIgniter.php(351): CodeIgniter\CodeIgniter->handleRequest(null, Object(Config\Cache), false)
15 FCPATH\index.php(67): CodeIgniter\CodeIgniter->run()
ERROR - 2022-11-26 18:59:10 --> mysqli_sql_exception: Unknown column 'tbl_statusmhs.id_statusmhs' in 'on clause' in C:\xampp\htdocs\siakad_v1\system\Database\MySQLi\Connection.php:292
Stack trace:
#0 C:\xampp\htdocs\siakad_v1\system\Database\MySQLi\Connection.php(292): mysqli->query('SELECT *\nFROM `...', 0)
#1 C:\xampp\htdocs\siakad_v1\system\Database\BaseConnection.php(666): CodeIgniter\Database\MySQLi\Connection->execute('SELECT *\nFROM `...')
#2 C:\xampp\htdocs\siakad_v1\system\Database\BaseConnection.php(593): CodeIgniter\Database\BaseConnection->simpleQuery('SELECT *\nFROM `...')
#3 C:\xampp\htdocs\siakad_v1\system\Database\BaseBuilder.php(1585): CodeIgniter\Database\BaseConnection->query('SELECT *\nFROM `...', Array, false)
#4 C:\xampp\htdocs\siakad_v1\app\Models\ModelDatamahasiswa.php(13): CodeIgniter\Database\BaseBuilder->get()
#5 C:\xampp\htdocs\siakad_v1\app\Controllers\Datamahasiswa.php(19): App\Models\ModelDatamahasiswa->get_datamahasiswa()
#6 C:\xampp\htdocs\siakad_v1\system\CodeIgniter.php(927): App\Controllers\Datamahasiswa->index()
#7 C:\xampp\htdocs\siakad_v1\system\CodeIgniter.php(482): CodeIgniter\CodeIgniter->runController(Object(App\Controllers\Datamahasiswa))
#8 C:\xampp\htdocs\siakad_v1\system\CodeIgniter.php(351): CodeIgniter\CodeIgniter->handleRequest(NULL, Object(Config\Cache), false)
#9 C:\xampp\htdocs\siakad_v1\index.php(67): CodeIgniter\CodeIgniter->run()
#10 {main}
CRITICAL - 2022-11-26 18:59:10 --> Unknown column 'tbl_statusmhs.id_statusmhs' in 'on clause'
in SYSTEMPATH\Database\MySQLi\Connection.php on line 292.
 1 SYSTEMPATH\Database\MySQLi\Connection.php(292): mysqli->query('SELECT *
FROM `tbl_mahasiswa`
JOIN `tbl_statusmhs` ON `tbl_statusmhs`.`idstatusmhs` = `tbl_statusmhs`.`id_statusmhs`', 0)
 2 SYSTEMPATH\Database\BaseConnection.php(666): CodeIgniter\Database\MySQLi\Connection->execute('SELECT *
FROM `tbl_mahasiswa`
JOIN `tbl_statusmhs` ON `tbl_statusmhs`.`idstatusmhs` = `tbl_statusmhs`.`id_statusmhs`')
 3 SYSTEMPATH\Database\BaseConnection.php(593): CodeIgniter\Database\BaseConnection->simpleQuery('SELECT *
FROM `tbl_mahasiswa`
JOIN `tbl_statusmhs` ON `tbl_statusmhs`.`idstatusmhs` = `tbl_statusmhs`.`id_statusmhs`')
 4 SYSTEMPATH\Database\BaseBuilder.php(1585): CodeIgniter\Database\BaseConnection->query('SELECT *
FROM `tbl_mahasiswa`
JOIN `tbl_statusmhs` ON `tbl_statusmhs`.`idstatusmhs` = `tbl_statusmhs`.`id_statusmhs`', [], false)
 5 APPPATH\Models\ModelDatamahasiswa.php(13): CodeIgniter\Database\BaseBuilder->get()
 6 APPPATH\Controllers\Datamahasiswa.php(19): App\Models\ModelDatamahasiswa->get_datamahasiswa()
 7 SYSTEMPATH\CodeIgniter.php(927): App\Controllers\Datamahasiswa->index()
 8 SYSTEMPATH\CodeIgniter.php(482): CodeIgniter\CodeIgniter->runController(Object(App\Controllers\Datamahasiswa))
 9 SYSTEMPATH\CodeIgniter.php(351): CodeIgniter\CodeIgniter->handleRequest(null, Object(Config\Cache), false)
10 FCPATH\index.php(67): CodeIgniter\CodeIgniter->run()
CRITICAL - 2022-11-26 19:01:48 --> Undefined variable $datapegawai
in APPPATH\Views\datauser\data_mahasiswa\v_list.php on line 183.
 1 APPPATH\Views\datauser\data_mahasiswa\v_list.php(183): CodeIgniter\Debug\Exceptions->errorHandler(2, 'Undefined variable $datapegawai', 'APPPATH\\Views\\datauser\\data_mahasiswa\\v_list.php', 183)
 2 SYSTEMPATH\View\View.php(213): include('APPPATH\\Views\\datauser\\data_mahasiswa\\v_list.php')
 3 SYSTEMPATH\View\View.php(216): CodeIgniter\View\View->CodeIgniter\View\{closure}()
 4 SYSTEMPATH\Common.php(1134): CodeIgniter\View\View->render('datauser/data_mahasiswa/v_list', [], true)
 5 APPPATH\Views\layout\v_content.php(4): view('datauser/data_mahasiswa/v_list')
 6 SYSTEMPATH\View\View.php(213): include('APPPATH\\Views\\layout\\v_content.php')
 7 SYSTEMPATH\View\View.php(216): CodeIgniter\View\View->CodeIgniter\View\{closure}()
 8 SYSTEMPATH\Common.php(1134): CodeIgniter\View\View->render('layout/v_content', [], true)
 9 APPPATH\Views\layout\v_wrapper.php(6): view('layout/v_content')
10 SYSTEMPATH\View\View.php(213): include('APPPATH\\Views\\layout\\v_wrapper.php')
11 SYSTEMPATH\View\View.php(216): CodeIgniter\View\View->CodeIgniter\View\{closure}()
12 SYSTEMPATH\Common.php(1134): CodeIgniter\View\View->render('layout/v_wrapper', [], true)
13 APPPATH\Controllers\Datamahasiswa.php(22): view('layout/v_wrapper', [...])
14 SYSTEMPATH\CodeIgniter.php(927): App\Controllers\Datamahasiswa->index()
15 SYSTEMPATH\CodeIgniter.php(482): CodeIgniter\CodeIgniter->runController(Object(App\Controllers\Datamahasiswa))
16 SYSTEMPATH\CodeIgniter.php(351): CodeIgniter\CodeIgniter->handleRequest(null, Object(Config\Cache), false)
17 FCPATH\index.php(67): CodeIgniter\CodeIgniter->run()
CRITICAL - 2022-11-26 19:10:32 --> Undefined variable $datapegawai
in APPPATH\Views\datauser\data_mahasiswa\v_list.php on line 184.
 1 APPPATH\Views\datauser\data_mahasiswa\v_list.php(184): CodeIgniter\Debug\Exceptions->errorHandler(2, 'Undefined variable $datapegawai', 'APPPATH\\Views\\datauser\\data_mahasiswa\\v_list.php', 184)
 2 SYSTEMPATH\View\View.php(213): include('APPPATH\\Views\\datauser\\data_mahasiswa\\v_list.php')
 3 SYSTEMPATH\View\View.php(216): CodeIgniter\View\View->CodeIgniter\View\{closure}()
 4 SYSTEMPATH\Common.php(1134): CodeIgniter\View\View->render('datauser/data_mahasiswa/v_list', [], true)
 5 APPPATH\Views\layout\v_content.php(4): view('datauser/data_mahasiswa/v_list')
 6 SYSTEMPATH\View\View.php(213): include('APPPATH\\Views\\layout\\v_content.php')
 7 SYSTEMPATH\View\View.php(216): CodeIgniter\View\View->CodeIgniter\View\{closure}()
 8 SYSTEMPATH\Common.php(1134): CodeIgniter\View\View->render('layout/v_content', [], true)
 9 APPPATH\Views\layout\v_wrapper.php(6): view('layout/v_content')
10 SYSTEMPATH\View\View.php(213): include('APPPATH\\Views\\layout\\v_wrapper.php')
11 SYSTEMPATH\View\View.php(216): CodeIgniter\View\View->CodeIgniter\View\{closure}()
12 SYSTEMPATH\Common.php(1134): CodeIgniter\View\View->render('layout/v_wrapper', [], true)
13 APPPATH\Controllers\Datamahasiswa.php(22): view('layout/v_wrapper', [...])
14 SYSTEMPATH\CodeIgniter.php(927): App\Controllers\Datamahasiswa->index()
15 SYSTEMPATH\CodeIgniter.php(482): CodeIgniter\CodeIgniter->runController(Object(App\Controllers\Datamahasiswa))
16 SYSTEMPATH\CodeIgniter.php(351): CodeIgniter\CodeIgniter->handleRequest(null, Object(Config\Cache), false)
17 FCPATH\index.php(67): CodeIgniter\CodeIgniter->run()
CRITICAL - 2022-11-26 19:19:08 --> Undefined array key "ketstatusmhs"
in APPPATH\Views\datauser\data_mahasiswa\v_list.php on line 229.
 1 APPPATH\Views\datauser\data_mahasiswa\v_list.php(229): CodeIgniter\Debug\Exceptions->errorHandler(2, 'Undefined array key "ketstatusmhs"', 'APPPATH\\Views\\datauser\\data_mahasiswa\\v_list.php', 229)
 2 SYSTEMPATH\View\View.php(213): include('APPPATH\\Views\\datauser\\data_mahasiswa\\v_list.php')
 3 SYSTEMPATH\View\View.php(216): CodeIgniter\View\View->CodeIgniter\View\{closure}()
 4 SYSTEMPATH\Common.php(1134): CodeIgniter\View\View->render('datauser/data_mahasiswa/v_list', [], true)
 5 APPPATH\Views\layout\v_content.php(4): view('datauser/data_mahasiswa/v_list')
 6 SYSTEMPATH\View\View.php(213): include('APPPATH\\Views\\layout\\v_content.php')
 7 SYSTEMPATH\View\View.php(216): CodeIgniter\View\View->CodeIgniter\View\{closure}()
 8 SYSTEMPATH\Common.php(1134): CodeIgniter\View\View->render('layout/v_content', [], true)
 9 APPPATH\Views\layout\v_wrapper.php(6): view('layout/v_content')
10 SYSTEMPATH\View\View.php(213): include('APPPATH\\Views\\layout\\v_wrapper.php')
11 SYSTEMPATH\View\View.php(216): CodeIgniter\View\View->CodeIgniter\View\{closure}()
12 SYSTEMPATH\Common.php(1134): CodeIgniter\View\View->render('layout/v_wrapper', [], true)
13 APPPATH\Controllers\Datamahasiswa.php(22): view('layout/v_wrapper', [...])
14 SYSTEMPATH\CodeIgniter.php(927): App\Controllers\Datamahasiswa->index()
15 SYSTEMPATH\CodeIgniter.php(482): CodeIgniter\CodeIgniter->runController(Object(App\Controllers\Datamahasiswa))
16 SYSTEMPATH\CodeIgniter.php(351): CodeIgniter\CodeIgniter->handleRequest(null, Object(Config\Cache), false)
17 FCPATH\index.php(67): CodeIgniter\CodeIgniter->run()
