CRITICAL - 2022-11-18 05:30:11 --> Invalid file: v_cbt.php
in SYSTEMPATH\Exceptions\FrameworkException.php on line 33.
 1 SYSTEMPATH\View\View.php(201): CodeIgniter\Exceptions\FrameworkException::forInvalidFile('v_cbt.php')
 2 SYSTEMPATH\Common.php(1134): CodeIgniter\View\View->render('v_cbt', [], true)
 3 APPPATH\Views\cbt\v_content.php(4): view('v_cbt')
 4 SYSTEMPATH\View\View.php(213): include('APPPATH\\Views\\cbt\\v_content.php')
 5 SYSTEMPATH\View\View.php(216): CodeIgniter\View\View->CodeIgniter\View\{closure}()
 6 SYSTEMPATH\Common.php(1134): CodeIgniter\View\View->render('cbt/v_content', [], true)
 7 APPPATH\Views\cbt\v_wrapper.php(6): view('cbt/v_content')
 8 SYSTEMPATH\View\View.php(213): include('APPPATH\\Views\\cbt\\v_wrapper.php')
 9 SYSTEMPATH\View\View.php(216): CodeIgniter\View\View->CodeIgniter\View\{closure}()
10 SYSTEMPATH\Common.php(1134): CodeIgniter\View\View->render('cbt/v_wrapper', [], true)
11 APPPATH\Controllers\Cbt.php(13): view('cbt/v_wrapper', [...])
12 SYSTEMPATH\CodeIgniter.php(927): App\Controllers\Cbt->index()
13 SYSTEMPATH\CodeIgniter.php(482): CodeIgniter\CodeIgniter->runController(Object(App\Controllers\Cbt))
14 SYSTEMPATH\CodeIgniter.php(351): CodeIgniter\CodeIgniter->handleRequest(null, Object(Config\Cache), false)
15 FCPATH\index.php(67): CodeIgniter\CodeIgniter->run()
CRITICAL - 2022-11-18 05:30:11 --> Invalid file: v_cbt.php
in SYSTEMPATH\Exceptions\FrameworkException.php on line 33.
 1 SYSTEMPATH\View\View.php(201): CodeIgniter\Exceptions\FrameworkException::forInvalidFile('v_cbt.php')
 2 SYSTEMPATH\Common.php(1134): CodeIgniter\View\View->render('v_cbt', [], true)
 3 APPPATH\Views\cbt\v_content.php(4): view('v_cbt')
 4 SYSTEMPATH\View\View.php(213): include('APPPATH\\Views\\cbt\\v_content.php')
 5 SYSTEMPATH\View\View.php(216): CodeIgniter\View\View->CodeIgniter\View\{closure}()
 6 SYSTEMPATH\Common.php(1134): CodeIgniter\View\View->render('cbt/v_content', [], true)
 7 APPPATH\Views\cbt\v_wrapper.php(6): view('cbt/v_content')
 8 SYSTEMPATH\View\View.php(213): include('APPPATH\\Views\\cbt\\v_wrapper.php')
 9 SYSTEMPATH\View\View.php(216): CodeIgniter\View\View->CodeIgniter\View\{closure}()
10 SYSTEMPATH\Common.php(1134): CodeIgniter\View\View->render('cbt/v_wrapper', [], true)
11 APPPATH\Controllers\Cbt.php(13): view('cbt/v_wrapper', [...])
12 SYSTEMPATH\CodeIgniter.php(927): App\Controllers\Cbt->index()
13 SYSTEMPATH\CodeIgniter.php(482): CodeIgniter\CodeIgniter->runController(Object(App\Controllers\Cbt))
14 SYSTEMPATH\CodeIgniter.php(351): CodeIgniter\CodeIgniter->handleRequest(null, Object(Config\Cache), false)
15 FCPATH\index.php(67): CodeIgniter\CodeIgniter->run()
CRITICAL - 2022-11-18 05:30:18 --> Invalid file: v_cbt.php
in SYSTEMPATH\Exceptions\FrameworkException.php on line 33.
 1 SYSTEMPATH\View\View.php(201): CodeIgniter\Exceptions\FrameworkException::forInvalidFile('v_cbt.php')
 2 SYSTEMPATH\Common.php(1134): CodeIgniter\View\View->render('v_cbt', [], true)
 3 APPPATH\Views\cbt\v_content.php(4): view('v_cbt')
 4 SYSTEMPATH\View\View.php(213): include('APPPATH\\Views\\cbt\\v_content.php')
 5 SYSTEMPATH\View\View.php(216): CodeIgniter\View\View->CodeIgniter\View\{closure}()
 6 SYSTEMPATH\Common.php(1134): CodeIgniter\View\View->render('cbt/v_content', [], true)
 7 APPPATH\Views\cbt\v_wrapper.php(6): view('cbt/v_content')
 8 SYSTEMPATH\View\View.php(213): include('APPPATH\\Views\\cbt\\v_wrapper.php')
 9 SYSTEMPATH\View\View.php(216): CodeIgniter\View\View->CodeIgniter\View\{closure}()
10 SYSTEMPATH\Common.php(1134): CodeIgniter\View\View->render('cbt/v_wrapper', [], true)
11 APPPATH\Controllers\Cbt.php(13): view('cbt/v_wrapper', [...])
12 SYSTEMPATH\CodeIgniter.php(927): App\Controllers\Cbt->index()
13 SYSTEMPATH\CodeIgniter.php(482): CodeIgniter\CodeIgniter->runController(Object(App\Controllers\Cbt))
14 SYSTEMPATH\CodeIgniter.php(351): CodeIgniter\CodeIgniter->handleRequest(null, Object(Config\Cache), false)
15 FCPATH\index.php(67): CodeIgniter\CodeIgniter->run()
CRITICAL - 2022-11-18 21:01:04 --> Undefined variable $level
in APPPATH\Controllers\Auth.php on line 45.
 1 APPPATH\Controllers\Auth.php(45): CodeIgniter\Debug\Exceptions->errorHandler(2, 'Undefined variable $level', 'APPPATH\\Controllers\\Auth.php', 45)
 2 SYSTEMPATH\CodeIgniter.php(927): App\Controllers\Auth->login()
 3 SYSTEMPATH\CodeIgniter.php(482): CodeIgniter\CodeIgniter->runController(Object(App\Controllers\Auth))
 4 SYSTEMPATH\CodeIgniter.php(351): CodeIgniter\CodeIgniter->handleRequest(null, Object(Config\Cache), false)
 5 FCPATH\index.php(67): CodeIgniter\CodeIgniter->run()
CRITICAL - 2022-11-18 21:32:40 --> Too few arguments to function App\Models\Model_auth::login(), 2 passed in C:\xampp\htdocs\siakad_v1\app\Controllers\Auth.php on line 45 and exactly 3 expected
in APPPATH\Models\Model_auth.php on line 7.
 1 APPPATH\Controllers\Auth.php(45): App\Models\Model_auth->login('bhaktiragil@gmail.com', 'bhakti123')
 2 SYSTEMPATH\CodeIgniter.php(927): App\Controllers\Auth->login()
 3 SYSTEMPATH\CodeIgniter.php(482): CodeIgniter\CodeIgniter->runController(Object(App\Controllers\Auth))
 4 SYSTEMPATH\CodeIgniter.php(351): CodeIgniter\CodeIgniter->handleRequest(null, Object(Config\Cache), false)
 5 FCPATH\index.php(67): CodeIgniter\CodeIgniter->run()
