CRITICAL - 2024-05-21 03:18:25 --> Undefined variable $buku
in APPPATH\Views\data\master\technologysuite\v_list.php on line 38.
 1 APPPATH\Views\data\master\technologysuite\v_list.php(38): CodeIgniter\Debug\Exceptions->errorHandler(2, 'Undefined variable $buku', 'APPPATH\\Views\\data\\master\\technologysuite\\v_list.php', 38)
 2 SYSTEMPATH\View\View.php(213): include('APPPATH\\Views\\data\\master\\technologysuite\\v_list.php')
 3 SYSTEMPATH\View\View.php(216): CodeIgniter\View\View->CodeIgniter\View\{closure}()
 4 SYSTEMPATH\Common.php(1134): CodeIgniter\View\View->render('data/master/technologysuite/v_list', [], true)
 5 APPPATH\Views\layout\v_content.php(4): view('data/master/technologysuite/v_list')
 6 SYSTEMPATH\View\View.php(213): include('APPPATH\\Views\\layout\\v_content.php')
 7 SYSTEMPATH\View\View.php(216): CodeIgniter\View\View->CodeIgniter\View\{closure}()
 8 SYSTEMPATH\Common.php(1134): CodeIgniter\View\View->render('layout/v_content', [], true)
 9 APPPATH\Views\layout\v_wrapper.php(6): view('layout/v_content')
10 SYSTEMPATH\View\View.php(213): include('APPPATH\\Views\\layout\\v_wrapper.php')
11 SYSTEMPATH\View\View.php(216): CodeIgniter\View\View->CodeIgniter\View\{closure}()
12 SYSTEMPATH\Common.php(1134): CodeIgniter\View\View->render('layout/v_wrapper', [], true)
13 APPPATH\Controllers\technologysuite.php(34): view('layout/v_wrapper', [...])
14 SYSTEMPATH\CodeIgniter.php(927): App\Controllers\technologysuite->index()
15 SYSTEMPATH\CodeIgniter.php(482): CodeIgniter\CodeIgniter->runController(Object(App\Controllers\technologysuite))
16 SYSTEMPATH\CodeIgniter.php(351): CodeIgniter\CodeIgniter->handleRequest(null, Object(Config\Cache), false)
17 FCPATH\index.php(67): CodeIgniter\CodeIgniter->run()
CRITICAL - 2024-05-21 03:36:38 --> pagination is not a valid Pager template.
in SYSTEMPATH\Pager\Pager.php on line 120.
 1 SYSTEMPATH\Pager\Pager.php(120): CodeIgniter\Pager\Exceptions\PagerException::forInvalidTemplate('pagination')
 2 SYSTEMPATH\Pager\Pager.php(83): CodeIgniter\Pager\Pager->displayLinks('technologysuite', 'pagination')
 3 APPPATH\Views\data\master\technologysuite\v_list.php(68): CodeIgniter\Pager\Pager->links('technologysuite', 'pagination')
 4 SYSTEMPATH\View\View.php(213): include('APPPATH\\Views\\data\\master\\technologysuite\\v_list.php')
 5 SYSTEMPATH\View\View.php(216): CodeIgniter\View\View->CodeIgniter\View\{closure}()
 6 SYSTEMPATH\Common.php(1134): CodeIgniter\View\View->render('data/master/technologysuite/v_list', [], true)
 7 APPPATH\Views\layout\v_content.php(4): view('data/master/technologysuite/v_list')
 8 SYSTEMPATH\View\View.php(213): include('APPPATH\\Views\\layout\\v_content.php')
 9 SYSTEMPATH\View\View.php(216): CodeIgniter\View\View->CodeIgniter\View\{closure}()
10 SYSTEMPATH\Common.php(1134): CodeIgniter\View\View->render('layout/v_content', [], true)
11 APPPATH\Views\layout\v_wrapper.php(6): view('layout/v_content')
12 SYSTEMPATH\View\View.php(213): include('APPPATH\\Views\\layout\\v_wrapper.php')
13 SYSTEMPATH\View\View.php(216): CodeIgniter\View\View->CodeIgniter\View\{closure}()
14 SYSTEMPATH\Common.php(1134): CodeIgniter\View\View->render('layout/v_wrapper', [], true)
15 APPPATH\Controllers\technologysuite.php(34): view('layout/v_wrapper', [...])
16 SYSTEMPATH\CodeIgniter.php(927): App\Controllers\technologysuite->index()
17 SYSTEMPATH\CodeIgniter.php(482): CodeIgniter\CodeIgniter->runController(Object(App\Controllers\technologysuite))
18 SYSTEMPATH\CodeIgniter.php(351): CodeIgniter\CodeIgniter->handleRequest(null, Object(Config\Cache), false)
19 FCPATH\index.php(67): CodeIgniter\CodeIgniter->run()
CRITICAL - 2024-05-21 03:38:38 --> pagination is not a valid Pager template.
in SYSTEMPATH\Pager\Pager.php on line 120.
 1 SYSTEMPATH\Pager\Pager.php(120): CodeIgniter\Pager\Exceptions\PagerException::forInvalidTemplate('pagination')
 2 SYSTEMPATH\Pager\Pager.php(83): CodeIgniter\Pager\Pager->displayLinks('technologysuite', 'pagination')
 3 APPPATH\Views\data\master\technologysuite\v_list.php(68): CodeIgniter\Pager\Pager->links('technologysuite', 'pagination')
 4 SYSTEMPATH\View\View.php(213): include('APPPATH\\Views\\data\\master\\technologysuite\\v_list.php')
 5 SYSTEMPATH\View\View.php(216): CodeIgniter\View\View->CodeIgniter\View\{closure}()
 6 SYSTEMPATH\Common.php(1134): CodeIgniter\View\View->render('data/master/technologysuite/v_list', [], true)
 7 APPPATH\Views\layout\v_content.php(4): view('data/master/technologysuite/v_list')
 8 SYSTEMPATH\View\View.php(213): include('APPPATH\\Views\\layout\\v_content.php')
 9 SYSTEMPATH\View\View.php(216): CodeIgniter\View\View->CodeIgniter\View\{closure}()
10 SYSTEMPATH\Common.php(1134): CodeIgniter\View\View->render('layout/v_content', [], true)
11 APPPATH\Views\layout\v_wrapper.php(6): view('layout/v_content')
12 SYSTEMPATH\View\View.php(213): include('APPPATH\\Views\\layout\\v_wrapper.php')
13 SYSTEMPATH\View\View.php(216): CodeIgniter\View\View->CodeIgniter\View\{closure}()
14 SYSTEMPATH\Common.php(1134): CodeIgniter\View\View->render('layout/v_wrapper', [], true)
15 APPPATH\Controllers\technologysuite.php(34): view('layout/v_wrapper', [...])
16 SYSTEMPATH\CodeIgniter.php(927): App\Controllers\technologysuite->index()
17 SYSTEMPATH\CodeIgniter.php(482): CodeIgniter\CodeIgniter->runController(Object(App\Controllers\technologysuite))
18 SYSTEMPATH\CodeIgniter.php(351): CodeIgniter\CodeIgniter->handleRequest(null, Object(Config\Cache), false)
19 FCPATH\index.php(67): CodeIgniter\CodeIgniter->run()
CRITICAL - 2024-05-21 03:39:16 --> pagination is not a valid Pager template.
in SYSTEMPATH\Pager\Pager.php on line 120.
 1 SYSTEMPATH\Pager\Pager.php(120): CodeIgniter\Pager\Exceptions\PagerException::forInvalidTemplate('pagination')
 2 SYSTEMPATH\Pager\Pager.php(83): CodeIgniter\Pager\Pager->displayLinks('technologysuite', 'pagination')
 3 APPPATH\Views\data\master\technologysuite\v_list.php(68): CodeIgniter\Pager\Pager->links('technologysuite', 'pagination')
 4 SYSTEMPATH\View\View.php(213): include('APPPATH\\Views\\data\\master\\technologysuite\\v_list.php')
 5 SYSTEMPATH\View\View.php(216): CodeIgniter\View\View->CodeIgniter\View\{closure}()
 6 SYSTEMPATH\Common.php(1134): CodeIgniter\View\View->render('data/master/technologysuite/v_list', [], true)
 7 APPPATH\Views\layout\v_content.php(4): view('data/master/technologysuite/v_list')
 8 SYSTEMPATH\View\View.php(213): include('APPPATH\\Views\\layout\\v_content.php')
 9 SYSTEMPATH\View\View.php(216): CodeIgniter\View\View->CodeIgniter\View\{closure}()
10 SYSTEMPATH\Common.php(1134): CodeIgniter\View\View->render('layout/v_content', [], true)
11 APPPATH\Views\layout\v_wrapper.php(6): view('layout/v_content')
12 SYSTEMPATH\View\View.php(213): include('APPPATH\\Views\\layout\\v_wrapper.php')
13 SYSTEMPATH\View\View.php(216): CodeIgniter\View\View->CodeIgniter\View\{closure}()
14 SYSTEMPATH\Common.php(1134): CodeIgniter\View\View->render('layout/v_wrapper', [], true)
15 APPPATH\Controllers\technologysuite.php(34): view('layout/v_wrapper', [...])
16 SYSTEMPATH\CodeIgniter.php(927): App\Controllers\technologysuite->index()
17 SYSTEMPATH\CodeIgniter.php(482): CodeIgniter\CodeIgniter->runController(Object(App\Controllers\technologysuite))
18 SYSTEMPATH\CodeIgniter.php(351): CodeIgniter\CodeIgniter->handleRequest(null, Object(Config\Cache), false)
19 FCPATH\index.php(67): CodeIgniter\CodeIgniter->run()
CRITICAL - 2024-05-21 03:42:18 --> paging is not a valid Pager template.
in SYSTEMPATH\Pager\Pager.php on line 120.
 1 SYSTEMPATH\Pager\Pager.php(120): CodeIgniter\Pager\Exceptions\PagerException::forInvalidTemplate('paging')
 2 SYSTEMPATH\Pager\Pager.php(83): CodeIgniter\Pager\Pager->displayLinks('technologysuite', 'paging')
 3 APPPATH\Views\data\master\technologysuite\v_list.php(68): CodeIgniter\Pager\Pager->links('technologysuite', 'paging')
 4 SYSTEMPATH\View\View.php(213): include('APPPATH\\Views\\data\\master\\technologysuite\\v_list.php')
 5 SYSTEMPATH\View\View.php(216): CodeIgniter\View\View->CodeIgniter\View\{closure}()
 6 SYSTEMPATH\Common.php(1134): CodeIgniter\View\View->render('data/master/technologysuite/v_list', [], true)
 7 APPPATH\Views\layout\v_content.php(4): view('data/master/technologysuite/v_list')
 8 SYSTEMPATH\View\View.php(213): include('APPPATH\\Views\\layout\\v_content.php')
 9 SYSTEMPATH\View\View.php(216): CodeIgniter\View\View->CodeIgniter\View\{closure}()
10 SYSTEMPATH\Common.php(1134): CodeIgniter\View\View->render('layout/v_content', [], true)
11 APPPATH\Views\layout\v_wrapper.php(6): view('layout/v_content')
12 SYSTEMPATH\View\View.php(213): include('APPPATH\\Views\\layout\\v_wrapper.php')
13 SYSTEMPATH\View\View.php(216): CodeIgniter\View\View->CodeIgniter\View\{closure}()
14 SYSTEMPATH\Common.php(1134): CodeIgniter\View\View->render('layout/v_wrapper', [], true)
15 APPPATH\Controllers\technologysuite.php(34): view('layout/v_wrapper', [...])
16 SYSTEMPATH\CodeIgniter.php(927): App\Controllers\technologysuite->index()
17 SYSTEMPATH\CodeIgniter.php(482): CodeIgniter\CodeIgniter->runController(Object(App\Controllers\technologysuite))
18 SYSTEMPATH\CodeIgniter.php(351): CodeIgniter\CodeIgniter->handleRequest(null, Object(Config\Cache), false)
19 FCPATH\index.php(67): CodeIgniter\CodeIgniter->run()
ERROR - 2024-05-21 10:07:52 --> mysqli_sql_exception: Duplicate entry '1' for key 'PRIMARY' in C:\xampp\htdocs\Portofolio\system\Database\MySQLi\Connection.php:292
Stack trace:
#0 C:\xampp\htdocs\Portofolio\system\Database\MySQLi\Connection.php(292): mysqli->query('INSERT INTO `ab...', 0)
#1 C:\xampp\htdocs\Portofolio\system\Database\BaseConnection.php(666): CodeIgniter\Database\MySQLi\Connection->execute('INSERT INTO `ab...')
#2 C:\xampp\htdocs\Portofolio\system\Database\BaseConnection.php(593): CodeIgniter\Database\BaseConnection->simpleQuery('INSERT INTO `ab...')
#3 C:\xampp\htdocs\Portofolio\system\Database\BaseBuilder.php(1916): CodeIgniter\Database\BaseConnection->query('INSERT INTO `ab...', Array, false)
#4 C:\xampp\htdocs\Portofolio\app\Models\Model_about.php(19): CodeIgniter\Database\BaseBuilder->insert(Array)
#5 C:\xampp\htdocs\Portofolio\app\Controllers\About.php(59): App\Models\Model_about->insert_about(Array)
#6 C:\xampp\htdocs\Portofolio\system\CodeIgniter.php(927): App\Controllers\about->save()
#7 C:\xampp\htdocs\Portofolio\system\CodeIgniter.php(482): CodeIgniter\CodeIgniter->runController(Object(App\Controllers\about))
#8 C:\xampp\htdocs\Portofolio\system\CodeIgniter.php(351): CodeIgniter\CodeIgniter->handleRequest(NULL, Object(Config\Cache), false)
#9 C:\xampp\htdocs\Portofolio\index.php(67): CodeIgniter\CodeIgniter->run()
#10 {main}
CRITICAL - 2024-05-21 10:07:52 --> Duplicate entry '1' for key 'PRIMARY'
in SYSTEMPATH\Database\MySQLi\Connection.php on line 292.
 1 SYSTEMPATH\Database\MySQLi\Connection.php(292): mysqli->query('INSERT INTO `about` (`id_about`, `judul_about`, `link_youtube_about`, `quote_about`, `isi_about`, `ttd_about`) VALUES (\'1\', \'\', \'\', \'\', \'\', \'\')', 0)
 2 SYSTEMPATH\Database\BaseConnection.php(666): CodeIgniter\Database\MySQLi\Connection->execute('INSERT INTO `about` (`id_about`, `judul_about`, `link_youtube_about`, `quote_about`, `isi_about`, `ttd_about`) VALUES (\'1\', \'\', \'\', \'\', \'\', \'\')')
 3 SYSTEMPATH\Database\BaseConnection.php(593): CodeIgniter\Database\BaseConnection->simpleQuery('INSERT INTO `about` (`id_about`, `judul_about`, `link_youtube_about`, `quote_about`, `isi_about`, `ttd_about`) VALUES (\'1\', \'\', \'\', \'\', \'\', \'\')')
 4 SYSTEMPATH\Database\BaseBuilder.php(1916): CodeIgniter\Database\BaseConnection->query('INSERT INTO `about` (`id_about`, `judul_about`, `link_youtube_about`, `quote_about`, `isi_about`, `ttd_about`) VALUES (:id_about:, :judul_about:, :link_youtube_about:, :quote_about:, :isi_about:, :ttd_about:)', [...], false)
 5 APPPATH\Models\Model_about.php(19): CodeIgniter\Database\BaseBuilder->insert([...])
 6 APPPATH\Controllers\About.php(59): App\Models\Model_about->insert_about([...])
 7 SYSTEMPATH\CodeIgniter.php(927): App\Controllers\about->save()
 8 SYSTEMPATH\CodeIgniter.php(482): CodeIgniter\CodeIgniter->runController(Object(App\Controllers\about))
 9 SYSTEMPATH\CodeIgniter.php(351): CodeIgniter\CodeIgniter->handleRequest(null, Object(Config\Cache), false)
10 FCPATH\index.php(67): CodeIgniter\CodeIgniter->run()
ERROR - 2024-05-21 10:07:57 --> mysqli_sql_exception: Duplicate entry '1' for key 'PRIMARY' in C:\xampp\htdocs\Portofolio\system\Database\MySQLi\Connection.php:292
Stack trace:
#0 C:\xampp\htdocs\Portofolio\system\Database\MySQLi\Connection.php(292): mysqli->query('INSERT INTO `ab...', 0)
#1 C:\xampp\htdocs\Portofolio\system\Database\BaseConnection.php(666): CodeIgniter\Database\MySQLi\Connection->execute('INSERT INTO `ab...')
#2 C:\xampp\htdocs\Portofolio\system\Database\BaseConnection.php(593): CodeIgniter\Database\BaseConnection->simpleQuery('INSERT INTO `ab...')
#3 C:\xampp\htdocs\Portofolio\system\Database\BaseBuilder.php(1916): CodeIgniter\Database\BaseConnection->query('INSERT INTO `ab...', Array, false)
#4 C:\xampp\htdocs\Portofolio\app\Models\Model_about.php(19): CodeIgniter\Database\BaseBuilder->insert(Array)
#5 C:\xampp\htdocs\Portofolio\app\Controllers\About.php(59): App\Models\Model_about->insert_about(Array)
#6 C:\xampp\htdocs\Portofolio\system\CodeIgniter.php(927): App\Controllers\about->save()
#7 C:\xampp\htdocs\Portofolio\system\CodeIgniter.php(482): CodeIgniter\CodeIgniter->runController(Object(App\Controllers\about))
#8 C:\xampp\htdocs\Portofolio\system\CodeIgniter.php(351): CodeIgniter\CodeIgniter->handleRequest(NULL, Object(Config\Cache), false)
#9 C:\xampp\htdocs\Portofolio\index.php(67): CodeIgniter\CodeIgniter->run()
#10 {main}
CRITICAL - 2024-05-21 10:07:57 --> Duplicate entry '1' for key 'PRIMARY'
in SYSTEMPATH\Database\MySQLi\Connection.php on line 292.
 1 SYSTEMPATH\Database\MySQLi\Connection.php(292): mysqli->query('INSERT INTO `about` (`id_about`, `judul_about`, `link_youtube_about`, `quote_about`, `isi_about`, `ttd_about`) VALUES (\'1\', \'\', \'\', \'\', \'\', \'\')', 0)
 2 SYSTEMPATH\Database\BaseConnection.php(666): CodeIgniter\Database\MySQLi\Connection->execute('INSERT INTO `about` (`id_about`, `judul_about`, `link_youtube_about`, `quote_about`, `isi_about`, `ttd_about`) VALUES (\'1\', \'\', \'\', \'\', \'\', \'\')')
 3 SYSTEMPATH\Database\BaseConnection.php(593): CodeIgniter\Database\BaseConnection->simpleQuery('INSERT INTO `about` (`id_about`, `judul_about`, `link_youtube_about`, `quote_about`, `isi_about`, `ttd_about`) VALUES (\'1\', \'\', \'\', \'\', \'\', \'\')')
 4 SYSTEMPATH\Database\BaseBuilder.php(1916): CodeIgniter\Database\BaseConnection->query('INSERT INTO `about` (`id_about`, `judul_about`, `link_youtube_about`, `quote_about`, `isi_about`, `ttd_about`) VALUES (:id_about:, :judul_about:, :link_youtube_about:, :quote_about:, :isi_about:, :ttd_about:)', [...], false)
 5 APPPATH\Models\Model_about.php(19): CodeIgniter\Database\BaseBuilder->insert([...])
 6 APPPATH\Controllers\About.php(59): App\Models\Model_about->insert_about([...])
 7 SYSTEMPATH\CodeIgniter.php(927): App\Controllers\about->save()
 8 SYSTEMPATH\CodeIgniter.php(482): CodeIgniter\CodeIgniter->runController(Object(App\Controllers\about))
 9 SYSTEMPATH\CodeIgniter.php(351): CodeIgniter\CodeIgniter->handleRequest(null, Object(Config\Cache), false)
10 FCPATH\index.php(67): CodeIgniter\CodeIgniter->run()
CRITICAL - 2024-05-21 10:33:13 --> Undefined property: App\Controllers\achiev::$pager
in APPPATH\Controllers\Achiev.php on line 28.
 1 APPPATH\Controllers\Achiev.php(28): CodeIgniter\Debug\Exceptions->errorHandler(2, 'Undefined property: App\\Controllers\\achiev::$pager', 'APPPATH\\Controllers\\Achiev.php', 28)
 2 SYSTEMPATH\CodeIgniter.php(927): App\Controllers\achiev->index()
 3 SYSTEMPATH\CodeIgniter.php(482): CodeIgniter\CodeIgniter->runController(Object(App\Controllers\achiev))
 4 SYSTEMPATH\CodeIgniter.php(351): CodeIgniter\CodeIgniter->handleRequest(null, Object(Config\Cache), false)
 5 FCPATH\index.php(67): CodeIgniter\CodeIgniter->run()
CRITICAL - 2024-05-21 10:36:24 --> Undefined variable $technologysuite
in APPPATH\Views\data\master\achiev\v_list.php on line 33.
 1 APPPATH\Views\data\master\achiev\v_list.php(33): CodeIgniter\Debug\Exceptions->errorHandler(2, 'Undefined variable $technologysuite', 'APPPATH\\Views\\data\\master\\achiev\\v_list.php', 33)
 2 SYSTEMPATH\View\View.php(213): include('APPPATH\\Views\\data\\master\\achiev\\v_list.php')
 3 SYSTEMPATH\View\View.php(216): CodeIgniter\View\View->CodeIgniter\View\{closure}()
 4 SYSTEMPATH\Common.php(1134): CodeIgniter\View\View->render('data/master/achiev/v_list', [], true)
 5 APPPATH\Views\layout\v_content.php(4): view('data/master/achiev/v_list')
 6 SYSTEMPATH\View\View.php(213): include('APPPATH\\Views\\layout\\v_content.php')
 7 SYSTEMPATH\View\View.php(216): CodeIgniter\View\View->CodeIgniter\View\{closure}()
 8 SYSTEMPATH\Common.php(1134): CodeIgniter\View\View->render('layout/v_content', [], true)
 9 APPPATH\Views\layout\v_wrapper.php(6): view('layout/v_content')
10 SYSTEMPATH\View\View.php(213): include('APPPATH\\Views\\layout\\v_wrapper.php')
11 SYSTEMPATH\View\View.php(216): CodeIgniter\View\View->CodeIgniter\View\{closure}()
12 SYSTEMPATH\Common.php(1134): CodeIgniter\View\View->render('layout/v_wrapper', [], true)
13 APPPATH\Controllers\Achiev.php(33): view('layout/v_wrapper', [...])
14 SYSTEMPATH\CodeIgniter.php(927): App\Controllers\achiev->index()
15 SYSTEMPATH\CodeIgniter.php(482): CodeIgniter\CodeIgniter->runController(Object(App\Controllers\achiev))
16 SYSTEMPATH\CodeIgniter.php(351): CodeIgniter\CodeIgniter->handleRequest(null, Object(Config\Cache), false)
17 FCPATH\index.php(67): CodeIgniter\CodeIgniter->run()
ERROR - 2024-05-21 10:42:19 --> mysqli_sql_exception: Unknown column 'foto_achiev' in 'field list' in C:\xampp\htdocs\Portofolio\system\Database\MySQLi\Connection.php:292
Stack trace:
#0 C:\xampp\htdocs\Portofolio\system\Database\MySQLi\Connection.php(292): mysqli->query('INSERT INTO `ac...', 0)
#1 C:\xampp\htdocs\Portofolio\system\Database\BaseConnection.php(666): CodeIgniter\Database\MySQLi\Connection->execute('INSERT INTO `ac...')
#2 C:\xampp\htdocs\Portofolio\system\Database\BaseConnection.php(593): CodeIgniter\Database\BaseConnection->simpleQuery('INSERT INTO `ac...')
#3 C:\xampp\htdocs\Portofolio\system\Database\BaseBuilder.php(1916): CodeIgniter\Database\BaseConnection->query('INSERT INTO `ac...', Array, false)
#4 C:\xampp\htdocs\Portofolio\app\Models\Model_achiev.php(19): CodeIgniter\Database\BaseBuilder->insert(Array)
#5 C:\xampp\htdocs\Portofolio\app\Controllers\Achiev.php(62): App\Models\Model_achiev->insert_achiev(Array)
#6 C:\xampp\htdocs\Portofolio\system\CodeIgniter.php(927): App\Controllers\achiev->save()
#7 C:\xampp\htdocs\Portofolio\system\CodeIgniter.php(482): CodeIgniter\CodeIgniter->runController(Object(App\Controllers\achiev))
#8 C:\xampp\htdocs\Portofolio\system\CodeIgniter.php(351): CodeIgniter\CodeIgniter->handleRequest(NULL, Object(Config\Cache), false)
#9 C:\xampp\htdocs\Portofolio\index.php(67): CodeIgniter\CodeIgniter->run()
#10 {main}
CRITICAL - 2024-05-21 10:42:19 --> Unknown column 'foto_achiev' in 'field list'
in SYSTEMPATH\Database\MySQLi\Connection.php on line 292.
 1 SYSTEMPATH\Database\MySQLi\Connection.php(292): mysqli->query('INSERT INTO `achiev` (`id_achiev`, `foto_achiev`) VALUES (NULL, \'1716306139_132cee75f7c8186141a0.jpg\')', 0)
 2 SYSTEMPATH\Database\BaseConnection.php(666): CodeIgniter\Database\MySQLi\Connection->execute('INSERT INTO `achiev` (`id_achiev`, `foto_achiev`) VALUES (NULL, \'1716306139_132cee75f7c8186141a0.jpg\')')
 3 SYSTEMPATH\Database\BaseConnection.php(593): CodeIgniter\Database\BaseConnection->simpleQuery('INSERT INTO `achiev` (`id_achiev`, `foto_achiev`) VALUES (NULL, \'1716306139_132cee75f7c8186141a0.jpg\')')
 4 SYSTEMPATH\Database\BaseBuilder.php(1916): CodeIgniter\Database\BaseConnection->query('INSERT INTO `achiev` (`id_achiev`, `foto_achiev`) VALUES (:id_achiev:, :foto_achiev:)', [...], false)
 5 APPPATH\Models\Model_achiev.php(19): CodeIgniter\Database\BaseBuilder->insert([...])
 6 APPPATH\Controllers\Achiev.php(62): App\Models\Model_achiev->insert_achiev([...])
 7 SYSTEMPATH\CodeIgniter.php(927): App\Controllers\achiev->save()
 8 SYSTEMPATH\CodeIgniter.php(482): CodeIgniter\CodeIgniter->runController(Object(App\Controllers\achiev))
 9 SYSTEMPATH\CodeIgniter.php(351): CodeIgniter\CodeIgniter->handleRequest(null, Object(Config\Cache), false)
10 FCPATH\index.php(67): CodeIgniter\CodeIgniter->run()
ERROR - 2024-05-21 10:43:37 --> mysqli_sql_exception: Unknown column 'foto_achiev' in 'field list' in C:\xampp\htdocs\Portofolio\system\Database\MySQLi\Connection.php:292
Stack trace:
#0 C:\xampp\htdocs\Portofolio\system\Database\MySQLi\Connection.php(292): mysqli->query('INSERT INTO `ac...', 0)
#1 C:\xampp\htdocs\Portofolio\system\Database\BaseConnection.php(666): CodeIgniter\Database\MySQLi\Connection->execute('INSERT INTO `ac...')
#2 C:\xampp\htdocs\Portofolio\system\Database\BaseConnection.php(593): CodeIgniter\Database\BaseConnection->simpleQuery('INSERT INTO `ac...')
#3 C:\xampp\htdocs\Portofolio\system\Database\BaseBuilder.php(1916): CodeIgniter\Database\BaseConnection->query('INSERT INTO `ac...', Array, false)
#4 C:\xampp\htdocs\Portofolio\app\Models\Model_achiev.php(19): CodeIgniter\Database\BaseBuilder->insert(Array)
#5 C:\xampp\htdocs\Portofolio\app\Controllers\Achiev.php(62): App\Models\Model_achiev->insert_achiev(Array)
#6 C:\xampp\htdocs\Portofolio\system\CodeIgniter.php(927): App\Controllers\achiev->save()
#7 C:\xampp\htdocs\Portofolio\system\CodeIgniter.php(482): CodeIgniter\CodeIgniter->runController(Object(App\Controllers\achiev))
#8 C:\xampp\htdocs\Portofolio\system\CodeIgniter.php(351): CodeIgniter\CodeIgniter->handleRequest(NULL, Object(Config\Cache), false)
#9 C:\xampp\htdocs\Portofolio\index.php(67): CodeIgniter\CodeIgniter->run()
#10 {main}
CRITICAL - 2024-05-21 10:43:37 --> Unknown column 'foto_achiev' in 'field list'
in SYSTEMPATH\Database\MySQLi\Connection.php on line 292.
 1 SYSTEMPATH\Database\MySQLi\Connection.php(292): mysqli->query('INSERT INTO `achiev` (`id_achiev`, `foto_achiev`) VALUES (NULL, \'1716306217_4e35e63f2632376f6908.jpg\')', 0)
 2 SYSTEMPATH\Database\BaseConnection.php(666): CodeIgniter\Database\MySQLi\Connection->execute('INSERT INTO `achiev` (`id_achiev`, `foto_achiev`) VALUES (NULL, \'1716306217_4e35e63f2632376f6908.jpg\')')
 3 SYSTEMPATH\Database\BaseConnection.php(593): CodeIgniter\Database\BaseConnection->simpleQuery('INSERT INTO `achiev` (`id_achiev`, `foto_achiev`) VALUES (NULL, \'1716306217_4e35e63f2632376f6908.jpg\')')
 4 SYSTEMPATH\Database\BaseBuilder.php(1916): CodeIgniter\Database\BaseConnection->query('INSERT INTO `achiev` (`id_achiev`, `foto_achiev`) VALUES (:id_achiev:, :foto_achiev:)', [...], false)
 5 APPPATH\Models\Model_achiev.php(19): CodeIgniter\Database\BaseBuilder->insert([...])
 6 APPPATH\Controllers\Achiev.php(62): App\Models\Model_achiev->insert_achiev([...])
 7 SYSTEMPATH\CodeIgniter.php(927): App\Controllers\achiev->save()
 8 SYSTEMPATH\CodeIgniter.php(482): CodeIgniter\CodeIgniter->runController(Object(App\Controllers\achiev))
 9 SYSTEMPATH\CodeIgniter.php(351): CodeIgniter\CodeIgniter->handleRequest(null, Object(Config\Cache), false)
10 FCPATH\index.php(67): CodeIgniter\CodeIgniter->run()
ERROR - 2024-05-21 10:44:04 --> mysqli_sql_exception: Unknown column 'foto_achiev' in 'field list' in C:\xampp\htdocs\Portofolio\system\Database\MySQLi\Connection.php:292
Stack trace:
#0 C:\xampp\htdocs\Portofolio\system\Database\MySQLi\Connection.php(292): mysqli->query('INSERT INTO `ac...', 0)
#1 C:\xampp\htdocs\Portofolio\system\Database\BaseConnection.php(666): CodeIgniter\Database\MySQLi\Connection->execute('INSERT INTO `ac...')
#2 C:\xampp\htdocs\Portofolio\system\Database\BaseConnection.php(593): CodeIgniter\Database\BaseConnection->simpleQuery('INSERT INTO `ac...')
#3 C:\xampp\htdocs\Portofolio\system\Database\BaseBuilder.php(1916): CodeIgniter\Database\BaseConnection->query('INSERT INTO `ac...', Array, false)
#4 C:\xampp\htdocs\Portofolio\app\Models\Model_achiev.php(19): CodeIgniter\Database\BaseBuilder->insert(Array)
#5 C:\xampp\htdocs\Portofolio\app\Controllers\Achiev.php(62): App\Models\Model_achiev->insert_achiev(Array)
#6 C:\xampp\htdocs\Portofolio\system\CodeIgniter.php(927): App\Controllers\achiev->save()
#7 C:\xampp\htdocs\Portofolio\system\CodeIgniter.php(482): CodeIgniter\CodeIgniter->runController(Object(App\Controllers\achiev))
#8 C:\xampp\htdocs\Portofolio\system\CodeIgniter.php(351): CodeIgniter\CodeIgniter->handleRequest(NULL, Object(Config\Cache), false)
#9 C:\xampp\htdocs\Portofolio\index.php(67): CodeIgniter\CodeIgniter->run()
#10 {main}
CRITICAL - 2024-05-21 10:44:04 --> Unknown column 'foto_achiev' in 'field list'
in SYSTEMPATH\Database\MySQLi\Connection.php on line 292.
 1 SYSTEMPATH\Database\MySQLi\Connection.php(292): mysqli->query('INSERT INTO `achiev` (`id_achiev`, `foto_achiev`) VALUES (NULL, \'1716306244_8251f0dd58538879a73e.jpg\')', 0)
 2 SYSTEMPATH\Database\BaseConnection.php(666): CodeIgniter\Database\MySQLi\Connection->execute('INSERT INTO `achiev` (`id_achiev`, `foto_achiev`) VALUES (NULL, \'1716306244_8251f0dd58538879a73e.jpg\')')
 3 SYSTEMPATH\Database\BaseConnection.php(593): CodeIgniter\Database\BaseConnection->simpleQuery('INSERT INTO `achiev` (`id_achiev`, `foto_achiev`) VALUES (NULL, \'1716306244_8251f0dd58538879a73e.jpg\')')
 4 SYSTEMPATH\Database\BaseBuilder.php(1916): CodeIgniter\Database\BaseConnection->query('INSERT INTO `achiev` (`id_achiev`, `foto_achiev`) VALUES (:id_achiev:, :foto_achiev:)', [...], false)
 5 APPPATH\Models\Model_achiev.php(19): CodeIgniter\Database\BaseBuilder->insert([...])
 6 APPPATH\Controllers\Achiev.php(62): App\Models\Model_achiev->insert_achiev([...])
 7 SYSTEMPATH\CodeIgniter.php(927): App\Controllers\achiev->save()
 8 SYSTEMPATH\CodeIgniter.php(482): CodeIgniter\CodeIgniter->runController(Object(App\Controllers\achiev))
 9 SYSTEMPATH\CodeIgniter.php(351): CodeIgniter\CodeIgniter->handleRequest(null, Object(Config\Cache), false)
10 FCPATH\index.php(67): CodeIgniter\CodeIgniter->run()
ERROR - 2024-05-21 10:44:17 --> mysqli_sql_exception: Unknown column 'foto_achiev' in 'field list' in C:\xampp\htdocs\Portofolio\system\Database\MySQLi\Connection.php:292
Stack trace:
#0 C:\xampp\htdocs\Portofolio\system\Database\MySQLi\Connection.php(292): mysqli->query('INSERT INTO `ac...', 0)
#1 C:\xampp\htdocs\Portofolio\system\Database\BaseConnection.php(666): CodeIgniter\Database\MySQLi\Connection->execute('INSERT INTO `ac...')
#2 C:\xampp\htdocs\Portofolio\system\Database\BaseConnection.php(593): CodeIgniter\Database\BaseConnection->simpleQuery('INSERT INTO `ac...')
#3 C:\xampp\htdocs\Portofolio\system\Database\BaseBuilder.php(1916): CodeIgniter\Database\BaseConnection->query('INSERT INTO `ac...', Array, false)
#4 C:\xampp\htdocs\Portofolio\app\Models\Model_achiev.php(19): CodeIgniter\Database\BaseBuilder->insert(Array)
#5 C:\xampp\htdocs\Portofolio\app\Controllers\Achiev.php(62): App\Models\Model_achiev->insert_achiev(Array)
#6 C:\xampp\htdocs\Portofolio\system\CodeIgniter.php(927): App\Controllers\achiev->save()
#7 C:\xampp\htdocs\Portofolio\system\CodeIgniter.php(482): CodeIgniter\CodeIgniter->runController(Object(App\Controllers\achiev))
#8 C:\xampp\htdocs\Portofolio\system\CodeIgniter.php(351): CodeIgniter\CodeIgniter->handleRequest(NULL, Object(Config\Cache), false)
#9 C:\xampp\htdocs\Portofolio\index.php(67): CodeIgniter\CodeIgniter->run()
#10 {main}
CRITICAL - 2024-05-21 10:44:17 --> Unknown column 'foto_achiev' in 'field list'
in SYSTEMPATH\Database\MySQLi\Connection.php on line 292.
 1 SYSTEMPATH\Database\MySQLi\Connection.php(292): mysqli->query('INSERT INTO `achiev` (`id_achiev`, `foto_achiev`) VALUES (NULL, \'1716306257_f5ce614e3263006efbc5.jpg\')', 0)
 2 SYSTEMPATH\Database\BaseConnection.php(666): CodeIgniter\Database\MySQLi\Connection->execute('INSERT INTO `achiev` (`id_achiev`, `foto_achiev`) VALUES (NULL, \'1716306257_f5ce614e3263006efbc5.jpg\')')
 3 SYSTEMPATH\Database\BaseConnection.php(593): CodeIgniter\Database\BaseConnection->simpleQuery('INSERT INTO `achiev` (`id_achiev`, `foto_achiev`) VALUES (NULL, \'1716306257_f5ce614e3263006efbc5.jpg\')')
 4 SYSTEMPATH\Database\BaseBuilder.php(1916): CodeIgniter\Database\BaseConnection->query('INSERT INTO `achiev` (`id_achiev`, `foto_achiev`) VALUES (:id_achiev:, :foto_achiev:)', [...], false)
 5 APPPATH\Models\Model_achiev.php(19): CodeIgniter\Database\BaseBuilder->insert([...])
 6 APPPATH\Controllers\Achiev.php(62): App\Models\Model_achiev->insert_achiev([...])
 7 SYSTEMPATH\CodeIgniter.php(927): App\Controllers\achiev->save()
 8 SYSTEMPATH\CodeIgniter.php(482): CodeIgniter\CodeIgniter->runController(Object(App\Controllers\achiev))
 9 SYSTEMPATH\CodeIgniter.php(351): CodeIgniter\CodeIgniter->handleRequest(null, Object(Config\Cache), false)
10 FCPATH\index.php(67): CodeIgniter\CodeIgniter->run()
CRITICAL - 2024-05-21 10:44:52 --> Undefined array key "foto_achiev"
in APPPATH\Views\data\master\achiev\v_list.php on line 35.
 1 APPPATH\Views\data\master\achiev\v_list.php(35): CodeIgniter\Debug\Exceptions->errorHandler(2, 'Undefined array key "foto_achiev"', 'APPPATH\\Views\\data\\master\\achiev\\v_list.php', 35)
 2 SYSTEMPATH\View\View.php(213): include('APPPATH\\Views\\data\\master\\achiev\\v_list.php')
 3 SYSTEMPATH\View\View.php(216): CodeIgniter\View\View->CodeIgniter\View\{closure}()
 4 SYSTEMPATH\Common.php(1134): CodeIgniter\View\View->render('data/master/achiev/v_list', [], true)
 5 APPPATH\Views\layout\v_content.php(4): view('data/master/achiev/v_list')
 6 SYSTEMPATH\View\View.php(213): include('APPPATH\\Views\\layout\\v_content.php')
 7 SYSTEMPATH\View\View.php(216): CodeIgniter\View\View->CodeIgniter\View\{closure}()
 8 SYSTEMPATH\Common.php(1134): CodeIgniter\View\View->render('layout/v_content', [], true)
 9 APPPATH\Views\layout\v_wrapper.php(6): view('layout/v_content')
10 SYSTEMPATH\View\View.php(213): include('APPPATH\\Views\\layout\\v_wrapper.php')
11 SYSTEMPATH\View\View.php(216): CodeIgniter\View\View->CodeIgniter\View\{closure}()
12 SYSTEMPATH\Common.php(1134): CodeIgniter\View\View->render('layout/v_wrapper', [], true)
13 APPPATH\Controllers\Achiev.php(33): view('layout/v_wrapper', [...])
14 SYSTEMPATH\CodeIgniter.php(927): App\Controllers\achiev->index()
15 SYSTEMPATH\CodeIgniter.php(482): CodeIgniter\CodeIgniter->runController(Object(App\Controllers\achiev))
16 SYSTEMPATH\CodeIgniter.php(351): CodeIgniter\CodeIgniter->handleRequest(null, Object(Config\Cache), false)
17 FCPATH\index.php(67): CodeIgniter\CodeIgniter->run()
CRITICAL - 2024-05-21 10:45:45 --> Undefined array key "foto_achiev"
in APPPATH\Views\data\master\achiev\v_list.php on line 35.
 1 APPPATH\Views\data\master\achiev\v_list.php(35): CodeIgniter\Debug\Exceptions->errorHandler(2, 'Undefined array key "foto_achiev"', 'APPPATH\\Views\\data\\master\\achiev\\v_list.php', 35)
 2 SYSTEMPATH\View\View.php(213): include('APPPATH\\Views\\data\\master\\achiev\\v_list.php')
 3 SYSTEMPATH\View\View.php(216): CodeIgniter\View\View->CodeIgniter\View\{closure}()
 4 SYSTEMPATH\Common.php(1134): CodeIgniter\View\View->render('data/master/achiev/v_list', [], true)
 5 APPPATH\Views\layout\v_content.php(4): view('data/master/achiev/v_list')
 6 SYSTEMPATH\View\View.php(213): include('APPPATH\\Views\\layout\\v_content.php')
 7 SYSTEMPATH\View\View.php(216): CodeIgniter\View\View->CodeIgniter\View\{closure}()
 8 SYSTEMPATH\Common.php(1134): CodeIgniter\View\View->render('layout/v_content', [], true)
 9 APPPATH\Views\layout\v_wrapper.php(6): view('layout/v_content')
10 SYSTEMPATH\View\View.php(213): include('APPPATH\\Views\\layout\\v_wrapper.php')
11 SYSTEMPATH\View\View.php(216): CodeIgniter\View\View->CodeIgniter\View\{closure}()
12 SYSTEMPATH\Common.php(1134): CodeIgniter\View\View->render('layout/v_wrapper', [], true)
13 APPPATH\Controllers\Achiev.php(33): view('layout/v_wrapper', [...])
14 SYSTEMPATH\CodeIgniter.php(927): App\Controllers\achiev->index()
15 SYSTEMPATH\CodeIgniter.php(482): CodeIgniter\CodeIgniter->runController(Object(App\Controllers\achiev))
16 SYSTEMPATH\CodeIgniter.php(351): CodeIgniter\CodeIgniter->handleRequest(null, Object(Config\Cache), false)
17 FCPATH\index.php(67): CodeIgniter\CodeIgniter->run()
CRITICAL - 2024-05-21 10:45:53 --> Undefined array key "foto_achiev"
in APPPATH\Views\data\master\achiev\v_list.php on line 35.
 1 APPPATH\Views\data\master\achiev\v_list.php(35): CodeIgniter\Debug\Exceptions->errorHandler(2, 'Undefined array key "foto_achiev"', 'APPPATH\\Views\\data\\master\\achiev\\v_list.php', 35)
 2 SYSTEMPATH\View\View.php(213): include('APPPATH\\Views\\data\\master\\achiev\\v_list.php')
 3 SYSTEMPATH\View\View.php(216): CodeIgniter\View\View->CodeIgniter\View\{closure}()
 4 SYSTEMPATH\Common.php(1134): CodeIgniter\View\View->render('data/master/achiev/v_list', [], true)
 5 APPPATH\Views\layout\v_content.php(4): view('data/master/achiev/v_list')
 6 SYSTEMPATH\View\View.php(213): include('APPPATH\\Views\\layout\\v_content.php')
 7 SYSTEMPATH\View\View.php(216): CodeIgniter\View\View->CodeIgniter\View\{closure}()
 8 SYSTEMPATH\Common.php(1134): CodeIgniter\View\View->render('layout/v_content', [], true)
 9 APPPATH\Views\layout\v_wrapper.php(6): view('layout/v_content')
10 SYSTEMPATH\View\View.php(213): include('APPPATH\\Views\\layout\\v_wrapper.php')
11 SYSTEMPATH\View\View.php(216): CodeIgniter\View\View->CodeIgniter\View\{closure}()
12 SYSTEMPATH\Common.php(1134): CodeIgniter\View\View->render('layout/v_wrapper', [], true)
13 APPPATH\Controllers\Achiev.php(33): view('layout/v_wrapper', [...])
14 SYSTEMPATH\CodeIgniter.php(927): App\Controllers\achiev->index()
15 SYSTEMPATH\CodeIgniter.php(482): CodeIgniter\CodeIgniter->runController(Object(App\Controllers\achiev))
16 SYSTEMPATH\CodeIgniter.php(351): CodeIgniter\CodeIgniter->handleRequest(null, Object(Config\Cache), false)
17 FCPATH\index.php(67): CodeIgniter\CodeIgniter->run()
ERROR - 2024-05-21 10:59:27 --> mysqli_sql_exception: Duplicate entry '0' for key 'PRIMARY' in C:\xampp\htdocs\Portofolio\system\Database\MySQLi\Connection.php:292
Stack trace:
#0 C:\xampp\htdocs\Portofolio\system\Database\MySQLi\Connection.php(292): mysqli->query('UPDATE `achiev`...', 0)
#1 C:\xampp\htdocs\Portofolio\system\Database\BaseConnection.php(666): CodeIgniter\Database\MySQLi\Connection->execute('UPDATE `achiev`...')
#2 C:\xampp\htdocs\Portofolio\system\Database\BaseConnection.php(593): CodeIgniter\Database\BaseConnection->simpleQuery('UPDATE `achiev`...')
#3 C:\xampp\htdocs\Portofolio\system\Database\BaseBuilder.php(2079): CodeIgniter\Database\BaseConnection->query('UPDATE `achiev`...', Array, false)
#4 C:\xampp\htdocs\Portofolio\app\Models\Model_achiev.php(27): CodeIgniter\Database\BaseBuilder->update(Array, Array)
#5 C:\xampp\htdocs\Portofolio\app\Controllers\Achiev.php(105): App\Models\Model_achiev->update_achiev(Array, '11')
#6 C:\xampp\htdocs\Portofolio\system\CodeIgniter.php(927): App\Controllers\achiev->update('11')
#7 C:\xampp\htdocs\Portofolio\system\CodeIgniter.php(482): CodeIgniter\CodeIgniter->runController(Object(App\Controllers\achiev))
#8 C:\xampp\htdocs\Portofolio\system\CodeIgniter.php(351): CodeIgniter\CodeIgniter->handleRequest(NULL, Object(Config\Cache), false)
#9 C:\xampp\htdocs\Portofolio\index.php(67): CodeIgniter\CodeIgniter->run()
#10 {main}
CRITICAL - 2024-05-21 10:59:27 --> Duplicate entry '0' for key 'PRIMARY'
in SYSTEMPATH\Database\MySQLi\Connection.php on line 292.
 1 SYSTEMPATH\Database\MySQLi\Connection.php(292): mysqli->query('UPDATE `achiev` SET `id_achiev` = NULL, `foto_achiev` = \'1716307167_a50238e1e5c8c6e30989.jpg\'
WHERE `id_achiev` = \'11\'', 0)
 2 SYSTEMPATH\Database\BaseConnection.php(666): CodeIgniter\Database\MySQLi\Connection->execute('UPDATE `achiev` SET `id_achiev` = NULL, `foto_achiev` = \'1716307167_a50238e1e5c8c6e30989.jpg\'
WHERE `id_achiev` = \'11\'')
 3 SYSTEMPATH\Database\BaseConnection.php(593): CodeIgniter\Database\BaseConnection->simpleQuery('UPDATE `achiev` SET `id_achiev` = NULL, `foto_achiev` = \'1716307167_a50238e1e5c8c6e30989.jpg\'
WHERE `id_achiev` = \'11\'')
 4 SYSTEMPATH\Database\BaseBuilder.php(2079): CodeIgniter\Database\BaseConnection->query('UPDATE `achiev` SET `id_achiev` = :id_achiev:, `foto_achiev` = :foto_achiev:
WHERE `id_achiev` = :id_achiev.1:', [...], false)
 5 APPPATH\Models\Model_achiev.php(27): CodeIgniter\Database\BaseBuilder->update([...], [...])
 6 APPPATH\Controllers\Achiev.php(105): App\Models\Model_achiev->update_achiev([...], '11')
 7 SYSTEMPATH\CodeIgniter.php(927): App\Controllers\achiev->update('11')
 8 SYSTEMPATH\CodeIgniter.php(482): CodeIgniter\CodeIgniter->runController(Object(App\Controllers\achiev))
 9 SYSTEMPATH\CodeIgniter.php(351): CodeIgniter\CodeIgniter->handleRequest(null, Object(Config\Cache), false)
10 FCPATH\index.php(67): CodeIgniter\CodeIgniter->run()
ERROR - 2024-05-21 11:00:54 --> mysqli_sql_exception: Duplicate entry '0' for key 'PRIMARY' in C:\xampp\htdocs\Portofolio\system\Database\MySQLi\Connection.php:292
Stack trace:
#0 C:\xampp\htdocs\Portofolio\system\Database\MySQLi\Connection.php(292): mysqli->query('UPDATE `achiev`...', 0)
#1 C:\xampp\htdocs\Portofolio\system\Database\BaseConnection.php(666): CodeIgniter\Database\MySQLi\Connection->execute('UPDATE `achiev`...')
#2 C:\xampp\htdocs\Portofolio\system\Database\BaseConnection.php(593): CodeIgniter\Database\BaseConnection->simpleQuery('UPDATE `achiev`...')
#3 C:\xampp\htdocs\Portofolio\system\Database\BaseBuilder.php(2079): CodeIgniter\Database\BaseConnection->query('UPDATE `achiev`...', Array, false)
#4 C:\xampp\htdocs\Portofolio\app\Models\Model_achiev.php(27): CodeIgniter\Database\BaseBuilder->update(Array, Array)
#5 C:\xampp\htdocs\Portofolio\app\Controllers\Achiev.php(105): App\Models\Model_achiev->update_achiev(Array, '14')
#6 C:\xampp\htdocs\Portofolio\system\CodeIgniter.php(927): App\Controllers\achiev->update('14')
#7 C:\xampp\htdocs\Portofolio\system\CodeIgniter.php(482): CodeIgniter\CodeIgniter->runController(Object(App\Controllers\achiev))
#8 C:\xampp\htdocs\Portofolio\system\CodeIgniter.php(351): CodeIgniter\CodeIgniter->handleRequest(NULL, Object(Config\Cache), false)
#9 C:\xampp\htdocs\Portofolio\index.php(67): CodeIgniter\CodeIgniter->run()
#10 {main}
CRITICAL - 2024-05-21 11:00:54 --> Duplicate entry '0' for key 'PRIMARY'
in SYSTEMPATH\Database\MySQLi\Connection.php on line 292.
 1 SYSTEMPATH\Database\MySQLi\Connection.php(292): mysqli->query('UPDATE `achiev` SET `id_achiev` = NULL
WHERE `id_achiev` = \'14\'', 0)
 2 SYSTEMPATH\Database\BaseConnection.php(666): CodeIgniter\Database\MySQLi\Connection->execute('UPDATE `achiev` SET `id_achiev` = NULL
WHERE `id_achiev` = \'14\'')
 3 SYSTEMPATH\Database\BaseConnection.php(593): CodeIgniter\Database\BaseConnection->simpleQuery('UPDATE `achiev` SET `id_achiev` = NULL
WHERE `id_achiev` = \'14\'')
 4 SYSTEMPATH\Database\BaseBuilder.php(2079): CodeIgniter\Database\BaseConnection->query('UPDATE `achiev` SET `id_achiev` = :id_achiev:
WHERE `id_achiev` = :id_achiev.1:', [...], false)
 5 APPPATH\Models\Model_achiev.php(27): CodeIgniter\Database\BaseBuilder->update([...], [...])
 6 APPPATH\Controllers\Achiev.php(105): App\Models\Model_achiev->update_achiev([...], '14')
 7 SYSTEMPATH\CodeIgniter.php(927): App\Controllers\achiev->update('14')
 8 SYSTEMPATH\CodeIgniter.php(482): CodeIgniter\CodeIgniter->runController(Object(App\Controllers\achiev))
 9 SYSTEMPATH\CodeIgniter.php(351): CodeIgniter\CodeIgniter->handleRequest(null, Object(Config\Cache), false)
10 FCPATH\index.php(67): CodeIgniter\CodeIgniter->run()
CRITICAL - 2024-05-21 11:02:32 --> You must use the "set" method to update an entry.
in SYSTEMPATH\Database\BaseBuilder.php on line 2122.
 1 SYSTEMPATH\Database\BaseBuilder.php(2058): CodeIgniter\Database\BaseBuilder->validateUpdate()
 2 APPPATH\Models\Model_achiev.php(27): CodeIgniter\Database\BaseBuilder->update([], [...])
 3 APPPATH\Controllers\Achiev.php(103): App\Models\Model_achiev->update_achiev([], '14')
 4 SYSTEMPATH\CodeIgniter.php(927): App\Controllers\achiev->update('14')
 5 SYSTEMPATH\CodeIgniter.php(482): CodeIgniter\CodeIgniter->runController(Object(App\Controllers\achiev))
 6 SYSTEMPATH\CodeIgniter.php(351): CodeIgniter\CodeIgniter->handleRequest(null, Object(Config\Cache), false)
 7 FCPATH\index.php(67): CodeIgniter\CodeIgniter->run()
ERROR - 2024-05-21 11:03:52 --> mysqli_sql_exception: You have an error in your SQL syntax; check the manual that corresponds to your MariaDB server version for the right syntax to use near '0 = :0:
WHERE `id_achiev` = :id_achiev:' at line 1 in C:\xampp\htdocs\Portofolio\system\Database\MySQLi\Connection.php:292
Stack trace:
#0 C:\xampp\htdocs\Portofolio\system\Database\MySQLi\Connection.php(292): mysqli->query('UPDATE `achiev`...', 0)
#1 C:\xampp\htdocs\Portofolio\system\Database\BaseConnection.php(666): CodeIgniter\Database\MySQLi\Connection->execute('UPDATE `achiev`...')
#2 C:\xampp\htdocs\Portofolio\system\Database\BaseConnection.php(593): CodeIgniter\Database\BaseConnection->simpleQuery('UPDATE `achiev`...')
#3 C:\xampp\htdocs\Portofolio\system\Database\BaseBuilder.php(2079): CodeIgniter\Database\BaseConnection->query('UPDATE `achiev`...', Array, false)
#4 C:\xampp\htdocs\Portofolio\app\Models\Model_achiev.php(27): CodeIgniter\Database\BaseBuilder->update(Array, Array)
#5 C:\xampp\htdocs\Portofolio\app\Controllers\Achiev.php(105): App\Models\Model_achiev->update_achiev(Array, '14')
#6 C:\xampp\htdocs\Portofolio\system\CodeIgniter.php(927): App\Controllers\achiev->update('14')
#7 C:\xampp\htdocs\Portofolio\system\CodeIgniter.php(482): CodeIgniter\CodeIgniter->runController(Object(App\Controllers\achiev))
#8 C:\xampp\htdocs\Portofolio\system\CodeIgniter.php(351): CodeIgniter\CodeIgniter->handleRequest(NULL, Object(Config\Cache), false)
#9 C:\xampp\htdocs\Portofolio\index.php(67): CodeIgniter\CodeIgniter->run()
#10 {main}
CRITICAL - 2024-05-21 11:03:52 --> You have an error in your SQL syntax; check the manual that corresponds to your MariaDB server version for the right syntax to use near '0 = :0:
WHERE `id_achiev` = :id_achiev:' at line 1
in SYSTEMPATH\Database\MySQLi\Connection.php on line 292.
 1 SYSTEMPATH\Database\MySQLi\Connection.php(292): mysqli->query('UPDATE `achiev` SET 0 = :0:
WHERE `id_achiev` = :id_achiev:', 0)
 2 SYSTEMPATH\Database\BaseConnection.php(666): CodeIgniter\Database\MySQLi\Connection->execute('UPDATE `achiev` SET 0 = :0:
WHERE `id_achiev` = :id_achiev:')
 3 SYSTEMPATH\Database\BaseConnection.php(593): CodeIgniter\Database\BaseConnection->simpleQuery('UPDATE `achiev` SET 0 = :0:
WHERE `id_achiev` = :id_achiev:')
 4 SYSTEMPATH\Database\BaseBuilder.php(2079): CodeIgniter\Database\BaseConnection->query('UPDATE `achiev` SET 0 = :0:
WHERE `id_achiev` = :id_achiev:', [...], false)
 5 APPPATH\Models\Model_achiev.php(27): CodeIgniter\Database\BaseBuilder->update([...], [...])
 6 APPPATH\Controllers\Achiev.php(105): App\Models\Model_achiev->update_achiev([...], '14')
 7 SYSTEMPATH\CodeIgniter.php(927): App\Controllers\achiev->update('14')
 8 SYSTEMPATH\CodeIgniter.php(482): CodeIgniter\CodeIgniter->runController(Object(App\Controllers\achiev))
 9 SYSTEMPATH\CodeIgniter.php(351): CodeIgniter\CodeIgniter->handleRequest(null, Object(Config\Cache), false)
10 FCPATH\index.php(67): CodeIgniter\CodeIgniter->run()
ERROR - 2024-05-21 11:41:20 --> mysqli_sql_exception: Column 'prodi_education' cannot be null in C:\xampp\htdocs\Portofolio\system\Database\MySQLi\Connection.php:292
Stack trace:
#0 C:\xampp\htdocs\Portofolio\system\Database\MySQLi\Connection.php(292): mysqli->query('INSERT INTO `ed...', 0)
#1 C:\xampp\htdocs\Portofolio\system\Database\BaseConnection.php(666): CodeIgniter\Database\MySQLi\Connection->execute('INSERT INTO `ed...')
#2 C:\xampp\htdocs\Portofolio\system\Database\BaseConnection.php(593): CodeIgniter\Database\BaseConnection->simpleQuery('INSERT INTO `ed...')
#3 C:\xampp\htdocs\Portofolio\system\Database\BaseBuilder.php(1916): CodeIgniter\Database\BaseConnection->query('INSERT INTO `ed...', Array, false)
#4 C:\xampp\htdocs\Portofolio\app\Models\Model_education.php(19): CodeIgniter\Database\BaseBuilder->insert(Array)
#5 C:\xampp\htdocs\Portofolio\app\Controllers\Education.php(67): App\Models\Model_education->insert_education(Array)
#6 C:\xampp\htdocs\Portofolio\system\CodeIgniter.php(927): App\Controllers\education->save()
#7 C:\xampp\htdocs\Portofolio\system\CodeIgniter.php(482): CodeIgniter\CodeIgniter->runController(Object(App\Controllers\education))
#8 C:\xampp\htdocs\Portofolio\system\CodeIgniter.php(351): CodeIgniter\CodeIgniter->handleRequest(NULL, Object(Config\Cache), false)
#9 C:\xampp\htdocs\Portofolio\index.php(67): CodeIgniter\CodeIgniter->run()
#10 {main}
CRITICAL - 2024-05-21 11:41:20 --> Column 'prodi_education' cannot be null
in SYSTEMPATH\Database\MySQLi\Connection.php on line 292.
 1 SYSTEMPATH\Database\MySQLi\Connection.php(292): mysqli->query('INSERT INTO `education` (`id_education`, `nama_instansi_education`, `prodi_education`, `keterangan_education`) VALUES (NULL, \'Universitas Prabumulih\', NULL, \'Saya adalah Lulusan Terbaik Ahli Madya Komputerisasi Akuntansi dari Universitas Prabumulih dengan pengalaman profesional di bidang administrasi dan manajemen data. Saya memiliki keahlian dan pengetahuan luas dalam pemrograman, praktik akuntansi, manajemen dan analisis data, manajemen dokumen dan arsip, serta penyusunan laporan keuangan. Dengan latar belakang ini, saya siap berkontribusi secara signifikan dalam mendukung dan mengoptimalkan proses bisnis perusahaan Anda\')', 0)
 2 SYSTEMPATH\Database\BaseConnection.php(666): CodeIgniter\Database\MySQLi\Connection->execute('INSERT INTO `education` (`id_education`, `nama_instansi_education`, `prodi_education`, `keterangan_education`) VALUES (NULL, \'Universitas Prabumulih\', NULL, \'Saya adalah Lulusan Terbaik Ahli Madya Komputerisasi Akuntansi dari Universitas Prabumulih dengan pengalaman profesional di bidang administrasi dan manajemen data. Saya memiliki keahlian dan pengetahuan luas dalam pemrograman, praktik akuntansi, manajemen dan analisis data, manajemen dokumen dan arsip, serta penyusunan laporan keuangan. Dengan latar belakang ini, saya siap berkontribusi secara signifikan dalam mendukung dan mengoptimalkan proses bisnis perusahaan Anda\')')
 3 SYSTEMPATH\Database\BaseConnection.php(593): CodeIgniter\Database\BaseConnection->simpleQuery('INSERT INTO `education` (`id_education`, `nama_instansi_education`, `prodi_education`, `keterangan_education`) VALUES (NULL, \'Universitas Prabumulih\', NULL, \'Saya adalah Lulusan Terbaik Ahli Madya Komputerisasi Akuntansi dari Universitas Prabumulih dengan pengalaman profesional di bidang administrasi dan manajemen data. Saya memiliki keahlian dan pengetahuan luas dalam pemrograman, praktik akuntansi, manajemen dan analisis data, manajemen dokumen dan arsip, serta penyusunan laporan keuangan. Dengan latar belakang ini, saya siap berkontribusi secara signifikan dalam mendukung dan mengoptimalkan proses bisnis perusahaan Anda\')')
 4 SYSTEMPATH\Database\BaseBuilder.php(1916): CodeIgniter\Database\BaseConnection->query('INSERT INTO `education` (`id_education`, `nama_instansi_education`, `prodi_education`, `keterangan_education`) VALUES (:id_education:, :nama_instansi_education:, :prodi_education:, :keterangan_education:)', [...], false)
 5 APPPATH\Models\Model_education.php(19): CodeIgniter\Database\BaseBuilder->insert([...])
 6 APPPATH\Controllers\Education.php(67): App\Models\Model_education->insert_education([...])
 7 SYSTEMPATH\CodeIgniter.php(927): App\Controllers\education->save()
 8 SYSTEMPATH\CodeIgniter.php(482): CodeIgniter\CodeIgniter->runController(Object(App\Controllers\education))
 9 SYSTEMPATH\CodeIgniter.php(351): CodeIgniter\CodeIgniter->handleRequest(null, Object(Config\Cache), false)
10 FCPATH\index.php(67): CodeIgniter\CodeIgniter->run()
ERROR - 2024-05-21 11:42:06 --> mysqli_sql_exception: Unknown column 'prodi_instansi_education' in 'field list' in C:\xampp\htdocs\Portofolio\system\Database\MySQLi\Connection.php:292
Stack trace:
#0 C:\xampp\htdocs\Portofolio\system\Database\MySQLi\Connection.php(292): mysqli->query('INSERT INTO `ed...', 0)
#1 C:\xampp\htdocs\Portofolio\system\Database\BaseConnection.php(666): CodeIgniter\Database\MySQLi\Connection->execute('INSERT INTO `ed...')
#2 C:\xampp\htdocs\Portofolio\system\Database\BaseConnection.php(593): CodeIgniter\Database\BaseConnection->simpleQuery('INSERT INTO `ed...')
#3 C:\xampp\htdocs\Portofolio\system\Database\BaseBuilder.php(1916): CodeIgniter\Database\BaseConnection->query('INSERT INTO `ed...', Array, false)
#4 C:\xampp\htdocs\Portofolio\app\Models\Model_education.php(19): CodeIgniter\Database\BaseBuilder->insert(Array)
#5 C:\xampp\htdocs\Portofolio\app\Controllers\Education.php(67): App\Models\Model_education->insert_education(Array)
#6 C:\xampp\htdocs\Portofolio\system\CodeIgniter.php(927): App\Controllers\education->save()
#7 C:\xampp\htdocs\Portofolio\system\CodeIgniter.php(482): CodeIgniter\CodeIgniter->runController(Object(App\Controllers\education))
#8 C:\xampp\htdocs\Portofolio\system\CodeIgniter.php(351): CodeIgniter\CodeIgniter->handleRequest(NULL, Object(Config\Cache), false)
#9 C:\xampp\htdocs\Portofolio\index.php(67): CodeIgniter\CodeIgniter->run()
#10 {main}
CRITICAL - 2024-05-21 11:42:06 --> Unknown column 'prodi_instansi_education' in 'field list'
in SYSTEMPATH\Database\MySQLi\Connection.php on line 292.
 1 SYSTEMPATH\Database\MySQLi\Connection.php(292): mysqli->query('INSERT INTO `education` (`id_education`, `nama_instansi_education`, `prodi_instansi_education`, `keterangan_education`) VALUES (NULL, \'Universitas Prabumulih\', \'Komputerisasi Akuntansi\', \'Saya adalah Lulusan Terbaik Ahli Madya Komputerisasi Akuntansi dari Universitas Prabumulih dengan pengalaman profesional di bidang administrasi dan manajemen data. Saya memiliki keahlian dan pengetahuan luas dalam pemrograman, praktik akuntansi, manajemen dan analisis data, manajemen dokumen dan arsip, serta penyusunan laporan keuangan. Dengan latar belakang ini, saya siap berkontribusi secara signifikan dalam mendukung dan mengoptimalkan proses bisnis perusahaan Anda\')', 0)
 2 SYSTEMPATH\Database\BaseConnection.php(666): CodeIgniter\Database\MySQLi\Connection->execute('INSERT INTO `education` (`id_education`, `nama_instansi_education`, `prodi_instansi_education`, `keterangan_education`) VALUES (NULL, \'Universitas Prabumulih\', \'Komputerisasi Akuntansi\', \'Saya adalah Lulusan Terbaik Ahli Madya Komputerisasi Akuntansi dari Universitas Prabumulih dengan pengalaman profesional di bidang administrasi dan manajemen data. Saya memiliki keahlian dan pengetahuan luas dalam pemrograman, praktik akuntansi, manajemen dan analisis data, manajemen dokumen dan arsip, serta penyusunan laporan keuangan. Dengan latar belakang ini, saya siap berkontribusi secara signifikan dalam mendukung dan mengoptimalkan proses bisnis perusahaan Anda\')')
 3 SYSTEMPATH\Database\BaseConnection.php(593): CodeIgniter\Database\BaseConnection->simpleQuery('INSERT INTO `education` (`id_education`, `nama_instansi_education`, `prodi_instansi_education`, `keterangan_education`) VALUES (NULL, \'Universitas Prabumulih\', \'Komputerisasi Akuntansi\', \'Saya adalah Lulusan Terbaik Ahli Madya Komputerisasi Akuntansi dari Universitas Prabumulih dengan pengalaman profesional di bidang administrasi dan manajemen data. Saya memiliki keahlian dan pengetahuan luas dalam pemrograman, praktik akuntansi, manajemen dan analisis data, manajemen dokumen dan arsip, serta penyusunan laporan keuangan. Dengan latar belakang ini, saya siap berkontribusi secara signifikan dalam mendukung dan mengoptimalkan proses bisnis perusahaan Anda\')')
 4 SYSTEMPATH\Database\BaseBuilder.php(1916): CodeIgniter\Database\BaseConnection->query('INSERT INTO `education` (`id_education`, `nama_instansi_education`, `prodi_instansi_education`, `keterangan_education`) VALUES (:id_education:, :nama_instansi_education:, :prodi_instansi_education:, :keterangan_education:)', [...], false)
 5 APPPATH\Models\Model_education.php(19): CodeIgniter\Database\BaseBuilder->insert([...])
 6 APPPATH\Controllers\Education.php(67): App\Models\Model_education->insert_education([...])
 7 SYSTEMPATH\CodeIgniter.php(927): App\Controllers\education->save()
 8 SYSTEMPATH\CodeIgniter.php(482): CodeIgniter\CodeIgniter->runController(Object(App\Controllers\education))
 9 SYSTEMPATH\CodeIgniter.php(351): CodeIgniter\CodeIgniter->handleRequest(null, Object(Config\Cache), false)
10 FCPATH\index.php(67): CodeIgniter\CodeIgniter->run()
ERROR - 2024-05-21 11:43:09 --> mysqli_sql_exception: Column 'prodi_education' cannot be null in C:\xampp\htdocs\Portofolio\system\Database\MySQLi\Connection.php:292
Stack trace:
#0 C:\xampp\htdocs\Portofolio\system\Database\MySQLi\Connection.php(292): mysqli->query('INSERT INTO `ed...', 0)
#1 C:\xampp\htdocs\Portofolio\system\Database\BaseConnection.php(666): CodeIgniter\Database\MySQLi\Connection->execute('INSERT INTO `ed...')
#2 C:\xampp\htdocs\Portofolio\system\Database\BaseConnection.php(593): CodeIgniter\Database\BaseConnection->simpleQuery('INSERT INTO `ed...')
#3 C:\xampp\htdocs\Portofolio\system\Database\BaseBuilder.php(1916): CodeIgniter\Database\BaseConnection->query('INSERT INTO `ed...', Array, false)
#4 C:\xampp\htdocs\Portofolio\app\Models\Model_education.php(19): CodeIgniter\Database\BaseBuilder->insert(Array)
#5 C:\xampp\htdocs\Portofolio\app\Controllers\Education.php(67): App\Models\Model_education->insert_education(Array)
#6 C:\xampp\htdocs\Portofolio\system\CodeIgniter.php(927): App\Controllers\education->save()
#7 C:\xampp\htdocs\Portofolio\system\CodeIgniter.php(482): CodeIgniter\CodeIgniter->runController(Object(App\Controllers\education))
#8 C:\xampp\htdocs\Portofolio\system\CodeIgniter.php(351): CodeIgniter\CodeIgniter->handleRequest(NULL, Object(Config\Cache), false)
#9 C:\xampp\htdocs\Portofolio\index.php(67): CodeIgniter\CodeIgniter->run()
#10 {main}
CRITICAL - 2024-05-21 11:43:09 --> Column 'prodi_education' cannot be null
in SYSTEMPATH\Database\MySQLi\Connection.php on line 292.
 1 SYSTEMPATH\Database\MySQLi\Connection.php(292): mysqli->query('INSERT INTO `education` (`id_education`, `nama_instansi_education`, `prodi_education`, `keterangan_education`) VALUES (NULL, \'Universitas Prabumulih\', NULL, \'Saya adalah Lulusan Terbaik Ahli Madya Komputerisasi Akuntansi dari Universitas Prabumulih dengan pengalaman profesional di bidang administrasi dan manajemen data. Saya memiliki keahlian dan pengetahuan luas dalam pemrograman, praktik akuntansi, manajemen dan analisis data, manajemen dokumen dan arsip, serta penyusunan laporan keuangan. Dengan latar belakang ini, saya siap berkontribusi secara signifikan dalam mendukung dan mengoptimalkan proses bisnis perusahaan Anda\')', 0)
 2 SYSTEMPATH\Database\BaseConnection.php(666): CodeIgniter\Database\MySQLi\Connection->execute('INSERT INTO `education` (`id_education`, `nama_instansi_education`, `prodi_education`, `keterangan_education`) VALUES (NULL, \'Universitas Prabumulih\', NULL, \'Saya adalah Lulusan Terbaik Ahli Madya Komputerisasi Akuntansi dari Universitas Prabumulih dengan pengalaman profesional di bidang administrasi dan manajemen data. Saya memiliki keahlian dan pengetahuan luas dalam pemrograman, praktik akuntansi, manajemen dan analisis data, manajemen dokumen dan arsip, serta penyusunan laporan keuangan. Dengan latar belakang ini, saya siap berkontribusi secara signifikan dalam mendukung dan mengoptimalkan proses bisnis perusahaan Anda\')')
 3 SYSTEMPATH\Database\BaseConnection.php(593): CodeIgniter\Database\BaseConnection->simpleQuery('INSERT INTO `education` (`id_education`, `nama_instansi_education`, `prodi_education`, `keterangan_education`) VALUES (NULL, \'Universitas Prabumulih\', NULL, \'Saya adalah Lulusan Terbaik Ahli Madya Komputerisasi Akuntansi dari Universitas Prabumulih dengan pengalaman profesional di bidang administrasi dan manajemen data. Saya memiliki keahlian dan pengetahuan luas dalam pemrograman, praktik akuntansi, manajemen dan analisis data, manajemen dokumen dan arsip, serta penyusunan laporan keuangan. Dengan latar belakang ini, saya siap berkontribusi secara signifikan dalam mendukung dan mengoptimalkan proses bisnis perusahaan Anda\')')
 4 SYSTEMPATH\Database\BaseBuilder.php(1916): CodeIgniter\Database\BaseConnection->query('INSERT INTO `education` (`id_education`, `nama_instansi_education`, `prodi_education`, `keterangan_education`) VALUES (:id_education:, :nama_instansi_education:, :prodi_education:, :keterangan_education:)', [...], false)
 5 APPPATH\Models\Model_education.php(19): CodeIgniter\Database\BaseBuilder->insert([...])
 6 APPPATH\Controllers\Education.php(67): App\Models\Model_education->insert_education([...])
 7 SYSTEMPATH\CodeIgniter.php(927): App\Controllers\education->save()
 8 SYSTEMPATH\CodeIgniter.php(482): CodeIgniter\CodeIgniter->runController(Object(App\Controllers\education))
 9 SYSTEMPATH\CodeIgniter.php(351): CodeIgniter\CodeIgniter->handleRequest(null, Object(Config\Cache), false)
10 FCPATH\index.php(67): CodeIgniter\CodeIgniter->run()
CRITICAL - 2024-05-21 11:43:21 --> Undefined array key "logo_education"
in APPPATH\Views\data\master\education\v_list.php on line 41.
 1 APPPATH\Views\data\master\education\v_list.php(41): CodeIgniter\Debug\Exceptions->errorHandler(2, 'Undefined array key "logo_education"', 'APPPATH\\Views\\data\\master\\education\\v_list.php', 41)
 2 SYSTEMPATH\View\View.php(213): include('APPPATH\\Views\\data\\master\\education\\v_list.php')
 3 SYSTEMPATH\View\View.php(216): CodeIgniter\View\View->CodeIgniter\View\{closure}()
 4 SYSTEMPATH\Common.php(1134): CodeIgniter\View\View->render('data/master/education/v_list', [], true)
 5 APPPATH\Views\layout\v_content.php(4): view('data/master/education/v_list')
 6 SYSTEMPATH\View\View.php(213): include('APPPATH\\Views\\layout\\v_content.php')
 7 SYSTEMPATH\View\View.php(216): CodeIgniter\View\View->CodeIgniter\View\{closure}()
 8 SYSTEMPATH\Common.php(1134): CodeIgniter\View\View->render('layout/v_content', [], true)
 9 APPPATH\Views\layout\v_wrapper.php(6): view('layout/v_content')
10 SYSTEMPATH\View\View.php(213): include('APPPATH\\Views\\layout\\v_wrapper.php')
11 SYSTEMPATH\View\View.php(216): CodeIgniter\View\View->CodeIgniter\View\{closure}()
12 SYSTEMPATH\Common.php(1134): CodeIgniter\View\View->render('layout/v_wrapper', [], true)
13 APPPATH\Controllers\Education.php(35): view('layout/v_wrapper', [...])
14 SYSTEMPATH\CodeIgniter.php(927): App\Controllers\education->index()
15 SYSTEMPATH\CodeIgniter.php(482): CodeIgniter\CodeIgniter->runController(Object(App\Controllers\education))
16 SYSTEMPATH\CodeIgniter.php(351): CodeIgniter\CodeIgniter->handleRequest(null, Object(Config\Cache), false)
17 FCPATH\index.php(67): CodeIgniter\CodeIgniter->run()
ERROR - 2024-05-21 21:01:13 --> mysqli_sql_exception: Column 'keterangan_workexperience' cannot be null in C:\xampp\htdocs\Portofolio\system\Database\MySQLi\Connection.php:292
Stack trace:
#0 C:\xampp\htdocs\Portofolio\system\Database\MySQLi\Connection.php(292): mysqli->query('INSERT INTO `wo...', 0)
#1 C:\xampp\htdocs\Portofolio\system\Database\BaseConnection.php(666): CodeIgniter\Database\MySQLi\Connection->execute('INSERT INTO `wo...')
#2 C:\xampp\htdocs\Portofolio\system\Database\BaseConnection.php(593): CodeIgniter\Database\BaseConnection->simpleQuery('INSERT INTO `wo...')
#3 C:\xampp\htdocs\Portofolio\system\Database\BaseBuilder.php(1916): CodeIgniter\Database\BaseConnection->query('INSERT INTO `wo...', Array, false)
#4 C:\xampp\htdocs\Portofolio\app\Models\Model_workexperience.php(19): CodeIgniter\Database\BaseBuilder->insert(Array)
#5 C:\xampp\htdocs\Portofolio\app\Controllers\Workexperience.php(71): App\Models\Model_workexperience->insert_workexperience(Array)
#6 C:\xampp\htdocs\Portofolio\system\CodeIgniter.php(927): App\Controllers\workexperience->save()
#7 C:\xampp\htdocs\Portofolio\system\CodeIgniter.php(482): CodeIgniter\CodeIgniter->runController(Object(App\Controllers\workexperience))
#8 C:\xampp\htdocs\Portofolio\system\CodeIgniter.php(351): CodeIgniter\CodeIgniter->handleRequest(NULL, Object(Config\Cache), false)
#9 C:\xampp\htdocs\Portofolio\index.php(67): CodeIgniter\CodeIgniter->run()
#10 {main}
CRITICAL - 2024-05-21 21:01:13 --> Column 'keterangan_workexperience' cannot be null
in SYSTEMPATH\Database\MySQLi\Connection.php on line 292.
 1 SYSTEMPATH\Database\MySQLi\Connection.php(292): mysqli->query('INSERT INTO `workexperience` (`id_workexperience`, `nama_instansi_workexperience`, `posisi_workexperience`, `keterangan_workexperience`, `tahun_mulai_workexperience`, `tahun_selesai_workexperience`) VALUES (NULL, \'Kantor Pelayanan Pajak Pratama Prabumulih\', \'Administrasi\', NULL, \'2023\', \'2023\')', 0)
 2 SYSTEMPATH\Database\BaseConnection.php(666): CodeIgniter\Database\MySQLi\Connection->execute('INSERT INTO `workexperience` (`id_workexperience`, `nama_instansi_workexperience`, `posisi_workexperience`, `keterangan_workexperience`, `tahun_mulai_workexperience`, `tahun_selesai_workexperience`) VALUES (NULL, \'Kantor Pelayanan Pajak Pratama Prabumulih\', \'Administrasi\', NULL, \'2023\', \'2023\')')
 3 SYSTEMPATH\Database\BaseConnection.php(593): CodeIgniter\Database\BaseConnection->simpleQuery('INSERT INTO `workexperience` (`id_workexperience`, `nama_instansi_workexperience`, `posisi_workexperience`, `keterangan_workexperience`, `tahun_mulai_workexperience`, `tahun_selesai_workexperience`) VALUES (NULL, \'Kantor Pelayanan Pajak Pratama Prabumulih\', \'Administrasi\', NULL, \'2023\', \'2023\')')
 4 SYSTEMPATH\Database\BaseBuilder.php(1916): CodeIgniter\Database\BaseConnection->query('INSERT INTO `workexperience` (`id_workexperience`, `nama_instansi_workexperience`, `posisi_workexperience`, `keterangan_workexperience`, `tahun_mulai_workexperience`, `tahun_selesai_workexperience`) VALUES (:id_workexperience:, :nama_instansi_workexperience:, :posisi_workexperience:, :keterangan_workexperience:, :tahun_mulai_workexperience:, :tahun_selesai_workexperience:)', [...], false)
 5 APPPATH\Models\Model_workexperience.php(19): CodeIgniter\Database\BaseBuilder->insert([...])
 6 APPPATH\Controllers\Workexperience.php(71): App\Models\Model_workexperience->insert_workexperience([...])
 7 SYSTEMPATH\CodeIgniter.php(927): App\Controllers\workexperience->save()
 8 SYSTEMPATH\CodeIgniter.php(482): CodeIgniter\CodeIgniter->runController(Object(App\Controllers\workexperience))
 9 SYSTEMPATH\CodeIgniter.php(351): CodeIgniter\CodeIgniter->handleRequest(null, Object(Config\Cache), false)
10 FCPATH\index.php(67): CodeIgniter\CodeIgniter->run()
CRITICAL - 2024-05-21 21:04:57 --> Undefined array key "logo_instansi_education"
in APPPATH\Views\data\master\workexperience\v_edit.php on line 41.
 1 APPPATH\Views\data\master\workexperience\v_edit.php(41): CodeIgniter\Debug\Exceptions->errorHandler(2, 'Undefined array key "logo_instansi_education"', 'APPPATH\\Views\\data\\master\\workexperience\\v_edit.php', 41)
 2 SYSTEMPATH\View\View.php(213): include('APPPATH\\Views\\data\\master\\workexperience\\v_edit.php')
 3 SYSTEMPATH\View\View.php(216): CodeIgniter\View\View->CodeIgniter\View\{closure}()
 4 SYSTEMPATH\Common.php(1134): CodeIgniter\View\View->render('data/master/workexperience/v_edit', [], true)
 5 APPPATH\Views\layout\v_content.php(4): view('data/master/workexperience/v_edit')
 6 SYSTEMPATH\View\View.php(213): include('APPPATH\\Views\\layout\\v_content.php')
 7 SYSTEMPATH\View\View.php(216): CodeIgniter\View\View->CodeIgniter\View\{closure}()
 8 SYSTEMPATH\Common.php(1134): CodeIgniter\View\View->render('layout/v_content', [], true)
 9 APPPATH\Views\layout\v_wrapper.php(6): view('layout/v_content')
10 SYSTEMPATH\View\View.php(213): include('APPPATH\\Views\\layout\\v_wrapper.php')
11 SYSTEMPATH\View\View.php(216): CodeIgniter\View\View->CodeIgniter\View\{closure}()
12 SYSTEMPATH\Common.php(1134): CodeIgniter\View\View->render('layout/v_wrapper', [], true)
13 APPPATH\Controllers\Workexperience.php(85): view('layout/v_wrapper', [...])
14 SYSTEMPATH\CodeIgniter.php(927): App\Controllers\workexperience->edit('1')
15 SYSTEMPATH\CodeIgniter.php(482): CodeIgniter\CodeIgniter->runController(Object(App\Controllers\workexperience))
16 SYSTEMPATH\CodeIgniter.php(351): CodeIgniter\CodeIgniter->handleRequest(null, Object(Config\Cache), false)
17 FCPATH\index.php(67): CodeIgniter\CodeIgniter->run()
CRITICAL - 2024-05-21 21:05:26 --> Undefined array key "logo_instansi_workexperience"
in APPPATH\Views\data\master\workexperience\v_edit.php on line 41.
 1 APPPATH\Views\data\master\workexperience\v_edit.php(41): CodeIgniter\Debug\Exceptions->errorHandler(2, 'Undefined array key "logo_instansi_workexperience"', 'APPPATH\\Views\\data\\master\\workexperience\\v_edit.php', 41)
 2 SYSTEMPATH\View\View.php(213): include('APPPATH\\Views\\data\\master\\workexperience\\v_edit.php')
 3 SYSTEMPATH\View\View.php(216): CodeIgniter\View\View->CodeIgniter\View\{closure}()
 4 SYSTEMPATH\Common.php(1134): CodeIgniter\View\View->render('data/master/workexperience/v_edit', [], true)
 5 APPPATH\Views\layout\v_content.php(4): view('data/master/workexperience/v_edit')
 6 SYSTEMPATH\View\View.php(213): include('APPPATH\\Views\\layout\\v_content.php')
 7 SYSTEMPATH\View\View.php(216): CodeIgniter\View\View->CodeIgniter\View\{closure}()
 8 SYSTEMPATH\Common.php(1134): CodeIgniter\View\View->render('layout/v_content', [], true)
 9 APPPATH\Views\layout\v_wrapper.php(6): view('layout/v_content')
10 SYSTEMPATH\View\View.php(213): include('APPPATH\\Views\\layout\\v_wrapper.php')
11 SYSTEMPATH\View\View.php(216): CodeIgniter\View\View->CodeIgniter\View\{closure}()
12 SYSTEMPATH\Common.php(1134): CodeIgniter\View\View->render('layout/v_wrapper', [], true)
13 APPPATH\Controllers\Workexperience.php(85): view('layout/v_wrapper', [...])
14 SYSTEMPATH\CodeIgniter.php(927): App\Controllers\workexperience->edit('1')
15 SYSTEMPATH\CodeIgniter.php(482): CodeIgniter\CodeIgniter->runController(Object(App\Controllers\workexperience))
16 SYSTEMPATH\CodeIgniter.php(351): CodeIgniter\CodeIgniter->handleRequest(null, Object(Config\Cache), false)
17 FCPATH\index.php(67): CodeIgniter\CodeIgniter->run()
CRITICAL - 2024-05-21 21:05:33 --> Undefined array key "logo_instansi_workexperience"
in APPPATH\Views\data\master\workexperience\v_edit.php on line 41.
 1 APPPATH\Views\data\master\workexperience\v_edit.php(41): CodeIgniter\Debug\Exceptions->errorHandler(2, 'Undefined array key "logo_instansi_workexperience"', 'APPPATH\\Views\\data\\master\\workexperience\\v_edit.php', 41)
 2 SYSTEMPATH\View\View.php(213): include('APPPATH\\Views\\data\\master\\workexperience\\v_edit.php')
 3 SYSTEMPATH\View\View.php(216): CodeIgniter\View\View->CodeIgniter\View\{closure}()
 4 SYSTEMPATH\Common.php(1134): CodeIgniter\View\View->render('data/master/workexperience/v_edit', [], true)
 5 APPPATH\Views\layout\v_content.php(4): view('data/master/workexperience/v_edit')
 6 SYSTEMPATH\View\View.php(213): include('APPPATH\\Views\\layout\\v_content.php')
 7 SYSTEMPATH\View\View.php(216): CodeIgniter\View\View->CodeIgniter\View\{closure}()
 8 SYSTEMPATH\Common.php(1134): CodeIgniter\View\View->render('layout/v_content', [], true)
 9 APPPATH\Views\layout\v_wrapper.php(6): view('layout/v_content')
10 SYSTEMPATH\View\View.php(213): include('APPPATH\\Views\\layout\\v_wrapper.php')
11 SYSTEMPATH\View\View.php(216): CodeIgniter\View\View->CodeIgniter\View\{closure}()
12 SYSTEMPATH\Common.php(1134): CodeIgniter\View\View->render('layout/v_wrapper', [], true)
13 APPPATH\Controllers\Workexperience.php(85): view('layout/v_wrapper', [...])
14 SYSTEMPATH\CodeIgniter.php(927): App\Controllers\workexperience->edit('1')
15 SYSTEMPATH\CodeIgniter.php(482): CodeIgniter\CodeIgniter->runController(Object(App\Controllers\workexperience))
16 SYSTEMPATH\CodeIgniter.php(351): CodeIgniter\CodeIgniter->handleRequest(null, Object(Config\Cache), false)
17 FCPATH\index.php(67): CodeIgniter\CodeIgniter->run()
CRITICAL - 2024-05-21 21:05:40 --> Undefined array key "logo_instansi_workexperience"
in APPPATH\Views\data\master\workexperience\v_edit.php on line 41.
 1 APPPATH\Views\data\master\workexperience\v_edit.php(41): CodeIgniter\Debug\Exceptions->errorHandler(2, 'Undefined array key "logo_instansi_workexperience"', 'APPPATH\\Views\\data\\master\\workexperience\\v_edit.php', 41)
 2 SYSTEMPATH\View\View.php(213): include('APPPATH\\Views\\data\\master\\workexperience\\v_edit.php')
 3 SYSTEMPATH\View\View.php(216): CodeIgniter\View\View->CodeIgniter\View\{closure}()
 4 SYSTEMPATH\Common.php(1134): CodeIgniter\View\View->render('data/master/workexperience/v_edit', [], true)
 5 APPPATH\Views\layout\v_content.php(4): view('data/master/workexperience/v_edit')
 6 SYSTEMPATH\View\View.php(213): include('APPPATH\\Views\\layout\\v_content.php')
 7 SYSTEMPATH\View\View.php(216): CodeIgniter\View\View->CodeIgniter\View\{closure}()
 8 SYSTEMPATH\Common.php(1134): CodeIgniter\View\View->render('layout/v_content', [], true)
 9 APPPATH\Views\layout\v_wrapper.php(6): view('layout/v_content')
10 SYSTEMPATH\View\View.php(213): include('APPPATH\\Views\\layout\\v_wrapper.php')
11 SYSTEMPATH\View\View.php(216): CodeIgniter\View\View->CodeIgniter\View\{closure}()
12 SYSTEMPATH\Common.php(1134): CodeIgniter\View\View->render('layout/v_wrapper', [], true)
13 APPPATH\Controllers\Workexperience.php(85): view('layout/v_wrapper', [...])
14 SYSTEMPATH\CodeIgniter.php(927): App\Controllers\workexperience->edit('1')
15 SYSTEMPATH\CodeIgniter.php(482): CodeIgniter\CodeIgniter->runController(Object(App\Controllers\workexperience))
16 SYSTEMPATH\CodeIgniter.php(351): CodeIgniter\CodeIgniter->handleRequest(null, Object(Config\Cache), false)
17 FCPATH\index.php(67): CodeIgniter\CodeIgniter->run()
CRITICAL - 2024-05-21 21:10:03 --> Trying to access array offset on value of type null
in APPPATH\Views\data\master\workexperience\v_edit.php on line 27.
 1 APPPATH\Views\data\master\workexperience\v_edit.php(27): CodeIgniter\Debug\Exceptions->errorHandler(2, 'Trying to access array offset on value of type null', 'APPPATH\\Views\\data\\master\\workexperience\\v_edit.php', 27)
 2 SYSTEMPATH\View\View.php(213): include('APPPATH\\Views\\data\\master\\workexperience\\v_edit.php')
 3 SYSTEMPATH\View\View.php(216): CodeIgniter\View\View->CodeIgniter\View\{closure}()
 4 SYSTEMPATH\Common.php(1134): CodeIgniter\View\View->render('data/master/workexperience/v_edit', [], true)
 5 APPPATH\Views\layout\v_content.php(4): view('data/master/workexperience/v_edit')
 6 SYSTEMPATH\View\View.php(213): include('APPPATH\\Views\\layout\\v_content.php')
 7 SYSTEMPATH\View\View.php(216): CodeIgniter\View\View->CodeIgniter\View\{closure}()
 8 SYSTEMPATH\Common.php(1134): CodeIgniter\View\View->render('layout/v_content', [], true)
 9 APPPATH\Views\layout\v_wrapper.php(6): view('layout/v_content')
10 SYSTEMPATH\View\View.php(213): include('APPPATH\\Views\\layout\\v_wrapper.php')
11 SYSTEMPATH\View\View.php(216): CodeIgniter\View\View->CodeIgniter\View\{closure}()
12 SYSTEMPATH\Common.php(1134): CodeIgniter\View\View->render('layout/v_wrapper', [], true)
13 APPPATH\Controllers\Workexperience.php(85): view('layout/v_wrapper', [...])
14 SYSTEMPATH\CodeIgniter.php(927): App\Controllers\workexperience->edit('1')
15 SYSTEMPATH\CodeIgniter.php(482): CodeIgniter\CodeIgniter->runController(Object(App\Controllers\workexperience))
16 SYSTEMPATH\CodeIgniter.php(351): CodeIgniter\CodeIgniter->handleRequest(null, Object(Config\Cache), false)
17 FCPATH\index.php(67): CodeIgniter\CodeIgniter->run()
CRITICAL - 2024-05-21 23:43:59 --> Undefined array key "foto_project[]"
in APPPATH\Views\data\master\project\v_list.php on line 41.
 1 APPPATH\Views\data\master\project\v_list.php(41): CodeIgniter\Debug\Exceptions->errorHandler(2, 'Undefined array key "foto_project[]"', 'APPPATH\\Views\\data\\master\\project\\v_list.php', 41)
 2 SYSTEMPATH\View\View.php(213): include('APPPATH\\Views\\data\\master\\project\\v_list.php')
 3 SYSTEMPATH\View\View.php(216): CodeIgniter\View\View->CodeIgniter\View\{closure}()
 4 SYSTEMPATH\Common.php(1134): CodeIgniter\View\View->render('data/master/project/v_list', [], true)
 5 APPPATH\Views\layout\v_content.php(4): view('data/master/project/v_list')
 6 SYSTEMPATH\View\View.php(213): include('APPPATH\\Views\\layout\\v_content.php')
 7 SYSTEMPATH\View\View.php(216): CodeIgniter\View\View->CodeIgniter\View\{closure}()
 8 SYSTEMPATH\Common.php(1134): CodeIgniter\View\View->render('layout/v_content', [], true)
 9 APPPATH\Views\layout\v_wrapper.php(6): view('layout/v_content')
10 SYSTEMPATH\View\View.php(213): include('APPPATH\\Views\\layout\\v_wrapper.php')
11 SYSTEMPATH\View\View.php(216): CodeIgniter\View\View->CodeIgniter\View\{closure}()
12 SYSTEMPATH\Common.php(1134): CodeIgniter\View\View->render('layout/v_wrapper', [], true)
13 APPPATH\Controllers\project.php(35): view('layout/v_wrapper', [...])
14 SYSTEMPATH\CodeIgniter.php(927): App\Controllers\project->index()
15 SYSTEMPATH\CodeIgniter.php(482): CodeIgniter\CodeIgniter->runController(Object(App\Controllers\project))
16 SYSTEMPATH\CodeIgniter.php(351): CodeIgniter\CodeIgniter->handleRequest(null, Object(Config\Cache), false)
17 FCPATH\index.php(67): CodeIgniter\CodeIgniter->run()
