CRITICAL - 2025-03-14 16:45:32 --> Trying to access array offset on value of type null
in APPPATH\Views\data\pengaturan\v_edit.php on line 25.
 1 APPPATH\Views\data\pengaturan\v_edit.php(25): CodeIgniter\Debug\Exceptions->errorHandler(2, 'Trying to access array offset on value of type null', 'APPPATH\\Views\\data\\pengaturan\\v_edit.php', 25)
 2 SYSTEMPATH\View\View.php(213): include('APPPATH\\Views\\data\\pengaturan\\v_edit.php')
 3 SYSTEMPATH\View\View.php(216): CodeIgniter\View\View->CodeIgniter\View\{closure}()
 4 SYSTEMPATH\Common.php(1134): CodeIgniter\View\View->render('data/pengaturan/v_edit', [], true)
 5 APPPATH\Views\layout\v_content.php(4): view('data/pengaturan/v_edit')
 6 SYSTEMPATH\View\View.php(213): include('APPPATH\\Views\\layout\\v_content.php')
 7 SYSTEMPATH\View\View.php(216): CodeIgniter\View\View->CodeIgniter\View\{closure}()
 8 SYSTEMPATH\Common.php(1134): CodeIgniter\View\View->render('layout/v_content', [], true)
 9 APPPATH\Views\layout\v_wrapper.php(6): view('layout/v_content')
10 SYSTEMPATH\View\View.php(213): include('APPPATH\\Views\\layout\\v_wrapper.php')
11 SYSTEMPATH\View\View.php(216): CodeIgniter\View\View->CodeIgniter\View\{closure}()
12 SYSTEMPATH\Common.php(1134): CodeIgniter\View\View->render('layout/v_wrapper', [], true)
13 APPPATH\Controllers\Pengaturan.php(34): view('layout/v_wrapper', [...])
14 SYSTEMPATH\CodeIgniter.php(927): App\Controllers\pengaturan->edit2('2')
15 SYSTEMPATH\CodeIgniter.php(482): CodeIgniter\CodeIgniter->runController(Object(App\Controllers\pengaturan))
16 SYSTEMPATH\CodeIgniter.php(351): CodeIgniter\CodeIgniter->handleRequest(null, Object(Config\Cache), false)
17 FCPATH\index.php(67): CodeIgniter\CodeIgniter->run()
CRITICAL - 2025-03-14 08:50:12 --> Attempt to read property "nama_user" on null
in APPPATH\Views\layout\v_nav.php on line 25.
 1 APPPATH\Views\layout\v_nav.php(25): CodeIgniter\Debug\Exceptions->errorHandler(2, 'Attempt to read property "nama_user" on null', 'APPPATH\\Views\\layout\\v_nav.php', 25)
 2 SYSTEMPATH\View\View.php(213): include('APPPATH\\Views\\layout\\v_nav.php')
 3 SYSTEMPATH\View\View.php(216): CodeIgniter\View\View->CodeIgniter\View\{closure}()
 4 SYSTEMPATH\Common.php(1134): CodeIgniter\View\View->render('layout/v_nav', [], true)
 5 APPPATH\Views\layout\v_wrapper.php(5): view('layout/v_nav')
 6 SYSTEMPATH\View\View.php(213): include('APPPATH\\Views\\layout\\v_wrapper.php')
 7 SYSTEMPATH\View\View.php(216): CodeIgniter\View\View->CodeIgniter\View\{closure}()
 8 SYSTEMPATH\Common.php(1134): CodeIgniter\View\View->render('layout/v_wrapper', [], true)
 9 APPPATH\Controllers\User.php(40): view('layout/v_wrapper', [...])
10 SYSTEMPATH\CodeIgniter.php(927): App\Controllers\user->index()
11 SYSTEMPATH\CodeIgniter.php(482): CodeIgniter\CodeIgniter->runController(Object(App\Controllers\user))
12 SYSTEMPATH\CodeIgniter.php(351): CodeIgniter\CodeIgniter->handleRequest(null, Object(Config\Cache), false)
13 FCPATH\index.php(67): CodeIgniter\CodeIgniter->run()
CRITICAL - 2025-03-14 08:50:15 --> Attempt to read property "nama_user" on null
in APPPATH\Views\layout\v_nav.php on line 25.
 1 APPPATH\Views\layout\v_nav.php(25): CodeIgniter\Debug\Exceptions->errorHandler(2, 'Attempt to read property "nama_user" on null', 'APPPATH\\Views\\layout\\v_nav.php', 25)
 2 SYSTEMPATH\View\View.php(213): include('APPPATH\\Views\\layout\\v_nav.php')
 3 SYSTEMPATH\View\View.php(216): CodeIgniter\View\View->CodeIgniter\View\{closure}()
 4 SYSTEMPATH\Common.php(1134): CodeIgniter\View\View->render('layout/v_nav', [], true)
 5 APPPATH\Views\layout\v_wrapper.php(5): view('layout/v_nav')
 6 SYSTEMPATH\View\View.php(213): include('APPPATH\\Views\\layout\\v_wrapper.php')
 7 SYSTEMPATH\View\View.php(216): CodeIgniter\View\View->CodeIgniter\View\{closure}()
 8 SYSTEMPATH\Common.php(1134): CodeIgniter\View\View->render('layout/v_wrapper', [], true)
 9 APPPATH\Controllers\User.php(40): view('layout/v_wrapper', [...])
10 SYSTEMPATH\CodeIgniter.php(927): App\Controllers\user->index()
11 SYSTEMPATH\CodeIgniter.php(482): CodeIgniter\CodeIgniter->runController(Object(App\Controllers\user))
12 SYSTEMPATH\CodeIgniter.php(351): CodeIgniter\CodeIgniter->handleRequest(null, Object(Config\Cache), false)
13 FCPATH\index.php(67): CodeIgniter\CodeIgniter->run()
CRITICAL - 2025-03-14 08:50:19 --> Attempt to read property "nama_user" on null
in APPPATH\Views\layout\v_nav.php on line 25.
 1 APPPATH\Views\layout\v_nav.php(25): CodeIgniter\Debug\Exceptions->errorHandler(2, 'Attempt to read property "nama_user" on null', 'APPPATH\\Views\\layout\\v_nav.php', 25)
 2 SYSTEMPATH\View\View.php(213): include('APPPATH\\Views\\layout\\v_nav.php')
 3 SYSTEMPATH\View\View.php(216): CodeIgniter\View\View->CodeIgniter\View\{closure}()
 4 SYSTEMPATH\Common.php(1134): CodeIgniter\View\View->render('layout/v_nav', [], true)
 5 APPPATH\Views\layout\v_wrapper.php(5): view('layout/v_nav')
 6 SYSTEMPATH\View\View.php(213): include('APPPATH\\Views\\layout\\v_wrapper.php')
 7 SYSTEMPATH\View\View.php(216): CodeIgniter\View\View->CodeIgniter\View\{closure}()
 8 SYSTEMPATH\Common.php(1134): CodeIgniter\View\View->render('layout/v_wrapper', [], true)
 9 APPPATH\Controllers\Home.php(26): view('layout/v_wrapper', [...])
10 SYSTEMPATH\CodeIgniter.php(927): App\Controllers\Home->index()
11 SYSTEMPATH\CodeIgniter.php(482): CodeIgniter\CodeIgniter->runController(Object(App\Controllers\Home))
12 SYSTEMPATH\CodeIgniter.php(351): CodeIgniter\CodeIgniter->handleRequest(null, Object(Config\Cache), false)
13 FCPATH\index.php(67): CodeIgniter\CodeIgniter->run()
CRITICAL - 2025-03-14 08:50:22 --> Attempt to read property "nama_user" on null
in APPPATH\Views\layout\v_nav.php on line 25.
 1 APPPATH\Views\layout\v_nav.php(25): CodeIgniter\Debug\Exceptions->errorHandler(2, 'Attempt to read property "nama_user" on null', 'APPPATH\\Views\\layout\\v_nav.php', 25)
 2 SYSTEMPATH\View\View.php(213): include('APPPATH\\Views\\layout\\v_nav.php')
 3 SYSTEMPATH\View\View.php(216): CodeIgniter\View\View->CodeIgniter\View\{closure}()
 4 SYSTEMPATH\Common.php(1134): CodeIgniter\View\View->render('layout/v_nav', [], true)
 5 APPPATH\Views\layout\v_wrapper.php(5): view('layout/v_nav')
 6 SYSTEMPATH\View\View.php(213): include('APPPATH\\Views\\layout\\v_wrapper.php')
 7 SYSTEMPATH\View\View.php(216): CodeIgniter\View\View->CodeIgniter\View\{closure}()
 8 SYSTEMPATH\Common.php(1134): CodeIgniter\View\View->render('layout/v_wrapper', [], true)
 9 APPPATH\Controllers\Home.php(26): view('layout/v_wrapper', [...])
10 SYSTEMPATH\CodeIgniter.php(927): App\Controllers\Home->index()
11 SYSTEMPATH\CodeIgniter.php(482): CodeIgniter\CodeIgniter->runController(Object(App\Controllers\Home))
12 SYSTEMPATH\CodeIgniter.php(351): CodeIgniter\CodeIgniter->handleRequest(null, Object(Config\Cache), false)
13 FCPATH\index.php(67): CodeIgniter\CodeIgniter->run()
CRITICAL - 2025-03-14 08:50:23 --> Attempt to read property "nama_user" on null
in APPPATH\Views\layout\v_nav.php on line 25.
 1 APPPATH\Views\layout\v_nav.php(25): CodeIgniter\Debug\Exceptions->errorHandler(2, 'Attempt to read property "nama_user" on null', 'APPPATH\\Views\\layout\\v_nav.php', 25)
 2 SYSTEMPATH\View\View.php(213): include('APPPATH\\Views\\layout\\v_nav.php')
 3 SYSTEMPATH\View\View.php(216): CodeIgniter\View\View->CodeIgniter\View\{closure}()
 4 SYSTEMPATH\Common.php(1134): CodeIgniter\View\View->render('layout/v_nav', [], true)
 5 APPPATH\Views\layout\v_wrapper.php(5): view('layout/v_nav')
 6 SYSTEMPATH\View\View.php(213): include('APPPATH\\Views\\layout\\v_wrapper.php')
 7 SYSTEMPATH\View\View.php(216): CodeIgniter\View\View->CodeIgniter\View\{closure}()
 8 SYSTEMPATH\Common.php(1134): CodeIgniter\View\View->render('layout/v_wrapper', [], true)
 9 APPPATH\Controllers\Home.php(26): view('layout/v_wrapper', [...])
10 SYSTEMPATH\CodeIgniter.php(927): App\Controllers\Home->index()
11 SYSTEMPATH\CodeIgniter.php(482): CodeIgniter\CodeIgniter->runController(Object(App\Controllers\Home))
12 SYSTEMPATH\CodeIgniter.php(351): CodeIgniter\CodeIgniter->handleRequest(null, Object(Config\Cache), false)
13 FCPATH\index.php(67): CodeIgniter\CodeIgniter->run()
CRITICAL - 2025-03-14 08:50:42 --> Attempt to read property "nama_user" on null
in APPPATH\Views\layout\v_nav.php on line 25.
 1 APPPATH\Views\layout\v_nav.php(25): CodeIgniter\Debug\Exceptions->errorHandler(2, 'Attempt to read property "nama_user" on null', 'APPPATH\\Views\\layout\\v_nav.php', 25)
 2 SYSTEMPATH\View\View.php(213): include('APPPATH\\Views\\layout\\v_nav.php')
 3 SYSTEMPATH\View\View.php(216): CodeIgniter\View\View->CodeIgniter\View\{closure}()
 4 SYSTEMPATH\Common.php(1134): CodeIgniter\View\View->render('layout/v_nav', [], true)
 5 APPPATH\Views\layout\v_wrapper.php(5): view('layout/v_nav')
 6 SYSTEMPATH\View\View.php(213): include('APPPATH\\Views\\layout\\v_wrapper.php')
 7 SYSTEMPATH\View\View.php(216): CodeIgniter\View\View->CodeIgniter\View\{closure}()
 8 SYSTEMPATH\Common.php(1134): CodeIgniter\View\View->render('layout/v_wrapper', [], true)
 9 APPPATH\Controllers\Home.php(26): view('layout/v_wrapper', [...])
10 SYSTEMPATH\CodeIgniter.php(927): App\Controllers\Home->index()
11 SYSTEMPATH\CodeIgniter.php(482): CodeIgniter\CodeIgniter->runController(Object(App\Controllers\Home))
12 SYSTEMPATH\CodeIgniter.php(351): CodeIgniter\CodeIgniter->handleRequest(null, Object(Config\Cache), false)
13 FCPATH\index.php(67): CodeIgniter\CodeIgniter->run()
