CRITICAL - 2022-12-11 04:57:34 --> Undefined variable $value
in APPPATH\Views\laporan\cetaklaporan.php on line 90.
 1 APPPATH\Views\laporan\cetaklaporan.php(90): CodeIgniter\Debug\Exceptions->errorHandler(2, 'Undefined variable $value', 'APPPATH\\Views\\laporan\\cetaklaporan.php', 90)
 2 SYSTEMPATH\View\View.php(213): include('APPPATH\\Views\\laporan\\cetaklaporan.php')
 3 SYSTEMPATH\View\View.php(216): CodeIgniter\View\View->CodeIgniter\View\{closure}()
 4 SYSTEMPATH\Common.php(1134): CodeIgniter\View\View->render('laporan/cetaklaporan', [], true)
 5 APPPATH\Controllers\Cetaklaporan.php(29): view('laporan/cetaklaporan', [...])
 6 SYSTEMPATH\CodeIgniter.php(927): App\Controllers\cetaklaporan->index()
 7 SYSTEMPATH\CodeIgniter.php(482): CodeIgniter\CodeIgniter->runController(Object(App\Controllers\cetaklaporan))
 8 SYSTEMPATH\CodeIgniter.php(351): CodeIgniter\CodeIgniter->handleRequest(null, Object(Config\Cache), false)
 9 FCPATH\index.php(67): CodeIgniter\CodeIgniter->run()
CRITICAL - 2022-12-11 04:58:44 --> Undefined variable $value
in APPPATH\Views\laporan\cetaklaporan.php on line 90.
 1 APPPATH\Views\laporan\cetaklaporan.php(90): CodeIgniter\Debug\Exceptions->errorHandler(2, 'Undefined variable $value', 'APPPATH\\Views\\laporan\\cetaklaporan.php', 90)
 2 SYSTEMPATH\View\View.php(213): include('APPPATH\\Views\\laporan\\cetaklaporan.php')
 3 SYSTEMPATH\View\View.php(216): CodeIgniter\View\View->CodeIgniter\View\{closure}()
 4 SYSTEMPATH\Common.php(1134): CodeIgniter\View\View->render('laporan/cetaklaporan', [], true)
 5 APPPATH\Controllers\Cetaklaporan.php(29): view('laporan/cetaklaporan', [...])
 6 SYSTEMPATH\CodeIgniter.php(927): App\Controllers\cetaklaporan->index()
 7 SYSTEMPATH\CodeIgniter.php(482): CodeIgniter\CodeIgniter->runController(Object(App\Controllers\cetaklaporan))
 8 SYSTEMPATH\CodeIgniter.php(351): CodeIgniter\CodeIgniter->handleRequest(null, Object(Config\Cache), false)
 9 FCPATH\index.php(67): CodeIgniter\CodeIgniter->run()
CRITICAL - 2022-12-11 05:19:37 --> Call to a member function get_cellmap() on null
in FCPATH\vendor\dompdf\dompdf\src\FrameReflower\TableCell.php on line 40.
 1 FCPATH\vendor\dompdf\dompdf\src\FrameDecorator\AbstractFrameDecorator.php(913): Dompdf\FrameReflower\TableCell->reflow(null)
 2 FCPATH\vendor\dompdf\dompdf\src\FrameReflower\TableRow.php(56): Dompdf\FrameDecorator\AbstractFrameDecorator->reflow()
 3 FCPATH\vendor\dompdf\dompdf\src\FrameDecorator\AbstractFrameDecorator.php(913): Dompdf\FrameReflower\TableRow->reflow(Object(Dompdf\FrameDecorator\Block))
 4 FCPATH\vendor\dompdf\dompdf\src\FrameReflower\Block.php(866): Dompdf\FrameDecorator\AbstractFrameDecorator->reflow(Object(Dompdf\FrameDecorator\Block))
 5 FCPATH\vendor\dompdf\dompdf\src\FrameDecorator\AbstractFrameDecorator.php(913): Dompdf\FrameReflower\Block->reflow(null)
 6 FCPATH\vendor\dompdf\dompdf\src\FrameReflower\Page.php(142): Dompdf\FrameDecorator\AbstractFrameDecorator->reflow()
 7 FCPATH\vendor\dompdf\dompdf\src\FrameDecorator\AbstractFrameDecorator.php(913): Dompdf\FrameReflower\Page->reflow(null)
 8 FCPATH\vendor\dompdf\dompdf\src\Dompdf.php(765): Dompdf\FrameDecorator\AbstractFrameDecorator->reflow()
 9 APPPATH\Controllers\Cetaklaporan.php(38): Dompdf\Dompdf->render()
10 SYSTEMPATH\CodeIgniter.php(927): App\Controllers\cetaklaporan->index()
11 SYSTEMPATH\CodeIgniter.php(482): CodeIgniter\CodeIgniter->runController(Object(App\Controllers\cetaklaporan))
12 SYSTEMPATH\CodeIgniter.php(351): CodeIgniter\CodeIgniter->handleRequest(null, Object(Config\Cache), false)
13 FCPATH\index.php(67): CodeIgniter\CodeIgniter->run()
CRITICAL - 2022-12-11 05:20:13 --> Allowed memory size of 536870912 bytes exhausted (tried to allocate 262148096 bytes)
in APPPATH\Views\errors\html\error_exception.php on line 96.
 1 [internal function]: CodeIgniter\Debug\Exceptions->shutdownHandler()
CRITICAL - 2022-12-11 05:26:54 --> Call to a member function get_cellmap() on null
in FCPATH\vendor\dompdf\dompdf\src\FrameReflower\TableCell.php on line 40.
 1 FCPATH\vendor\dompdf\dompdf\src\FrameDecorator\AbstractFrameDecorator.php(913): Dompdf\FrameReflower\TableCell->reflow(null)
 2 FCPATH\vendor\dompdf\dompdf\src\FrameReflower\TableRow.php(56): Dompdf\FrameDecorator\AbstractFrameDecorator->reflow()
 3 FCPATH\vendor\dompdf\dompdf\src\FrameDecorator\AbstractFrameDecorator.php(913): Dompdf\FrameReflower\TableRow->reflow(Object(Dompdf\FrameDecorator\Block))
 4 FCPATH\vendor\dompdf\dompdf\src\FrameReflower\Inline.php(162): Dompdf\FrameDecorator\AbstractFrameDecorator->reflow(Object(Dompdf\FrameDecorator\Block))
 5 FCPATH\vendor\dompdf\dompdf\src\FrameDecorator\AbstractFrameDecorator.php(913): Dompdf\FrameReflower\Inline->reflow(Object(Dompdf\FrameDecorator\Block))
 6 FCPATH\vendor\dompdf\dompdf\src\FrameReflower\Block.php(866): Dompdf\FrameDecorator\AbstractFrameDecorator->reflow(Object(Dompdf\FrameDecorator\Block))
 7 FCPATH\vendor\dompdf\dompdf\src\FrameDecorator\AbstractFrameDecorator.php(913): Dompdf\FrameReflower\Block->reflow(null)
 8 FCPATH\vendor\dompdf\dompdf\src\FrameReflower\Page.php(142): Dompdf\FrameDecorator\AbstractFrameDecorator->reflow()
 9 FCPATH\vendor\dompdf\dompdf\src\FrameDecorator\AbstractFrameDecorator.php(913): Dompdf\FrameReflower\Page->reflow(null)
10 FCPATH\vendor\dompdf\dompdf\src\Dompdf.php(765): Dompdf\FrameDecorator\AbstractFrameDecorator->reflow()
11 APPPATH\Controllers\Cetaklaporan.php(38): Dompdf\Dompdf->render()
12 SYSTEMPATH\CodeIgniter.php(927): App\Controllers\cetaklaporan->index()
13 SYSTEMPATH\CodeIgniter.php(482): CodeIgniter\CodeIgniter->runController(Object(App\Controllers\cetaklaporan))
14 SYSTEMPATH\CodeIgniter.php(351): CodeIgniter\CodeIgniter->handleRequest(null, Object(Config\Cache), false)
15 FCPATH\index.php(67): CodeIgniter\CodeIgniter->run()
CRITICAL - 2022-12-11 05:27:14 --> Allowed memory size of 536870912 bytes exhausted (tried to allocate 262148096 bytes)
in APPPATH\Views\errors\html\error_exception.php on line 96.
 1 [internal function]: CodeIgniter\Debug\Exceptions->shutdownHandler()
CRITICAL - 2022-12-11 06:32:01 --> Undefined property: App\Controllers\cetaklaporan1::$Modelcetaklaporan
in APPPATH\Controllers\Cetaklaporan1.php on line 27.
 1 APPPATH\Controllers\Cetaklaporan1.php(27): CodeIgniter\Debug\Exceptions->errorHandler(2, 'Undefined property: App\\Controllers\\cetaklaporan1::$Modelcetaklaporan', 'APPPATH\\Controllers\\Cetaklaporan1.php', 27)
 2 SYSTEMPATH\CodeIgniter.php(927): App\Controllers\cetaklaporan1->index()
 3 SYSTEMPATH\CodeIgniter.php(482): CodeIgniter\CodeIgniter->runController(Object(App\Controllers\cetaklaporan1))
 4 SYSTEMPATH\CodeIgniter.php(351): CodeIgniter\CodeIgniter->handleRequest(null, Object(Config\Cache), false)
 5 FCPATH\index.php(67): CodeIgniter\CodeIgniter->run()
ERROR - 2022-12-11 10:56:26 --> mysqli_sql_exception: Unknown column 'nip' in 'field list' in C:\xampp\htdocs\siakad_v1\system\Database\MySQLi\Connection.php:292
Stack trace:
#0 C:\xampp\htdocs\siakad_v1\system\Database\MySQLi\Connection.php(292): mysqli->query('UPDATE `tbl_mah...', 0)
#1 C:\xampp\htdocs\siakad_v1\system\Database\BaseConnection.php(666): CodeIgniter\Database\MySQLi\Connection->execute('UPDATE `tbl_mah...')
#2 C:\xampp\htdocs\siakad_v1\system\Database\BaseConnection.php(593): CodeIgniter\Database\BaseConnection->simpleQuery('UPDATE `tbl_mah...')
#3 C:\xampp\htdocs\siakad_v1\system\Database\BaseBuilder.php(2079): CodeIgniter\Database\BaseConnection->query('UPDATE `tbl_mah...', Array, false)
#4 C:\xampp\htdocs\siakad_v1\app\Models\ModelDatamahasiswa.php(27): CodeIgniter\Database\BaseBuilder->update(Array, Array)
#5 C:\xampp\htdocs\siakad_v1\app\Controllers\Datamahasiswa.php(113): App\Models\ModelDatamahasiswa->update_datamahasiswa(Array, '1')
#6 C:\xampp\htdocs\siakad_v1\system\CodeIgniter.php(927): App\Controllers\Datamahasiswa->update('1')
#7 C:\xampp\htdocs\siakad_v1\system\CodeIgniter.php(482): CodeIgniter\CodeIgniter->runController(Object(App\Controllers\Datamahasiswa))
#8 C:\xampp\htdocs\siakad_v1\system\CodeIgniter.php(351): CodeIgniter\CodeIgniter->handleRequest(NULL, Object(Config\Cache), false)
#9 C:\xampp\htdocs\siakad_v1\index.php(67): CodeIgniter\CodeIgniter->run()
#10 {main}
CRITICAL - 2022-12-11 10:56:26 --> Unknown column 'nip' in 'field list'
in SYSTEMPATH\Database\MySQLi\Connection.php on line 292.
 1 SYSTEMPATH\Database\MySQLi\Connection.php(292): mysqli->query('UPDATE `tbl_mahasiswa` SET `nip` = NULL, `nidn` = NULL, `nidk` = NULL, `nupn` = NULL, `nbm` = NULL, `nama` = \'ALDINO PUTA BUANA\', `gelardepan` = NULL, `gelarbelakang` = NULL, `jk` = \'Laki - Laki\', `tmplahir` = \'Prabumulih\', `tgllahir` = \'13 Oktober 2000\', `idagama` = \'Islam\', `telepon` = \'987662733\', `nohp` = NULL, `idkepemilikanhp` = NULL, `emailkampus` = \'unpra@gmail.com\', `email` = \'aldino@gmail.com\', `alamat` = NULL, `idunit` = \'\', `idstatusaktif` = NULL, `idjenispeg` = NULL, `idjabfung` = NULL, `idjabstruktural` = NULL, `kuota_pa` = NULL, `kuota_propskripsi` = NULL, `idjenjang` = NULL, `iduniversitas` = NULL, `idbidangilmu` = NULL
WHERE `id_mahasiswa` = \'1\'', 0)
 2 SYSTEMPATH\Database\BaseConnection.php(666): CodeIgniter\Database\MySQLi\Connection->execute('UPDATE `tbl_mahasiswa` SET `nip` = NULL, `nidn` = NULL, `nidk` = NULL, `nupn` = NULL, `nbm` = NULL, `nama` = \'ALDINO PUTA BUANA\', `gelardepan` = NULL, `gelarbelakang` = NULL, `jk` = \'Laki - Laki\', `tmplahir` = \'Prabumulih\', `tgllahir` = \'13 Oktober 2000\', `idagama` = \'Islam\', `telepon` = \'987662733\', `nohp` = NULL, `idkepemilikanhp` = NULL, `emailkampus` = \'unpra@gmail.com\', `email` = \'aldino@gmail.com\', `alamat` = NULL, `idunit` = \'\', `idstatusaktif` = NULL, `idjenispeg` = NULL, `idjabfung` = NULL, `idjabstruktural` = NULL, `kuota_pa` = NULL, `kuota_propskripsi` = NULL, `idjenjang` = NULL, `iduniversitas` = NULL, `idbidangilmu` = NULL
WHERE `id_mahasiswa` = \'1\'')
 3 SYSTEMPATH\Database\BaseConnection.php(593): CodeIgniter\Database\BaseConnection->simpleQuery('UPDATE `tbl_mahasiswa` SET `nip` = NULL, `nidn` = NULL, `nidk` = NULL, `nupn` = NULL, `nbm` = NULL, `nama` = \'ALDINO PUTA BUANA\', `gelardepan` = NULL, `gelarbelakang` = NULL, `jk` = \'Laki - Laki\', `tmplahir` = \'Prabumulih\', `tgllahir` = \'13 Oktober 2000\', `idagama` = \'Islam\', `telepon` = \'987662733\', `nohp` = NULL, `idkepemilikanhp` = NULL, `emailkampus` = \'unpra@gmail.com\', `email` = \'aldino@gmail.com\', `alamat` = NULL, `idunit` = \'\', `idstatusaktif` = NULL, `idjenispeg` = NULL, `idjabfung` = NULL, `idjabstruktural` = NULL, `kuota_pa` = NULL, `kuota_propskripsi` = NULL, `idjenjang` = NULL, `iduniversitas` = NULL, `idbidangilmu` = NULL
WHERE `id_mahasiswa` = \'1\'')
 4 SYSTEMPATH\Database\BaseBuilder.php(2079): CodeIgniter\Database\BaseConnection->query('UPDATE `tbl_mahasiswa` SET `nip` = :nip:, `nidn` = :nidn:, `nidk` = :nidk:, `nupn` = :nupn:, `nbm` = :nbm:, `nama` = :nama:, `gelardepan` = :gelardepan:, `gelarbelakang` = :gelarbelakang:, `jk` = :jk:, `tmplahir` = :tmplahir:, `tgllahir` = :tgllahir:, `idagama` = :idagama:, `telepon` = :telepon:, `nohp` = :nohp:, `idkepemilikanhp` = :idkepemilikanhp:, `emailkampus` = :emailkampus:, `email` = :email:, `alamat` = :alamat:, `idunit` = :idunit:, `idstatusaktif` = :idstatusaktif:, `idjenispeg` = :idjenispeg:, `idjabfung` = :idjabfung:, `idjabstruktural` = :idjabstruktural:, `kuota_pa` = :kuota_pa:, `kuota_propskripsi` = :kuota_propskripsi:, `idjenjang` = :idjenjang:, `iduniversitas` = :iduniversitas:, `idbidangilmu` = :idbidangilmu:
WHERE `id_mahasiswa` = :id_mahasiswa:', [...], false)
 5 APPPATH\Models\ModelDatamahasiswa.php(27): CodeIgniter\Database\BaseBuilder->update([...], [...])
 6 APPPATH\Controllers\Datamahasiswa.php(113): App\Models\ModelDatamahasiswa->update_datamahasiswa([...], '1')
 7 SYSTEMPATH\CodeIgniter.php(927): App\Controllers\Datamahasiswa->update('1')
 8 SYSTEMPATH\CodeIgniter.php(482): CodeIgniter\CodeIgniter->runController(Object(App\Controllers\Datamahasiswa))
 9 SYSTEMPATH\CodeIgniter.php(351): CodeIgniter\CodeIgniter->handleRequest(null, Object(Config\Cache), false)
10 FCPATH\index.php(67): CodeIgniter\CodeIgniter->run()
CRITICAL - 2022-12-11 11:00:29 --> Trying to access array offset on value of type null
in APPPATH\Views\datauser\data_mahasiswa\v_edit.php on line 240.
 1 APPPATH\Views\datauser\data_mahasiswa\v_edit.php(240): CodeIgniter\Debug\Exceptions->errorHandler(2, 'Trying to access array offset on value of type null', 'APPPATH\\Views\\datauser\\data_mahasiswa\\v_edit.php', 240)
 2 SYSTEMPATH\View\View.php(213): include('APPPATH\\Views\\datauser\\data_mahasiswa\\v_edit.php')
 3 SYSTEMPATH\View\View.php(216): CodeIgniter\View\View->CodeIgniter\View\{closure}()
 4 SYSTEMPATH\Common.php(1134): CodeIgniter\View\View->render('datauser/data_mahasiswa/v_edit', [], true)
 5 APPPATH\Views\layout\v_content.php(4): view('datauser/data_mahasiswa/v_edit')
 6 SYSTEMPATH\View\View.php(213): include('APPPATH\\Views\\layout\\v_content.php')
 7 SYSTEMPATH\View\View.php(216): CodeIgniter\View\View->CodeIgniter\View\{closure}()
 8 SYSTEMPATH\Common.php(1134): CodeIgniter\View\View->render('layout/v_content', [], true)
 9 APPPATH\Views\layout\v_wrapper.php(6): view('layout/v_content')
10 SYSTEMPATH\View\View.php(213): include('APPPATH\\Views\\layout\\v_wrapper.php')
11 SYSTEMPATH\View\View.php(216): CodeIgniter\View\View->CodeIgniter\View\{closure}()
12 SYSTEMPATH\Common.php(1134): CodeIgniter\View\View->render('layout/v_wrapper', [], true)
13 APPPATH\Controllers\Datamahasiswa.php(78): view('layout/v_wrapper', [...])
14 SYSTEMPATH\CodeIgniter.php(927): App\Controllers\Datamahasiswa->edit('home')
15 SYSTEMPATH\CodeIgniter.php(482): CodeIgniter\CodeIgniter->runController(Object(App\Controllers\Datamahasiswa))
16 SYSTEMPATH\CodeIgniter.php(351): CodeIgniter\CodeIgniter->handleRequest(null, Object(Config\Cache), false)
17 FCPATH\index.php(67): CodeIgniter\CodeIgniter->run()
CRITICAL - 2022-12-11 11:01:35 --> Trying to access array offset on value of type null
in APPPATH\Views\datauser\data_mahasiswa\v_edit.php on line 240.
 1 APPPATH\Views\datauser\data_mahasiswa\v_edit.php(240): CodeIgniter\Debug\Exceptions->errorHandler(2, 'Trying to access array offset on value of type null', 'APPPATH\\Views\\datauser\\data_mahasiswa\\v_edit.php', 240)
 2 SYSTEMPATH\View\View.php(213): include('APPPATH\\Views\\datauser\\data_mahasiswa\\v_edit.php')
 3 SYSTEMPATH\View\View.php(216): CodeIgniter\View\View->CodeIgniter\View\{closure}()
 4 SYSTEMPATH\Common.php(1134): CodeIgniter\View\View->render('datauser/data_mahasiswa/v_edit', [], true)
 5 APPPATH\Views\layout\v_content.php(4): view('datauser/data_mahasiswa/v_edit')
 6 SYSTEMPATH\View\View.php(213): include('APPPATH\\Views\\layout\\v_content.php')
 7 SYSTEMPATH\View\View.php(216): CodeIgniter\View\View->CodeIgniter\View\{closure}()
 8 SYSTEMPATH\Common.php(1134): CodeIgniter\View\View->render('layout/v_content', [], true)
 9 APPPATH\Views\layout\v_wrapper.php(6): view('layout/v_content')
10 SYSTEMPATH\View\View.php(213): include('APPPATH\\Views\\layout\\v_wrapper.php')
11 SYSTEMPATH\View\View.php(216): CodeIgniter\View\View->CodeIgniter\View\{closure}()
12 SYSTEMPATH\Common.php(1134): CodeIgniter\View\View->render('layout/v_wrapper', [], true)
13 APPPATH\Controllers\Datamahasiswa.php(78): view('layout/v_wrapper', [...])
14 SYSTEMPATH\CodeIgniter.php(927): App\Controllers\Datamahasiswa->edit('home')
15 SYSTEMPATH\CodeIgniter.php(482): CodeIgniter\CodeIgniter->runController(Object(App\Controllers\Datamahasiswa))
16 SYSTEMPATH\CodeIgniter.php(351): CodeIgniter\CodeIgniter->handleRequest(null, Object(Config\Cache), false)
17 FCPATH\index.php(67): CodeIgniter\CodeIgniter->run()
CRITICAL - 2022-12-11 11:01:53 --> Trying to access array offset on value of type null
in APPPATH\Views\datauser\data_mahasiswa\v_edit.php on line 240.
 1 APPPATH\Views\datauser\data_mahasiswa\v_edit.php(240): CodeIgniter\Debug\Exceptions->errorHandler(2, 'Trying to access array offset on value of type null', 'APPPATH\\Views\\datauser\\data_mahasiswa\\v_edit.php', 240)
 2 SYSTEMPATH\View\View.php(213): include('APPPATH\\Views\\datauser\\data_mahasiswa\\v_edit.php')
 3 SYSTEMPATH\View\View.php(216): CodeIgniter\View\View->CodeIgniter\View\{closure}()
 4 SYSTEMPATH\Common.php(1134): CodeIgniter\View\View->render('datauser/data_mahasiswa/v_edit', [], true)
 5 APPPATH\Views\layout\v_content.php(4): view('datauser/data_mahasiswa/v_edit')
 6 SYSTEMPATH\View\View.php(213): include('APPPATH\\Views\\layout\\v_content.php')
 7 SYSTEMPATH\View\View.php(216): CodeIgniter\View\View->CodeIgniter\View\{closure}()
 8 SYSTEMPATH\Common.php(1134): CodeIgniter\View\View->render('layout/v_content', [], true)
 9 APPPATH\Views\layout\v_wrapper.php(6): view('layout/v_content')
10 SYSTEMPATH\View\View.php(213): include('APPPATH\\Views\\layout\\v_wrapper.php')
11 SYSTEMPATH\View\View.php(216): CodeIgniter\View\View->CodeIgniter\View\{closure}()
12 SYSTEMPATH\Common.php(1134): CodeIgniter\View\View->render('layout/v_wrapper', [], true)
13 APPPATH\Controllers\Datamahasiswa.php(78): view('layout/v_wrapper', [...])
14 SYSTEMPATH\CodeIgniter.php(927): App\Controllers\Datamahasiswa->edit('home')
15 SYSTEMPATH\CodeIgniter.php(482): CodeIgniter\CodeIgniter->runController(Object(App\Controllers\Datamahasiswa))
16 SYSTEMPATH\CodeIgniter.php(351): CodeIgniter\CodeIgniter->handleRequest(null, Object(Config\Cache), false)
17 FCPATH\index.php(67): CodeIgniter\CodeIgniter->run()
CRITICAL - 2022-12-11 11:03:51 --> Trying to access array offset on value of type null
in APPPATH\Views\datauser\data_mahasiswa\v_edit.php on line 240.
 1 APPPATH\Views\datauser\data_mahasiswa\v_edit.php(240): CodeIgniter\Debug\Exceptions->errorHandler(2, 'Trying to access array offset on value of type null', 'APPPATH\\Views\\datauser\\data_mahasiswa\\v_edit.php', 240)
 2 SYSTEMPATH\View\View.php(213): include('APPPATH\\Views\\datauser\\data_mahasiswa\\v_edit.php')
 3 SYSTEMPATH\View\View.php(216): CodeIgniter\View\View->CodeIgniter\View\{closure}()
 4 SYSTEMPATH\Common.php(1134): CodeIgniter\View\View->render('datauser/data_mahasiswa/v_edit', [], true)
 5 APPPATH\Views\layout\v_content.php(4): view('datauser/data_mahasiswa/v_edit')
 6 SYSTEMPATH\View\View.php(213): include('APPPATH\\Views\\layout\\v_content.php')
 7 SYSTEMPATH\View\View.php(216): CodeIgniter\View\View->CodeIgniter\View\{closure}()
 8 SYSTEMPATH\Common.php(1134): CodeIgniter\View\View->render('layout/v_content', [], true)
 9 APPPATH\Views\layout\v_wrapper.php(6): view('layout/v_content')
10 SYSTEMPATH\View\View.php(213): include('APPPATH\\Views\\layout\\v_wrapper.php')
11 SYSTEMPATH\View\View.php(216): CodeIgniter\View\View->CodeIgniter\View\{closure}()
12 SYSTEMPATH\Common.php(1134): CodeIgniter\View\View->render('layout/v_wrapper', [], true)
13 APPPATH\Controllers\Datamahasiswa.php(78): view('layout/v_wrapper', [...])
14 SYSTEMPATH\CodeIgniter.php(927): App\Controllers\Datamahasiswa->edit('home')
15 SYSTEMPATH\CodeIgniter.php(482): CodeIgniter\CodeIgniter->runController(Object(App\Controllers\Datamahasiswa))
16 SYSTEMPATH\CodeIgniter.php(351): CodeIgniter\CodeIgniter->handleRequest(null, Object(Config\Cache), false)
17 FCPATH\index.php(67): CodeIgniter\CodeIgniter->run()
CRITICAL - 2022-12-11 11:04:04 --> Trying to access array offset on value of type null
in APPPATH\Views\datauser\data_mahasiswa\v_edit.php on line 240.
 1 APPPATH\Views\datauser\data_mahasiswa\v_edit.php(240): CodeIgniter\Debug\Exceptions->errorHandler(2, 'Trying to access array offset on value of type null', 'APPPATH\\Views\\datauser\\data_mahasiswa\\v_edit.php', 240)
 2 SYSTEMPATH\View\View.php(213): include('APPPATH\\Views\\datauser\\data_mahasiswa\\v_edit.php')
 3 SYSTEMPATH\View\View.php(216): CodeIgniter\View\View->CodeIgniter\View\{closure}()
 4 SYSTEMPATH\Common.php(1134): CodeIgniter\View\View->render('datauser/data_mahasiswa/v_edit', [], true)
 5 APPPATH\Views\layout\v_content.php(4): view('datauser/data_mahasiswa/v_edit')
 6 SYSTEMPATH\View\View.php(213): include('APPPATH\\Views\\layout\\v_content.php')
 7 SYSTEMPATH\View\View.php(216): CodeIgniter\View\View->CodeIgniter\View\{closure}()
 8 SYSTEMPATH\Common.php(1134): CodeIgniter\View\View->render('layout/v_content', [], true)
 9 APPPATH\Views\layout\v_wrapper.php(6): view('layout/v_content')
10 SYSTEMPATH\View\View.php(213): include('APPPATH\\Views\\layout\\v_wrapper.php')
11 SYSTEMPATH\View\View.php(216): CodeIgniter\View\View->CodeIgniter\View\{closure}()
12 SYSTEMPATH\Common.php(1134): CodeIgniter\View\View->render('layout/v_wrapper', [], true)
13 APPPATH\Controllers\Datamahasiswa.php(78): view('layout/v_wrapper', [...])
14 SYSTEMPATH\CodeIgniter.php(927): App\Controllers\Datamahasiswa->edit('home')
15 SYSTEMPATH\CodeIgniter.php(482): CodeIgniter\CodeIgniter->runController(Object(App\Controllers\Datamahasiswa))
16 SYSTEMPATH\CodeIgniter.php(351): CodeIgniter\CodeIgniter->handleRequest(null, Object(Config\Cache), false)
17 FCPATH\index.php(67): CodeIgniter\CodeIgniter->run()
CRITICAL - 2022-12-11 11:04:23 --> Trying to access array offset on value of type null
in APPPATH\Views\datauser\data_mahasiswa\v_edit.php on line 239.
 1 APPPATH\Views\datauser\data_mahasiswa\v_edit.php(239): CodeIgniter\Debug\Exceptions->errorHandler(2, 'Trying to access array offset on value of type null', 'APPPATH\\Views\\datauser\\data_mahasiswa\\v_edit.php', 239)
 2 SYSTEMPATH\View\View.php(213): include('APPPATH\\Views\\datauser\\data_mahasiswa\\v_edit.php')
 3 SYSTEMPATH\View\View.php(216): CodeIgniter\View\View->CodeIgniter\View\{closure}()
 4 SYSTEMPATH\Common.php(1134): CodeIgniter\View\View->render('datauser/data_mahasiswa/v_edit', [], true)
 5 APPPATH\Views\layout\v_content.php(4): view('datauser/data_mahasiswa/v_edit')
 6 SYSTEMPATH\View\View.php(213): include('APPPATH\\Views\\layout\\v_content.php')
 7 SYSTEMPATH\View\View.php(216): CodeIgniter\View\View->CodeIgniter\View\{closure}()
 8 SYSTEMPATH\Common.php(1134): CodeIgniter\View\View->render('layout/v_content', [], true)
 9 APPPATH\Views\layout\v_wrapper.php(6): view('layout/v_content')
10 SYSTEMPATH\View\View.php(213): include('APPPATH\\Views\\layout\\v_wrapper.php')
11 SYSTEMPATH\View\View.php(216): CodeIgniter\View\View->CodeIgniter\View\{closure}()
12 SYSTEMPATH\Common.php(1134): CodeIgniter\View\View->render('layout/v_wrapper', [], true)
13 APPPATH\Controllers\Datamahasiswa.php(78): view('layout/v_wrapper', [...])
14 SYSTEMPATH\CodeIgniter.php(927): App\Controllers\Datamahasiswa->edit('home')
15 SYSTEMPATH\CodeIgniter.php(482): CodeIgniter\CodeIgniter->runController(Object(App\Controllers\Datamahasiswa))
16 SYSTEMPATH\CodeIgniter.php(351): CodeIgniter\CodeIgniter->handleRequest(null, Object(Config\Cache), false)
17 FCPATH\index.php(67): CodeIgniter\CodeIgniter->run()
CRITICAL - 2022-12-11 11:04:39 --> Trying to access array offset on value of type null
in APPPATH\Views\datauser\data_mahasiswa\v_edit.php on line 239.
 1 APPPATH\Views\datauser\data_mahasiswa\v_edit.php(239): CodeIgniter\Debug\Exceptions->errorHandler(2, 'Trying to access array offset on value of type null', 'APPPATH\\Views\\datauser\\data_mahasiswa\\v_edit.php', 239)
 2 SYSTEMPATH\View\View.php(213): include('APPPATH\\Views\\datauser\\data_mahasiswa\\v_edit.php')
 3 SYSTEMPATH\View\View.php(216): CodeIgniter\View\View->CodeIgniter\View\{closure}()
 4 SYSTEMPATH\Common.php(1134): CodeIgniter\View\View->render('datauser/data_mahasiswa/v_edit', [], true)
 5 APPPATH\Views\layout\v_content.php(4): view('datauser/data_mahasiswa/v_edit')
 6 SYSTEMPATH\View\View.php(213): include('APPPATH\\Views\\layout\\v_content.php')
 7 SYSTEMPATH\View\View.php(216): CodeIgniter\View\View->CodeIgniter\View\{closure}()
 8 SYSTEMPATH\Common.php(1134): CodeIgniter\View\View->render('layout/v_content', [], true)
 9 APPPATH\Views\layout\v_wrapper.php(6): view('layout/v_content')
10 SYSTEMPATH\View\View.php(213): include('APPPATH\\Views\\layout\\v_wrapper.php')
11 SYSTEMPATH\View\View.php(216): CodeIgniter\View\View->CodeIgniter\View\{closure}()
12 SYSTEMPATH\Common.php(1134): CodeIgniter\View\View->render('layout/v_wrapper', [], true)
13 APPPATH\Controllers\Datamahasiswa.php(78): view('layout/v_wrapper', [...])
14 SYSTEMPATH\CodeIgniter.php(927): App\Controllers\Datamahasiswa->edit('home')
15 SYSTEMPATH\CodeIgniter.php(482): CodeIgniter\CodeIgniter->runController(Object(App\Controllers\Datamahasiswa))
16 SYSTEMPATH\CodeIgniter.php(351): CodeIgniter\CodeIgniter->handleRequest(null, Object(Config\Cache), false)
17 FCPATH\index.php(67): CodeIgniter\CodeIgniter->run()
ERROR - 2022-12-11 11:07:01 --> mysqli_sql_exception: Unknown column 'nip' in 'field list' in C:\xampp\htdocs\siakad_v1\system\Database\MySQLi\Connection.php:292
Stack trace:
#0 C:\xampp\htdocs\siakad_v1\system\Database\MySQLi\Connection.php(292): mysqli->query('UPDATE `tbl_mah...', 0)
#1 C:\xampp\htdocs\siakad_v1\system\Database\BaseConnection.php(666): CodeIgniter\Database\MySQLi\Connection->execute('UPDATE `tbl_mah...')
#2 C:\xampp\htdocs\siakad_v1\system\Database\BaseConnection.php(593): CodeIgniter\Database\BaseConnection->simpleQuery('UPDATE `tbl_mah...')
#3 C:\xampp\htdocs\siakad_v1\system\Database\BaseBuilder.php(2079): CodeIgniter\Database\BaseConnection->query('UPDATE `tbl_mah...', Array, false)
#4 C:\xampp\htdocs\siakad_v1\app\Models\ModelDatamahasiswa.php(27): CodeIgniter\Database\BaseBuilder->update(Array, Array)
#5 C:\xampp\htdocs\siakad_v1\app\Controllers\Datamahasiswa.php(113): App\Models\ModelDatamahasiswa->update_datamahasiswa(Array, '1')
#6 C:\xampp\htdocs\siakad_v1\system\CodeIgniter.php(927): App\Controllers\Datamahasiswa->update('1')
#7 C:\xampp\htdocs\siakad_v1\system\CodeIgniter.php(482): CodeIgniter\CodeIgniter->runController(Object(App\Controllers\Datamahasiswa))
#8 C:\xampp\htdocs\siakad_v1\system\CodeIgniter.php(351): CodeIgniter\CodeIgniter->handleRequest(NULL, Object(Config\Cache), false)
#9 C:\xampp\htdocs\siakad_v1\index.php(67): CodeIgniter\CodeIgniter->run()
#10 {main}
CRITICAL - 2022-12-11 11:07:01 --> Unknown column 'nip' in 'field list'
in SYSTEMPATH\Database\MySQLi\Connection.php on line 292.
 1 SYSTEMPATH\Database\MySQLi\Connection.php(292): mysqli->query('UPDATE `tbl_mahasiswa` SET `nip` = NULL, `nidn` = NULL, `nidk` = NULL, `nupn` = NULL, `nbm` = NULL, `nama` = \'ALDINO PUTA BUANA\', `gelardepan` = NULL, `gelarbelakang` = NULL, `jk` = \'Laki - Laki\', `tmplahir` = \'Prabumulih\', `tgllahir` = \'13 Oktober 2000\', `idagama` = \'Islam\', `telepon` = \'987662733\', `nohp` = NULL, `idkepemilikanhp` = NULL, `emailkampus` = \'unpra@gmail.com\', `email` = \'aldino@gmail.com\', `alamat` = NULL, `idunit` = \'\', `idstatusaktif` = NULL, `idjenispeg` = NULL, `idjabfung` = NULL, `idjabstruktural` = NULL, `kuota_pa` = NULL, `kuota_propskripsi` = NULL, `idjenjang` = NULL, `iduniversitas` = NULL, `idbidangilmu` = NULL
WHERE `id_mahasiswa` = \'1\'', 0)
 2 SYSTEMPATH\Database\BaseConnection.php(666): CodeIgniter\Database\MySQLi\Connection->execute('UPDATE `tbl_mahasiswa` SET `nip` = NULL, `nidn` = NULL, `nidk` = NULL, `nupn` = NULL, `nbm` = NULL, `nama` = \'ALDINO PUTA BUANA\', `gelardepan` = NULL, `gelarbelakang` = NULL, `jk` = \'Laki - Laki\', `tmplahir` = \'Prabumulih\', `tgllahir` = \'13 Oktober 2000\', `idagama` = \'Islam\', `telepon` = \'987662733\', `nohp` = NULL, `idkepemilikanhp` = NULL, `emailkampus` = \'unpra@gmail.com\', `email` = \'aldino@gmail.com\', `alamat` = NULL, `idunit` = \'\', `idstatusaktif` = NULL, `idjenispeg` = NULL, `idjabfung` = NULL, `idjabstruktural` = NULL, `kuota_pa` = NULL, `kuota_propskripsi` = NULL, `idjenjang` = NULL, `iduniversitas` = NULL, `idbidangilmu` = NULL
WHERE `id_mahasiswa` = \'1\'')
 3 SYSTEMPATH\Database\BaseConnection.php(593): CodeIgniter\Database\BaseConnection->simpleQuery('UPDATE `tbl_mahasiswa` SET `nip` = NULL, `nidn` = NULL, `nidk` = NULL, `nupn` = NULL, `nbm` = NULL, `nama` = \'ALDINO PUTA BUANA\', `gelardepan` = NULL, `gelarbelakang` = NULL, `jk` = \'Laki - Laki\', `tmplahir` = \'Prabumulih\', `tgllahir` = \'13 Oktober 2000\', `idagama` = \'Islam\', `telepon` = \'987662733\', `nohp` = NULL, `idkepemilikanhp` = NULL, `emailkampus` = \'unpra@gmail.com\', `email` = \'aldino@gmail.com\', `alamat` = NULL, `idunit` = \'\', `idstatusaktif` = NULL, `idjenispeg` = NULL, `idjabfung` = NULL, `idjabstruktural` = NULL, `kuota_pa` = NULL, `kuota_propskripsi` = NULL, `idjenjang` = NULL, `iduniversitas` = NULL, `idbidangilmu` = NULL
WHERE `id_mahasiswa` = \'1\'')
 4 SYSTEMPATH\Database\BaseBuilder.php(2079): CodeIgniter\Database\BaseConnection->query('UPDATE `tbl_mahasiswa` SET `nip` = :nip:, `nidn` = :nidn:, `nidk` = :nidk:, `nupn` = :nupn:, `nbm` = :nbm:, `nama` = :nama:, `gelardepan` = :gelardepan:, `gelarbelakang` = :gelarbelakang:, `jk` = :jk:, `tmplahir` = :tmplahir:, `tgllahir` = :tgllahir:, `idagama` = :idagama:, `telepon` = :telepon:, `nohp` = :nohp:, `idkepemilikanhp` = :idkepemilikanhp:, `emailkampus` = :emailkampus:, `email` = :email:, `alamat` = :alamat:, `idunit` = :idunit:, `idstatusaktif` = :idstatusaktif:, `idjenispeg` = :idjenispeg:, `idjabfung` = :idjabfung:, `idjabstruktural` = :idjabstruktural:, `kuota_pa` = :kuota_pa:, `kuota_propskripsi` = :kuota_propskripsi:, `idjenjang` = :idjenjang:, `iduniversitas` = :iduniversitas:, `idbidangilmu` = :idbidangilmu:
WHERE `id_mahasiswa` = :id_mahasiswa:', [...], false)
 5 APPPATH\Models\ModelDatamahasiswa.php(27): CodeIgniter\Database\BaseBuilder->update([...], [...])
 6 APPPATH\Controllers\Datamahasiswa.php(113): App\Models\ModelDatamahasiswa->update_datamahasiswa([...], '1')
 7 SYSTEMPATH\CodeIgniter.php(927): App\Controllers\Datamahasiswa->update('1')
 8 SYSTEMPATH\CodeIgniter.php(482): CodeIgniter\CodeIgniter->runController(Object(App\Controllers\Datamahasiswa))
 9 SYSTEMPATH\CodeIgniter.php(351): CodeIgniter\CodeIgniter->handleRequest(null, Object(Config\Cache), false)
10 FCPATH\index.php(67): CodeIgniter\CodeIgniter->run()
ERROR - 2022-12-11 11:07:20 --> mysqli_sql_exception: Unknown column 'nip' in 'field list' in C:\xampp\htdocs\siakad_v1\system\Database\MySQLi\Connection.php:292
Stack trace:
#0 C:\xampp\htdocs\siakad_v1\system\Database\MySQLi\Connection.php(292): mysqli->query('UPDATE `tbl_mah...', 0)
#1 C:\xampp\htdocs\siakad_v1\system\Database\BaseConnection.php(666): CodeIgniter\Database\MySQLi\Connection->execute('UPDATE `tbl_mah...')
#2 C:\xampp\htdocs\siakad_v1\system\Database\BaseConnection.php(593): CodeIgniter\Database\BaseConnection->simpleQuery('UPDATE `tbl_mah...')
#3 C:\xampp\htdocs\siakad_v1\system\Database\BaseBuilder.php(2079): CodeIgniter\Database\BaseConnection->query('UPDATE `tbl_mah...', Array, false)
#4 C:\xampp\htdocs\siakad_v1\app\Models\ModelDatamahasiswa.php(27): CodeIgniter\Database\BaseBuilder->update(Array, Array)
#5 C:\xampp\htdocs\siakad_v1\app\Controllers\Datamahasiswa.php(113): App\Models\ModelDatamahasiswa->update_datamahasiswa(Array, '1')
#6 C:\xampp\htdocs\siakad_v1\system\CodeIgniter.php(927): App\Controllers\Datamahasiswa->update('1')
#7 C:\xampp\htdocs\siakad_v1\system\CodeIgniter.php(482): CodeIgniter\CodeIgniter->runController(Object(App\Controllers\Datamahasiswa))
#8 C:\xampp\htdocs\siakad_v1\system\CodeIgniter.php(351): CodeIgniter\CodeIgniter->handleRequest(NULL, Object(Config\Cache), false)
#9 C:\xampp\htdocs\siakad_v1\index.php(67): CodeIgniter\CodeIgniter->run()
#10 {main}
CRITICAL - 2022-12-11 11:07:20 --> Unknown column 'nip' in 'field list'
in SYSTEMPATH\Database\MySQLi\Connection.php on line 292.
 1 SYSTEMPATH\Database\MySQLi\Connection.php(292): mysqli->query('UPDATE `tbl_mahasiswa` SET `nip` = NULL, `nidn` = NULL, `nidk` = NULL, `nupn` = NULL, `nbm` = NULL, `nama` = \'ALDINO PUTA BUANA\', `gelardepan` = NULL, `gelarbelakang` = NULL, `jk` = \'Laki - Laki\', `tmplahir` = \'Prabumulih\', `tgllahir` = \'13 Oktober 2000\', `idagama` = \'Islam\', `telepon` = \'987662733\', `nohp` = NULL, `idkepemilikanhp` = NULL, `emailkampus` = \'unpra@gmail.com\', `email` = \'aldino@gmail.com\', `alamat` = NULL, `idunit` = \'\', `idstatusaktif` = NULL, `idjenispeg` = NULL, `idjabfung` = NULL, `idjabstruktural` = NULL, `kuota_pa` = NULL, `kuota_propskripsi` = NULL, `idjenjang` = NULL, `iduniversitas` = NULL, `idbidangilmu` = NULL
WHERE `id_mahasiswa` = \'1\'', 0)
 2 SYSTEMPATH\Database\BaseConnection.php(666): CodeIgniter\Database\MySQLi\Connection->execute('UPDATE `tbl_mahasiswa` SET `nip` = NULL, `nidn` = NULL, `nidk` = NULL, `nupn` = NULL, `nbm` = NULL, `nama` = \'ALDINO PUTA BUANA\', `gelardepan` = NULL, `gelarbelakang` = NULL, `jk` = \'Laki - Laki\', `tmplahir` = \'Prabumulih\', `tgllahir` = \'13 Oktober 2000\', `idagama` = \'Islam\', `telepon` = \'987662733\', `nohp` = NULL, `idkepemilikanhp` = NULL, `emailkampus` = \'unpra@gmail.com\', `email` = \'aldino@gmail.com\', `alamat` = NULL, `idunit` = \'\', `idstatusaktif` = NULL, `idjenispeg` = NULL, `idjabfung` = NULL, `idjabstruktural` = NULL, `kuota_pa` = NULL, `kuota_propskripsi` = NULL, `idjenjang` = NULL, `iduniversitas` = NULL, `idbidangilmu` = NULL
WHERE `id_mahasiswa` = \'1\'')
 3 SYSTEMPATH\Database\BaseConnection.php(593): CodeIgniter\Database\BaseConnection->simpleQuery('UPDATE `tbl_mahasiswa` SET `nip` = NULL, `nidn` = NULL, `nidk` = NULL, `nupn` = NULL, `nbm` = NULL, `nama` = \'ALDINO PUTA BUANA\', `gelardepan` = NULL, `gelarbelakang` = NULL, `jk` = \'Laki - Laki\', `tmplahir` = \'Prabumulih\', `tgllahir` = \'13 Oktober 2000\', `idagama` = \'Islam\', `telepon` = \'987662733\', `nohp` = NULL, `idkepemilikanhp` = NULL, `emailkampus` = \'unpra@gmail.com\', `email` = \'aldino@gmail.com\', `alamat` = NULL, `idunit` = \'\', `idstatusaktif` = NULL, `idjenispeg` = NULL, `idjabfung` = NULL, `idjabstruktural` = NULL, `kuota_pa` = NULL, `kuota_propskripsi` = NULL, `idjenjang` = NULL, `iduniversitas` = NULL, `idbidangilmu` = NULL
WHERE `id_mahasiswa` = \'1\'')
 4 SYSTEMPATH\Database\BaseBuilder.php(2079): CodeIgniter\Database\BaseConnection->query('UPDATE `tbl_mahasiswa` SET `nip` = :nip:, `nidn` = :nidn:, `nidk` = :nidk:, `nupn` = :nupn:, `nbm` = :nbm:, `nama` = :nama:, `gelardepan` = :gelardepan:, `gelarbelakang` = :gelarbelakang:, `jk` = :jk:, `tmplahir` = :tmplahir:, `tgllahir` = :tgllahir:, `idagama` = :idagama:, `telepon` = :telepon:, `nohp` = :nohp:, `idkepemilikanhp` = :idkepemilikanhp:, `emailkampus` = :emailkampus:, `email` = :email:, `alamat` = :alamat:, `idunit` = :idunit:, `idstatusaktif` = :idstatusaktif:, `idjenispeg` = :idjenispeg:, `idjabfung` = :idjabfung:, `idjabstruktural` = :idjabstruktural:, `kuota_pa` = :kuota_pa:, `kuota_propskripsi` = :kuota_propskripsi:, `idjenjang` = :idjenjang:, `iduniversitas` = :iduniversitas:, `idbidangilmu` = :idbidangilmu:
WHERE `id_mahasiswa` = :id_mahasiswa:', [...], false)
 5 APPPATH\Models\ModelDatamahasiswa.php(27): CodeIgniter\Database\BaseBuilder->update([...], [...])
 6 APPPATH\Controllers\Datamahasiswa.php(113): App\Models\ModelDatamahasiswa->update_datamahasiswa([...], '1')
 7 SYSTEMPATH\CodeIgniter.php(927): App\Controllers\Datamahasiswa->update('1')
 8 SYSTEMPATH\CodeIgniter.php(482): CodeIgniter\CodeIgniter->runController(Object(App\Controllers\Datamahasiswa))
 9 SYSTEMPATH\CodeIgniter.php(351): CodeIgniter\CodeIgniter->handleRequest(null, Object(Config\Cache), false)
10 FCPATH\index.php(67): CodeIgniter\CodeIgniter->run()
CRITICAL - 2022-12-11 12:37:24 --> Undefined variable $jadwaldspng
in APPPATH\Views\datauser\data_admin\v_list.php on line 241.
 1 APPPATH\Views\datauser\data_admin\v_list.php(241): CodeIgniter\Debug\Exceptions->errorHandler(2, 'Undefined variable $jadwaldspng', 'APPPATH\\Views\\datauser\\data_admin\\v_list.php', 241)
 2 SYSTEMPATH\View\View.php(213): include('APPPATH\\Views\\datauser\\data_admin\\v_list.php')
 3 SYSTEMPATH\View\View.php(216): CodeIgniter\View\View->CodeIgniter\View\{closure}()
 4 SYSTEMPATH\Common.php(1134): CodeIgniter\View\View->render('datauser/data_admin/v_list', [], true)
 5 APPPATH\Views\layout\v_content.php(4): view('datauser/data_admin/v_list')
 6 SYSTEMPATH\View\View.php(213): include('APPPATH\\Views\\layout\\v_content.php')
 7 SYSTEMPATH\View\View.php(216): CodeIgniter\View\View->CodeIgniter\View\{closure}()
 8 SYSTEMPATH\Common.php(1134): CodeIgniter\View\View->render('layout/v_content', [], true)
 9 APPPATH\Views\layout\v_wrapper.php(6): view('layout/v_content')
10 SYSTEMPATH\View\View.php(213): include('APPPATH\\Views\\layout\\v_wrapper.php')
11 SYSTEMPATH\View\View.php(216): CodeIgniter\View\View->CodeIgniter\View\{closure}()
12 SYSTEMPATH\Common.php(1134): CodeIgniter\View\View->render('layout/v_wrapper', [], true)
13 APPPATH\Controllers\Dataadmin.php(22): view('layout/v_wrapper', [...])
14 SYSTEMPATH\CodeIgniter.php(927): App\Controllers\dataadmin->index()
15 SYSTEMPATH\CodeIgniter.php(482): CodeIgniter\CodeIgniter->runController(Object(App\Controllers\dataadmin))
16 SYSTEMPATH\CodeIgniter.php(351): CodeIgniter\CodeIgniter->handleRequest(null, Object(Config\Cache), false)
17 FCPATH\index.php(67): CodeIgniter\CodeIgniter->run()
CRITICAL - 2022-12-11 12:41:10 --> Cannot access offset of type string on string
in APPPATH\Views\datauser\data_admin\v_list.php on line 244.
 1 SYSTEMPATH\View\View.php(213): include()
 2 SYSTEMPATH\View\View.php(216): CodeIgniter\View\View->CodeIgniter\View\{closure}()
 3 SYSTEMPATH\Common.php(1134): CodeIgniter\View\View->render('datauser/data_admin/v_list', [], true)
 4 APPPATH\Views\layout\v_content.php(4): view('datauser/data_admin/v_list')
 5 SYSTEMPATH\View\View.php(213): include('APPPATH\\Views\\layout\\v_content.php')
 6 SYSTEMPATH\View\View.php(216): CodeIgniter\View\View->CodeIgniter\View\{closure}()
 7 SYSTEMPATH\Common.php(1134): CodeIgniter\View\View->render('layout/v_content', [], true)
 8 APPPATH\Views\layout\v_wrapper.php(6): view('layout/v_content')
 9 SYSTEMPATH\View\View.php(213): include('APPPATH\\Views\\layout\\v_wrapper.php')
10 SYSTEMPATH\View\View.php(216): CodeIgniter\View\View->CodeIgniter\View\{closure}()
11 SYSTEMPATH\Common.php(1134): CodeIgniter\View\View->render('layout/v_wrapper', [], true)
12 APPPATH\Controllers\Dataadmin.php(53): view('layout/v_wrapper', [...])
13 SYSTEMPATH\CodeIgniter.php(927): App\Controllers\dataadmin->edit('1')
14 SYSTEMPATH\CodeIgniter.php(482): CodeIgniter\CodeIgniter->runController(Object(App\Controllers\dataadmin))
15 SYSTEMPATH\CodeIgniter.php(351): CodeIgniter\CodeIgniter->handleRequest(null, Object(Config\Cache), false)
16 FCPATH\index.php(67): CodeIgniter\CodeIgniter->run()
CRITICAL - 2022-12-11 12:49:44 --> Cannot access offset of type string on string
in APPPATH\Views\datauser\data_admin\v_list.php on line 244.
 1 SYSTEMPATH\View\View.php(213): include()
 2 SYSTEMPATH\View\View.php(216): CodeIgniter\View\View->CodeIgniter\View\{closure}()
 3 SYSTEMPATH\Common.php(1134): CodeIgniter\View\View->render('datauser/data_admin/v_list', [], true)
 4 APPPATH\Views\layout\v_content.php(4): view('datauser/data_admin/v_list')
 5 SYSTEMPATH\View\View.php(213): include('APPPATH\\Views\\layout\\v_content.php')
 6 SYSTEMPATH\View\View.php(216): CodeIgniter\View\View->CodeIgniter\View\{closure}()
 7 SYSTEMPATH\Common.php(1134): CodeIgniter\View\View->render('layout/v_content', [], true)
 8 APPPATH\Views\layout\v_wrapper.php(6): view('layout/v_content')
 9 SYSTEMPATH\View\View.php(213): include('APPPATH\\Views\\layout\\v_wrapper.php')
10 SYSTEMPATH\View\View.php(216): CodeIgniter\View\View->CodeIgniter\View\{closure}()
11 SYSTEMPATH\Common.php(1134): CodeIgniter\View\View->render('layout/v_wrapper', [], true)
12 APPPATH\Controllers\Dataadmin.php(53): view('layout/v_wrapper', [...])
13 SYSTEMPATH\CodeIgniter.php(927): App\Controllers\dataadmin->edit('1')
14 SYSTEMPATH\CodeIgniter.php(482): CodeIgniter\CodeIgniter->runController(Object(App\Controllers\dataadmin))
15 SYSTEMPATH\CodeIgniter.php(351): CodeIgniter\CodeIgniter->handleRequest(null, Object(Config\Cache), false)
16 FCPATH\index.php(67): CodeIgniter\CodeIgniter->run()
CRITICAL - 2022-12-11 13:02:32 --> Invalid file: datauser/data_mahasiswa/v_tambah.php
in SYSTEMPATH\Exceptions\FrameworkException.php on line 33.
 1 SYSTEMPATH\View\View.php(201): CodeIgniter\Exceptions\FrameworkException::forInvalidFile('datauser/data_mahasiswa/v_tambah.php')
 2 SYSTEMPATH\Common.php(1134): CodeIgniter\View\View->render('datauser/data_mahasiswa/v_tambah', [], true)
 3 APPPATH\Views\layout\v_content.php(4): view('datauser/data_mahasiswa/v_tambah')
 4 SYSTEMPATH\View\View.php(213): include('APPPATH\\Views\\layout\\v_content.php')
 5 SYSTEMPATH\View\View.php(216): CodeIgniter\View\View->CodeIgniter\View\{closure}()
 6 SYSTEMPATH\Common.php(1134): CodeIgniter\View\View->render('layout/v_content', [], true)
 7 APPPATH\Views\layout\v_wrapper.php(6): view('layout/v_content')
 8 SYSTEMPATH\View\View.php(213): include('APPPATH\\Views\\layout\\v_wrapper.php')
 9 SYSTEMPATH\View\View.php(216): CodeIgniter\View\View->CodeIgniter\View\{closure}()
10 SYSTEMPATH\Common.php(1134): CodeIgniter\View\View->render('layout/v_wrapper', [], true)
11 APPPATH\Controllers\Dataadmin.php(31): view('layout/v_wrapper', [...])
12 SYSTEMPATH\CodeIgniter.php(927): App\Controllers\dataadmin->tambah()
13 SYSTEMPATH\CodeIgniter.php(482): CodeIgniter\CodeIgniter->runController(Object(App\Controllers\dataadmin))
14 SYSTEMPATH\CodeIgniter.php(351): CodeIgniter\CodeIgniter->handleRequest(null, Object(Config\Cache), false)
15 FCPATH\index.php(67): CodeIgniter\CodeIgniter->run()
ERROR - 2022-12-11 13:03:22 --> mysqli_sql_exception: Unknown column 'tanggal' in 'field list' in C:\xampp\htdocs\siakad_v1\system\Database\MySQLi\Connection.php:292
Stack trace:
#0 C:\xampp\htdocs\siakad_v1\system\Database\MySQLi\Connection.php(292): mysqli->query('INSERT INTO `tb...', 0)
#1 C:\xampp\htdocs\siakad_v1\system\Database\BaseConnection.php(666): CodeIgniter\Database\MySQLi\Connection->execute('INSERT INTO `tb...')
#2 C:\xampp\htdocs\siakad_v1\system\Database\BaseConnection.php(593): CodeIgniter\Database\BaseConnection->simpleQuery('INSERT INTO `tb...')
#3 C:\xampp\htdocs\siakad_v1\system\Database\BaseBuilder.php(1916): CodeIgniter\Database\BaseConnection->query('INSERT INTO `tb...', Array, false)
#4 C:\xampp\htdocs\siakad_v1\app\Models\ModelDataadmin.php(15): CodeIgniter\Database\BaseBuilder->insert(Array)
#5 C:\xampp\htdocs\siakad_v1\app\Controllers\Dataadmin.php(41): App\Models\ModelDataadmin->insert_dataadmin(Array)
#6 C:\xampp\htdocs\siakad_v1\system\CodeIgniter.php(927): App\Controllers\dataadmin->save()
#7 C:\xampp\htdocs\siakad_v1\system\CodeIgniter.php(482): CodeIgniter\CodeIgniter->runController(Object(App\Controllers\dataadmin))
#8 C:\xampp\htdocs\siakad_v1\system\CodeIgniter.php(351): CodeIgniter\CodeIgniter->handleRequest(NULL, Object(Config\Cache), false)
#9 C:\xampp\htdocs\siakad_v1\index.php(67): CodeIgniter\CodeIgniter->run()
#10 {main}
CRITICAL - 2022-12-11 13:03:22 --> Unknown column 'tanggal' in 'field list'
in SYSTEMPATH\Database\MySQLi\Connection.php on line 292.
 1 SYSTEMPATH\Database\MySQLi\Connection.php(292): mysqli->query('INSERT INTO `tbl_user` (`tanggal`, `penulis`, `judul`) VALUES (NULL, NULL, NULL)', 0)
 2 SYSTEMPATH\Database\BaseConnection.php(666): CodeIgniter\Database\MySQLi\Connection->execute('INSERT INTO `tbl_user` (`tanggal`, `penulis`, `judul`) VALUES (NULL, NULL, NULL)')
 3 SYSTEMPATH\Database\BaseConnection.php(593): CodeIgniter\Database\BaseConnection->simpleQuery('INSERT INTO `tbl_user` (`tanggal`, `penulis`, `judul`) VALUES (NULL, NULL, NULL)')
 4 SYSTEMPATH\Database\BaseBuilder.php(1916): CodeIgniter\Database\BaseConnection->query('INSERT INTO `tbl_user` (`tanggal`, `penulis`, `judul`) VALUES (:tanggal:, :penulis:, :judul:)', [...], false)
 5 APPPATH\Models\ModelDataadmin.php(15): CodeIgniter\Database\BaseBuilder->insert([...])
 6 APPPATH\Controllers\Dataadmin.php(41): App\Models\ModelDataadmin->insert_dataadmin([...])
 7 SYSTEMPATH\CodeIgniter.php(927): App\Controllers\dataadmin->save()
 8 SYSTEMPATH\CodeIgniter.php(482): CodeIgniter\CodeIgniter->runController(Object(App\Controllers\dataadmin))
 9 SYSTEMPATH\CodeIgniter.php(351): CodeIgniter\CodeIgniter->handleRequest(null, Object(Config\Cache), false)
10 FCPATH\index.php(67): CodeIgniter\CodeIgniter->run()
CRITICAL - 2022-12-11 13:53:44 --> require_once(template/dompdf/autoload.inc.php): Failed to open stream: No such file or directory
in APPPATH\Controllers\Cetaklaporan.php on line 6.
 1 APPPATH\Controllers\Cetaklaporan.php(6): CodeIgniter\Debug\Exceptions->errorHandler(2, 'require_once(template/dompdf/autoload.inc.php): Failed to open stream: No such file or directory', 'APPPATH\\Controllers\\Cetaklaporan.php', 6)
 2 APPPATH\Controllers\Cetaklaporan.php(6): require_once()
 3 SYSTEMPATH\Router\AutoRouter.php(147): include_once('APPPATH\\Controllers\\Cetaklaporan.php')
 4 SYSTEMPATH\Router\Router.php(499): CodeIgniter\Router\AutoRouter->getRoute('/Cetaklaporan')
 5 SYSTEMPATH\Router\Router.php(205): CodeIgniter\Router\Router->autoRoute('/Cetaklaporan')
 6 SYSTEMPATH\CodeIgniter.php(802): CodeIgniter\Router\Router->handle('/Cetaklaporan')
 7 SYSTEMPATH\CodeIgniter.php(430): CodeIgniter\CodeIgniter->tryToRouteIt(Object(CodeIgniter\Router\RouteCollection))
 8 SYSTEMPATH\CodeIgniter.php(351): CodeIgniter\CodeIgniter->handleRequest(null, Object(Config\Cache), false)
 9 FCPATH\index.php(67): CodeIgniter\CodeIgniter->run()
CRITICAL - 2022-12-11 13:54:10 --> require_once(assets/dompdf/autoload.inc.php): Failed to open stream: No such file or directory
in APPPATH\Controllers\Cetaklaporan.php on line 6.
 1 APPPATH\Controllers\Cetaklaporan.php(6): CodeIgniter\Debug\Exceptions->errorHandler(2, 'require_once(assets/dompdf/autoload.inc.php): Failed to open stream: No such file or directory', 'APPPATH\\Controllers\\Cetaklaporan.php', 6)
 2 APPPATH\Controllers\Cetaklaporan.php(6): require_once()
 3 SYSTEMPATH\Router\AutoRouter.php(147): include_once('APPPATH\\Controllers\\Cetaklaporan.php')
 4 SYSTEMPATH\Router\Router.php(499): CodeIgniter\Router\AutoRouter->getRoute('/Cetaklaporan')
 5 SYSTEMPATH\Router\Router.php(205): CodeIgniter\Router\Router->autoRoute('/Cetaklaporan')
 6 SYSTEMPATH\CodeIgniter.php(802): CodeIgniter\Router\Router->handle('/Cetaklaporan')
 7 SYSTEMPATH\CodeIgniter.php(430): CodeIgniter\CodeIgniter->tryToRouteIt(Object(CodeIgniter\Router\RouteCollection))
 8 SYSTEMPATH\CodeIgniter.php(351): CodeIgniter\CodeIgniter->handleRequest(null, Object(Config\Cache), false)
 9 FCPATH\index.php(67): CodeIgniter\CodeIgniter->run()
CRITICAL - 2022-12-11 13:54:34 --> require_once(assets/dompdf/autoload.inc.php): Failed to open stream: No such file or directory
in APPPATH\Controllers\Cetaklaporan.php on line 5.
 1 APPPATH\Controllers\Cetaklaporan.php(5): CodeIgniter\Debug\Exceptions->errorHandler(2, 'require_once(assets/dompdf/autoload.inc.php): Failed to open stream: No such file or directory', 'APPPATH\\Controllers\\Cetaklaporan.php', 5)
 2 APPPATH\Controllers\Cetaklaporan.php(5): require_once()
 3 SYSTEMPATH\Router\AutoRouter.php(147): include_once('APPPATH\\Controllers\\Cetaklaporan.php')
 4 SYSTEMPATH\Router\Router.php(499): CodeIgniter\Router\AutoRouter->getRoute('/Cetaklaporan')
 5 SYSTEMPATH\Router\Router.php(205): CodeIgniter\Router\Router->autoRoute('/Cetaklaporan')
 6 SYSTEMPATH\CodeIgniter.php(802): CodeIgniter\Router\Router->handle('/Cetaklaporan')
 7 SYSTEMPATH\CodeIgniter.php(430): CodeIgniter\CodeIgniter->tryToRouteIt(Object(CodeIgniter\Router\RouteCollection))
 8 SYSTEMPATH\CodeIgniter.php(351): CodeIgniter\CodeIgniter->handleRequest(null, Object(Config\Cache), false)
 9 FCPATH\index.php(67): CodeIgniter\CodeIgniter->run()
