ERROR - 2024-05-25 00:22:25 --> mysqli_sql_exception: You have an error in your SQL syntax; check the manual that corresponds to your MariaDB server version for the right syntax to use near '' at line 1 in C:\xampp\htdocs\Portofolio\system\Database\MySQLi\Connection.php:292
Stack trace:
#0 C:\xampp\htdocs\Portofolio\system\Database\MySQLi\Connection.php(292): mysqli->query('SELECT foto, na...', 0)
#1 C:\xampp\htdocs\Portofolio\system\Database\BaseConnection.php(666): CodeIgniter\Database\MySQLi\Connection->execute('SELECT foto, na...')
#2 C:\xampp\htdocs\Portofolio\system\Database\BaseConnection.php(593): CodeIgniter\Database\BaseConnection->simpleQuery('SELECT foto, na...')
#3 C:\xampp\htdocs\Portofolio\app\Views\layout\v_nav.php(17): CodeIgniter\Database\BaseConnection->query('SELECT foto, na...')
#4 C:\xampp\htdocs\Portofolio\system\View\View.php(213): include('C:\\xampp\\htdocs...')
#5 C:\xampp\htdocs\Portofolio\system\View\View.php(216): CodeIgniter\View\View->CodeIgniter\View\{closure}()
#6 C:\xampp\htdocs\Portofolio\system\Common.php(1134): CodeIgniter\View\View->render('layout/v_nav', Array, true)
#7 C:\xampp\htdocs\Portofolio\app\Views\layout\v_wrapper.php(5): view('layout/v_nav')
#8 C:\xampp\htdocs\Portofolio\system\View\View.php(213): include('C:\\xampp\\htdocs...')
#9 C:\xampp\htdocs\Portofolio\system\View\View.php(216): CodeIgniter\View\View->CodeIgniter\View\{closure}()
#10 C:\xampp\htdocs\Portofolio\system\Common.php(1134): CodeIgniter\View\View->render('layout/v_wrappe...', Array, true)
#11 C:\xampp\htdocs\Portofolio\app\Controllers\Home.php(26): view('layout/v_wrappe...', Array)
#12 C:\xampp\htdocs\Portofolio\system\CodeIgniter.php(927): App\Controllers\Home->index()
#13 C:\xampp\htdocs\Portofolio\system\CodeIgniter.php(482): CodeIgniter\CodeIgniter->runController(Object(App\Controllers\Home))
#14 C:\xampp\htdocs\Portofolio\system\CodeIgniter.php(351): CodeIgniter\CodeIgniter->handleRequest(NULL, Object(Config\Cache), false)
#15 C:\xampp\htdocs\Portofolio\index.php(67): CodeIgniter\CodeIgniter->run()
#16 {main}
CRITICAL - 2024-05-25 00:22:25 --> You have an error in your SQL syntax; check the manual that corresponds to your MariaDB server version for the right syntax to use near '' at line 1
in SYSTEMPATH\Database\MySQLi\Connection.php on line 292.
 1 SYSTEMPATH\Database\MySQLi\Connection.php(292): mysqli->query('SELECT foto, nama_user FROM tbl_user WHERE id_user = ', 0)
 2 SYSTEMPATH\Database\BaseConnection.php(666): CodeIgniter\Database\MySQLi\Connection->execute('SELECT foto, nama_user FROM tbl_user WHERE id_user = ')
 3 SYSTEMPATH\Database\BaseConnection.php(593): CodeIgniter\Database\BaseConnection->simpleQuery('SELECT foto, nama_user FROM tbl_user WHERE id_user = ')
 4 APPPATH\Views\layout\v_nav.php(17): CodeIgniter\Database\BaseConnection->query('SELECT foto, nama_user FROM tbl_user WHERE id_user = ')
 5 SYSTEMPATH\View\View.php(213): include('APPPATH\\Views\\layout\\v_nav.php')
 6 SYSTEMPATH\View\View.php(216): CodeIgniter\View\View->CodeIgniter\View\{closure}()
 7 SYSTEMPATH\Common.php(1134): CodeIgniter\View\View->render('layout/v_nav', [], true)
 8 APPPATH\Views\layout\v_wrapper.php(5): view('layout/v_nav')
 9 SYSTEMPATH\View\View.php(213): include('APPPATH\\Views\\layout\\v_wrapper.php')
10 SYSTEMPATH\View\View.php(216): CodeIgniter\View\View->CodeIgniter\View\{closure}()
11 SYSTEMPATH\Common.php(1134): CodeIgniter\View\View->render('layout/v_wrapper', [], true)
12 APPPATH\Controllers\Home.php(26): view('layout/v_wrapper', [...])
13 SYSTEMPATH\CodeIgniter.php(927): App\Controllers\Home->index()
14 SYSTEMPATH\CodeIgniter.php(482): CodeIgniter\CodeIgniter->runController(Object(App\Controllers\Home))
15 SYSTEMPATH\CodeIgniter.php(351): CodeIgniter\CodeIgniter->handleRequest(null, Object(Config\Cache), false)
16 FCPATH\index.php(67): CodeIgniter\CodeIgniter->run()
ERROR - 2024-05-25 00:22:30 --> mysqli_sql_exception: You have an error in your SQL syntax; check the manual that corresponds to your MariaDB server version for the right syntax to use near '' at line 1 in C:\xampp\htdocs\Portofolio\system\Database\MySQLi\Connection.php:292
Stack trace:
#0 C:\xampp\htdocs\Portofolio\system\Database\MySQLi\Connection.php(292): mysqli->query('SELECT foto, na...', 0)
#1 C:\xampp\htdocs\Portofolio\system\Database\BaseConnection.php(666): CodeIgniter\Database\MySQLi\Connection->execute('SELECT foto, na...')
#2 C:\xampp\htdocs\Portofolio\system\Database\BaseConnection.php(593): CodeIgniter\Database\BaseConnection->simpleQuery('SELECT foto, na...')
#3 C:\xampp\htdocs\Portofolio\app\Views\layout\v_nav.php(17): CodeIgniter\Database\BaseConnection->query('SELECT foto, na...')
#4 C:\xampp\htdocs\Portofolio\system\View\View.php(213): include('C:\\xampp\\htdocs...')
#5 C:\xampp\htdocs\Portofolio\system\View\View.php(216): CodeIgniter\View\View->CodeIgniter\View\{closure}()
#6 C:\xampp\htdocs\Portofolio\system\Common.php(1134): CodeIgniter\View\View->render('layout/v_nav', Array, true)
#7 C:\xampp\htdocs\Portofolio\app\Views\layout\v_wrapper.php(5): view('layout/v_nav')
#8 C:\xampp\htdocs\Portofolio\system\View\View.php(213): include('C:\\xampp\\htdocs...')
#9 C:\xampp\htdocs\Portofolio\system\View\View.php(216): CodeIgniter\View\View->CodeIgniter\View\{closure}()
#10 C:\xampp\htdocs\Portofolio\system\Common.php(1134): CodeIgniter\View\View->render('layout/v_wrappe...', Array, true)
#11 C:\xampp\htdocs\Portofolio\app\Controllers\Home.php(26): view('layout/v_wrappe...', Array)
#12 C:\xampp\htdocs\Portofolio\system\CodeIgniter.php(927): App\Controllers\Home->index()
#13 C:\xampp\htdocs\Portofolio\system\CodeIgniter.php(482): CodeIgniter\CodeIgniter->runController(Object(App\Controllers\Home))
#14 C:\xampp\htdocs\Portofolio\system\CodeIgniter.php(351): CodeIgniter\CodeIgniter->handleRequest(NULL, Object(Config\Cache), false)
#15 C:\xampp\htdocs\Portofolio\index.php(67): CodeIgniter\CodeIgniter->run()
#16 {main}
CRITICAL - 2024-05-25 00:22:30 --> You have an error in your SQL syntax; check the manual that corresponds to your MariaDB server version for the right syntax to use near '' at line 1
in SYSTEMPATH\Database\MySQLi\Connection.php on line 292.
 1 SYSTEMPATH\Database\MySQLi\Connection.php(292): mysqli->query('SELECT foto, nama_user FROM tbl_user WHERE id_user = ', 0)
 2 SYSTEMPATH\Database\BaseConnection.php(666): CodeIgniter\Database\MySQLi\Connection->execute('SELECT foto, nama_user FROM tbl_user WHERE id_user = ')
 3 SYSTEMPATH\Database\BaseConnection.php(593): CodeIgniter\Database\BaseConnection->simpleQuery('SELECT foto, nama_user FROM tbl_user WHERE id_user = ')
 4 APPPATH\Views\layout\v_nav.php(17): CodeIgniter\Database\BaseConnection->query('SELECT foto, nama_user FROM tbl_user WHERE id_user = ')
 5 SYSTEMPATH\View\View.php(213): include('APPPATH\\Views\\layout\\v_nav.php')
 6 SYSTEMPATH\View\View.php(216): CodeIgniter\View\View->CodeIgniter\View\{closure}()
 7 SYSTEMPATH\Common.php(1134): CodeIgniter\View\View->render('layout/v_nav', [], true)
 8 APPPATH\Views\layout\v_wrapper.php(5): view('layout/v_nav')
 9 SYSTEMPATH\View\View.php(213): include('APPPATH\\Views\\layout\\v_wrapper.php')
10 SYSTEMPATH\View\View.php(216): CodeIgniter\View\View->CodeIgniter\View\{closure}()
11 SYSTEMPATH\Common.php(1134): CodeIgniter\View\View->render('layout/v_wrapper', [], true)
12 APPPATH\Controllers\Home.php(26): view('layout/v_wrapper', [...])
13 SYSTEMPATH\CodeIgniter.php(927): App\Controllers\Home->index()
14 SYSTEMPATH\CodeIgniter.php(482): CodeIgniter\CodeIgniter->runController(Object(App\Controllers\Home))
15 SYSTEMPATH\CodeIgniter.php(351): CodeIgniter\CodeIgniter->handleRequest(null, Object(Config\Cache), false)
16 FCPATH\index.php(67): CodeIgniter\CodeIgniter->run()
ERROR - 2024-05-25 00:22:35 --> mysqli_sql_exception: You have an error in your SQL syntax; check the manual that corresponds to your MariaDB server version for the right syntax to use near '' at line 1 in C:\xampp\htdocs\Portofolio\system\Database\MySQLi\Connection.php:292
Stack trace:
#0 C:\xampp\htdocs\Portofolio\system\Database\MySQLi\Connection.php(292): mysqli->query('SELECT foto, na...', 0)
#1 C:\xampp\htdocs\Portofolio\system\Database\BaseConnection.php(666): CodeIgniter\Database\MySQLi\Connection->execute('SELECT foto, na...')
#2 C:\xampp\htdocs\Portofolio\system\Database\BaseConnection.php(593): CodeIgniter\Database\BaseConnection->simpleQuery('SELECT foto, na...')
#3 C:\xampp\htdocs\Portofolio\app\Views\layout\v_nav.php(17): CodeIgniter\Database\BaseConnection->query('SELECT foto, na...')
#4 C:\xampp\htdocs\Portofolio\system\View\View.php(213): include('C:\\xampp\\htdocs...')
#5 C:\xampp\htdocs\Portofolio\system\View\View.php(216): CodeIgniter\View\View->CodeIgniter\View\{closure}()
#6 C:\xampp\htdocs\Portofolio\system\Common.php(1134): CodeIgniter\View\View->render('layout/v_nav', Array, true)
#7 C:\xampp\htdocs\Portofolio\app\Views\layout\v_wrapper.php(5): view('layout/v_nav')
#8 C:\xampp\htdocs\Portofolio\system\View\View.php(213): include('C:\\xampp\\htdocs...')
#9 C:\xampp\htdocs\Portofolio\system\View\View.php(216): CodeIgniter\View\View->CodeIgniter\View\{closure}()
#10 C:\xampp\htdocs\Portofolio\system\Common.php(1134): CodeIgniter\View\View->render('layout/v_wrappe...', Array, true)
#11 C:\xampp\htdocs\Portofolio\app\Controllers\Home.php(26): view('layout/v_wrappe...', Array)
#12 C:\xampp\htdocs\Portofolio\system\CodeIgniter.php(927): App\Controllers\Home->index()
#13 C:\xampp\htdocs\Portofolio\system\CodeIgniter.php(482): CodeIgniter\CodeIgniter->runController(Object(App\Controllers\Home))
#14 C:\xampp\htdocs\Portofolio\system\CodeIgniter.php(351): CodeIgniter\CodeIgniter->handleRequest(NULL, Object(Config\Cache), false)
#15 C:\xampp\htdocs\Portofolio\index.php(67): CodeIgniter\CodeIgniter->run()
#16 {main}
CRITICAL - 2024-05-25 00:22:35 --> You have an error in your SQL syntax; check the manual that corresponds to your MariaDB server version for the right syntax to use near '' at line 1
in SYSTEMPATH\Database\MySQLi\Connection.php on line 292.
 1 SYSTEMPATH\Database\MySQLi\Connection.php(292): mysqli->query('SELECT foto, nama_user FROM tbl_user WHERE id_user = ', 0)
 2 SYSTEMPATH\Database\BaseConnection.php(666): CodeIgniter\Database\MySQLi\Connection->execute('SELECT foto, nama_user FROM tbl_user WHERE id_user = ')
 3 SYSTEMPATH\Database\BaseConnection.php(593): CodeIgniter\Database\BaseConnection->simpleQuery('SELECT foto, nama_user FROM tbl_user WHERE id_user = ')
 4 APPPATH\Views\layout\v_nav.php(17): CodeIgniter\Database\BaseConnection->query('SELECT foto, nama_user FROM tbl_user WHERE id_user = ')
 5 SYSTEMPATH\View\View.php(213): include('APPPATH\\Views\\layout\\v_nav.php')
 6 SYSTEMPATH\View\View.php(216): CodeIgniter\View\View->CodeIgniter\View\{closure}()
 7 SYSTEMPATH\Common.php(1134): CodeIgniter\View\View->render('layout/v_nav', [], true)
 8 APPPATH\Views\layout\v_wrapper.php(5): view('layout/v_nav')
 9 SYSTEMPATH\View\View.php(213): include('APPPATH\\Views\\layout\\v_wrapper.php')
10 SYSTEMPATH\View\View.php(216): CodeIgniter\View\View->CodeIgniter\View\{closure}()
11 SYSTEMPATH\Common.php(1134): CodeIgniter\View\View->render('layout/v_wrapper', [], true)
12 APPPATH\Controllers\Home.php(26): view('layout/v_wrapper', [...])
13 SYSTEMPATH\CodeIgniter.php(927): App\Controllers\Home->index()
14 SYSTEMPATH\CodeIgniter.php(482): CodeIgniter\CodeIgniter->runController(Object(App\Controllers\Home))
15 SYSTEMPATH\CodeIgniter.php(351): CodeIgniter\CodeIgniter->handleRequest(null, Object(Config\Cache), false)
16 FCPATH\index.php(67): CodeIgniter\CodeIgniter->run()
ERROR - 2024-05-25 00:22:40 --> mysqli_sql_exception: You have an error in your SQL syntax; check the manual that corresponds to your MariaDB server version for the right syntax to use near '' at line 1 in C:\xampp\htdocs\Portofolio\system\Database\MySQLi\Connection.php:292
Stack trace:
#0 C:\xampp\htdocs\Portofolio\system\Database\MySQLi\Connection.php(292): mysqli->query('SELECT foto, na...', 0)
#1 C:\xampp\htdocs\Portofolio\system\Database\BaseConnection.php(666): CodeIgniter\Database\MySQLi\Connection->execute('SELECT foto, na...')
#2 C:\xampp\htdocs\Portofolio\system\Database\BaseConnection.php(593): CodeIgniter\Database\BaseConnection->simpleQuery('SELECT foto, na...')
#3 C:\xampp\htdocs\Portofolio\app\Views\layout\v_nav.php(17): CodeIgniter\Database\BaseConnection->query('SELECT foto, na...')
#4 C:\xampp\htdocs\Portofolio\system\View\View.php(213): include('C:\\xampp\\htdocs...')
#5 C:\xampp\htdocs\Portofolio\system\View\View.php(216): CodeIgniter\View\View->CodeIgniter\View\{closure}()
#6 C:\xampp\htdocs\Portofolio\system\Common.php(1134): CodeIgniter\View\View->render('layout/v_nav', Array, true)
#7 C:\xampp\htdocs\Portofolio\app\Views\layout\v_wrapper.php(5): view('layout/v_nav')
#8 C:\xampp\htdocs\Portofolio\system\View\View.php(213): include('C:\\xampp\\htdocs...')
#9 C:\xampp\htdocs\Portofolio\system\View\View.php(216): CodeIgniter\View\View->CodeIgniter\View\{closure}()
#10 C:\xampp\htdocs\Portofolio\system\Common.php(1134): CodeIgniter\View\View->render('layout/v_wrappe...', Array, true)
#11 C:\xampp\htdocs\Portofolio\app\Controllers\Home.php(26): view('layout/v_wrappe...', Array)
#12 C:\xampp\htdocs\Portofolio\system\CodeIgniter.php(927): App\Controllers\Home->index()
#13 C:\xampp\htdocs\Portofolio\system\CodeIgniter.php(482): CodeIgniter\CodeIgniter->runController(Object(App\Controllers\Home))
#14 C:\xampp\htdocs\Portofolio\system\CodeIgniter.php(351): CodeIgniter\CodeIgniter->handleRequest(NULL, Object(Config\Cache), false)
#15 C:\xampp\htdocs\Portofolio\index.php(67): CodeIgniter\CodeIgniter->run()
#16 {main}
CRITICAL - 2024-05-25 00:22:40 --> You have an error in your SQL syntax; check the manual that corresponds to your MariaDB server version for the right syntax to use near '' at line 1
in SYSTEMPATH\Database\MySQLi\Connection.php on line 292.
 1 SYSTEMPATH\Database\MySQLi\Connection.php(292): mysqli->query('SELECT foto, nama_user FROM tbl_user WHERE id_user = ', 0)
 2 SYSTEMPATH\Database\BaseConnection.php(666): CodeIgniter\Database\MySQLi\Connection->execute('SELECT foto, nama_user FROM tbl_user WHERE id_user = ')
 3 SYSTEMPATH\Database\BaseConnection.php(593): CodeIgniter\Database\BaseConnection->simpleQuery('SELECT foto, nama_user FROM tbl_user WHERE id_user = ')
 4 APPPATH\Views\layout\v_nav.php(17): CodeIgniter\Database\BaseConnection->query('SELECT foto, nama_user FROM tbl_user WHERE id_user = ')
 5 SYSTEMPATH\View\View.php(213): include('APPPATH\\Views\\layout\\v_nav.php')
 6 SYSTEMPATH\View\View.php(216): CodeIgniter\View\View->CodeIgniter\View\{closure}()
 7 SYSTEMPATH\Common.php(1134): CodeIgniter\View\View->render('layout/v_nav', [], true)
 8 APPPATH\Views\layout\v_wrapper.php(5): view('layout/v_nav')
 9 SYSTEMPATH\View\View.php(213): include('APPPATH\\Views\\layout\\v_wrapper.php')
10 SYSTEMPATH\View\View.php(216): CodeIgniter\View\View->CodeIgniter\View\{closure}()
11 SYSTEMPATH\Common.php(1134): CodeIgniter\View\View->render('layout/v_wrapper', [], true)
12 APPPATH\Controllers\Home.php(26): view('layout/v_wrapper', [...])
13 SYSTEMPATH\CodeIgniter.php(927): App\Controllers\Home->index()
14 SYSTEMPATH\CodeIgniter.php(482): CodeIgniter\CodeIgniter->runController(Object(App\Controllers\Home))
15 SYSTEMPATH\CodeIgniter.php(351): CodeIgniter\CodeIgniter->handleRequest(null, Object(Config\Cache), false)
16 FCPATH\index.php(67): CodeIgniter\CodeIgniter->run()
ERROR - 2024-05-25 00:22:54 --> mysqli_sql_exception: You have an error in your SQL syntax; check the manual that corresponds to your MariaDB server version for the right syntax to use near '' at line 1 in C:\xampp\htdocs\Portofolio\system\Database\MySQLi\Connection.php:292
Stack trace:
#0 C:\xampp\htdocs\Portofolio\system\Database\MySQLi\Connection.php(292): mysqli->query('SELECT foto, na...', 0)
#1 C:\xampp\htdocs\Portofolio\system\Database\BaseConnection.php(666): CodeIgniter\Database\MySQLi\Connection->execute('SELECT foto, na...')
#2 C:\xampp\htdocs\Portofolio\system\Database\BaseConnection.php(593): CodeIgniter\Database\BaseConnection->simpleQuery('SELECT foto, na...')
#3 C:\xampp\htdocs\Portofolio\app\Views\layout\v_nav.php(17): CodeIgniter\Database\BaseConnection->query('SELECT foto, na...')
#4 C:\xampp\htdocs\Portofolio\system\View\View.php(213): include('C:\\xampp\\htdocs...')
#5 C:\xampp\htdocs\Portofolio\system\View\View.php(216): CodeIgniter\View\View->CodeIgniter\View\{closure}()
#6 C:\xampp\htdocs\Portofolio\system\Common.php(1134): CodeIgniter\View\View->render('layout/v_nav', Array, true)
#7 C:\xampp\htdocs\Portofolio\app\Views\layout\v_wrapper.php(5): view('layout/v_nav')
#8 C:\xampp\htdocs\Portofolio\system\View\View.php(213): include('C:\\xampp\\htdocs...')
#9 C:\xampp\htdocs\Portofolio\system\View\View.php(216): CodeIgniter\View\View->CodeIgniter\View\{closure}()
#10 C:\xampp\htdocs\Portofolio\system\Common.php(1134): CodeIgniter\View\View->render('layout/v_wrappe...', Array, true)
#11 C:\xampp\htdocs\Portofolio\app\Controllers\Home.php(26): view('layout/v_wrappe...', Array)
#12 C:\xampp\htdocs\Portofolio\system\CodeIgniter.php(927): App\Controllers\Home->index()
#13 C:\xampp\htdocs\Portofolio\system\CodeIgniter.php(482): CodeIgniter\CodeIgniter->runController(Object(App\Controllers\Home))
#14 C:\xampp\htdocs\Portofolio\system\CodeIgniter.php(351): CodeIgniter\CodeIgniter->handleRequest(NULL, Object(Config\Cache), false)
#15 C:\xampp\htdocs\Portofolio\index.php(67): CodeIgniter\CodeIgniter->run()
#16 {main}
CRITICAL - 2024-05-25 00:22:54 --> You have an error in your SQL syntax; check the manual that corresponds to your MariaDB server version for the right syntax to use near '' at line 1
in SYSTEMPATH\Database\MySQLi\Connection.php on line 292.
 1 SYSTEMPATH\Database\MySQLi\Connection.php(292): mysqli->query('SELECT foto, nama_user FROM tbl_user WHERE id_user = ', 0)
 2 SYSTEMPATH\Database\BaseConnection.php(666): CodeIgniter\Database\MySQLi\Connection->execute('SELECT foto, nama_user FROM tbl_user WHERE id_user = ')
 3 SYSTEMPATH\Database\BaseConnection.php(593): CodeIgniter\Database\BaseConnection->simpleQuery('SELECT foto, nama_user FROM tbl_user WHERE id_user = ')
 4 APPPATH\Views\layout\v_nav.php(17): CodeIgniter\Database\BaseConnection->query('SELECT foto, nama_user FROM tbl_user WHERE id_user = ')
 5 SYSTEMPATH\View\View.php(213): include('APPPATH\\Views\\layout\\v_nav.php')
 6 SYSTEMPATH\View\View.php(216): CodeIgniter\View\View->CodeIgniter\View\{closure}()
 7 SYSTEMPATH\Common.php(1134): CodeIgniter\View\View->render('layout/v_nav', [], true)
 8 APPPATH\Views\layout\v_wrapper.php(5): view('layout/v_nav')
 9 SYSTEMPATH\View\View.php(213): include('APPPATH\\Views\\layout\\v_wrapper.php')
10 SYSTEMPATH\View\View.php(216): CodeIgniter\View\View->CodeIgniter\View\{closure}()
11 SYSTEMPATH\Common.php(1134): CodeIgniter\View\View->render('layout/v_wrapper', [], true)
12 APPPATH\Controllers\Home.php(26): view('layout/v_wrapper', [...])
13 SYSTEMPATH\CodeIgniter.php(927): App\Controllers\Home->index()
14 SYSTEMPATH\CodeIgniter.php(482): CodeIgniter\CodeIgniter->runController(Object(App\Controllers\Home))
15 SYSTEMPATH\CodeIgniter.php(351): CodeIgniter\CodeIgniter->handleRequest(null, Object(Config\Cache), false)
16 FCPATH\index.php(67): CodeIgniter\CodeIgniter->run()
ERROR - 2024-05-25 00:25:18 --> mysqli_sql_exception: You have an error in your SQL syntax; check the manual that corresponds to your MariaDB server version for the right syntax to use near '' at line 1 in C:\xampp\htdocs\Portofolio\system\Database\MySQLi\Connection.php:292
Stack trace:
#0 C:\xampp\htdocs\Portofolio\system\Database\MySQLi\Connection.php(292): mysqli->query('SELECT foto, na...', 0)
#1 C:\xampp\htdocs\Portofolio\system\Database\BaseConnection.php(666): CodeIgniter\Database\MySQLi\Connection->execute('SELECT foto, na...')
#2 C:\xampp\htdocs\Portofolio\system\Database\BaseConnection.php(593): CodeIgniter\Database\BaseConnection->simpleQuery('SELECT foto, na...')
#3 C:\xampp\htdocs\Portofolio\app\Views\layout\v_nav.php(17): CodeIgniter\Database\BaseConnection->query('SELECT foto, na...')
#4 C:\xampp\htdocs\Portofolio\system\View\View.php(213): include('C:\\xampp\\htdocs...')
#5 C:\xampp\htdocs\Portofolio\system\View\View.php(216): CodeIgniter\View\View->CodeIgniter\View\{closure}()
#6 C:\xampp\htdocs\Portofolio\system\Common.php(1134): CodeIgniter\View\View->render('layout/v_nav', Array, true)
#7 C:\xampp\htdocs\Portofolio\app\Views\layout\v_wrapper.php(5): view('layout/v_nav')
#8 C:\xampp\htdocs\Portofolio\system\View\View.php(213): include('C:\\xampp\\htdocs...')
#9 C:\xampp\htdocs\Portofolio\system\View\View.php(216): CodeIgniter\View\View->CodeIgniter\View\{closure}()
#10 C:\xampp\htdocs\Portofolio\system\Common.php(1134): CodeIgniter\View\View->render('layout/v_wrappe...', Array, true)
#11 C:\xampp\htdocs\Portofolio\app\Controllers\Home.php(26): view('layout/v_wrappe...', Array)
#12 C:\xampp\htdocs\Portofolio\system\CodeIgniter.php(927): App\Controllers\Home->index()
#13 C:\xampp\htdocs\Portofolio\system\CodeIgniter.php(482): CodeIgniter\CodeIgniter->runController(Object(App\Controllers\Home))
#14 C:\xampp\htdocs\Portofolio\system\CodeIgniter.php(351): CodeIgniter\CodeIgniter->handleRequest(NULL, Object(Config\Cache), false)
#15 C:\xampp\htdocs\Portofolio\index.php(67): CodeIgniter\CodeIgniter->run()
#16 {main}
CRITICAL - 2024-05-25 00:25:18 --> You have an error in your SQL syntax; check the manual that corresponds to your MariaDB server version for the right syntax to use near '' at line 1
in SYSTEMPATH\Database\MySQLi\Connection.php on line 292.
 1 SYSTEMPATH\Database\MySQLi\Connection.php(292): mysqli->query('SELECT foto, nama_user FROM tbl_user WHERE id_user = ', 0)
 2 SYSTEMPATH\Database\BaseConnection.php(666): CodeIgniter\Database\MySQLi\Connection->execute('SELECT foto, nama_user FROM tbl_user WHERE id_user = ')
 3 SYSTEMPATH\Database\BaseConnection.php(593): CodeIgniter\Database\BaseConnection->simpleQuery('SELECT foto, nama_user FROM tbl_user WHERE id_user = ')
 4 APPPATH\Views\layout\v_nav.php(17): CodeIgniter\Database\BaseConnection->query('SELECT foto, nama_user FROM tbl_user WHERE id_user = ')
 5 SYSTEMPATH\View\View.php(213): include('APPPATH\\Views\\layout\\v_nav.php')
 6 SYSTEMPATH\View\View.php(216): CodeIgniter\View\View->CodeIgniter\View\{closure}()
 7 SYSTEMPATH\Common.php(1134): CodeIgniter\View\View->render('layout/v_nav', [], true)
 8 APPPATH\Views\layout\v_wrapper.php(5): view('layout/v_nav')
 9 SYSTEMPATH\View\View.php(213): include('APPPATH\\Views\\layout\\v_wrapper.php')
10 SYSTEMPATH\View\View.php(216): CodeIgniter\View\View->CodeIgniter\View\{closure}()
11 SYSTEMPATH\Common.php(1134): CodeIgniter\View\View->render('layout/v_wrapper', [], true)
12 APPPATH\Controllers\Home.php(26): view('layout/v_wrapper', [...])
13 SYSTEMPATH\CodeIgniter.php(927): App\Controllers\Home->index()
14 SYSTEMPATH\CodeIgniter.php(482): CodeIgniter\CodeIgniter->runController(Object(App\Controllers\Home))
15 SYSTEMPATH\CodeIgniter.php(351): CodeIgniter\CodeIgniter->handleRequest(null, Object(Config\Cache), false)
16 FCPATH\index.php(67): CodeIgniter\CodeIgniter->run()
ERROR - 2024-05-25 00:28:26 --> mysqli_sql_exception: You have an error in your SQL syntax; check the manual that corresponds to your MariaDB server version for the right syntax to use near '' at line 1 in C:\xampp\htdocs\Portofolio\system\Database\MySQLi\Connection.php:292
Stack trace:
#0 C:\xampp\htdocs\Portofolio\system\Database\MySQLi\Connection.php(292): mysqli->query('SELECT foto, na...', 0)
#1 C:\xampp\htdocs\Portofolio\system\Database\BaseConnection.php(666): CodeIgniter\Database\MySQLi\Connection->execute('SELECT foto, na...')
#2 C:\xampp\htdocs\Portofolio\system\Database\BaseConnection.php(593): CodeIgniter\Database\BaseConnection->simpleQuery('SELECT foto, na...')
#3 C:\xampp\htdocs\Portofolio\app\Views\layout\v_nav.php(17): CodeIgniter\Database\BaseConnection->query('SELECT foto, na...')
#4 C:\xampp\htdocs\Portofolio\system\View\View.php(213): include('C:\\xampp\\htdocs...')
#5 C:\xampp\htdocs\Portofolio\system\View\View.php(216): CodeIgniter\View\View->CodeIgniter\View\{closure}()
#6 C:\xampp\htdocs\Portofolio\system\Common.php(1134): CodeIgniter\View\View->render('layout/v_nav', Array, true)
#7 C:\xampp\htdocs\Portofolio\app\Views\layout\v_wrapper.php(5): view('layout/v_nav')
#8 C:\xampp\htdocs\Portofolio\system\View\View.php(213): include('C:\\xampp\\htdocs...')
#9 C:\xampp\htdocs\Portofolio\system\View\View.php(216): CodeIgniter\View\View->CodeIgniter\View\{closure}()
#10 C:\xampp\htdocs\Portofolio\system\Common.php(1134): CodeIgniter\View\View->render('layout/v_wrappe...', Array, true)
#11 C:\xampp\htdocs\Portofolio\app\Controllers\Home.php(26): view('layout/v_wrappe...', Array)
#12 C:\xampp\htdocs\Portofolio\system\CodeIgniter.php(927): App\Controllers\Home->index()
#13 C:\xampp\htdocs\Portofolio\system\CodeIgniter.php(482): CodeIgniter\CodeIgniter->runController(Object(App\Controllers\Home))
#14 C:\xampp\htdocs\Portofolio\system\CodeIgniter.php(351): CodeIgniter\CodeIgniter->handleRequest(NULL, Object(Config\Cache), false)
#15 C:\xampp\htdocs\Portofolio\index.php(67): CodeIgniter\CodeIgniter->run()
#16 {main}
CRITICAL - 2024-05-25 00:28:26 --> You have an error in your SQL syntax; check the manual that corresponds to your MariaDB server version for the right syntax to use near '' at line 1
in SYSTEMPATH\Database\MySQLi\Connection.php on line 292.
 1 SYSTEMPATH\Database\MySQLi\Connection.php(292): mysqli->query('SELECT foto, nama_user FROM tbl_user WHERE id_user = ', 0)
 2 SYSTEMPATH\Database\BaseConnection.php(666): CodeIgniter\Database\MySQLi\Connection->execute('SELECT foto, nama_user FROM tbl_user WHERE id_user = ')
 3 SYSTEMPATH\Database\BaseConnection.php(593): CodeIgniter\Database\BaseConnection->simpleQuery('SELECT foto, nama_user FROM tbl_user WHERE id_user = ')
 4 APPPATH\Views\layout\v_nav.php(17): CodeIgniter\Database\BaseConnection->query('SELECT foto, nama_user FROM tbl_user WHERE id_user = ')
 5 SYSTEMPATH\View\View.php(213): include('APPPATH\\Views\\layout\\v_nav.php')
 6 SYSTEMPATH\View\View.php(216): CodeIgniter\View\View->CodeIgniter\View\{closure}()
 7 SYSTEMPATH\Common.php(1134): CodeIgniter\View\View->render('layout/v_nav', [], true)
 8 APPPATH\Views\layout\v_wrapper.php(5): view('layout/v_nav')
 9 SYSTEMPATH\View\View.php(213): include('APPPATH\\Views\\layout\\v_wrapper.php')
10 SYSTEMPATH\View\View.php(216): CodeIgniter\View\View->CodeIgniter\View\{closure}()
11 SYSTEMPATH\Common.php(1134): CodeIgniter\View\View->render('layout/v_wrapper', [], true)
12 APPPATH\Controllers\Home.php(26): view('layout/v_wrapper', [...])
13 SYSTEMPATH\CodeIgniter.php(927): App\Controllers\Home->index()
14 SYSTEMPATH\CodeIgniter.php(482): CodeIgniter\CodeIgniter->runController(Object(App\Controllers\Home))
15 SYSTEMPATH\CodeIgniter.php(351): CodeIgniter\CodeIgniter->handleRequest(null, Object(Config\Cache), false)
16 FCPATH\index.php(67): CodeIgniter\CodeIgniter->run()
ERROR - 2024-05-25 00:28:29 --> mysqli_sql_exception: You have an error in your SQL syntax; check the manual that corresponds to your MariaDB server version for the right syntax to use near '' at line 1 in C:\xampp\htdocs\Portofolio\system\Database\MySQLi\Connection.php:292
Stack trace:
#0 C:\xampp\htdocs\Portofolio\system\Database\MySQLi\Connection.php(292): mysqli->query('SELECT foto, na...', 0)
#1 C:\xampp\htdocs\Portofolio\system\Database\BaseConnection.php(666): CodeIgniter\Database\MySQLi\Connection->execute('SELECT foto, na...')
#2 C:\xampp\htdocs\Portofolio\system\Database\BaseConnection.php(593): CodeIgniter\Database\BaseConnection->simpleQuery('SELECT foto, na...')
#3 C:\xampp\htdocs\Portofolio\app\Views\layout\v_nav.php(17): CodeIgniter\Database\BaseConnection->query('SELECT foto, na...')
#4 C:\xampp\htdocs\Portofolio\system\View\View.php(213): include('C:\\xampp\\htdocs...')
#5 C:\xampp\htdocs\Portofolio\system\View\View.php(216): CodeIgniter\View\View->CodeIgniter\View\{closure}()
#6 C:\xampp\htdocs\Portofolio\system\Common.php(1134): CodeIgniter\View\View->render('layout/v_nav', Array, true)
#7 C:\xampp\htdocs\Portofolio\app\Views\layout\v_wrapper.php(5): view('layout/v_nav')
#8 C:\xampp\htdocs\Portofolio\system\View\View.php(213): include('C:\\xampp\\htdocs...')
#9 C:\xampp\htdocs\Portofolio\system\View\View.php(216): CodeIgniter\View\View->CodeIgniter\View\{closure}()
#10 C:\xampp\htdocs\Portofolio\system\Common.php(1134): CodeIgniter\View\View->render('layout/v_wrappe...', Array, true)
#11 C:\xampp\htdocs\Portofolio\app\Controllers\Home.php(26): view('layout/v_wrappe...', Array)
#12 C:\xampp\htdocs\Portofolio\system\CodeIgniter.php(927): App\Controllers\Home->index()
#13 C:\xampp\htdocs\Portofolio\system\CodeIgniter.php(482): CodeIgniter\CodeIgniter->runController(Object(App\Controllers\Home))
#14 C:\xampp\htdocs\Portofolio\system\CodeIgniter.php(351): CodeIgniter\CodeIgniter->handleRequest(NULL, Object(Config\Cache), false)
#15 C:\xampp\htdocs\Portofolio\index.php(67): CodeIgniter\CodeIgniter->run()
#16 {main}
CRITICAL - 2024-05-25 00:28:29 --> You have an error in your SQL syntax; check the manual that corresponds to your MariaDB server version for the right syntax to use near '' at line 1
in SYSTEMPATH\Database\MySQLi\Connection.php on line 292.
 1 SYSTEMPATH\Database\MySQLi\Connection.php(292): mysqli->query('SELECT foto, nama_user FROM tbl_user WHERE id_user = ', 0)
 2 SYSTEMPATH\Database\BaseConnection.php(666): CodeIgniter\Database\MySQLi\Connection->execute('SELECT foto, nama_user FROM tbl_user WHERE id_user = ')
 3 SYSTEMPATH\Database\BaseConnection.php(593): CodeIgniter\Database\BaseConnection->simpleQuery('SELECT foto, nama_user FROM tbl_user WHERE id_user = ')
 4 APPPATH\Views\layout\v_nav.php(17): CodeIgniter\Database\BaseConnection->query('SELECT foto, nama_user FROM tbl_user WHERE id_user = ')
 5 SYSTEMPATH\View\View.php(213): include('APPPATH\\Views\\layout\\v_nav.php')
 6 SYSTEMPATH\View\View.php(216): CodeIgniter\View\View->CodeIgniter\View\{closure}()
 7 SYSTEMPATH\Common.php(1134): CodeIgniter\View\View->render('layout/v_nav', [], true)
 8 APPPATH\Views\layout\v_wrapper.php(5): view('layout/v_nav')
 9 SYSTEMPATH\View\View.php(213): include('APPPATH\\Views\\layout\\v_wrapper.php')
10 SYSTEMPATH\View\View.php(216): CodeIgniter\View\View->CodeIgniter\View\{closure}()
11 SYSTEMPATH\Common.php(1134): CodeIgniter\View\View->render('layout/v_wrapper', [], true)
12 APPPATH\Controllers\Home.php(26): view('layout/v_wrapper', [...])
13 SYSTEMPATH\CodeIgniter.php(927): App\Controllers\Home->index()
14 SYSTEMPATH\CodeIgniter.php(482): CodeIgniter\CodeIgniter->runController(Object(App\Controllers\Home))
15 SYSTEMPATH\CodeIgniter.php(351): CodeIgniter\CodeIgniter->handleRequest(null, Object(Config\Cache), false)
16 FCPATH\index.php(67): CodeIgniter\CodeIgniter->run()
ERROR - 2024-05-25 00:28:46 --> mysqli_sql_exception: You have an error in your SQL syntax; check the manual that corresponds to your MariaDB server version for the right syntax to use near '' at line 1 in C:\xampp\htdocs\Portofolio\system\Database\MySQLi\Connection.php:292
Stack trace:
#0 C:\xampp\htdocs\Portofolio\system\Database\MySQLi\Connection.php(292): mysqli->query('SELECT foto, na...', 0)
#1 C:\xampp\htdocs\Portofolio\system\Database\BaseConnection.php(666): CodeIgniter\Database\MySQLi\Connection->execute('SELECT foto, na...')
#2 C:\xampp\htdocs\Portofolio\system\Database\BaseConnection.php(593): CodeIgniter\Database\BaseConnection->simpleQuery('SELECT foto, na...')
#3 C:\xampp\htdocs\Portofolio\app\Views\layout\v_nav.php(17): CodeIgniter\Database\BaseConnection->query('SELECT foto, na...')
#4 C:\xampp\htdocs\Portofolio\system\View\View.php(213): include('C:\\xampp\\htdocs...')
#5 C:\xampp\htdocs\Portofolio\system\View\View.php(216): CodeIgniter\View\View->CodeIgniter\View\{closure}()
#6 C:\xampp\htdocs\Portofolio\system\Common.php(1134): CodeIgniter\View\View->render('layout/v_nav', Array, true)
#7 C:\xampp\htdocs\Portofolio\app\Views\layout\v_wrapper.php(5): view('layout/v_nav')
#8 C:\xampp\htdocs\Portofolio\system\View\View.php(213): include('C:\\xampp\\htdocs...')
#9 C:\xampp\htdocs\Portofolio\system\View\View.php(216): CodeIgniter\View\View->CodeIgniter\View\{closure}()
#10 C:\xampp\htdocs\Portofolio\system\Common.php(1134): CodeIgniter\View\View->render('layout/v_wrappe...', Array, true)
#11 C:\xampp\htdocs\Portofolio\app\Controllers\Home.php(26): view('layout/v_wrappe...', Array)
#12 C:\xampp\htdocs\Portofolio\system\CodeIgniter.php(927): App\Controllers\Home->index()
#13 C:\xampp\htdocs\Portofolio\system\CodeIgniter.php(482): CodeIgniter\CodeIgniter->runController(Object(App\Controllers\Home))
#14 C:\xampp\htdocs\Portofolio\system\CodeIgniter.php(351): CodeIgniter\CodeIgniter->handleRequest(NULL, Object(Config\Cache), false)
#15 C:\xampp\htdocs\Portofolio\index.php(67): CodeIgniter\CodeIgniter->run()
#16 {main}
CRITICAL - 2024-05-25 00:28:46 --> You have an error in your SQL syntax; check the manual that corresponds to your MariaDB server version for the right syntax to use near '' at line 1
in SYSTEMPATH\Database\MySQLi\Connection.php on line 292.
 1 SYSTEMPATH\Database\MySQLi\Connection.php(292): mysqli->query('SELECT foto, nama_user FROM tbl_user WHERE id_user = ', 0)
 2 SYSTEMPATH\Database\BaseConnection.php(666): CodeIgniter\Database\MySQLi\Connection->execute('SELECT foto, nama_user FROM tbl_user WHERE id_user = ')
 3 SYSTEMPATH\Database\BaseConnection.php(593): CodeIgniter\Database\BaseConnection->simpleQuery('SELECT foto, nama_user FROM tbl_user WHERE id_user = ')
 4 APPPATH\Views\layout\v_nav.php(17): CodeIgniter\Database\BaseConnection->query('SELECT foto, nama_user FROM tbl_user WHERE id_user = ')
 5 SYSTEMPATH\View\View.php(213): include('APPPATH\\Views\\layout\\v_nav.php')
 6 SYSTEMPATH\View\View.php(216): CodeIgniter\View\View->CodeIgniter\View\{closure}()
 7 SYSTEMPATH\Common.php(1134): CodeIgniter\View\View->render('layout/v_nav', [], true)
 8 APPPATH\Views\layout\v_wrapper.php(5): view('layout/v_nav')
 9 SYSTEMPATH\View\View.php(213): include('APPPATH\\Views\\layout\\v_wrapper.php')
10 SYSTEMPATH\View\View.php(216): CodeIgniter\View\View->CodeIgniter\View\{closure}()
11 SYSTEMPATH\Common.php(1134): CodeIgniter\View\View->render('layout/v_wrapper', [], true)
12 APPPATH\Controllers\Home.php(26): view('layout/v_wrapper', [...])
13 SYSTEMPATH\CodeIgniter.php(927): App\Controllers\Home->index()
14 SYSTEMPATH\CodeIgniter.php(482): CodeIgniter\CodeIgniter->runController(Object(App\Controllers\Home))
15 SYSTEMPATH\CodeIgniter.php(351): CodeIgniter\CodeIgniter->handleRequest(null, Object(Config\Cache), false)
16 FCPATH\index.php(67): CodeIgniter\CodeIgniter->run()
CRITICAL - 2024-05-25 01:40:07 --> Invalid file: v_aboutdetail.php
in SYSTEMPATH\Exceptions\FrameworkException.php on line 33.
 1 SYSTEMPATH\View\View.php(201): CodeIgniter\Exceptions\FrameworkException::forInvalidFile('v_aboutdetail.php')
 2 SYSTEMPATH\Common.php(1134): CodeIgniter\View\View->render('v_aboutdetail', [], true)
 3 APPPATH\Controllers\Lp.php(21): view('v_aboutdetail', [...])
 4 SYSTEMPATH\CodeIgniter.php(927): App\Controllers\Lp->aboutdetail()
 5 SYSTEMPATH\CodeIgniter.php(482): CodeIgniter\CodeIgniter->runController(Object(App\Controllers\Lp))
 6 SYSTEMPATH\CodeIgniter.php(351): CodeIgniter\CodeIgniter->handleRequest(null, Object(Config\Cache), false)
 7 FCPATH\index.php(67): CodeIgniter\CodeIgniter->run()
CRITICAL - 2024-05-25 02:04:02 --> Invalid file: data/detail/v_projectdetail.php
in SYSTEMPATH\Exceptions\FrameworkException.php on line 33.
 1 SYSTEMPATH\View\View.php(201): CodeIgniter\Exceptions\FrameworkException::forInvalidFile('data/detail/v_projectdetail.php')
 2 SYSTEMPATH\Common.php(1134): CodeIgniter\View\View->render('data/detail/v_projectdetail', [], true)
 3 APPPATH\Controllers\Lp.php(29): view('data/detail/v_projectdetail', [...])
 4 SYSTEMPATH\CodeIgniter.php(927): App\Controllers\Lp->projectdetail()
 5 SYSTEMPATH\CodeIgniter.php(482): CodeIgniter\CodeIgniter->runController(Object(App\Controllers\Lp))
 6 SYSTEMPATH\CodeIgniter.php(351): CodeIgniter\CodeIgniter->handleRequest(null, Object(Config\Cache), false)
 7 FCPATH\index.php(67): CodeIgniter\CodeIgniter->run()
