CRITICAL - 2022-11-19 02:26:34 --> Invalid file: v_cbt.php
in SYSTEMPATH\Exceptions\FrameworkException.php on line 33.
 1 SYSTEMPATH\View\View.php(201): CodeIgniter\Exceptions\FrameworkException::forInvalidFile('v_cbt.php')
 2 SYSTEMPATH\Common.php(1134): CodeIgniter\View\View->render('v_cbt', [], true)
 3 APPPATH\Views\cbt\v_content.php(4): view('v_cbt')
 4 SYSTEMPATH\View\View.php(213): include('APPPATH\\Views\\cbt\\v_content.php')
 5 SYSTEMPATH\View\View.php(216): CodeIgniter\View\View->CodeIgniter\View\{closure}()
 6 SYSTEMPATH\Common.php(1134): CodeIgniter\View\View->render('cbt/v_content', [], true)
 7 APPPATH\Views\cbt\v_wrapper.php(6): view('cbt/v_content')
 8 SYSTEMPATH\View\View.php(213): include('APPPATH\\Views\\cbt\\v_wrapper.php')
 9 SYSTEMPATH\View\View.php(216): CodeIgniter\View\View->CodeIgniter\View\{closure}()
10 SYSTEMPATH\Common.php(1134): CodeIgniter\View\View->render('cbt/v_wrapper', [], true)
11 APPPATH\Controllers\Cbt.php(13): view('cbt/v_wrapper', [...])
12 SYSTEMPATH\CodeIgniter.php(927): App\Controllers\Cbt->index()
13 SYSTEMPATH\CodeIgniter.php(482): CodeIgniter\CodeIgniter->runController(Object(App\Controllers\Cbt))
14 SYSTEMPATH\CodeIgniter.php(351): CodeIgniter\CodeIgniter->handleRequest(null, Object(Config\Cache), false)
15 FCPATH\index.php(67): CodeIgniter\CodeIgniter->run()
CRITICAL - 2022-11-19 02:27:11 --> Invalid file: v_cbt.php
in SYSTEMPATH\Exceptions\FrameworkException.php on line 33.
 1 SYSTEMPATH\View\View.php(201): CodeIgniter\Exceptions\FrameworkException::forInvalidFile('v_cbt.php')
 2 SYSTEMPATH\Common.php(1134): CodeIgniter\View\View->render('v_cbt', [], true)
 3 APPPATH\Views\cbt\v_content.php(4): view('v_cbt')
 4 SYSTEMPATH\View\View.php(213): include('APPPATH\\Views\\cbt\\v_content.php')
 5 SYSTEMPATH\View\View.php(216): CodeIgniter\View\View->CodeIgniter\View\{closure}()
 6 SYSTEMPATH\Common.php(1134): CodeIgniter\View\View->render('cbt/v_content', [], true)
 7 APPPATH\Views\cbt\v_wrapper.php(6): view('cbt/v_content')
 8 SYSTEMPATH\View\View.php(213): include('APPPATH\\Views\\cbt\\v_wrapper.php')
 9 SYSTEMPATH\View\View.php(216): CodeIgniter\View\View->CodeIgniter\View\{closure}()
10 SYSTEMPATH\Common.php(1134): CodeIgniter\View\View->render('cbt/v_wrapper', [], true)
11 APPPATH\Controllers\Cbt.php(13): view('cbt/v_wrapper', [...])
12 SYSTEMPATH\CodeIgniter.php(927): App\Controllers\Cbt->index()
13 SYSTEMPATH\CodeIgniter.php(482): CodeIgniter\CodeIgniter->runController(Object(App\Controllers\Cbt))
14 SYSTEMPATH\CodeIgniter.php(351): CodeIgniter\CodeIgniter->handleRequest(null, Object(Config\Cache), false)
15 FCPATH\index.php(67): CodeIgniter\CodeIgniter->run()
CRITICAL - 2022-11-19 03:01:15 --> Invalid file: v_cbt.php
in SYSTEMPATH\Exceptions\FrameworkException.php on line 33.
 1 SYSTEMPATH\View\View.php(201): CodeIgniter\Exceptions\FrameworkException::forInvalidFile('v_cbt.php')
 2 SYSTEMPATH\Common.php(1134): CodeIgniter\View\View->render('v_cbt', [], true)
 3 APPPATH\Views\cbt\v_content.php(4): view('v_cbt')
 4 SYSTEMPATH\View\View.php(213): include('APPPATH\\Views\\cbt\\v_content.php')
 5 SYSTEMPATH\View\View.php(216): CodeIgniter\View\View->CodeIgniter\View\{closure}()
 6 SYSTEMPATH\Common.php(1134): CodeIgniter\View\View->render('cbt/v_content', [], true)
 7 APPPATH\Views\cbt\v_wrapper.php(6): view('cbt/v_content')
 8 SYSTEMPATH\View\View.php(213): include('APPPATH\\Views\\cbt\\v_wrapper.php')
 9 SYSTEMPATH\View\View.php(216): CodeIgniter\View\View->CodeIgniter\View\{closure}()
10 SYSTEMPATH\Common.php(1134): CodeIgniter\View\View->render('cbt/v_wrapper', [], true)
11 APPPATH\Controllers\Cbt.php(13): view('cbt/v_wrapper', [...])
12 SYSTEMPATH\CodeIgniter.php(927): App\Controllers\Cbt->index()
13 SYSTEMPATH\CodeIgniter.php(482): CodeIgniter\CodeIgniter->runController(Object(App\Controllers\Cbt))
14 SYSTEMPATH\CodeIgniter.php(351): CodeIgniter\CodeIgniter->handleRequest(null, Object(Config\Cache), false)
15 FCPATH\index.php(67): CodeIgniter\CodeIgniter->run()
CRITICAL - 2022-11-19 03:01:30 --> Invalid file: v_cbt.php
in SYSTEMPATH\Exceptions\FrameworkException.php on line 33.
 1 SYSTEMPATH\View\View.php(201): CodeIgniter\Exceptions\FrameworkException::forInvalidFile('v_cbt.php')
 2 SYSTEMPATH\Common.php(1134): CodeIgniter\View\View->render('v_cbt', [], true)
 3 APPPATH\Views\cbt\v_content.php(4): view('v_cbt')
 4 SYSTEMPATH\View\View.php(213): include('APPPATH\\Views\\cbt\\v_content.php')
 5 SYSTEMPATH\View\View.php(216): CodeIgniter\View\View->CodeIgniter\View\{closure}()
 6 SYSTEMPATH\Common.php(1134): CodeIgniter\View\View->render('cbt/v_content', [], true)
 7 APPPATH\Views\cbt\v_wrapper.php(6): view('cbt/v_content')
 8 SYSTEMPATH\View\View.php(213): include('APPPATH\\Views\\cbt\\v_wrapper.php')
 9 SYSTEMPATH\View\View.php(216): CodeIgniter\View\View->CodeIgniter\View\{closure}()
10 SYSTEMPATH\Common.php(1134): CodeIgniter\View\View->render('cbt/v_wrapper', [], true)
11 APPPATH\Controllers\Cbt.php(13): view('cbt/v_wrapper', [...])
12 SYSTEMPATH\CodeIgniter.php(927): App\Controllers\Cbt->index()
13 SYSTEMPATH\CodeIgniter.php(482): CodeIgniter\CodeIgniter->runController(Object(App\Controllers\Cbt))
14 SYSTEMPATH\CodeIgniter.php(351): CodeIgniter\CodeIgniter->handleRequest(null, Object(Config\Cache), false)
15 FCPATH\index.php(67): CodeIgniter\CodeIgniter->run()
CRITICAL - 2022-11-19 03:09:24 --> Invalid file: v_cbt.php
in SYSTEMPATH\Exceptions\FrameworkException.php on line 33.
 1 SYSTEMPATH\View\View.php(201): CodeIgniter\Exceptions\FrameworkException::forInvalidFile('v_cbt.php')
 2 SYSTEMPATH\Common.php(1134): CodeIgniter\View\View->render('v_cbt', [], true)
 3 APPPATH\Views\cbt\v_content.php(4): view('v_cbt')
 4 SYSTEMPATH\View\View.php(213): include('APPPATH\\Views\\cbt\\v_content.php')
 5 SYSTEMPATH\View\View.php(216): CodeIgniter\View\View->CodeIgniter\View\{closure}()
 6 SYSTEMPATH\Common.php(1134): CodeIgniter\View\View->render('cbt/v_content', [], true)
 7 APPPATH\Views\cbt\v_wrapper.php(6): view('cbt/v_content')
 8 SYSTEMPATH\View\View.php(213): include('APPPATH\\Views\\cbt\\v_wrapper.php')
 9 SYSTEMPATH\View\View.php(216): CodeIgniter\View\View->CodeIgniter\View\{closure}()
10 SYSTEMPATH\Common.php(1134): CodeIgniter\View\View->render('cbt/v_wrapper', [], true)
11 APPPATH\Controllers\Cbt.php(13): view('cbt/v_wrapper', [...])
12 SYSTEMPATH\CodeIgniter.php(927): App\Controllers\Cbt->index()
13 SYSTEMPATH\CodeIgniter.php(482): CodeIgniter\CodeIgniter->runController(Object(App\Controllers\Cbt))
14 SYSTEMPATH\CodeIgniter.php(351): CodeIgniter\CodeIgniter->handleRequest(null, Object(Config\Cache), false)
15 FCPATH\index.php(67): CodeIgniter\CodeIgniter->run()
CRITICAL - 2022-11-19 03:11:47 --> Invalid file: v_cbt.php
in SYSTEMPATH\Exceptions\FrameworkException.php on line 33.
 1 SYSTEMPATH\View\View.php(201): CodeIgniter\Exceptions\FrameworkException::forInvalidFile('v_cbt.php')
 2 SYSTEMPATH\Common.php(1134): CodeIgniter\View\View->render('v_cbt', [], true)
 3 APPPATH\Views\cbt\v_content.php(4): view('v_cbt')
 4 SYSTEMPATH\View\View.php(213): include('APPPATH\\Views\\cbt\\v_content.php')
 5 SYSTEMPATH\View\View.php(216): CodeIgniter\View\View->CodeIgniter\View\{closure}()
 6 SYSTEMPATH\Common.php(1134): CodeIgniter\View\View->render('cbt/v_content', [], true)
 7 APPPATH\Views\cbt\v_wrapper.php(6): view('cbt/v_content')
 8 SYSTEMPATH\View\View.php(213): include('APPPATH\\Views\\cbt\\v_wrapper.php')
 9 SYSTEMPATH\View\View.php(216): CodeIgniter\View\View->CodeIgniter\View\{closure}()
10 SYSTEMPATH\Common.php(1134): CodeIgniter\View\View->render('cbt/v_wrapper', [], true)
11 APPPATH\Controllers\Cbt.php(13): view('cbt/v_wrapper', [...])
12 SYSTEMPATH\CodeIgniter.php(927): App\Controllers\Cbt->index()
13 SYSTEMPATH\CodeIgniter.php(482): CodeIgniter\CodeIgniter->runController(Object(App\Controllers\Cbt))
14 SYSTEMPATH\CodeIgniter.php(351): CodeIgniter\CodeIgniter->handleRequest(null, Object(Config\Cache), false)
15 FCPATH\index.php(67): CodeIgniter\CodeIgniter->run()
CRITICAL - 2022-11-19 03:11:48 --> Invalid file: v_cbt.php
in SYSTEMPATH\Exceptions\FrameworkException.php on line 33.
 1 SYSTEMPATH\View\View.php(201): CodeIgniter\Exceptions\FrameworkException::forInvalidFile('v_cbt.php')
 2 SYSTEMPATH\Common.php(1134): CodeIgniter\View\View->render('v_cbt', [], true)
 3 APPPATH\Views\cbt\v_content.php(4): view('v_cbt')
 4 SYSTEMPATH\View\View.php(213): include('APPPATH\\Views\\cbt\\v_content.php')
 5 SYSTEMPATH\View\View.php(216): CodeIgniter\View\View->CodeIgniter\View\{closure}()
 6 SYSTEMPATH\Common.php(1134): CodeIgniter\View\View->render('cbt/v_content', [], true)
 7 APPPATH\Views\cbt\v_wrapper.php(6): view('cbt/v_content')
 8 SYSTEMPATH\View\View.php(213): include('APPPATH\\Views\\cbt\\v_wrapper.php')
 9 SYSTEMPATH\View\View.php(216): CodeIgniter\View\View->CodeIgniter\View\{closure}()
10 SYSTEMPATH\Common.php(1134): CodeIgniter\View\View->render('cbt/v_wrapper', [], true)
11 APPPATH\Controllers\Cbt.php(13): view('cbt/v_wrapper', [...])
12 SYSTEMPATH\CodeIgniter.php(927): App\Controllers\Cbt->index()
13 SYSTEMPATH\CodeIgniter.php(482): CodeIgniter\CodeIgniter->runController(Object(App\Controllers\Cbt))
14 SYSTEMPATH\CodeIgniter.php(351): CodeIgniter\CodeIgniter->handleRequest(null, Object(Config\Cache), false)
15 FCPATH\index.php(67): CodeIgniter\CodeIgniter->run()
CRITICAL - 2022-11-19 03:11:48 --> Invalid file: v_cbt.php
in SYSTEMPATH\Exceptions\FrameworkException.php on line 33.
 1 SYSTEMPATH\View\View.php(201): CodeIgniter\Exceptions\FrameworkException::forInvalidFile('v_cbt.php')
 2 SYSTEMPATH\Common.php(1134): CodeIgniter\View\View->render('v_cbt', [], true)
 3 APPPATH\Views\cbt\v_content.php(4): view('v_cbt')
 4 SYSTEMPATH\View\View.php(213): include('APPPATH\\Views\\cbt\\v_content.php')
 5 SYSTEMPATH\View\View.php(216): CodeIgniter\View\View->CodeIgniter\View\{closure}()
 6 SYSTEMPATH\Common.php(1134): CodeIgniter\View\View->render('cbt/v_content', [], true)
 7 APPPATH\Views\cbt\v_wrapper.php(6): view('cbt/v_content')
 8 SYSTEMPATH\View\View.php(213): include('APPPATH\\Views\\cbt\\v_wrapper.php')
 9 SYSTEMPATH\View\View.php(216): CodeIgniter\View\View->CodeIgniter\View\{closure}()
10 SYSTEMPATH\Common.php(1134): CodeIgniter\View\View->render('cbt/v_wrapper', [], true)
11 APPPATH\Controllers\Cbt.php(13): view('cbt/v_wrapper', [...])
12 SYSTEMPATH\CodeIgniter.php(927): App\Controllers\Cbt->index()
13 SYSTEMPATH\CodeIgniter.php(482): CodeIgniter\CodeIgniter->runController(Object(App\Controllers\Cbt))
14 SYSTEMPATH\CodeIgniter.php(351): CodeIgniter\CodeIgniter->handleRequest(null, Object(Config\Cache), false)
15 FCPATH\index.php(67): CodeIgniter\CodeIgniter->run()
CRITICAL - 2022-11-19 03:11:48 --> Invalid file: v_cbt.php
in SYSTEMPATH\Exceptions\FrameworkException.php on line 33.
 1 SYSTEMPATH\View\View.php(201): CodeIgniter\Exceptions\FrameworkException::forInvalidFile('v_cbt.php')
 2 SYSTEMPATH\Common.php(1134): CodeIgniter\View\View->render('v_cbt', [], true)
 3 APPPATH\Views\cbt\v_content.php(4): view('v_cbt')
 4 SYSTEMPATH\View\View.php(213): include('APPPATH\\Views\\cbt\\v_content.php')
 5 SYSTEMPATH\View\View.php(216): CodeIgniter\View\View->CodeIgniter\View\{closure}()
 6 SYSTEMPATH\Common.php(1134): CodeIgniter\View\View->render('cbt/v_content', [], true)
 7 APPPATH\Views\cbt\v_wrapper.php(6): view('cbt/v_content')
 8 SYSTEMPATH\View\View.php(213): include('APPPATH\\Views\\cbt\\v_wrapper.php')
 9 SYSTEMPATH\View\View.php(216): CodeIgniter\View\View->CodeIgniter\View\{closure}()
10 SYSTEMPATH\Common.php(1134): CodeIgniter\View\View->render('cbt/v_wrapper', [], true)
11 APPPATH\Controllers\Cbt.php(13): view('cbt/v_wrapper', [...])
12 SYSTEMPATH\CodeIgniter.php(927): App\Controllers\Cbt->index()
13 SYSTEMPATH\CodeIgniter.php(482): CodeIgniter\CodeIgniter->runController(Object(App\Controllers\Cbt))
14 SYSTEMPATH\CodeIgniter.php(351): CodeIgniter\CodeIgniter->handleRequest(null, Object(Config\Cache), false)
15 FCPATH\index.php(67): CodeIgniter\CodeIgniter->run()
CRITICAL - 2022-11-19 07:34:02 --> Unclosed '{' on line 922
in APPPATH\Views\layout\v_nav.php on line 933.
 1 SYSTEMPATH\View\View.php(216): CodeIgniter\View\View->CodeIgniter\View\{closure}()
 2 SYSTEMPATH\Common.php(1134): CodeIgniter\View\View->render('layout/v_nav', [], true)
 3 APPPATH\Views\layout\v_wrapper.php(5): view('layout/v_nav')
 4 SYSTEMPATH\View\View.php(213): include('APPPATH\\Views\\layout\\v_wrapper.php')
 5 SYSTEMPATH\View\View.php(216): CodeIgniter\View\View->CodeIgniter\View\{closure}()
 6 SYSTEMPATH\Common.php(1134): CodeIgniter\View\View->render('layout/v_wrapper', [], true)
 7 APPPATH\Controllers\Home.php(13): view('layout/v_wrapper', [...])
 8 SYSTEMPATH\CodeIgniter.php(927): App\Controllers\Home->index()
 9 SYSTEMPATH\CodeIgniter.php(482): CodeIgniter\CodeIgniter->runController(Object(App\Controllers\Home))
10 SYSTEMPATH\CodeIgniter.php(351): CodeIgniter\CodeIgniter->handleRequest(null, Object(Config\Cache), false)
11 FCPATH\index.php(67): CodeIgniter\CodeIgniter->run()
