CRITICAL - 2024-05-22 00:29:06 --> Invalid file: data/master/home/v_list.php
in SYSTEMPATH\Exceptions\FrameworkException.php on line 33.
 1 SYSTEMPATH\View\View.php(201): CodeIgniter\Exceptions\FrameworkException::forInvalidFile('data/master/home/v_list.php')
 2 SYSTEMPATH\Common.php(1134): CodeIgniter\View\View->render('data/master/home/v_list', [], true)
 3 APPPATH\Views\layout\v_content.php(4): view('data/master/home/v_list')
 4 SYSTEMPATH\View\View.php(213): include('APPPATH\\Views\\layout\\v_content.php')
 5 SYSTEMPATH\View\View.php(216): CodeIgniter\View\View->CodeIgniter\View\{closure}()
 6 SYSTEMPATH\Common.php(1134): CodeIgniter\View\View->render('layout/v_content', [], true)
 7 APPPATH\Views\layout\v_wrapper.php(6): view('layout/v_content')
 8 SYSTEMPATH\View\View.php(213): include('APPPATH\\Views\\layout\\v_wrapper.php')
 9 SYSTEMPATH\View\View.php(216): CodeIgniter\View\View->CodeIgniter\View\{closure}()
10 SYSTEMPATH\Common.php(1134): CodeIgniter\View\View->render('layout/v_wrapper', [], true)
11 APPPATH\Controllers\Home.php(35): view('layout/v_wrapper', [...])
12 SYSTEMPATH\CodeIgniter.php(927): App\Controllers\Home->cekdata()
13 SYSTEMPATH\CodeIgniter.php(482): CodeIgniter\CodeIgniter->runController(Object(App\Controllers\Home))
14 SYSTEMPATH\CodeIgniter.php(351): CodeIgniter\CodeIgniter->handleRequest(null, Object(Config\Cache), false)
15 FCPATH\index.php(67): CodeIgniter\CodeIgniter->run()
CRITICAL - 2024-05-22 00:31:04 --> Undefined variable $home
in APPPATH\Views\data\master\home\v_list.php on line 12.
 1 APPPATH\Views\data\master\home\v_list.php(12): CodeIgniter\Debug\Exceptions->errorHandler(2, 'Undefined variable $home', 'APPPATH\\Views\\data\\master\\home\\v_list.php', 12)
 2 SYSTEMPATH\View\View.php(213): include('APPPATH\\Views\\data\\master\\home\\v_list.php')
 3 SYSTEMPATH\View\View.php(216): CodeIgniter\View\View->CodeIgniter\View\{closure}()
 4 SYSTEMPATH\Common.php(1134): CodeIgniter\View\View->render('data/master/home/v_list', [], true)
 5 APPPATH\Views\layout\v_content.php(4): view('data/master/home/v_list')
 6 SYSTEMPATH\View\View.php(213): include('APPPATH\\Views\\layout\\v_content.php')
 7 SYSTEMPATH\View\View.php(216): CodeIgniter\View\View->CodeIgniter\View\{closure}()
 8 SYSTEMPATH\Common.php(1134): CodeIgniter\View\View->render('layout/v_content', [], true)
 9 APPPATH\Views\layout\v_wrapper.php(6): view('layout/v_content')
10 SYSTEMPATH\View\View.php(213): include('APPPATH\\Views\\layout\\v_wrapper.php')
11 SYSTEMPATH\View\View.php(216): CodeIgniter\View\View->CodeIgniter\View\{closure}()
12 SYSTEMPATH\Common.php(1134): CodeIgniter\View\View->render('layout/v_wrapper', [], true)
13 APPPATH\Controllers\Home.php(35): view('layout/v_wrapper', [...])
14 SYSTEMPATH\CodeIgniter.php(927): App\Controllers\Home->cekdata()
15 SYSTEMPATH\CodeIgniter.php(482): CodeIgniter\CodeIgniter->runController(Object(App\Controllers\Home))
16 SYSTEMPATH\CodeIgniter.php(351): CodeIgniter\CodeIgniter->handleRequest(null, Object(Config\Cache), false)
17 FCPATH\index.php(67): CodeIgniter\CodeIgniter->run()
CRITICAL - 2024-05-22 00:43:49 --> Undefined variable $about
in APPPATH\Views\data\master\home\v_edit.php on line 17.
 1 APPPATH\Views\data\master\home\v_edit.php(17): CodeIgniter\Debug\Exceptions->errorHandler(2, 'Undefined variable $about', 'APPPATH\\Views\\data\\master\\home\\v_edit.php', 17)
 2 SYSTEMPATH\View\View.php(213): include('APPPATH\\Views\\data\\master\\home\\v_edit.php')
 3 SYSTEMPATH\View\View.php(216): CodeIgniter\View\View->CodeIgniter\View\{closure}()
 4 SYSTEMPATH\Common.php(1134): CodeIgniter\View\View->render('data/master/home/v_edit', [], true)
 5 APPPATH\Views\layout\v_content.php(4): view('data/master/home/v_edit')
 6 SYSTEMPATH\View\View.php(213): include('APPPATH\\Views\\layout\\v_content.php')
 7 SYSTEMPATH\View\View.php(216): CodeIgniter\View\View->CodeIgniter\View\{closure}()
 8 SYSTEMPATH\Common.php(1134): CodeIgniter\View\View->render('layout/v_content', [], true)
 9 APPPATH\Views\layout\v_wrapper.php(6): view('layout/v_content')
10 SYSTEMPATH\View\View.php(213): include('APPPATH\\Views\\layout\\v_wrapper.php')
11 SYSTEMPATH\View\View.php(216): CodeIgniter\View\View->CodeIgniter\View\{closure}()
12 SYSTEMPATH\Common.php(1134): CodeIgniter\View\View->render('layout/v_wrapper', [], true)
13 APPPATH\Controllers\Home.php(95): view('layout/v_wrapper', [...])
14 SYSTEMPATH\CodeIgniter.php(927): App\Controllers\Home->edit('1')
15 SYSTEMPATH\CodeIgniter.php(482): CodeIgniter\CodeIgniter->runController(Object(App\Controllers\Home))
16 SYSTEMPATH\CodeIgniter.php(351): CodeIgniter\CodeIgniter->handleRequest(null, Object(Config\Cache), false)
17 FCPATH\index.php(67): CodeIgniter\CodeIgniter->run()
CRITICAL - 2024-05-22 00:45:06 --> Undefined variable $about
in APPPATH\Views\data\master\home\v_edit.php on line 17.
 1 APPPATH\Views\data\master\home\v_edit.php(17): CodeIgniter\Debug\Exceptions->errorHandler(2, 'Undefined variable $about', 'APPPATH\\Views\\data\\master\\home\\v_edit.php', 17)
 2 SYSTEMPATH\View\View.php(213): include('APPPATH\\Views\\data\\master\\home\\v_edit.php')
 3 SYSTEMPATH\View\View.php(216): CodeIgniter\View\View->CodeIgniter\View\{closure}()
 4 SYSTEMPATH\Common.php(1134): CodeIgniter\View\View->render('data/master/home/v_edit', [], true)
 5 APPPATH\Views\layout\v_content.php(4): view('data/master/home/v_edit')
 6 SYSTEMPATH\View\View.php(213): include('APPPATH\\Views\\layout\\v_content.php')
 7 SYSTEMPATH\View\View.php(216): CodeIgniter\View\View->CodeIgniter\View\{closure}()
 8 SYSTEMPATH\Common.php(1134): CodeIgniter\View\View->render('layout/v_content', [], true)
 9 APPPATH\Views\layout\v_wrapper.php(6): view('layout/v_content')
10 SYSTEMPATH\View\View.php(213): include('APPPATH\\Views\\layout\\v_wrapper.php')
11 SYSTEMPATH\View\View.php(216): CodeIgniter\View\View->CodeIgniter\View\{closure}()
12 SYSTEMPATH\Common.php(1134): CodeIgniter\View\View->render('layout/v_wrapper', [], true)
13 APPPATH\Controllers\Home.php(95): view('layout/v_wrapper', [...])
14 SYSTEMPATH\CodeIgniter.php(927): App\Controllers\Home->edit('1')
15 SYSTEMPATH\CodeIgniter.php(482): CodeIgniter\CodeIgniter->runController(Object(App\Controllers\Home))
16 SYSTEMPATH\CodeIgniter.php(351): CodeIgniter\CodeIgniter->handleRequest(null, Object(Config\Cache), false)
17 FCPATH\index.php(67): CodeIgniter\CodeIgniter->run()
CRITICAL - 2024-05-22 00:49:58 --> Undefined variable $about
in APPPATH\Views\data\master\home\v_edit.php on line 17.
 1 APPPATH\Views\data\master\home\v_edit.php(17): CodeIgniter\Debug\Exceptions->errorHandler(2, 'Undefined variable $about', 'APPPATH\\Views\\data\\master\\home\\v_edit.php', 17)
 2 SYSTEMPATH\View\View.php(213): include('APPPATH\\Views\\data\\master\\home\\v_edit.php')
 3 SYSTEMPATH\View\View.php(216): CodeIgniter\View\View->CodeIgniter\View\{closure}()
 4 SYSTEMPATH\Common.php(1134): CodeIgniter\View\View->render('data/master/home/v_edit', [], true)
 5 APPPATH\Views\layout\v_content.php(4): view('data/master/home/v_edit')
 6 SYSTEMPATH\View\View.php(213): include('APPPATH\\Views\\layout\\v_content.php')
 7 SYSTEMPATH\View\View.php(216): CodeIgniter\View\View->CodeIgniter\View\{closure}()
 8 SYSTEMPATH\Common.php(1134): CodeIgniter\View\View->render('layout/v_content', [], true)
 9 APPPATH\Views\layout\v_wrapper.php(6): view('layout/v_content')
10 SYSTEMPATH\View\View.php(213): include('APPPATH\\Views\\layout\\v_wrapper.php')
11 SYSTEMPATH\View\View.php(216): CodeIgniter\View\View->CodeIgniter\View\{closure}()
12 SYSTEMPATH\Common.php(1134): CodeIgniter\View\View->render('layout/v_wrapper', [], true)
13 APPPATH\Controllers\Home.php(95): view('layout/v_wrapper', [...])
14 SYSTEMPATH\CodeIgniter.php(927): App\Controllers\Home->edit('1')
15 SYSTEMPATH\CodeIgniter.php(482): CodeIgniter\CodeIgniter->runController(Object(App\Controllers\Home))
16 SYSTEMPATH\CodeIgniter.php(351): CodeIgniter\CodeIgniter->handleRequest(null, Object(Config\Cache), false)
17 FCPATH\index.php(67): CodeIgniter\CodeIgniter->run()
CRITICAL - 2024-05-22 01:41:28 --> Undefined variable $education
in APPPATH\Views\data\user\v_list.php on line 38.
 1 APPPATH\Views\data\user\v_list.php(38): CodeIgniter\Debug\Exceptions->errorHandler(2, 'Undefined variable $education', 'APPPATH\\Views\\data\\user\\v_list.php', 38)
 2 SYSTEMPATH\View\View.php(213): include('APPPATH\\Views\\data\\user\\v_list.php')
 3 SYSTEMPATH\View\View.php(216): CodeIgniter\View\View->CodeIgniter\View\{closure}()
 4 SYSTEMPATH\Common.php(1134): CodeIgniter\View\View->render('data/user/v_list', [], true)
 5 APPPATH\Views\layout\v_content.php(4): view('data/user/v_list')
 6 SYSTEMPATH\View\View.php(213): include('APPPATH\\Views\\layout\\v_content.php')
 7 SYSTEMPATH\View\View.php(216): CodeIgniter\View\View->CodeIgniter\View\{closure}()
 8 SYSTEMPATH\Common.php(1134): CodeIgniter\View\View->render('layout/v_content', [], true)
 9 APPPATH\Views\layout\v_wrapper.php(6): view('layout/v_content')
10 SYSTEMPATH\View\View.php(213): include('APPPATH\\Views\\layout\\v_wrapper.php')
11 SYSTEMPATH\View\View.php(216): CodeIgniter\View\View->CodeIgniter\View\{closure}()
12 SYSTEMPATH\Common.php(1134): CodeIgniter\View\View->render('layout/v_wrapper', [], true)
13 APPPATH\Controllers\User.php(40): view('layout/v_wrapper', [...])
14 SYSTEMPATH\CodeIgniter.php(927): App\Controllers\user->index()
15 SYSTEMPATH\CodeIgniter.php(482): CodeIgniter\CodeIgniter->runController(Object(App\Controllers\user))
16 SYSTEMPATH\CodeIgniter.php(351): CodeIgniter\CodeIgniter->handleRequest(null, Object(Config\Cache), false)
17 FCPATH\index.php(67): CodeIgniter\CodeIgniter->run()
CRITICAL - 2024-05-22 01:54:44 --> Undefined variable $profil
in APPPATH\Views\data\user\v_list.php on line 49.
 1 APPPATH\Views\data\user\v_list.php(49): CodeIgniter\Debug\Exceptions->errorHandler(2, 'Undefined variable $profil', 'APPPATH\\Views\\data\\user\\v_list.php', 49)
 2 SYSTEMPATH\View\View.php(213): include('APPPATH\\Views\\data\\user\\v_list.php')
 3 SYSTEMPATH\View\View.php(216): CodeIgniter\View\View->CodeIgniter\View\{closure}()
 4 SYSTEMPATH\Common.php(1134): CodeIgniter\View\View->render('data/user/v_list', [], true)
 5 APPPATH\Views\layout\v_content.php(4): view('data/user/v_list')
 6 SYSTEMPATH\View\View.php(213): include('APPPATH\\Views\\layout\\v_content.php')
 7 SYSTEMPATH\View\View.php(216): CodeIgniter\View\View->CodeIgniter\View\{closure}()
 8 SYSTEMPATH\Common.php(1134): CodeIgniter\View\View->render('layout/v_content', [], true)
 9 APPPATH\Views\layout\v_wrapper.php(6): view('layout/v_content')
10 SYSTEMPATH\View\View.php(213): include('APPPATH\\Views\\layout\\v_wrapper.php')
11 SYSTEMPATH\View\View.php(216): CodeIgniter\View\View->CodeIgniter\View\{closure}()
12 SYSTEMPATH\Common.php(1134): CodeIgniter\View\View->render('layout/v_wrapper', [], true)
13 APPPATH\Controllers\User.php(40): view('layout/v_wrapper', [...])
14 SYSTEMPATH\CodeIgniter.php(927): App\Controllers\user->index()
15 SYSTEMPATH\CodeIgniter.php(482): CodeIgniter\CodeIgniter->runController(Object(App\Controllers\user))
16 SYSTEMPATH\CodeIgniter.php(351): CodeIgniter\CodeIgniter->handleRequest(null, Object(Config\Cache), false)
17 FCPATH\index.php(67): CodeIgniter\CodeIgniter->run()
CRITICAL - 2024-05-22 01:56:06 --> syntax error, unexpected token "use"
in APPPATH\Views\data\user\v_list.php on line 70.
 1 SYSTEMPATH\View\View.php(216): CodeIgniter\View\View->CodeIgniter\View\{closure}()
 2 SYSTEMPATH\Common.php(1134): CodeIgniter\View\View->render('data/user/v_list', [], true)
 3 APPPATH\Views\layout\v_content.php(4): view('data/user/v_list')
 4 SYSTEMPATH\View\View.php(213): include('APPPATH\\Views\\layout\\v_content.php')
 5 SYSTEMPATH\View\View.php(216): CodeIgniter\View\View->CodeIgniter\View\{closure}()
 6 SYSTEMPATH\Common.php(1134): CodeIgniter\View\View->render('layout/v_content', [], true)
 7 APPPATH\Views\layout\v_wrapper.php(6): view('layout/v_content')
 8 SYSTEMPATH\View\View.php(213): include('APPPATH\\Views\\layout\\v_wrapper.php')
 9 SYSTEMPATH\View\View.php(216): CodeIgniter\View\View->CodeIgniter\View\{closure}()
10 SYSTEMPATH\Common.php(1134): CodeIgniter\View\View->render('layout/v_wrapper', [], true)
11 APPPATH\Controllers\User.php(40): view('layout/v_wrapper', [...])
12 SYSTEMPATH\CodeIgniter.php(927): App\Controllers\user->index()
13 SYSTEMPATH\CodeIgniter.php(482): CodeIgniter\CodeIgniter->runController(Object(App\Controllers\user))
14 SYSTEMPATH\CodeIgniter.php(351): CodeIgniter\CodeIgniter->handleRequest(null, Object(Config\Cache), false)
15 FCPATH\index.php(67): CodeIgniter\CodeIgniter->run()
CRITICAL - 2024-05-22 01:57:27 --> Class "BarcodeGeneratorPNG" not found
in APPPATH\Views\data\user\v_list.php on line 118.
 1 SYSTEMPATH\View\View.php(213): include()
 2 SYSTEMPATH\View\View.php(216): CodeIgniter\View\View->CodeIgniter\View\{closure}()
 3 SYSTEMPATH\Common.php(1134): CodeIgniter\View\View->render('data/user/v_list', [], true)
 4 APPPATH\Views\layout\v_content.php(4): view('data/user/v_list')
 5 SYSTEMPATH\View\View.php(213): include('APPPATH\\Views\\layout\\v_content.php')
 6 SYSTEMPATH\View\View.php(216): CodeIgniter\View\View->CodeIgniter\View\{closure}()
 7 SYSTEMPATH\Common.php(1134): CodeIgniter\View\View->render('layout/v_content', [], true)
 8 APPPATH\Views\layout\v_wrapper.php(6): view('layout/v_content')
 9 SYSTEMPATH\View\View.php(213): include('APPPATH\\Views\\layout\\v_wrapper.php')
10 SYSTEMPATH\View\View.php(216): CodeIgniter\View\View->CodeIgniter\View\{closure}()
11 SYSTEMPATH\Common.php(1134): CodeIgniter\View\View->render('layout/v_wrapper', [], true)
12 APPPATH\Controllers\User.php(40): view('layout/v_wrapper', [...])
13 SYSTEMPATH\CodeIgniter.php(927): App\Controllers\user->index()
14 SYSTEMPATH\CodeIgniter.php(482): CodeIgniter\CodeIgniter->runController(Object(App\Controllers\user))
15 SYSTEMPATH\CodeIgniter.php(351): CodeIgniter\CodeIgniter->handleRequest(null, Object(Config\Cache), false)
16 FCPATH\index.php(67): CodeIgniter\CodeIgniter->run()
CRITICAL - 2024-05-22 01:57:48 --> Class "Picqer\Barcode\BarcodeGeneratorPNG" not found
in APPPATH\Views\data\user\v_list.php on line 120.
 1 SYSTEMPATH\View\View.php(213): include()
 2 SYSTEMPATH\View\View.php(216): CodeIgniter\View\View->CodeIgniter\View\{closure}()
 3 SYSTEMPATH\Common.php(1134): CodeIgniter\View\View->render('data/user/v_list', [], true)
 4 APPPATH\Views\layout\v_content.php(4): view('data/user/v_list')
 5 SYSTEMPATH\View\View.php(213): include('APPPATH\\Views\\layout\\v_content.php')
 6 SYSTEMPATH\View\View.php(216): CodeIgniter\View\View->CodeIgniter\View\{closure}()
 7 SYSTEMPATH\Common.php(1134): CodeIgniter\View\View->render('layout/v_content', [], true)
 8 APPPATH\Views\layout\v_wrapper.php(6): view('layout/v_content')
 9 SYSTEMPATH\View\View.php(213): include('APPPATH\\Views\\layout\\v_wrapper.php')
10 SYSTEMPATH\View\View.php(216): CodeIgniter\View\View->CodeIgniter\View\{closure}()
11 SYSTEMPATH\Common.php(1134): CodeIgniter\View\View->render('layout/v_wrapper', [], true)
12 APPPATH\Controllers\User.php(40): view('layout/v_wrapper', [...])
13 SYSTEMPATH\CodeIgniter.php(927): App\Controllers\user->index()
14 SYSTEMPATH\CodeIgniter.php(482): CodeIgniter\CodeIgniter->runController(Object(App\Controllers\user))
15 SYSTEMPATH\CodeIgniter.php(351): CodeIgniter\CodeIgniter->handleRequest(null, Object(Config\Cache), false)
16 FCPATH\index.php(67): CodeIgniter\CodeIgniter->run()
CRITICAL - 2024-05-22 02:21:24 --> Invalid file: v_signup.php
in SYSTEMPATH\Exceptions\FrameworkException.php on line 33.
 1 SYSTEMPATH\View\View.php(201): CodeIgniter\Exceptions\FrameworkException::forInvalidFile('v_signup.php')
 2 SYSTEMPATH\Common.php(1134): CodeIgniter\View\View->render('v_signup', [], true)
 3 APPPATH\Controllers\Auth.php(32): view('v_signup', [...])
 4 SYSTEMPATH\CodeIgniter.php(927): App\Controllers\Auth->daftar()
 5 SYSTEMPATH\CodeIgniter.php(482): CodeIgniter\CodeIgniter->runController(Object(App\Controllers\Auth))
 6 SYSTEMPATH\CodeIgniter.php(351): CodeIgniter\CodeIgniter->handleRequest(null, Object(Config\Cache), false)
 7 FCPATH\index.php(67): CodeIgniter\CodeIgniter->run()
CRITICAL - 2024-05-22 02:22:00 --> Invalid file: v_signup.php
in SYSTEMPATH\Exceptions\FrameworkException.php on line 33.
 1 SYSTEMPATH\View\View.php(201): CodeIgniter\Exceptions\FrameworkException::forInvalidFile('v_signup.php')
 2 SYSTEMPATH\Common.php(1134): CodeIgniter\View\View->render('v_signup', [], true)
 3 APPPATH\Controllers\Auth.php(32): view('v_signup', [...])
 4 SYSTEMPATH\CodeIgniter.php(927): App\Controllers\Auth->daftar()
 5 SYSTEMPATH\CodeIgniter.php(482): CodeIgniter\CodeIgniter->runController(Object(App\Controllers\Auth))
 6 SYSTEMPATH\CodeIgniter.php(351): CodeIgniter\CodeIgniter->handleRequest(null, Object(Config\Cache), false)
 7 FCPATH\index.php(67): CodeIgniter\CodeIgniter->run()
ERROR - 2024-05-22 02:23:09 --> mysqli_sql_exception: Table 'db_portofolio.user' doesn't exist in C:\xampp\htdocs\Portofolio\system\Database\MySQLi\Connection.php:292
Stack trace:
#0 C:\xampp\htdocs\Portofolio\system\Database\MySQLi\Connection.php(292): mysqli->query('INSERT INTO `us...', 0)
#1 C:\xampp\htdocs\Portofolio\system\Database\BaseConnection.php(666): CodeIgniter\Database\MySQLi\Connection->execute('INSERT INTO `us...')
#2 C:\xampp\htdocs\Portofolio\system\Database\BaseConnection.php(593): CodeIgniter\Database\BaseConnection->simpleQuery('INSERT INTO `us...')
#3 C:\xampp\htdocs\Portofolio\system\Database\BaseBuilder.php(1916): CodeIgniter\Database\BaseConnection->query('INSERT INTO `us...', Array, false)
#4 C:\xampp\htdocs\Portofolio\app\Models\Model_user.php(19): CodeIgniter\Database\BaseBuilder->insert(Array)
#5 C:\xampp\htdocs\Portofolio\app\Controllers\User.php(131): App\Models\Model_user->insert_user(Array)
#6 C:\xampp\htdocs\Portofolio\system\CodeIgniter.php(927): App\Controllers\user->save()
#7 C:\xampp\htdocs\Portofolio\system\CodeIgniter.php(482): CodeIgniter\CodeIgniter->runController(Object(App\Controllers\user))
#8 C:\xampp\htdocs\Portofolio\system\CodeIgniter.php(351): CodeIgniter\CodeIgniter->handleRequest(NULL, Object(Config\Cache), false)
#9 C:\xampp\htdocs\Portofolio\index.php(67): CodeIgniter\CodeIgniter->run()
#10 {main}
CRITICAL - 2024-05-22 02:23:09 --> Table 'db_portofolio.user' doesn't exist
in SYSTEMPATH\Database\MySQLi\Connection.php on line 292.
 1 SYSTEMPATH\Database\MySQLi\Connection.php(292): mysqli->query('INSERT INTO `user` (`id_user`, `nama_user`, `email`, `notelepon`, `alamat`, `level`, `username`, `password`, `foto`, `barcode`) VALUES (NULL, \'Kinanti Dwi Fransiska\', \'kinandwi123@gmail.com1\', \'085664904661\', \'DUSUN IV DESA PADANG BINDU KEC BENAKAT\', \'2\', \'e983e078d55c56dad5bced68827cc8c3ed8aa297de4d3181aafcf9e31dd2a948\', \'e983e078d55c56dad5bced68827cc8c3ed8aa297de4d3181aafcf9e31dd2a948\', \'1716362589_b22bc6a90677ac9d3852.png\', \'6649509933432\')', 0)
 2 SYSTEMPATH\Database\BaseConnection.php(666): CodeIgniter\Database\MySQLi\Connection->execute('INSERT INTO `user` (`id_user`, `nama_user`, `email`, `notelepon`, `alamat`, `level`, `username`, `password`, `foto`, `barcode`) VALUES (NULL, \'Kinanti Dwi Fransiska\', \'kinandwi123@gmail.com1\', \'085664904661\', \'DUSUN IV DESA PADANG BINDU KEC BENAKAT\', \'2\', \'e983e078d55c56dad5bced68827cc8c3ed8aa297de4d3181aafcf9e31dd2a948\', \'e983e078d55c56dad5bced68827cc8c3ed8aa297de4d3181aafcf9e31dd2a948\', \'1716362589_b22bc6a90677ac9d3852.png\', \'6649509933432\')')
 3 SYSTEMPATH\Database\BaseConnection.php(593): CodeIgniter\Database\BaseConnection->simpleQuery('INSERT INTO `user` (`id_user`, `nama_user`, `email`, `notelepon`, `alamat`, `level`, `username`, `password`, `foto`, `barcode`) VALUES (NULL, \'Kinanti Dwi Fransiska\', \'kinandwi123@gmail.com1\', \'085664904661\', \'DUSUN IV DESA PADANG BINDU KEC BENAKAT\', \'2\', \'e983e078d55c56dad5bced68827cc8c3ed8aa297de4d3181aafcf9e31dd2a948\', \'e983e078d55c56dad5bced68827cc8c3ed8aa297de4d3181aafcf9e31dd2a948\', \'1716362589_b22bc6a90677ac9d3852.png\', \'6649509933432\')')
 4 SYSTEMPATH\Database\BaseBuilder.php(1916): CodeIgniter\Database\BaseConnection->query('INSERT INTO `user` (`id_user`, `nama_user`, `email`, `notelepon`, `alamat`, `level`, `username`, `password`, `foto`, `barcode`) VALUES (:id_user:, :nama_user:, :email:, :notelepon:, :alamat:, :level:, :username:, :password:, :foto:, :barcode:)', [...], false)
 5 APPPATH\Models\Model_user.php(19): CodeIgniter\Database\BaseBuilder->insert([...])
 6 APPPATH\Controllers\User.php(131): App\Models\Model_user->insert_user([...])
 7 SYSTEMPATH\CodeIgniter.php(927): App\Controllers\user->save()
 8 SYSTEMPATH\CodeIgniter.php(482): CodeIgniter\CodeIgniter->runController(Object(App\Controllers\user))
 9 SYSTEMPATH\CodeIgniter.php(351): CodeIgniter\CodeIgniter->handleRequest(null, Object(Config\Cache), false)
10 FCPATH\index.php(67): CodeIgniter\CodeIgniter->run()
CRITICAL - 2024-05-22 03:18:33 --> Undefined array key "no_telepon"
in APPPATH\Views\data\user\v_edit.php on line 56.
 1 APPPATH\Views\data\user\v_edit.php(56): CodeIgniter\Debug\Exceptions->errorHandler(2, 'Undefined array key "no_telepon"', 'APPPATH\\Views\\data\\user\\v_edit.php', 56)
 2 SYSTEMPATH\View\View.php(213): include('APPPATH\\Views\\data\\user\\v_edit.php')
 3 SYSTEMPATH\View\View.php(216): CodeIgniter\View\View->CodeIgniter\View\{closure}()
 4 SYSTEMPATH\Common.php(1134): CodeIgniter\View\View->render('data/user/v_edit', [], true)
 5 APPPATH\Views\layout\v_content.php(4): view('data/user/v_edit')
 6 SYSTEMPATH\View\View.php(213): include('APPPATH\\Views\\layout\\v_content.php')
 7 SYSTEMPATH\View\View.php(216): CodeIgniter\View\View->CodeIgniter\View\{closure}()
 8 SYSTEMPATH\Common.php(1134): CodeIgniter\View\View->render('layout/v_content', [], true)
 9 APPPATH\Views\layout\v_wrapper.php(6): view('layout/v_content')
10 SYSTEMPATH\View\View.php(213): include('APPPATH\\Views\\layout\\v_wrapper.php')
11 SYSTEMPATH\View\View.php(216): CodeIgniter\View\View->CodeIgniter\View\{closure}()
12 SYSTEMPATH\Common.php(1134): CodeIgniter\View\View->render('layout/v_wrapper', [], true)
13 APPPATH\Controllers\User.php(163): view('layout/v_wrapper', [...])
14 SYSTEMPATH\CodeIgniter.php(927): App\Controllers\user->edit('109')
15 SYSTEMPATH\CodeIgniter.php(482): CodeIgniter\CodeIgniter->runController(Object(App\Controllers\user))
16 SYSTEMPATH\CodeIgniter.php(351): CodeIgniter\CodeIgniter->handleRequest(null, Object(Config\Cache), false)
17 FCPATH\index.php(67): CodeIgniter\CodeIgniter->run()
CRITICAL - 2024-05-22 03:26:53 --> Call to undefined method App\Models\Model_user::update_workexperience
in SYSTEMPATH\Model.php on line 774.
 1 APPPATH\Controllers\User.php(205): CodeIgniter\Model->__call('update_workexperience', [...])
 2 SYSTEMPATH\CodeIgniter.php(927): App\Controllers\user->update('109')
 3 SYSTEMPATH\CodeIgniter.php(482): CodeIgniter\CodeIgniter->runController(Object(App\Controllers\user))
 4 SYSTEMPATH\CodeIgniter.php(351): CodeIgniter\CodeIgniter->handleRequest(null, Object(Config\Cache), false)
 5 FCPATH\index.php(67): CodeIgniter\CodeIgniter->run()
CRITICAL - 2024-05-22 03:27:44 --> Call to undefined method App\Models\Model_user::edit_foto
in SYSTEMPATH\Model.php on line 774.
 1 APPPATH\Controllers\User.php(190): CodeIgniter\Model->__call('edit_foto', [...])
 2 SYSTEMPATH\CodeIgniter.php(927): App\Controllers\user->update('109')
 3 SYSTEMPATH\CodeIgniter.php(482): CodeIgniter\CodeIgniter->runController(Object(App\Controllers\user))
 4 SYSTEMPATH\CodeIgniter.php(351): CodeIgniter\CodeIgniter->handleRequest(null, Object(Config\Cache), false)
 5 FCPATH\index.php(67): CodeIgniter\CodeIgniter->run()
CRITICAL - 2024-05-22 03:28:02 --> Call to a member function getRandomName() on array
in APPPATH\Controllers\User.php on line 199.
 1 SYSTEMPATH\CodeIgniter.php(927): App\Controllers\user->update('109')
 2 SYSTEMPATH\CodeIgniter.php(482): CodeIgniter\CodeIgniter->runController(Object(App\Controllers\user))
 3 SYSTEMPATH\CodeIgniter.php(351): CodeIgniter\CodeIgniter->handleRequest(null, Object(Config\Cache), false)
 4 FCPATH\index.php(67): CodeIgniter\CodeIgniter->run()
CRITICAL - 2024-05-22 03:28:25 --> Call to a member function getRandomName() on array
in APPPATH\Controllers\User.php on line 199.
 1 SYSTEMPATH\CodeIgniter.php(927): App\Controllers\user->update('109')
 2 SYSTEMPATH\CodeIgniter.php(482): CodeIgniter\CodeIgniter->runController(Object(App\Controllers\user))
 3 SYSTEMPATH\CodeIgniter.php(351): CodeIgniter\CodeIgniter->handleRequest(null, Object(Config\Cache), false)
 4 FCPATH\index.php(67): CodeIgniter\CodeIgniter->run()
CRITICAL - 2024-05-22 03:53:10 --> Undefined variable $status
in APPPATH\Views\data\user\v_list.php on line 144.
 1 APPPATH\Views\data\user\v_list.php(144): CodeIgniter\Debug\Exceptions->errorHandler(2, 'Undefined variable $status', 'APPPATH\\Views\\data\\user\\v_list.php', 144)
 2 SYSTEMPATH\View\View.php(213): include('APPPATH\\Views\\data\\user\\v_list.php')
 3 SYSTEMPATH\View\View.php(216): CodeIgniter\View\View->CodeIgniter\View\{closure}()
 4 SYSTEMPATH\Common.php(1134): CodeIgniter\View\View->render('data/user/v_list', [], true)
 5 APPPATH\Views\layout\v_content.php(4): view('data/user/v_list')
 6 SYSTEMPATH\View\View.php(213): include('APPPATH\\Views\\layout\\v_content.php')
 7 SYSTEMPATH\View\View.php(216): CodeIgniter\View\View->CodeIgniter\View\{closure}()
 8 SYSTEMPATH\Common.php(1134): CodeIgniter\View\View->render('layout/v_content', [], true)
 9 APPPATH\Views\layout\v_wrapper.php(6): view('layout/v_content')
10 SYSTEMPATH\View\View.php(213): include('APPPATH\\Views\\layout\\v_wrapper.php')
11 SYSTEMPATH\View\View.php(216): CodeIgniter\View\View->CodeIgniter\View\{closure}()
12 SYSTEMPATH\Common.php(1134): CodeIgniter\View\View->render('layout/v_wrapper', [], true)
13 APPPATH\Controllers\User.php(40): view('layout/v_wrapper', [...])
14 SYSTEMPATH\CodeIgniter.php(927): App\Controllers\user->index()
15 SYSTEMPATH\CodeIgniter.php(482): CodeIgniter\CodeIgniter->runController(Object(App\Controllers\user))
16 SYSTEMPATH\CodeIgniter.php(351): CodeIgniter\CodeIgniter->handleRequest(null, Object(Config\Cache), false)
17 FCPATH\index.php(67): CodeIgniter\CodeIgniter->run()
CRITICAL - 2024-05-22 03:54:23 --> Unsupported operand types: string / string
in APPPATH\Views\data\user\v_list.php on line 147.
 1 SYSTEMPATH\View\View.php(213): include()
 2 SYSTEMPATH\View\View.php(216): CodeIgniter\View\View->CodeIgniter\View\{closure}()
 3 SYSTEMPATH\Common.php(1134): CodeIgniter\View\View->render('data/user/v_list', [], true)
 4 APPPATH\Views\layout\v_content.php(4): view('data/user/v_list')
 5 SYSTEMPATH\View\View.php(213): include('APPPATH\\Views\\layout\\v_content.php')
 6 SYSTEMPATH\View\View.php(216): CodeIgniter\View\View->CodeIgniter\View\{closure}()
 7 SYSTEMPATH\Common.php(1134): CodeIgniter\View\View->render('layout/v_content', [], true)
 8 APPPATH\Views\layout\v_wrapper.php(6): view('layout/v_content')
 9 SYSTEMPATH\View\View.php(213): include('APPPATH\\Views\\layout\\v_wrapper.php')
10 SYSTEMPATH\View\View.php(216): CodeIgniter\View\View->CodeIgniter\View\{closure}()
11 SYSTEMPATH\Common.php(1134): CodeIgniter\View\View->render('layout/v_wrapper', [], true)
12 APPPATH\Controllers\User.php(40): view('layout/v_wrapper', [...])
13 SYSTEMPATH\CodeIgniter.php(927): App\Controllers\user->index()
14 SYSTEMPATH\CodeIgniter.php(482): CodeIgniter\CodeIgniter->runController(Object(App\Controllers\user))
15 SYSTEMPATH\CodeIgniter.php(351): CodeIgniter\CodeIgniter->handleRequest(null, Object(Config\Cache), false)
16 FCPATH\index.php(67): CodeIgniter\CodeIgniter->run()
CRITICAL - 2024-05-22 04:01:41 --> Undefined variable $level
in APPPATH\Views\data\user\v_list.php on line 140.
 1 APPPATH\Views\data\user\v_list.php(140): CodeIgniter\Debug\Exceptions->errorHandler(2, 'Undefined variable $level', 'APPPATH\\Views\\data\\user\\v_list.php', 140)
 2 SYSTEMPATH\View\View.php(213): include('APPPATH\\Views\\data\\user\\v_list.php')
 3 SYSTEMPATH\View\View.php(216): CodeIgniter\View\View->CodeIgniter\View\{closure}()
 4 SYSTEMPATH\Common.php(1134): CodeIgniter\View\View->render('data/user/v_list', [], true)
 5 APPPATH\Views\layout\v_content.php(4): view('data/user/v_list')
 6 SYSTEMPATH\View\View.php(213): include('APPPATH\\Views\\layout\\v_content.php')
 7 SYSTEMPATH\View\View.php(216): CodeIgniter\View\View->CodeIgniter\View\{closure}()
 8 SYSTEMPATH\Common.php(1134): CodeIgniter\View\View->render('layout/v_content', [], true)
 9 APPPATH\Views\layout\v_wrapper.php(6): view('layout/v_content')
10 SYSTEMPATH\View\View.php(213): include('APPPATH\\Views\\layout\\v_wrapper.php')
11 SYSTEMPATH\View\View.php(216): CodeIgniter\View\View->CodeIgniter\View\{closure}()
12 SYSTEMPATH\Common.php(1134): CodeIgniter\View\View->render('layout/v_wrapper', [], true)
13 APPPATH\Controllers\User.php(40): view('layout/v_wrapper', [...])
14 SYSTEMPATH\CodeIgniter.php(927): App\Controllers\user->index()
15 SYSTEMPATH\CodeIgniter.php(482): CodeIgniter\CodeIgniter->runController(Object(App\Controllers\user))
16 SYSTEMPATH\CodeIgniter.php(351): CodeIgniter\CodeIgniter->handleRequest(null, Object(Config\Cache), false)
17 FCPATH\index.php(67): CodeIgniter\CodeIgniter->run()
CRITICAL - 2024-05-22 04:22:01 --> Undefined variable $profil
in APPPATH\Views\data\pengaturan\v_list.php on line 59.
 1 APPPATH\Views\data\pengaturan\v_list.php(59): CodeIgniter\Debug\Exceptions->errorHandler(2, 'Undefined variable $profil', 'APPPATH\\Views\\data\\pengaturan\\v_list.php', 59)
 2 SYSTEMPATH\View\View.php(213): include('APPPATH\\Views\\data\\pengaturan\\v_list.php')
 3 SYSTEMPATH\View\View.php(216): CodeIgniter\View\View->CodeIgniter\View\{closure}()
 4 SYSTEMPATH\Common.php(1134): CodeIgniter\View\View->render('data/pengaturan/v_list', [], true)
 5 APPPATH\Views\layout\v_content.php(4): view('data/pengaturan/v_list')
 6 SYSTEMPATH\View\View.php(213): include('APPPATH\\Views\\layout\\v_content.php')
 7 SYSTEMPATH\View\View.php(216): CodeIgniter\View\View->CodeIgniter\View\{closure}()
 8 SYSTEMPATH\Common.php(1134): CodeIgniter\View\View->render('layout/v_content', [], true)
 9 APPPATH\Views\layout\v_wrapper.php(6): view('layout/v_content')
10 SYSTEMPATH\View\View.php(213): include('APPPATH\\Views\\layout\\v_wrapper.php')
11 SYSTEMPATH\View\View.php(216): CodeIgniter\View\View->CodeIgniter\View\{closure}()
12 SYSTEMPATH\Common.php(1134): CodeIgniter\View\View->render('layout/v_wrapper', [], true)
13 APPPATH\Controllers\Pengaturan.php(24): view('layout/v_wrapper', [...])
14 SYSTEMPATH\CodeIgniter.php(927): App\Controllers\pengaturan->edit('1')
15 SYSTEMPATH\CodeIgniter.php(482): CodeIgniter\CodeIgniter->runController(Object(App\Controllers\pengaturan))
16 SYSTEMPATH\CodeIgniter.php(351): CodeIgniter\CodeIgniter->handleRequest(null, Object(Config\Cache), false)
17 FCPATH\index.php(67): CodeIgniter\CodeIgniter->run()
CRITICAL - 2024-05-22 07:33:33 --> Invalid file: data/pengaturan/v_edit.php
in SYSTEMPATH\Exceptions\FrameworkException.php on line 33.
 1 SYSTEMPATH\View\View.php(201): CodeIgniter\Exceptions\FrameworkException::forInvalidFile('data/pengaturan/v_edit.php')
 2 SYSTEMPATH\Common.php(1134): CodeIgniter\View\View->render('data/pengaturan/v_edit', [], true)
 3 APPPATH\Views\layout\v_content.php(4): view('data/pengaturan/v_edit')
 4 SYSTEMPATH\View\View.php(213): include('APPPATH\\Views\\layout\\v_content.php')
 5 SYSTEMPATH\View\View.php(216): CodeIgniter\View\View->CodeIgniter\View\{closure}()
 6 SYSTEMPATH\Common.php(1134): CodeIgniter\View\View->render('layout/v_content', [], true)
 7 APPPATH\Views\layout\v_wrapper.php(6): view('layout/v_content')
 8 SYSTEMPATH\View\View.php(213): include('APPPATH\\Views\\layout\\v_wrapper.php')
 9 SYSTEMPATH\View\View.php(216): CodeIgniter\View\View->CodeIgniter\View\{closure}()
10 SYSTEMPATH\Common.php(1134): CodeIgniter\View\View->render('layout/v_wrapper', [], true)
11 APPPATH\Controllers\Pengaturan.php(34): view('layout/v_wrapper', [...])
12 SYSTEMPATH\CodeIgniter.php(927): App\Controllers\pengaturan->edit2('111')
13 SYSTEMPATH\CodeIgniter.php(482): CodeIgniter\CodeIgniter->runController(Object(App\Controllers\pengaturan))
14 SYSTEMPATH\CodeIgniter.php(351): CodeIgniter\CodeIgniter->handleRequest(null, Object(Config\Cache), false)
15 FCPATH\index.php(67): CodeIgniter\CodeIgniter->run()
CRITICAL - 2024-05-22 11:14:16 --> Undefined variable $daftar
in APPPATH\Views\layout\v_nav.php on line 263.
 1 APPPATH\Views\layout\v_nav.php(263): CodeIgniter\Debug\Exceptions->errorHandler(2, 'Undefined variable $daftar', 'APPPATH\\Views\\layout\\v_nav.php', 263)
 2 SYSTEMPATH\View\View.php(213): include('APPPATH\\Views\\layout\\v_nav.php')
 3 SYSTEMPATH\View\View.php(216): CodeIgniter\View\View->CodeIgniter\View\{closure}()
 4 SYSTEMPATH\Common.php(1134): CodeIgniter\View\View->render('layout/v_nav', [], true)
 5 APPPATH\Views\layout\v_wrapper.php(5): view('layout/v_nav')
 6 SYSTEMPATH\View\View.php(213): include('APPPATH\\Views\\layout\\v_wrapper.php')
 7 SYSTEMPATH\View\View.php(216): CodeIgniter\View\View->CodeIgniter\View\{closure}()
 8 SYSTEMPATH\Common.php(1134): CodeIgniter\View\View->render('layout/v_wrapper', [], true)
 9 APPPATH\Controllers\Home.php(23): view('layout/v_wrapper', [...])
10 SYSTEMPATH\CodeIgniter.php(927): App\Controllers\Home->index()
11 SYSTEMPATH\CodeIgniter.php(482): CodeIgniter\CodeIgniter->runController(Object(App\Controllers\Home))
12 SYSTEMPATH\CodeIgniter.php(351): CodeIgniter\CodeIgniter->handleRequest(null, Object(Config\Cache), false)
13 FCPATH\index.php(67): CodeIgniter\CodeIgniter->run()
ERROR - 2024-05-22 23:33:09 --> mysqli_sql_exception: Unknown column 'created_at' in 'order clause' in C:\xampp\htdocs\Portofolio\system\Database\MySQLi\Connection.php:292
Stack trace:
#0 C:\xampp\htdocs\Portofolio\system\Database\MySQLi\Connection.php(292): mysqli->query('SELECT *\nFROM `...', 0)
#1 C:\xampp\htdocs\Portofolio\system\Database\BaseConnection.php(666): CodeIgniter\Database\MySQLi\Connection->execute('SELECT *\nFROM `...')
#2 C:\xampp\htdocs\Portofolio\system\Database\BaseConnection.php(593): CodeIgniter\Database\BaseConnection->simpleQuery('SELECT *\nFROM `...')
#3 C:\xampp\htdocs\Portofolio\system\Database\BaseBuilder.php(1585): CodeIgniter\Database\BaseConnection->query('SELECT *\nFROM `...', Array, false)
#4 C:\xampp\htdocs\Portofolio\app\Views\layout\v_nav.php(366): CodeIgniter\Database\BaseBuilder->get()
#5 C:\xampp\htdocs\Portofolio\system\View\View.php(213): include('C:\\xampp\\htdocs...')
#6 C:\xampp\htdocs\Portofolio\system\View\View.php(216): CodeIgniter\View\View->CodeIgniter\View\{closure}()
#7 C:\xampp\htdocs\Portofolio\system\Common.php(1134): CodeIgniter\View\View->render('layout/v_nav', Array, true)
#8 C:\xampp\htdocs\Portofolio\app\Views\layout\v_wrapper.php(5): view('layout/v_nav')
#9 C:\xampp\htdocs\Portofolio\system\View\View.php(213): include('C:\\xampp\\htdocs...')
#10 C:\xampp\htdocs\Portofolio\system\View\View.php(216): CodeIgniter\View\View->CodeIgniter\View\{closure}()
#11 C:\xampp\htdocs\Portofolio\system\Common.php(1134): CodeIgniter\View\View->render('layout/v_wrappe...', Array, true)
#12 C:\xampp\htdocs\Portofolio\app\Controllers\User.php(40): view('layout/v_wrappe...', Array)
#13 C:\xampp\htdocs\Portofolio\system\CodeIgniter.php(927): App\Controllers\user->index()
#14 C:\xampp\htdocs\Portofolio\system\CodeIgniter.php(482): CodeIgniter\CodeIgniter->runController(Object(App\Controllers\user))
#15 C:\xampp\htdocs\Portofolio\system\CodeIgniter.php(351): CodeIgniter\CodeIgniter->handleRequest(NULL, Object(Config\Cache), false)
#16 C:\xampp\htdocs\Portofolio\index.php(67): CodeIgniter\CodeIgniter->run()
#17 {main}
CRITICAL - 2024-05-22 23:33:09 --> Unknown column 'created_at' in 'order clause'
in SYSTEMPATH\Database\MySQLi\Connection.php on line 292.
 1 SYSTEMPATH\Database\MySQLi\Connection.php(292): mysqli->query('SELECT *
FROM `pesan`
ORDER BY `created_at` DESC
 LIMIT 4', 0)
 2 SYSTEMPATH\Database\BaseConnection.php(666): CodeIgniter\Database\MySQLi\Connection->execute('SELECT *
FROM `pesan`
ORDER BY `created_at` DESC
 LIMIT 4')
 3 SYSTEMPATH\Database\BaseConnection.php(593): CodeIgniter\Database\BaseConnection->simpleQuery('SELECT *
FROM `pesan`
ORDER BY `created_at` DESC
 LIMIT 4')
 4 SYSTEMPATH\Database\BaseBuilder.php(1585): CodeIgniter\Database\BaseConnection->query('SELECT *
FROM `pesan`
ORDER BY `created_at` DESC
 LIMIT 4', [], false)
 5 APPPATH\Views\layout\v_nav.php(366): CodeIgniter\Database\BaseBuilder->get()
 6 SYSTEMPATH\View\View.php(213): include('APPPATH\\Views\\layout\\v_nav.php')
 7 SYSTEMPATH\View\View.php(216): CodeIgniter\View\View->CodeIgniter\View\{closure}()
 8 SYSTEMPATH\Common.php(1134): CodeIgniter\View\View->render('layout/v_nav', [], true)
 9 APPPATH\Views\layout\v_wrapper.php(5): view('layout/v_nav')
10 SYSTEMPATH\View\View.php(213): include('APPPATH\\Views\\layout\\v_wrapper.php')
11 SYSTEMPATH\View\View.php(216): CodeIgniter\View\View->CodeIgniter\View\{closure}()
12 SYSTEMPATH\Common.php(1134): CodeIgniter\View\View->render('layout/v_wrapper', [], true)
13 APPPATH\Controllers\User.php(40): view('layout/v_wrapper', [...])
14 SYSTEMPATH\CodeIgniter.php(927): App\Controllers\user->index()
15 SYSTEMPATH\CodeIgniter.php(482): CodeIgniter\CodeIgniter->runController(Object(App\Controllers\user))
16 SYSTEMPATH\CodeIgniter.php(351): CodeIgniter\CodeIgniter->handleRequest(null, Object(Config\Cache), false)
17 FCPATH\index.php(67): CodeIgniter\CodeIgniter->run()
ERROR - 2024-05-22 23:33:50 --> mysqli_sql_exception: Unknown column 'created_at' in 'order clause' in C:\xampp\htdocs\Portofolio\system\Database\MySQLi\Connection.php:292
Stack trace:
#0 C:\xampp\htdocs\Portofolio\system\Database\MySQLi\Connection.php(292): mysqli->query('SELECT *\nFROM `...', 0)
#1 C:\xampp\htdocs\Portofolio\system\Database\BaseConnection.php(666): CodeIgniter\Database\MySQLi\Connection->execute('SELECT *\nFROM `...')
#2 C:\xampp\htdocs\Portofolio\system\Database\BaseConnection.php(593): CodeIgniter\Database\BaseConnection->simpleQuery('SELECT *\nFROM `...')
#3 C:\xampp\htdocs\Portofolio\system\Database\BaseBuilder.php(1585): CodeIgniter\Database\BaseConnection->query('SELECT *\nFROM `...', Array, false)
#4 C:\xampp\htdocs\Portofolio\app\Views\layout\v_nav.php(366): CodeIgniter\Database\BaseBuilder->get()
#5 C:\xampp\htdocs\Portofolio\system\View\View.php(213): include('C:\\xampp\\htdocs...')
#6 C:\xampp\htdocs\Portofolio\system\View\View.php(216): CodeIgniter\View\View->CodeIgniter\View\{closure}()
#7 C:\xampp\htdocs\Portofolio\system\Common.php(1134): CodeIgniter\View\View->render('layout/v_nav', Array, true)
#8 C:\xampp\htdocs\Portofolio\app\Views\layout\v_wrapper.php(5): view('layout/v_nav')
#9 C:\xampp\htdocs\Portofolio\system\View\View.php(213): include('C:\\xampp\\htdocs...')
#10 C:\xampp\htdocs\Portofolio\system\View\View.php(216): CodeIgniter\View\View->CodeIgniter\View\{closure}()
#11 C:\xampp\htdocs\Portofolio\system\Common.php(1134): CodeIgniter\View\View->render('layout/v_wrappe...', Array, true)
#12 C:\xampp\htdocs\Portofolio\app\Controllers\Home.php(23): view('layout/v_wrappe...', Array)
#13 C:\xampp\htdocs\Portofolio\system\CodeIgniter.php(927): App\Controllers\Home->index()
#14 C:\xampp\htdocs\Portofolio\system\CodeIgniter.php(482): CodeIgniter\CodeIgniter->runController(Object(App\Controllers\Home))
#15 C:\xampp\htdocs\Portofolio\system\CodeIgniter.php(351): CodeIgniter\CodeIgniter->handleRequest(NULL, Object(Config\Cache), false)
#16 C:\xampp\htdocs\Portofolio\index.php(67): CodeIgniter\CodeIgniter->run()
#17 {main}
CRITICAL - 2024-05-22 23:33:50 --> Unknown column 'created_at' in 'order clause'
in SYSTEMPATH\Database\MySQLi\Connection.php on line 292.
 1 SYSTEMPATH\Database\MySQLi\Connection.php(292): mysqli->query('SELECT *
FROM `pesan`
ORDER BY `created_at` DESC
 LIMIT 4', 0)
 2 SYSTEMPATH\Database\BaseConnection.php(666): CodeIgniter\Database\MySQLi\Connection->execute('SELECT *
FROM `pesan`
ORDER BY `created_at` DESC
 LIMIT 4')
 3 SYSTEMPATH\Database\BaseConnection.php(593): CodeIgniter\Database\BaseConnection->simpleQuery('SELECT *
FROM `pesan`
ORDER BY `created_at` DESC
 LIMIT 4')
 4 SYSTEMPATH\Database\BaseBuilder.php(1585): CodeIgniter\Database\BaseConnection->query('SELECT *
FROM `pesan`
ORDER BY `created_at` DESC
 LIMIT 4', [], false)
 5 APPPATH\Views\layout\v_nav.php(366): CodeIgniter\Database\BaseBuilder->get()
 6 SYSTEMPATH\View\View.php(213): include('APPPATH\\Views\\layout\\v_nav.php')
 7 SYSTEMPATH\View\View.php(216): CodeIgniter\View\View->CodeIgniter\View\{closure}()
 8 SYSTEMPATH\Common.php(1134): CodeIgniter\View\View->render('layout/v_nav', [], true)
 9 APPPATH\Views\layout\v_wrapper.php(5): view('layout/v_nav')
10 SYSTEMPATH\View\View.php(213): include('APPPATH\\Views\\layout\\v_wrapper.php')
11 SYSTEMPATH\View\View.php(216): CodeIgniter\View\View->CodeIgniter\View\{closure}()
12 SYSTEMPATH\Common.php(1134): CodeIgniter\View\View->render('layout/v_wrapper', [], true)
13 APPPATH\Controllers\Home.php(23): view('layout/v_wrapper', [...])
14 SYSTEMPATH\CodeIgniter.php(927): App\Controllers\Home->index()
15 SYSTEMPATH\CodeIgniter.php(482): CodeIgniter\CodeIgniter->runController(Object(App\Controllers\Home))
16 SYSTEMPATH\CodeIgniter.php(351): CodeIgniter\CodeIgniter->handleRequest(null, Object(Config\Cache), false)
17 FCPATH\index.php(67): CodeIgniter\CodeIgniter->run()
ERROR - 2024-05-22 21:49:28 --> mysqli_sql_exception: Unknown column 'id_pesan' in 'where clause' in C:\xampp\htdocs\Portofolio\system\Database\MySQLi\Connection.php:292
Stack trace:
#0 C:\xampp\htdocs\Portofolio\system\Database\MySQLi\Connection.php(292): mysqli->query('DELETE FROM `ho...', 0)
#1 C:\xampp\htdocs\Portofolio\system\Database\BaseConnection.php(666): CodeIgniter\Database\MySQLi\Connection->execute('DELETE FROM `ho...')
#2 C:\xampp\htdocs\Portofolio\system\Database\BaseConnection.php(593): CodeIgniter\Database\BaseConnection->simpleQuery('DELETE FROM `ho...')
#3 C:\xampp\htdocs\Portofolio\system\Database\BaseBuilder.php(2391): CodeIgniter\Database\BaseConnection->query('DELETE FROM `ho...', Array, false)
#4 C:\xampp\htdocs\Portofolio\system\Model.php(401): CodeIgniter\Database\BaseBuilder->delete()
#5 C:\xampp\htdocs\Portofolio\system\BaseModel.php(984): CodeIgniter\Model->doDelete(NULL, false)
#6 C:\xampp\htdocs\Portofolio\app\Models\Model_home.php(36): CodeIgniter\BaseModel->delete()
#7 C:\xampp\htdocs\Portofolio\app\Controllers\Home.php(160): App\Models\Model_home->delete2('1')
#8 C:\xampp\htdocs\Portofolio\system\CodeIgniter.php(927): App\Controllers\Home->delete2('1')
#9 C:\xampp\htdocs\Portofolio\system\CodeIgniter.php(482): CodeIgniter\CodeIgniter->runController(Object(App\Controllers\Home))
#10 C:\xampp\htdocs\Portofolio\system\CodeIgniter.php(351): CodeIgniter\CodeIgniter->handleRequest(NULL, Object(Config\Cache), false)
#11 C:\xampp\htdocs\Portofolio\index.php(67): CodeIgniter\CodeIgniter->run()
#12 {main}
CRITICAL - 2024-05-22 21:49:28 --> Unknown column 'id_pesan' in 'where clause'
in SYSTEMPATH\Database\MySQLi\Connection.php on line 292.
 1 SYSTEMPATH\Database\MySQLi\Connection.php(292): mysqli->query('DELETE FROM `home`
WHERE `id_pesan` = \'1\'', 0)
 2 SYSTEMPATH\Database\BaseConnection.php(666): CodeIgniter\Database\MySQLi\Connection->execute('DELETE FROM `home`
WHERE `id_pesan` = \'1\'')
 3 SYSTEMPATH\Database\BaseConnection.php(593): CodeIgniter\Database\BaseConnection->simpleQuery('DELETE FROM `home`
WHERE `id_pesan` = \'1\'')
 4 SYSTEMPATH\Database\BaseBuilder.php(2391): CodeIgniter\Database\BaseConnection->query('DELETE FROM `home`
WHERE `id_pesan` = :id_pesan:', [...], false)
 5 SYSTEMPATH\Model.php(401): CodeIgniter\Database\BaseBuilder->delete()
 6 SYSTEMPATH\BaseModel.php(984): CodeIgniter\Model->doDelete(null, false)
 7 APPPATH\Models\Model_home.php(36): CodeIgniter\BaseModel->delete()
 8 APPPATH\Controllers\Home.php(160): App\Models\Model_home->delete2('1')
 9 SYSTEMPATH\CodeIgniter.php(927): App\Controllers\Home->delete2('1')
10 SYSTEMPATH\CodeIgniter.php(482): CodeIgniter\CodeIgniter->runController(Object(App\Controllers\Home))
11 SYSTEMPATH\CodeIgniter.php(351): CodeIgniter\CodeIgniter->handleRequest(null, Object(Config\Cache), false)
12 FCPATH\index.php(67): CodeIgniter\CodeIgniter->run()
ERROR - 2024-05-22 21:51:40 --> mysqli_sql_exception: Unknown column 'id_pesan' in 'where clause' in C:\xampp\htdocs\Portofolio\system\Database\MySQLi\Connection.php:292
Stack trace:
#0 C:\xampp\htdocs\Portofolio\system\Database\MySQLi\Connection.php(292): mysqli->query('DELETE FROM `ho...', 0)
#1 C:\xampp\htdocs\Portofolio\system\Database\BaseConnection.php(666): CodeIgniter\Database\MySQLi\Connection->execute('DELETE FROM `ho...')
#2 C:\xampp\htdocs\Portofolio\system\Database\BaseConnection.php(593): CodeIgniter\Database\BaseConnection->simpleQuery('DELETE FROM `ho...')
#3 C:\xampp\htdocs\Portofolio\system\Database\BaseBuilder.php(2391): CodeIgniter\Database\BaseConnection->query('DELETE FROM `ho...', Array, false)
#4 C:\xampp\htdocs\Portofolio\system\Model.php(401): CodeIgniter\Database\BaseBuilder->delete()
#5 C:\xampp\htdocs\Portofolio\system\BaseModel.php(984): CodeIgniter\Model->doDelete(NULL, false)
#6 C:\xampp\htdocs\Portofolio\app\Models\Model_home.php(37): CodeIgniter\BaseModel->delete()
#7 C:\xampp\htdocs\Portofolio\app\Controllers\Home.php(160): App\Models\Model_home->delete2('1')
#8 C:\xampp\htdocs\Portofolio\system\CodeIgniter.php(927): App\Controllers\Home->delete2('1')
#9 C:\xampp\htdocs\Portofolio\system\CodeIgniter.php(482): CodeIgniter\CodeIgniter->runController(Object(App\Controllers\Home))
#10 C:\xampp\htdocs\Portofolio\system\CodeIgniter.php(351): CodeIgniter\CodeIgniter->handleRequest(NULL, Object(Config\Cache), false)
#11 C:\xampp\htdocs\Portofolio\index.php(67): CodeIgniter\CodeIgniter->run()
#12 {main}
CRITICAL - 2024-05-22 21:51:40 --> Unknown column 'id_pesan' in 'where clause'
in SYSTEMPATH\Database\MySQLi\Connection.php on line 292.
 1 SYSTEMPATH\Database\MySQLi\Connection.php(292): mysqli->query('DELETE FROM `home`
WHERE `id_pesan` = \'1\'', 0)
 2 SYSTEMPATH\Database\BaseConnection.php(666): CodeIgniter\Database\MySQLi\Connection->execute('DELETE FROM `home`
WHERE `id_pesan` = \'1\'')
 3 SYSTEMPATH\Database\BaseConnection.php(593): CodeIgniter\Database\BaseConnection->simpleQuery('DELETE FROM `home`
WHERE `id_pesan` = \'1\'')
 4 SYSTEMPATH\Database\BaseBuilder.php(2391): CodeIgniter\Database\BaseConnection->query('DELETE FROM `home`
WHERE `id_pesan` = :id_pesan:', [...], false)
 5 SYSTEMPATH\Model.php(401): CodeIgniter\Database\BaseBuilder->delete()
 6 SYSTEMPATH\BaseModel.php(984): CodeIgniter\Model->doDelete(null, false)
 7 APPPATH\Models\Model_home.php(37): CodeIgniter\BaseModel->delete()
 8 APPPATH\Controllers\Home.php(160): App\Models\Model_home->delete2('1')
 9 SYSTEMPATH\CodeIgniter.php(927): App\Controllers\Home->delete2('1')
10 SYSTEMPATH\CodeIgniter.php(482): CodeIgniter\CodeIgniter->runController(Object(App\Controllers\Home))
11 SYSTEMPATH\CodeIgniter.php(351): CodeIgniter\CodeIgniter->handleRequest(null, Object(Config\Cache), false)
12 FCPATH\index.php(67): CodeIgniter\CodeIgniter->run()
ERROR - 2024-05-22 21:52:30 --> mysqli_sql_exception: Unknown column 'id_pesan' in 'where clause' in C:\xampp\htdocs\Portofolio\system\Database\MySQLi\Connection.php:292
Stack trace:
#0 C:\xampp\htdocs\Portofolio\system\Database\MySQLi\Connection.php(292): mysqli->query('DELETE FROM `ho...', 0)
#1 C:\xampp\htdocs\Portofolio\system\Database\BaseConnection.php(666): CodeIgniter\Database\MySQLi\Connection->execute('DELETE FROM `ho...')
#2 C:\xampp\htdocs\Portofolio\system\Database\BaseConnection.php(593): CodeIgniter\Database\BaseConnection->simpleQuery('DELETE FROM `ho...')
#3 C:\xampp\htdocs\Portofolio\system\Database\BaseBuilder.php(2391): CodeIgniter\Database\BaseConnection->query('DELETE FROM `ho...', Array, false)
#4 C:\xampp\htdocs\Portofolio\system\Model.php(401): CodeIgniter\Database\BaseBuilder->delete()
#5 C:\xampp\htdocs\Portofolio\system\BaseModel.php(984): CodeIgniter\Model->doDelete(NULL, false)
#6 C:\xampp\htdocs\Portofolio\app\Models\Model_home.php(37): CodeIgniter\BaseModel->delete()
#7 C:\xampp\htdocs\Portofolio\app\Controllers\Home.php(160): App\Models\Model_home->delete2('1')
#8 C:\xampp\htdocs\Portofolio\system\CodeIgniter.php(927): App\Controllers\Home->deletepesan('1')
#9 C:\xampp\htdocs\Portofolio\system\CodeIgniter.php(482): CodeIgniter\CodeIgniter->runController(Object(App\Controllers\Home))
#10 C:\xampp\htdocs\Portofolio\system\CodeIgniter.php(351): CodeIgniter\CodeIgniter->handleRequest(NULL, Object(Config\Cache), false)
#11 C:\xampp\htdocs\Portofolio\index.php(67): CodeIgniter\CodeIgniter->run()
#12 {main}
CRITICAL - 2024-05-22 21:52:30 --> Unknown column 'id_pesan' in 'where clause'
in SYSTEMPATH\Database\MySQLi\Connection.php on line 292.
 1 SYSTEMPATH\Database\MySQLi\Connection.php(292): mysqli->query('DELETE FROM `home`
WHERE `id_pesan` = \'1\'', 0)
 2 SYSTEMPATH\Database\BaseConnection.php(666): CodeIgniter\Database\MySQLi\Connection->execute('DELETE FROM `home`
WHERE `id_pesan` = \'1\'')
 3 SYSTEMPATH\Database\BaseConnection.php(593): CodeIgniter\Database\BaseConnection->simpleQuery('DELETE FROM `home`
WHERE `id_pesan` = \'1\'')
 4 SYSTEMPATH\Database\BaseBuilder.php(2391): CodeIgniter\Database\BaseConnection->query('DELETE FROM `home`
WHERE `id_pesan` = :id_pesan:', [...], false)
 5 SYSTEMPATH\Model.php(401): CodeIgniter\Database\BaseBuilder->delete()
 6 SYSTEMPATH\BaseModel.php(984): CodeIgniter\Model->doDelete(null, false)
 7 APPPATH\Models\Model_home.php(37): CodeIgniter\BaseModel->delete()
 8 APPPATH\Controllers\Home.php(160): App\Models\Model_home->delete2('1')
 9 SYSTEMPATH\CodeIgniter.php(927): App\Controllers\Home->deletepesan('1')
10 SYSTEMPATH\CodeIgniter.php(482): CodeIgniter\CodeIgniter->runController(Object(App\Controllers\Home))
11 SYSTEMPATH\CodeIgniter.php(351): CodeIgniter\CodeIgniter->handleRequest(null, Object(Config\Cache), false)
12 FCPATH\index.php(67): CodeIgniter\CodeIgniter->run()
CRITICAL - 2024-05-22 21:53:09 --> Declaration of App\Models\Model_home::delete($id_pesan) must be compatible with CodeIgniter\BaseModel::delete($id = null, bool $purge = false)
in APPPATH\Models\Model_home.php on line 35.
 1 [internal function]: CodeIgniter\Debug\Exceptions->shutdownHandler()
ERROR - 2024-05-22 21:53:50 --> mysqli_sql_exception: Unknown column 'id_pesan' in 'where clause' in C:\xampp\htdocs\Portofolio\system\Database\MySQLi\Connection.php:292
Stack trace:
#0 C:\xampp\htdocs\Portofolio\system\Database\MySQLi\Connection.php(292): mysqli->query('DELETE FROM `ho...', 0)
#1 C:\xampp\htdocs\Portofolio\system\Database\BaseConnection.php(666): CodeIgniter\Database\MySQLi\Connection->execute('DELETE FROM `ho...')
#2 C:\xampp\htdocs\Portofolio\system\Database\BaseConnection.php(593): CodeIgniter\Database\BaseConnection->simpleQuery('DELETE FROM `ho...')
#3 C:\xampp\htdocs\Portofolio\system\Database\BaseBuilder.php(2391): CodeIgniter\Database\BaseConnection->query('DELETE FROM `ho...', Array, false)
#4 C:\xampp\htdocs\Portofolio\system\Model.php(401): CodeIgniter\Database\BaseBuilder->delete()
#5 C:\xampp\htdocs\Portofolio\system\BaseModel.php(984): CodeIgniter\Model->doDelete(NULL, false)
#6 C:\xampp\htdocs\Portofolio\app\Models\Model_home.php(37): CodeIgniter\BaseModel->delete()
#7 C:\xampp\htdocs\Portofolio\app\Controllers\Home.php(160): App\Models\Model_home->delete_pesan('1')
#8 C:\xampp\htdocs\Portofolio\system\CodeIgniter.php(927): App\Controllers\Home->deletepesan('1')
#9 C:\xampp\htdocs\Portofolio\system\CodeIgniter.php(482): CodeIgniter\CodeIgniter->runController(Object(App\Controllers\Home))
#10 C:\xampp\htdocs\Portofolio\system\CodeIgniter.php(351): CodeIgniter\CodeIgniter->handleRequest(NULL, Object(Config\Cache), false)
#11 C:\xampp\htdocs\Portofolio\index.php(67): CodeIgniter\CodeIgniter->run()
#12 {main}
CRITICAL - 2024-05-22 21:53:50 --> Unknown column 'id_pesan' in 'where clause'
in SYSTEMPATH\Database\MySQLi\Connection.php on line 292.
 1 SYSTEMPATH\Database\MySQLi\Connection.php(292): mysqli->query('DELETE FROM `home`
WHERE `id_pesan` = \'1\'', 0)
 2 SYSTEMPATH\Database\BaseConnection.php(666): CodeIgniter\Database\MySQLi\Connection->execute('DELETE FROM `home`
WHERE `id_pesan` = \'1\'')
 3 SYSTEMPATH\Database\BaseConnection.php(593): CodeIgniter\Database\BaseConnection->simpleQuery('DELETE FROM `home`
WHERE `id_pesan` = \'1\'')
 4 SYSTEMPATH\Database\BaseBuilder.php(2391): CodeIgniter\Database\BaseConnection->query('DELETE FROM `home`
WHERE `id_pesan` = :id_pesan:', [...], false)
 5 SYSTEMPATH\Model.php(401): CodeIgniter\Database\BaseBuilder->delete()
 6 SYSTEMPATH\BaseModel.php(984): CodeIgniter\Model->doDelete(null, false)
 7 APPPATH\Models\Model_home.php(37): CodeIgniter\BaseModel->delete()
 8 APPPATH\Controllers\Home.php(160): App\Models\Model_home->delete_pesan('1')
 9 SYSTEMPATH\CodeIgniter.php(927): App\Controllers\Home->deletepesan('1')
10 SYSTEMPATH\CodeIgniter.php(482): CodeIgniter\CodeIgniter->runController(Object(App\Controllers\Home))
11 SYSTEMPATH\CodeIgniter.php(351): CodeIgniter\CodeIgniter->handleRequest(null, Object(Config\Cache), false)
12 FCPATH\index.php(67): CodeIgniter\CodeIgniter->run()
CRITICAL - 2024-05-22 22:02:38 --> Too few arguments to function App\Controllers\Home::edit(), 0 passed in C:\xampp\htdocs\Portofolio\system\CodeIgniter.php on line 927 and exactly 1 expected
in APPPATH\Controllers\Home.php on line 90.
 1 SYSTEMPATH\CodeIgniter.php(927): App\Controllers\Home->edit()
 2 SYSTEMPATH\CodeIgniter.php(482): CodeIgniter\CodeIgniter->runController(Object(App\Controllers\Home))
 3 SYSTEMPATH\CodeIgniter.php(351): CodeIgniter\CodeIgniter->handleRequest(null, Object(Config\Cache), false)
 4 FCPATH\index.php(67): CodeIgniter\CodeIgniter->run()
