CRITICAL - 2022-11-16 02:59:26 --> Undefined constant "CodeIgniter\Debug\VENDORPATH"
in SYSTEMPATH\Debug\Exceptions.php on line 177.
 1 SYSTEMPATH\Debug\Exceptions.php(157): CodeIgniter\Debug\Exceptions->isFakerDeprecationError(8192, 'strpos(): Passing null to parameter #1 ($haystack) of type string is deprecated', 'SYSTEMPATH\\Debug\\Toolbar.php', 419)
 2 [internal function]: CodeIgniter\Debug\Exceptions->errorHandler(8192, 'strpos(): Passing null to parameter #1 ($haystack) of type string is deprecated', 'SYSTEMPATH\\Debug\\Toolbar.php', 419)
 3 SYSTEMPATH\Debug\Toolbar.php(419): strpos(null, '<head>')
 4 SYSTEMPATH\Filters\DebugToolbar.php(40): CodeIgniter\Debug\Toolbar->prepare(Object(CodeIgniter\HTTP\IncomingRequest), Object(CodeIgniter\HTTP\RedirectResponse))
 5 SYSTEMPATH\Filters\Filters.php(196): CodeIgniter\Filters\DebugToolbar->after(Object(CodeIgniter\HTTP\IncomingRequest), Object(CodeIgniter\HTTP\RedirectResponse), null)
 6 SYSTEMPATH\CodeIgniter.php(502): CodeIgniter\Filters\Filters->run('C:\\', 'after')
 7 SYSTEMPATH\CodeIgniter.php(351): CodeIgniter\CodeIgniter->handleRequest(null, Object(Config\Cache), false)
 8 FCPATH\index.php(67): CodeIgniter\CodeIgniter->run()
CRITICAL - 2022-11-16 03:02:17 --> Undefined constant "CodeIgniter\Debug\VENDORPATH"
in SYSTEMPATH\Debug\Exceptions.php on line 177.
 1 SYSTEMPATH\Debug\Exceptions.php(157): CodeIgniter\Debug\Exceptions->isFakerDeprecationError(8192, 'strpos(): Passing null to parameter #1 ($haystack) of type string is deprecated', 'SYSTEMPATH\\Debug\\Toolbar.php', 419)
 2 [internal function]: CodeIgniter\Debug\Exceptions->errorHandler(8192, 'strpos(): Passing null to parameter #1 ($haystack) of type string is deprecated', 'SYSTEMPATH\\Debug\\Toolbar.php', 419)
 3 SYSTEMPATH\Debug\Toolbar.php(419): strpos(null, '<head>')
 4 SYSTEMPATH\Filters\DebugToolbar.php(40): CodeIgniter\Debug\Toolbar->prepare(Object(CodeIgniter\HTTP\IncomingRequest), Object(CodeIgniter\HTTP\RedirectResponse))
 5 SYSTEMPATH\Filters\Filters.php(196): CodeIgniter\Filters\DebugToolbar->after(Object(CodeIgniter\HTTP\IncomingRequest), Object(CodeIgniter\HTTP\RedirectResponse), null)
 6 SYSTEMPATH\CodeIgniter.php(502): CodeIgniter\Filters\Filters->run('C:\\', 'after')
 7 SYSTEMPATH\CodeIgniter.php(351): CodeIgniter\CodeIgniter->handleRequest(null, Object(Config\Cache), false)
 8 FCPATH\index.php(67): CodeIgniter\CodeIgniter->run()
CRITICAL - 2022-11-16 06:07:28 --> Undefined constant "CodeIgniter\Debug\VENDORPATH"
in SYSTEMPATH\Debug\Exceptions.php on line 177.
 1 SYSTEMPATH\Debug\Exceptions.php(157): CodeIgniter\Debug\Exceptions->isFakerDeprecationError(8192, 'strpos(): Passing null to parameter #1 ($haystack) of type string is deprecated', 'SYSTEMPATH\\Debug\\Toolbar.php', 419)
 2 [internal function]: CodeIgniter\Debug\Exceptions->errorHandler(8192, 'strpos(): Passing null to parameter #1 ($haystack) of type string is deprecated', 'SYSTEMPATH\\Debug\\Toolbar.php', 419)
 3 SYSTEMPATH\Debug\Toolbar.php(419): strpos(null, '<head>')
 4 SYSTEMPATH\Filters\DebugToolbar.php(40): CodeIgniter\Debug\Toolbar->prepare(Object(CodeIgniter\HTTP\IncomingRequest), Object(CodeIgniter\HTTP\RedirectResponse))
 5 SYSTEMPATH\Filters\Filters.php(196): CodeIgniter\Filters\DebugToolbar->after(Object(CodeIgniter\HTTP\IncomingRequest), Object(CodeIgniter\HTTP\RedirectResponse), null)
 6 SYSTEMPATH\CodeIgniter.php(502): CodeIgniter\Filters\Filters->run('/auth/index', 'after')
 7 SYSTEMPATH\CodeIgniter.php(351): CodeIgniter\CodeIgniter->handleRequest(null, Object(Config\Cache), false)
 8 FCPATH\index.php(67): CodeIgniter\CodeIgniter->run()
CRITICAL - 2022-11-16 06:53:23 --> Invalid file: layout/v_head.php
in SYSTEMPATH\Exceptions\FrameworkException.php on line 33.
 1 SYSTEMPATH\View\View.php(201): CodeIgniter\Exceptions\FrameworkException::forInvalidFile('layout/v_head.php')
 2 SYSTEMPATH\Common.php(1134): CodeIgniter\View\View->render('layout/v_head', [], true)
 3 APPPATH\Views\layout\v_wrapper.php(3): view('layout/v_head')
 4 SYSTEMPATH\View\View.php(213): include('APPPATH\\Views\\layout\\v_wrapper.php')
 5 SYSTEMPATH\View\View.php(216): CodeIgniter\View\View->CodeIgniter\View\{closure}()
 6 SYSTEMPATH\Common.php(1134): CodeIgniter\View\View->render('layout/v_wrapper', [], true)
 7 APPPATH\Controllers\Home.php(13): view('layout/v_wrapper', [...])
 8 SYSTEMPATH\CodeIgniter.php(927): App\Controllers\Home->index()
 9 SYSTEMPATH\CodeIgniter.php(482): CodeIgniter\CodeIgniter->runController(Object(App\Controllers\Home))
10 SYSTEMPATH\CodeIgniter.php(351): CodeIgniter\CodeIgniter->handleRequest(null, Object(Config\Cache), false)
11 FCPATH\index.php(67): CodeIgniter\CodeIgniter->run()
CRITICAL - 2022-11-16 07:01:26 --> Undefined constant "CodeIgniter\Debug\VENDORPATH"
in SYSTEMPATH\Debug\Exceptions.php on line 177.
 1 SYSTEMPATH\Debug\Exceptions.php(157): CodeIgniter\Debug\Exceptions->isFakerDeprecationError(8192, 'strpos(): Passing null to parameter #1 ($haystack) of type string is deprecated', 'SYSTEMPATH\\Debug\\Toolbar.php', 419)
 2 [internal function]: CodeIgniter\Debug\Exceptions->errorHandler(8192, 'strpos(): Passing null to parameter #1 ($haystack) of type string is deprecated', 'SYSTEMPATH\\Debug\\Toolbar.php', 419)
 3 SYSTEMPATH\Debug\Toolbar.php(419): strpos(null, '<head>')
 4 SYSTEMPATH\Filters\DebugToolbar.php(40): CodeIgniter\Debug\Toolbar->prepare(Object(CodeIgniter\HTTP\IncomingRequest), Object(CodeIgniter\HTTP\RedirectResponse))
 5 SYSTEMPATH\Filters\Filters.php(196): CodeIgniter\Filters\DebugToolbar->after(Object(CodeIgniter\HTTP\IncomingRequest), Object(CodeIgniter\HTTP\RedirectResponse), null)
 6 SYSTEMPATH\CodeIgniter.php(502): CodeIgniter\Filters\Filters->run('/auth', 'after')
 7 SYSTEMPATH\CodeIgniter.php(351): CodeIgniter\CodeIgniter->handleRequest(null, Object(Config\Cache), false)
 8 FCPATH\index.php(67): CodeIgniter\CodeIgniter->run()
CRITICAL - 2022-11-16 17:14:49 --> Invalid file: v_wrapper.php
in SYSTEMPATH\Exceptions\FrameworkException.php on line 33.
 1 SYSTEMPATH\View\View.php(201): CodeIgniter\Exceptions\FrameworkException::forInvalidFile('v_wrapper.php')
 2 SYSTEMPATH\Common.php(1134): CodeIgniter\View\View->render('v_wrapper', [], true)
 3 APPPATH\Views\layout\v_content.php(4): view('v_wrapper')
 4 SYSTEMPATH\View\View.php(213): include('APPPATH\\Views\\layout\\v_content.php')
 5 SYSTEMPATH\View\View.php(216): CodeIgniter\View\View->CodeIgniter\View\{closure}()
 6 SYSTEMPATH\Common.php(1134): CodeIgniter\View\View->render('layout/v_content', [], true)
 7 APPPATH\Views\cbt\v_wrapper.php(6): view('layout/v_content')
 8 SYSTEMPATH\View\View.php(213): include('APPPATH\\Views\\cbt\\v_wrapper.php')
 9 SYSTEMPATH\View\View.php(216): CodeIgniter\View\View->CodeIgniter\View\{closure}()
10 SYSTEMPATH\Common.php(1134): CodeIgniter\View\View->render('cbt/v_wrapper', [], true)
11 APPPATH\Controllers\Cbt.php(13): view('cbt/v_wrapper', [...])
12 SYSTEMPATH\CodeIgniter.php(927): App\Controllers\Cbt->index()
13 SYSTEMPATH\CodeIgniter.php(482): CodeIgniter\CodeIgniter->runController(Object(App\Controllers\Cbt))
14 SYSTEMPATH\CodeIgniter.php(351): CodeIgniter\CodeIgniter->handleRequest(null, Object(Config\Cache), false)
15 FCPATH\index.php(67): CodeIgniter\CodeIgniter->run()
CRITICAL - 2022-11-16 17:15:17 --> Invalid file: v_cbt.php
in SYSTEMPATH\Exceptions\FrameworkException.php on line 33.
 1 SYSTEMPATH\View\View.php(201): CodeIgniter\Exceptions\FrameworkException::forInvalidFile('v_cbt.php')
 2 SYSTEMPATH\Common.php(1134): CodeIgniter\View\View->render('v_cbt', [], true)
 3 APPPATH\Views\layout\v_content.php(4): view('v_cbt')
 4 SYSTEMPATH\View\View.php(213): include('APPPATH\\Views\\layout\\v_content.php')
 5 SYSTEMPATH\View\View.php(216): CodeIgniter\View\View->CodeIgniter\View\{closure}()
 6 SYSTEMPATH\Common.php(1134): CodeIgniter\View\View->render('layout/v_content', [], true)
 7 APPPATH\Views\cbt\v_wrapper.php(6): view('layout/v_content')
 8 SYSTEMPATH\View\View.php(213): include('APPPATH\\Views\\cbt\\v_wrapper.php')
 9 SYSTEMPATH\View\View.php(216): CodeIgniter\View\View->CodeIgniter\View\{closure}()
10 SYSTEMPATH\Common.php(1134): CodeIgniter\View\View->render('cbt/v_wrapper', [], true)
11 APPPATH\Controllers\Cbt.php(13): view('cbt/v_wrapper', [...])
12 SYSTEMPATH\CodeIgniter.php(927): App\Controllers\Cbt->index()
13 SYSTEMPATH\CodeIgniter.php(482): CodeIgniter\CodeIgniter->runController(Object(App\Controllers\Cbt))
14 SYSTEMPATH\CodeIgniter.php(351): CodeIgniter\CodeIgniter->handleRequest(null, Object(Config\Cache), false)
15 FCPATH\index.php(67): CodeIgniter\CodeIgniter->run()
CRITICAL - 2022-11-16 17:19:26 --> Invalid file: v_cbt.php
in SYSTEMPATH\Exceptions\FrameworkException.php on line 33.
 1 SYSTEMPATH\View\View.php(201): CodeIgniter\Exceptions\FrameworkException::forInvalidFile('v_cbt.php')
 2 SYSTEMPATH\Common.php(1134): CodeIgniter\View\View->render('v_cbt', [], true)
 3 APPPATH\Views\layout\v_content.php(4): view('v_cbt')
 4 SYSTEMPATH\View\View.php(213): include('APPPATH\\Views\\layout\\v_content.php')
 5 SYSTEMPATH\View\View.php(216): CodeIgniter\View\View->CodeIgniter\View\{closure}()
 6 SYSTEMPATH\Common.php(1134): CodeIgniter\View\View->render('layout/v_content', [], true)
 7 APPPATH\Views\cbt\v_wrapper.php(6): view('layout/v_content')
 8 SYSTEMPATH\View\View.php(213): include('APPPATH\\Views\\cbt\\v_wrapper.php')
 9 SYSTEMPATH\View\View.php(216): CodeIgniter\View\View->CodeIgniter\View\{closure}()
10 SYSTEMPATH\Common.php(1134): CodeIgniter\View\View->render('cbt/v_wrapper', [], true)
11 APPPATH\Controllers\Cbt.php(13): view('cbt/v_wrapper', [...])
12 SYSTEMPATH\CodeIgniter.php(927): App\Controllers\Cbt->index()
13 SYSTEMPATH\CodeIgniter.php(482): CodeIgniter\CodeIgniter->runController(Object(App\Controllers\Cbt))
14 SYSTEMPATH\CodeIgniter.php(351): CodeIgniter\CodeIgniter->handleRequest(null, Object(Config\Cache), false)
15 FCPATH\index.php(67): CodeIgniter\CodeIgniter->run()
CRITICAL - 2022-11-16 17:23:40 --> Invalid file: v_cbt.php
in SYSTEMPATH\Exceptions\FrameworkException.php on line 33.
 1 SYSTEMPATH\View\View.php(201): CodeIgniter\Exceptions\FrameworkException::forInvalidFile('v_cbt.php')
 2 SYSTEMPATH\Common.php(1134): CodeIgniter\View\View->render('v_cbt', [], true)
 3 APPPATH\Views\cbt\v_content.php(4): view('v_cbt')
 4 SYSTEMPATH\View\View.php(213): include('APPPATH\\Views\\cbt\\v_content.php')
 5 SYSTEMPATH\View\View.php(216): CodeIgniter\View\View->CodeIgniter\View\{closure}()
 6 SYSTEMPATH\Common.php(1134): CodeIgniter\View\View->render('cbt/v_content', [], true)
 7 APPPATH\Views\cbt\v_wrapper.php(6): view('cbt/v_content')
 8 SYSTEMPATH\View\View.php(213): include('APPPATH\\Views\\cbt\\v_wrapper.php')
 9 SYSTEMPATH\View\View.php(216): CodeIgniter\View\View->CodeIgniter\View\{closure}()
10 SYSTEMPATH\Common.php(1134): CodeIgniter\View\View->render('cbt/v_wrapper', [], true)
11 APPPATH\Controllers\Cbt.php(13): view('cbt/v_wrapper', [...])
12 SYSTEMPATH\CodeIgniter.php(927): App\Controllers\Cbt->index()
13 SYSTEMPATH\CodeIgniter.php(482): CodeIgniter\CodeIgniter->runController(Object(App\Controllers\Cbt))
14 SYSTEMPATH\CodeIgniter.php(351): CodeIgniter\CodeIgniter->handleRequest(null, Object(Config\Cache), false)
15 FCPATH\index.php(67): CodeIgniter\CodeIgniter->run()
CRITICAL - 2022-11-16 17:24:38 --> Invalid file: v_cbt.php
in SYSTEMPATH\Exceptions\FrameworkException.php on line 33.
 1 SYSTEMPATH\View\View.php(201): CodeIgniter\Exceptions\FrameworkException::forInvalidFile('v_cbt.php')
 2 SYSTEMPATH\Common.php(1134): CodeIgniter\View\View->render('v_cbt', [], true)
 3 APPPATH\Views\layout\v_content.php(4): view('v_cbt')
 4 SYSTEMPATH\View\View.php(213): include('APPPATH\\Views\\layout\\v_content.php')
 5 SYSTEMPATH\View\View.php(216): CodeIgniter\View\View->CodeIgniter\View\{closure}()
 6 SYSTEMPATH\Common.php(1134): CodeIgniter\View\View->render('layout/v_content', [], true)
 7 APPPATH\Views\cbt\v_wrapper.php(6): view('layout/v_content')
 8 SYSTEMPATH\View\View.php(213): include('APPPATH\\Views\\cbt\\v_wrapper.php')
 9 SYSTEMPATH\View\View.php(216): CodeIgniter\View\View->CodeIgniter\View\{closure}()
10 SYSTEMPATH\Common.php(1134): CodeIgniter\View\View->render('cbt/v_wrapper', [], true)
11 APPPATH\Controllers\Cbt.php(13): view('cbt/v_wrapper', [...])
12 SYSTEMPATH\CodeIgniter.php(927): App\Controllers\Cbt->index()
13 SYSTEMPATH\CodeIgniter.php(482): CodeIgniter\CodeIgniter->runController(Object(App\Controllers\Cbt))
14 SYSTEMPATH\CodeIgniter.php(351): CodeIgniter\CodeIgniter->handleRequest(null, Object(Config\Cache), false)
15 FCPATH\index.php(67): CodeIgniter\CodeIgniter->run()
CRITICAL - 2022-11-16 17:25:10 --> Invalid file: v_cbt.php
in SYSTEMPATH\Exceptions\FrameworkException.php on line 33.
 1 SYSTEMPATH\View\View.php(201): CodeIgniter\Exceptions\FrameworkException::forInvalidFile('v_cbt.php')
 2 SYSTEMPATH\Common.php(1134): CodeIgniter\View\View->render('v_cbt', [], true)
 3 APPPATH\Views\layout\v_content.php(4): view('v_cbt')
 4 SYSTEMPATH\View\View.php(213): include('APPPATH\\Views\\layout\\v_content.php')
 5 SYSTEMPATH\View\View.php(216): CodeIgniter\View\View->CodeIgniter\View\{closure}()
 6 SYSTEMPATH\Common.php(1134): CodeIgniter\View\View->render('layout/v_content', [], true)
 7 APPPATH\Views\cbt\v_wrapper.php(6): view('layout/v_content')
 8 SYSTEMPATH\View\View.php(213): include('APPPATH\\Views\\cbt\\v_wrapper.php')
 9 SYSTEMPATH\View\View.php(216): CodeIgniter\View\View->CodeIgniter\View\{closure}()
10 SYSTEMPATH\Common.php(1134): CodeIgniter\View\View->render('cbt/v_wrapper', [], true)
11 APPPATH\Controllers\Cbt.php(13): view('cbt/v_wrapper', [...])
12 SYSTEMPATH\CodeIgniter.php(927): App\Controllers\Cbt->index()
13 SYSTEMPATH\CodeIgniter.php(482): CodeIgniter\CodeIgniter->runController(Object(App\Controllers\Cbt))
14 SYSTEMPATH\CodeIgniter.php(351): CodeIgniter\CodeIgniter->handleRequest(null, Object(Config\Cache), false)
15 FCPATH\index.php(67): CodeIgniter\CodeIgniter->run()
CRITICAL - 2022-11-16 17:27:00 --> Invalid file: v_cbt.php
in SYSTEMPATH\Exceptions\FrameworkException.php on line 33.
 1 SYSTEMPATH\View\View.php(201): CodeIgniter\Exceptions\FrameworkException::forInvalidFile('v_cbt.php')
 2 SYSTEMPATH\Common.php(1134): CodeIgniter\View\View->render('v_cbt', [], true)
 3 APPPATH\Views\cbt\v_content.php(4): view('v_cbt')
 4 SYSTEMPATH\View\View.php(213): include('APPPATH\\Views\\cbt\\v_content.php')
 5 SYSTEMPATH\View\View.php(216): CodeIgniter\View\View->CodeIgniter\View\{closure}()
 6 SYSTEMPATH\Common.php(1134): CodeIgniter\View\View->render('cbt/v_content', [], true)
 7 APPPATH\Views\cbt\v_wrapper.php(6): view('cbt/v_content')
 8 SYSTEMPATH\View\View.php(213): include('APPPATH\\Views\\cbt\\v_wrapper.php')
 9 SYSTEMPATH\View\View.php(216): CodeIgniter\View\View->CodeIgniter\View\{closure}()
10 SYSTEMPATH\Common.php(1134): CodeIgniter\View\View->render('cbt/v_wrapper', [], true)
11 APPPATH\Controllers\Cbt.php(13): view('cbt/v_wrapper', [...])
12 SYSTEMPATH\CodeIgniter.php(927): App\Controllers\Cbt->index()
13 SYSTEMPATH\CodeIgniter.php(482): CodeIgniter\CodeIgniter->runController(Object(App\Controllers\Cbt))
14 SYSTEMPATH\CodeIgniter.php(351): CodeIgniter\CodeIgniter->handleRequest(null, Object(Config\Cache), false)
15 FCPATH\index.php(67): CodeIgniter\CodeIgniter->run()
CRITICAL - 2022-11-16 17:36:41 --> Invalid file: v_cbt.php
in SYSTEMPATH\Exceptions\FrameworkException.php on line 33.
 1 SYSTEMPATH\View\View.php(201): CodeIgniter\Exceptions\FrameworkException::forInvalidFile('v_cbt.php')
 2 SYSTEMPATH\Common.php(1134): CodeIgniter\View\View->render('v_cbt', [], true)
 3 APPPATH\Views\cbt\v_content.php(4): view('v_cbt')
 4 SYSTEMPATH\View\View.php(213): include('APPPATH\\Views\\cbt\\v_content.php')
 5 SYSTEMPATH\View\View.php(216): CodeIgniter\View\View->CodeIgniter\View\{closure}()
 6 SYSTEMPATH\Common.php(1134): CodeIgniter\View\View->render('cbt/v_content', [], true)
 7 APPPATH\Views\cbt\v_wrapper.php(6): view('cbt/v_content')
 8 SYSTEMPATH\View\View.php(213): include('APPPATH\\Views\\cbt\\v_wrapper.php')
 9 SYSTEMPATH\View\View.php(216): CodeIgniter\View\View->CodeIgniter\View\{closure}()
10 SYSTEMPATH\Common.php(1134): CodeIgniter\View\View->render('cbt/v_wrapper', [], true)
11 APPPATH\Controllers\Cbt.php(13): view('cbt/v_wrapper', [...])
12 SYSTEMPATH\CodeIgniter.php(927): App\Controllers\Cbt->index()
13 SYSTEMPATH\CodeIgniter.php(482): CodeIgniter\CodeIgniter->runController(Object(App\Controllers\Cbt))
14 SYSTEMPATH\CodeIgniter.php(351): CodeIgniter\CodeIgniter->handleRequest(null, Object(Config\Cache), false)
15 FCPATH\index.php(67): CodeIgniter\CodeIgniter->run()
CRITICAL - 2022-11-16 18:02:14 --> Invalid file: v_cbt.php
in SYSTEMPATH\Exceptions\FrameworkException.php on line 33.
 1 SYSTEMPATH\View\View.php(201): CodeIgniter\Exceptions\FrameworkException::forInvalidFile('v_cbt.php')
 2 SYSTEMPATH\Common.php(1134): CodeIgniter\View\View->render('v_cbt', [], true)
 3 APPPATH\Views\cbt\v_content.php(4): view('v_cbt')
 4 SYSTEMPATH\View\View.php(213): include('APPPATH\\Views\\cbt\\v_content.php')
 5 SYSTEMPATH\View\View.php(216): CodeIgniter\View\View->CodeIgniter\View\{closure}()
 6 SYSTEMPATH\Common.php(1134): CodeIgniter\View\View->render('cbt/v_content', [], true)
 7 APPPATH\Views\cbt\v_wrapper.php(6): view('cbt/v_content')
 8 SYSTEMPATH\View\View.php(213): include('APPPATH\\Views\\cbt\\v_wrapper.php')
 9 SYSTEMPATH\View\View.php(216): CodeIgniter\View\View->CodeIgniter\View\{closure}()
10 SYSTEMPATH\Common.php(1134): CodeIgniter\View\View->render('cbt/v_wrapper', [], true)
11 APPPATH\Controllers\Cbt.php(13): view('cbt/v_wrapper', [...])
12 SYSTEMPATH\CodeIgniter.php(927): App\Controllers\Cbt->index()
13 SYSTEMPATH\CodeIgniter.php(482): CodeIgniter\CodeIgniter->runController(Object(App\Controllers\Cbt))
14 SYSTEMPATH\CodeIgniter.php(351): CodeIgniter\CodeIgniter->handleRequest(null, Object(Config\Cache), false)
15 FCPATH\index.php(67): CodeIgniter\CodeIgniter->run()
CRITICAL - 2022-11-16 18:02:38 --> Invalid file: v_cbt.php
in SYSTEMPATH\Exceptions\FrameworkException.php on line 33.
 1 SYSTEMPATH\View\View.php(201): CodeIgniter\Exceptions\FrameworkException::forInvalidFile('v_cbt.php')
 2 SYSTEMPATH\Common.php(1134): CodeIgniter\View\View->render('v_cbt', [], true)
 3 APPPATH\Views\cbt\v_content.php(4): view('v_cbt')
 4 SYSTEMPATH\View\View.php(213): include('APPPATH\\Views\\cbt\\v_content.php')
 5 SYSTEMPATH\View\View.php(216): CodeIgniter\View\View->CodeIgniter\View\{closure}()
 6 SYSTEMPATH\Common.php(1134): CodeIgniter\View\View->render('cbt/v_content', [], true)
 7 APPPATH\Views\cbt\v_wrapper.php(6): view('cbt/v_content')
 8 SYSTEMPATH\View\View.php(213): include('APPPATH\\Views\\cbt\\v_wrapper.php')
 9 SYSTEMPATH\View\View.php(216): CodeIgniter\View\View->CodeIgniter\View\{closure}()
10 SYSTEMPATH\Common.php(1134): CodeIgniter\View\View->render('cbt/v_wrapper', [], true)
11 APPPATH\Controllers\Cbt.php(13): view('cbt/v_wrapper', [...])
12 SYSTEMPATH\CodeIgniter.php(927): App\Controllers\Cbt->index()
13 SYSTEMPATH\CodeIgniter.php(482): CodeIgniter\CodeIgniter->runController(Object(App\Controllers\Cbt))
14 SYSTEMPATH\CodeIgniter.php(351): CodeIgniter\CodeIgniter->handleRequest(null, Object(Config\Cache), false)
15 FCPATH\index.php(67): CodeIgniter\CodeIgniter->run()
CRITICAL - 2022-11-16 22:25:29 --> Invalid file: v_cbt.php
in SYSTEMPATH\Exceptions\FrameworkException.php on line 33.
 1 SYSTEMPATH\View\View.php(201): CodeIgniter\Exceptions\FrameworkException::forInvalidFile('v_cbt.php')
 2 SYSTEMPATH\Common.php(1134): CodeIgniter\View\View->render('v_cbt', [], true)
 3 APPPATH\Views\cbt\v_content.php(4): view('v_cbt')
 4 SYSTEMPATH\View\View.php(213): include('APPPATH\\Views\\cbt\\v_content.php')
 5 SYSTEMPATH\View\View.php(216): CodeIgniter\View\View->CodeIgniter\View\{closure}()
 6 SYSTEMPATH\Common.php(1134): CodeIgniter\View\View->render('cbt/v_content', [], true)
 7 APPPATH\Views\cbt\v_wrapper.php(6): view('cbt/v_content')
 8 SYSTEMPATH\View\View.php(213): include('APPPATH\\Views\\cbt\\v_wrapper.php')
 9 SYSTEMPATH\View\View.php(216): CodeIgniter\View\View->CodeIgniter\View\{closure}()
10 SYSTEMPATH\Common.php(1134): CodeIgniter\View\View->render('cbt/v_wrapper', [], true)
11 APPPATH\Controllers\Cbt.php(13): view('cbt/v_wrapper', [...])
12 SYSTEMPATH\CodeIgniter.php(927): App\Controllers\Cbt->index()
13 SYSTEMPATH\CodeIgniter.php(482): CodeIgniter\CodeIgniter->runController(Object(App\Controllers\Cbt))
14 SYSTEMPATH\CodeIgniter.php(351): CodeIgniter\CodeIgniter->handleRequest(null, Object(Config\Cache), false)
15 FCPATH\index.php(67): CodeIgniter\CodeIgniter->run()
CRITICAL - 2022-11-16 22:26:48 --> Invalid file: v_cbt.php
in SYSTEMPATH\Exceptions\FrameworkException.php on line 33.
 1 SYSTEMPATH\View\View.php(201): CodeIgniter\Exceptions\FrameworkException::forInvalidFile('v_cbt.php')
 2 SYSTEMPATH\Common.php(1134): CodeIgniter\View\View->render('v_cbt', [], true)
 3 APPPATH\Views\cbt\v_content.php(4): view('v_cbt')
 4 SYSTEMPATH\View\View.php(213): include('APPPATH\\Views\\cbt\\v_content.php')
 5 SYSTEMPATH\View\View.php(216): CodeIgniter\View\View->CodeIgniter\View\{closure}()
 6 SYSTEMPATH\Common.php(1134): CodeIgniter\View\View->render('cbt/v_content', [], true)
 7 APPPATH\Views\cbt\v_wrapper.php(6): view('cbt/v_content')
 8 SYSTEMPATH\View\View.php(213): include('APPPATH\\Views\\cbt\\v_wrapper.php')
 9 SYSTEMPATH\View\View.php(216): CodeIgniter\View\View->CodeIgniter\View\{closure}()
10 SYSTEMPATH\Common.php(1134): CodeIgniter\View\View->render('cbt/v_wrapper', [], true)
11 APPPATH\Controllers\Cbt.php(13): view('cbt/v_wrapper', [...])
12 SYSTEMPATH\CodeIgniter.php(927): App\Controllers\Cbt->index()
13 SYSTEMPATH\CodeIgniter.php(482): CodeIgniter\CodeIgniter->runController(Object(App\Controllers\Cbt))
14 SYSTEMPATH\CodeIgniter.php(351): CodeIgniter\CodeIgniter->handleRequest(null, Object(Config\Cache), false)
15 FCPATH\index.php(67): CodeIgniter\CodeIgniter->run()
CRITICAL - 2022-11-16 22:26:50 --> Invalid file: v_cbt.php
in SYSTEMPATH\Exceptions\FrameworkException.php on line 33.
 1 SYSTEMPATH\View\View.php(201): CodeIgniter\Exceptions\FrameworkException::forInvalidFile('v_cbt.php')
 2 SYSTEMPATH\Common.php(1134): CodeIgniter\View\View->render('v_cbt', [], true)
 3 APPPATH\Views\cbt\v_content.php(4): view('v_cbt')
 4 SYSTEMPATH\View\View.php(213): include('APPPATH\\Views\\cbt\\v_content.php')
 5 SYSTEMPATH\View\View.php(216): CodeIgniter\View\View->CodeIgniter\View\{closure}()
 6 SYSTEMPATH\Common.php(1134): CodeIgniter\View\View->render('cbt/v_content', [], true)
 7 APPPATH\Views\cbt\v_wrapper.php(6): view('cbt/v_content')
 8 SYSTEMPATH\View\View.php(213): include('APPPATH\\Views\\cbt\\v_wrapper.php')
 9 SYSTEMPATH\View\View.php(216): CodeIgniter\View\View->CodeIgniter\View\{closure}()
10 SYSTEMPATH\Common.php(1134): CodeIgniter\View\View->render('cbt/v_wrapper', [], true)
11 APPPATH\Controllers\Cbt.php(13): view('cbt/v_wrapper', [...])
12 SYSTEMPATH\CodeIgniter.php(927): App\Controllers\Cbt->index()
13 SYSTEMPATH\CodeIgniter.php(482): CodeIgniter\CodeIgniter->runController(Object(App\Controllers\Cbt))
14 SYSTEMPATH\CodeIgniter.php(351): CodeIgniter\CodeIgniter->handleRequest(null, Object(Config\Cache), false)
15 FCPATH\index.php(67): CodeIgniter\CodeIgniter->run()
CRITICAL - 2022-11-16 22:26:55 --> Invalid file: v_cbt.php
in SYSTEMPATH\Exceptions\FrameworkException.php on line 33.
 1 SYSTEMPATH\View\View.php(201): CodeIgniter\Exceptions\FrameworkException::forInvalidFile('v_cbt.php')
 2 SYSTEMPATH\Common.php(1134): CodeIgniter\View\View->render('v_cbt', [], true)
 3 APPPATH\Views\cbt\v_content.php(4): view('v_cbt')
 4 SYSTEMPATH\View\View.php(213): include('APPPATH\\Views\\cbt\\v_content.php')
 5 SYSTEMPATH\View\View.php(216): CodeIgniter\View\View->CodeIgniter\View\{closure}()
 6 SYSTEMPATH\Common.php(1134): CodeIgniter\View\View->render('cbt/v_content', [], true)
 7 APPPATH\Views\cbt\v_wrapper.php(6): view('cbt/v_content')
 8 SYSTEMPATH\View\View.php(213): include('APPPATH\\Views\\cbt\\v_wrapper.php')
 9 SYSTEMPATH\View\View.php(216): CodeIgniter\View\View->CodeIgniter\View\{closure}()
10 SYSTEMPATH\Common.php(1134): CodeIgniter\View\View->render('cbt/v_wrapper', [], true)
11 APPPATH\Controllers\Cbt.php(13): view('cbt/v_wrapper', [...])
12 SYSTEMPATH\CodeIgniter.php(927): App\Controllers\Cbt->index()
13 SYSTEMPATH\CodeIgniter.php(482): CodeIgniter\CodeIgniter->runController(Object(App\Controllers\Cbt))
14 SYSTEMPATH\CodeIgniter.php(351): CodeIgniter\CodeIgniter->handleRequest(null, Object(Config\Cache), false)
15 FCPATH\index.php(67): CodeIgniter\CodeIgniter->run()
CRITICAL - 2022-11-16 22:28:06 --> Invalid file: v_cbt.php
in SYSTEMPATH\Exceptions\FrameworkException.php on line 33.
 1 SYSTEMPATH\View\View.php(201): CodeIgniter\Exceptions\FrameworkException::forInvalidFile('v_cbt.php')
 2 SYSTEMPATH\Common.php(1134): CodeIgniter\View\View->render('v_cbt', [], true)
 3 APPPATH\Views\cbt\v_content.php(4): view('v_cbt')
 4 SYSTEMPATH\View\View.php(213): include('APPPATH\\Views\\cbt\\v_content.php')
 5 SYSTEMPATH\View\View.php(216): CodeIgniter\View\View->CodeIgniter\View\{closure}()
 6 SYSTEMPATH\Common.php(1134): CodeIgniter\View\View->render('cbt/v_content', [], true)
 7 APPPATH\Views\cbt\v_wrapper.php(6): view('cbt/v_content')
 8 SYSTEMPATH\View\View.php(213): include('APPPATH\\Views\\cbt\\v_wrapper.php')
 9 SYSTEMPATH\View\View.php(216): CodeIgniter\View\View->CodeIgniter\View\{closure}()
10 SYSTEMPATH\Common.php(1134): CodeIgniter\View\View->render('cbt/v_wrapper', [], true)
11 APPPATH\Controllers\Cbt.php(13): view('cbt/v_wrapper', [...])
12 SYSTEMPATH\CodeIgniter.php(927): App\Controllers\Cbt->index()
13 SYSTEMPATH\CodeIgniter.php(482): CodeIgniter\CodeIgniter->runController(Object(App\Controllers\Cbt))
14 SYSTEMPATH\CodeIgniter.php(351): CodeIgniter\CodeIgniter->handleRequest(null, Object(Config\Cache), false)
15 FCPATH\index.php(67): CodeIgniter\CodeIgniter->run()
